2025-09-23 22:18:43 | INFO | Consumer shutting down.
2025-09-23 22:19:07 | INFO | Logging to file: logs/project_log.log
2025-09-23 22:19:07 | INFO | Log sanitization enabled, personal info removed
2025-09-23 22:19:07 | INFO | Starting Producer to run continuously.
2025-09-23 22:19:07 | INFO | Use Ctrl+C to stop.
2025-09-23 22:19:07 | INFO | MESSAGE_INTERVAL_SECONDS: 5
2025-09-23 22:19:07 | INFO | BUZZ_TOPIC: buzzline
2025-09-23 22:19:07 | INFO | KAFKA_BROKER_ADDRESS: 127.0.0.1:9092
2025-09-23 22:19:07 | INFO | BASE_DATA_DIR: PROJECT_ROOT/data
2025-09-23 22:19:07 | INFO | LIVE_DATA_PATH: PROJECT_ROOT/data/project_live.json
2025-09-23 22:19:07 | INFO | BASE_DATA_DIR: PROJECT_ROOT/data
2025-09-23 22:19:07 | INFO | SQLITE_PATH: PROJECT_ROOT/data/buzz.sqlite
2025-09-23 22:19:07 | INFO | Deleted existing live data file.
2025-09-23 22:19:07 | INFO | Kafka broker address: localhost:9092
2025-09-23 22:19:07 | INFO | Kafka is ready. Brokers: {'throttle_time_ms': 0, 'brokers': [{'node_id': 1, 'host': 'localhost', 'port': 9092, 'rack': None}], 'cluster_id': 'JjY4WKawQ-GFC8VniCM2Xw', 'controller_id': 1}
2025-09-23 22:19:10 | WARNING | WARNING: Kafka setup failed: NoBrokersAvailable
2025-09-23 22:19:10 | INFO | {'message': 'I just found a trick! It was exciting.', 'author': 'Bob', 'timestamp': '2025-09-23 22:19:10', 'category': 'other', 'sentiment': 0.13, 'keyword_mentioned': 'other', 'message_length': 38}
2025-09-23 22:19:15 | INFO | {'message': 'I just found Python! It was boring.', 'author': 'Alice', 'timestamp': '2025-09-23 22:19:15', 'category': 'tech', 'sentiment': 0.2, 'keyword_mentioned': 'Python', 'message_length': 35}
2025-09-23 22:19:19 | INFO | Logging to file: logs/project_log.log
2025-09-23 22:19:19 | INFO | Log sanitization enabled, personal info removed
2025-09-23 22:19:19 | INFO | Starting Consumer to run continuously.
2025-09-23 22:19:19 | INFO | Things can fail or get interrupted, so use a try block.
2025-09-23 22:19:19 | INFO | Moved .env variables into a utils config module.
2025-09-23 22:19:19 | INFO | STEP 1. Read environment variables using new config functions.
2025-09-23 22:19:19 | INFO | BUZZ_TOPIC: buzzline
2025-09-23 22:19:19 | INFO | KAFKA_BROKER_ADDRESS: 127.0.0.1:9092
2025-09-23 22:19:19 | INFO | BUZZ_CONSUMER_GROUP_ID: buzz_group
2025-09-23 22:19:19 | INFO | MESSAGE_INTERVAL_SECONDS: 5
2025-09-23 22:19:19 | INFO | BASE_DATA_DIR: PROJECT_ROOT/data
2025-09-23 22:19:19 | INFO | SQLITE_PATH: PROJECT_ROOT/data/buzz.sqlite
2025-09-23 22:19:19 | INFO | SUCCESS: Read environment variables.
2025-09-23 22:19:19 | INFO | STEP 2. Delete any prior database file for a fresh start.
2025-09-23 22:19:19 | INFO | SUCCESS: Deleted database file.
2025-09-23 22:19:19 | INFO | STEP 3. Initialize a new database with an empty table.
2025-09-23 22:19:19 | INFO | Calling SQLite init_db() with {db_path=}.
2025-09-23 22:19:19 | INFO | SUCCESS: Got a cursor to execute SQL.
2025-09-23 22:19:19 | INFO | SUCCESS: Database initialized and table ready at PROJECT_ROOT/data/buzz.sqlite.
2025-09-23 22:19:19 | INFO | STEP 4. Begin consuming and storing messages.
2025-09-23 22:19:19 | INFO | Called consume_messages_from_kafka() with:
2025-09-23 22:19:19 | INFO |    topic='buzzline'
2025-09-23 22:19:19 | INFO |    kafka_url='127.0.0.1:9092'
2025-09-23 22:19:19 | INFO |    group='buzz_group'
2025-09-23 22:19:19 | INFO |    sql_path=WindowsPath('C:/Projects/buzzline-05-fintel/data/buzz.sqlite')
2025-09-23 22:19:19 | INFO |    interval_secs=5
2025-09-23 22:19:19 | INFO | Step 1. Verify Kafka Services.
2025-09-23 22:19:19 | INFO | Kafka broker address: localhost:9092
2025-09-23 22:19:20 | INFO | {'message': 'I just tried JavaScript! It was exciting.', 'author': 'Charlie', 'timestamp': '2025-09-23 22:19:20', 'category': 'tech', 'sentiment': 0.42, 'keyword_mentioned': 'JavaScript', 'message_length': 41}
2025-09-23 22:19:20 | INFO | Kafka is ready. Brokers: {'throttle_time_ms': 0, 'brokers': [{'node_id': 1, 'host': 'localhost', 'port': 9092, 'rack': None}], 'cluster_id': 'JjY4WKawQ-GFC8VniCM2Xw', 'controller_id': 1}
2025-09-23 22:19:20 | INFO | Step 2. Create a Kafka consumer.
2025-09-23 22:19:20 | INFO | Kafka broker address: localhost:9092
2025-09-23 22:19:20 | INFO | Creating Kafka consumer. Topic='buzzline' and group ID='buzz_group'.
2025-09-23 22:19:20 | INFO | Kafka consumer created successfully.
2025-09-23 22:19:20 | INFO | Step 3. Verify topic exists.
2025-09-23 22:19:20 | INFO | Kafka broker address: localhost:9092
2025-09-23 22:19:20 | INFO | Kafka topic 'buzzline' is ready.
2025-09-23 22:19:20 | INFO | Step 4. Process messages.
2025-09-23 22:19:20 | ERROR | ERROR: Could not consume messages from Kafka: Invalid file descriptor: -1
2025-09-23 22:19:20 | ERROR | Unexpected error: Invalid file descriptor: -1
2025-09-23 22:19:20 | INFO | Consumer shutting down.
2025-09-23 22:19:23 | INFO | Logging to file: logs/project_log.log
2025-09-23 22:19:23 | INFO | Log sanitization enabled, personal info removed
2025-09-23 22:19:23 | INFO | Starting Consumer to run continuously.
2025-09-23 22:19:23 | INFO | Things can fail or get interrupted, so use a try block.
2025-09-23 22:19:23 | INFO | Moved .env variables into a utils config module.
2025-09-23 22:19:23 | INFO | STEP 1. Read environment variables using new config functions.
2025-09-23 22:19:23 | INFO | BUZZ_TOPIC: buzzline
2025-09-23 22:19:23 | INFO | KAFKA_BROKER_ADDRESS: 127.0.0.1:9092
2025-09-23 22:19:23 | INFO | BUZZ_CONSUMER_GROUP_ID: buzz_group
2025-09-23 22:19:23 | INFO | MESSAGE_INTERVAL_SECONDS: 5
2025-09-23 22:19:23 | INFO | BASE_DATA_DIR: PROJECT_ROOT/data
2025-09-23 22:19:23 | INFO | SQLITE_PATH: PROJECT_ROOT/data/buzz.sqlite
2025-09-23 22:19:23 | INFO | SUCCESS: Read environment variables.
2025-09-23 22:19:23 | INFO | STEP 2. Delete any prior database file for a fresh start.
2025-09-23 22:19:23 | INFO | SUCCESS: Deleted database file.
2025-09-23 22:19:23 | INFO | STEP 3. Initialize a new database with an empty table.
2025-09-23 22:19:23 | INFO | Calling SQLite init_db() with {db_path=}.
2025-09-23 22:19:23 | INFO | SUCCESS: Got a cursor to execute SQL.
2025-09-23 22:19:23 | INFO | SUCCESS: Database initialized and table ready at PROJECT_ROOT/data/buzz.sqlite.
2025-09-23 22:19:23 | INFO | STEP 4. Begin consuming and storing messages.
2025-09-23 22:19:23 | INFO | Called consume_messages_from_kafka() with:
2025-09-23 22:19:23 | INFO |    topic='buzzline'
2025-09-23 22:19:23 | INFO |    kafka_url='127.0.0.1:9092'
2025-09-23 22:19:23 | INFO |    group='buzz_group'
2025-09-23 22:19:23 | INFO |    sql_path=WindowsPath('C:/Projects/buzzline-05-fintel/data/buzz.sqlite')
2025-09-23 22:19:23 | INFO |    interval_secs=5
2025-09-23 22:19:23 | INFO | Step 1. Verify Kafka Services.
2025-09-23 22:19:23 | INFO | Kafka broker address: localhost:9092
2025-09-23 22:19:24 | INFO | Kafka is ready. Brokers: {'throttle_time_ms': 0, 'brokers': [{'node_id': 1, 'host': 'localhost', 'port': 9092, 'rack': None}], 'cluster_id': 'JjY4WKawQ-GFC8VniCM2Xw', 'controller_id': 1}
2025-09-23 22:19:24 | INFO | Step 2. Create a Kafka consumer.
2025-09-23 22:19:24 | INFO | Kafka broker address: localhost:9092
2025-09-23 22:19:24 | INFO | Creating Kafka consumer. Topic='buzzline' and group ID='buzz_group'.
2025-09-23 22:19:24 | INFO | Kafka consumer created successfully.
2025-09-23 22:19:24 | INFO | Step 3. Verify topic exists.
2025-09-23 22:19:24 | INFO | Kafka broker address: localhost:9092
2025-09-23 22:19:24 | INFO | Kafka topic 'buzzline' is ready.
2025-09-23 22:19:24 | INFO | Step 4. Process messages.
2025-09-23 22:19:25 | INFO | {'message': 'I just saw game! It was boring.', 'author': 'Alice', 'timestamp': '2025-09-23 22:19:25', 'category': 'gaming', 'sentiment': 0.03, 'keyword_mentioned': 'game', 'message_length': 31}
2025-09-23 22:19:30 | INFO | {'message': 'I just loved an app! It was exciting.', 'author': 'Alice', 'timestamp': '2025-09-23 22:19:30', 'category': 'other', 'sentiment': 0.85, 'keyword_mentioned': 'other', 'message_length': 37}
2025-09-23 22:19:30 | WARNING | Consumer interrupted by user.
2025-09-23 22:19:30 | INFO | Consumer shutting down.
2025-09-23 22:19:35 | INFO | {'message': 'I just found JavaScript! It was funny.', 'author': 'Charlie', 'timestamp': '2025-09-23 22:19:35', 'category': 'tech', 'sentiment': 0.11, 'keyword_mentioned': 'JavaScript', 'message_length': 38}
2025-09-23 22:19:38 | INFO | Logging to file: logs/project_log.log
2025-09-23 22:19:38 | INFO | Log sanitization enabled, personal info removed
2025-09-23 22:19:38 | INFO | Starting Consumer to run continuously.
2025-09-23 22:19:38 | INFO | Things can fail or get interrupted, so use a try block.
2025-09-23 22:19:38 | INFO | Moved .env variables into a utils config module.
2025-09-23 22:19:38 | INFO | STEP 1. Read environment variables using new config functions.
2025-09-23 22:19:38 | INFO | BUZZ_TOPIC: buzzline
2025-09-23 22:19:38 | INFO | KAFKA_BROKER_ADDRESS: 127.0.0.1:9092
2025-09-23 22:19:38 | INFO | BUZZ_CONSUMER_GROUP_ID: buzz_group
2025-09-23 22:19:38 | INFO | MESSAGE_INTERVAL_SECONDS: 5
2025-09-23 22:19:38 | INFO | BASE_DATA_DIR: PROJECT_ROOT/data
2025-09-23 22:19:38 | INFO | SQLITE_PATH: PROJECT_ROOT/data/buzz.sqlite
2025-09-23 22:19:38 | INFO | SUCCESS: Read environment variables.
2025-09-23 22:19:38 | INFO | STEP 2. Delete any prior database file for a fresh start.
2025-09-23 22:19:38 | INFO | SUCCESS: Deleted database file.
2025-09-23 22:19:38 | INFO | STEP 3. Initialize a new database with an empty table.
2025-09-23 22:19:38 | INFO | Calling SQLite init_db() with {db_path=}.
2025-09-23 22:19:38 | INFO | SUCCESS: Got a cursor to execute SQL.
2025-09-23 22:19:38 | INFO | SUCCESS: Database initialized and table ready at PROJECT_ROOT/data/buzz.sqlite.
2025-09-23 22:19:38 | INFO | STEP 4. Begin consuming and storing messages.
2025-09-23 22:19:38 | INFO | Called consume_messages_from_kafka() with:
2025-09-23 22:19:38 | INFO |    topic='buzzline'
2025-09-23 22:19:38 | INFO |    kafka_url='127.0.0.1:9092'
2025-09-23 22:19:38 | INFO |    group='buzz_group'
2025-09-23 22:19:38 | INFO |    sql_path=WindowsPath('C:/Projects/buzzline-05-fintel/data/buzz.sqlite')
2025-09-23 22:19:38 | INFO |    interval_secs=5
2025-09-23 22:19:38 | INFO | Step 1. Verify Kafka Services.
2025-09-23 22:19:38 | INFO | Kafka broker address: localhost:9092
2025-09-23 22:19:39 | INFO | Kafka is ready. Brokers: {'throttle_time_ms': 0, 'brokers': [{'node_id': 1, 'host': 'localhost', 'port': 9092, 'rack': None}], 'cluster_id': 'JjY4WKawQ-GFC8VniCM2Xw', 'controller_id': 1}
2025-09-23 22:19:39 | INFO | Step 2. Create a Kafka consumer.
2025-09-23 22:19:39 | INFO | Kafka broker address: localhost:9092
2025-09-23 22:19:39 | INFO | Creating Kafka consumer. Topic='buzzline' and group ID='buzz_group'.
2025-09-23 22:19:39 | INFO | Kafka consumer created successfully.
2025-09-23 22:19:39 | INFO | Step 3. Verify topic exists.
2025-09-23 22:19:39 | INFO | Kafka broker address: localhost:9092
2025-09-23 22:19:39 | INFO | Kafka topic 'buzzline' is ready.
2025-09-23 22:19:39 | INFO | Step 4. Process messages.
2025-09-23 22:19:39 | ERROR | ERROR: Could not consume messages from Kafka: Invalid file descriptor: -1
2025-09-23 22:19:39 | ERROR | Unexpected error: Invalid file descriptor: -1
2025-09-23 22:19:39 | INFO | Consumer shutting down.
2025-09-23 22:19:40 | INFO | {'message': 'I just saw recipe! It was funny.', 'author': 'Bob', 'timestamp': '2025-09-23 22:19:40', 'category': 'food', 'sentiment': 0.79, 'keyword_mentioned': 'recipe', 'message_length': 32}
2025-09-23 22:19:43 | INFO | Logging to file: logs/project_log.log
2025-09-23 22:19:43 | INFO | Log sanitization enabled, personal info removed
2025-09-23 22:19:43 | INFO | Starting Consumer to run continuously.
2025-09-23 22:19:43 | INFO | Things can fail or get interrupted, so use a try block.
2025-09-23 22:19:43 | INFO | Moved .env variables into a utils config module.
2025-09-23 22:19:43 | INFO | STEP 1. Read environment variables using new config functions.
2025-09-23 22:19:43 | INFO | BUZZ_TOPIC: buzzline
2025-09-23 22:19:43 | INFO | KAFKA_BROKER_ADDRESS: 127.0.0.1:9092
2025-09-23 22:19:43 | INFO | BUZZ_CONSUMER_GROUP_ID: buzz_group
2025-09-23 22:19:43 | INFO | MESSAGE_INTERVAL_SECONDS: 5
2025-09-23 22:19:43 | INFO | BASE_DATA_DIR: PROJECT_ROOT/data
2025-09-23 22:19:43 | INFO | SQLITE_PATH: PROJECT_ROOT/data/buzz.sqlite
2025-09-23 22:19:43 | INFO | SUCCESS: Read environment variables.
2025-09-23 22:19:43 | INFO | STEP 2. Delete any prior database file for a fresh start.
2025-09-23 22:19:43 | INFO | SUCCESS: Deleted database file.
2025-09-23 22:19:43 | INFO | STEP 3. Initialize a new database with an empty table.
2025-09-23 22:19:43 | INFO | Calling SQLite init_db() with {db_path=}.
2025-09-23 22:19:43 | INFO | SUCCESS: Got a cursor to execute SQL.
2025-09-23 22:19:43 | INFO | SUCCESS: Database initialized and table ready at PROJECT_ROOT/data/buzz.sqlite.
2025-09-23 22:19:43 | INFO | STEP 4. Begin consuming and storing messages.
2025-09-23 22:19:43 | INFO | Called consume_messages_from_kafka() with:
2025-09-23 22:19:43 | INFO |    topic='buzzline'
2025-09-23 22:19:43 | INFO |    kafka_url='127.0.0.1:9092'
2025-09-23 22:19:43 | INFO |    group='buzz_group'
2025-09-23 22:19:43 | INFO |    sql_path=WindowsPath('C:/Projects/buzzline-05-fintel/data/buzz.sqlite')
2025-09-23 22:19:43 | INFO |    interval_secs=5
2025-09-23 22:19:43 | INFO | Step 1. Verify Kafka Services.
2025-09-23 22:19:43 | INFO | Kafka broker address: localhost:9092
2025-09-23 22:19:43 | INFO | Kafka is ready. Brokers: {'throttle_time_ms': 0, 'brokers': [{'node_id': 1, 'host': 'localhost', 'port': 9092, 'rack': None}], 'cluster_id': 'JjY4WKawQ-GFC8VniCM2Xw', 'controller_id': 1}
2025-09-23 22:19:43 | INFO | Step 2. Create a Kafka consumer.
2025-09-23 22:19:43 | INFO | Kafka broker address: localhost:9092
2025-09-23 22:19:43 | INFO | Creating Kafka consumer. Topic='buzzline' and group ID='buzz_group'.
2025-09-23 22:19:43 | INFO | Kafka consumer created successfully.
2025-09-23 22:19:43 | INFO | Step 3. Verify topic exists.
2025-09-23 22:19:43 | INFO | Kafka broker address: localhost:9092
2025-09-23 22:19:44 | INFO | Kafka topic 'buzzline' is ready.
2025-09-23 22:19:44 | INFO | Step 4. Process messages.
2025-09-23 22:19:44 | ERROR | ERROR: Could not consume messages from Kafka: Invalid file descriptor: -1
2025-09-23 22:19:44 | ERROR | Unexpected error: Invalid file descriptor: -1
2025-09-23 22:19:44 | INFO | Consumer shutting down.
2025-09-23 22:19:45 | INFO | {'message': 'I just saw a trick! It was funny.', 'author': 'Bob', 'timestamp': '2025-09-23 22:19:45', 'category': 'other', 'sentiment': 0.1, 'keyword_mentioned': 'other', 'message_length': 33}
2025-09-23 22:19:48 | INFO | Logging to file: logs/project_log.log
2025-09-23 22:19:48 | INFO | Log sanitization enabled, personal info removed
2025-09-23 22:19:48 | INFO | Starting Consumer to run continuously.
2025-09-23 22:19:48 | INFO | Things can fail or get interrupted, so use a try block.
2025-09-23 22:19:48 | INFO | Moved .env variables into a utils config module.
2025-09-23 22:19:48 | INFO | STEP 1. Read environment variables using new config functions.
2025-09-23 22:19:48 | INFO | BUZZ_TOPIC: buzzline
2025-09-23 22:19:48 | INFO | KAFKA_BROKER_ADDRESS: 127.0.0.1:9092
2025-09-23 22:19:48 | INFO | BUZZ_CONSUMER_GROUP_ID: buzz_group
2025-09-23 22:19:48 | INFO | MESSAGE_INTERVAL_SECONDS: 5
2025-09-23 22:19:48 | INFO | BASE_DATA_DIR: PROJECT_ROOT/data
2025-09-23 22:19:48 | INFO | SQLITE_PATH: PROJECT_ROOT/data/buzz.sqlite
2025-09-23 22:19:48 | INFO | SUCCESS: Read environment variables.
2025-09-23 22:19:48 | INFO | STEP 2. Delete any prior database file for a fresh start.
2025-09-23 22:19:48 | INFO | SUCCESS: Deleted database file.
2025-09-23 22:19:48 | INFO | STEP 3. Initialize a new database with an empty table.
2025-09-23 22:19:48 | INFO | Calling SQLite init_db() with {db_path=}.
2025-09-23 22:19:48 | INFO | SUCCESS: Got a cursor to execute SQL.
2025-09-23 22:19:48 | INFO | SUCCESS: Database initialized and table ready at PROJECT_ROOT/data/buzz.sqlite.
2025-09-23 22:19:48 | INFO | STEP 4. Begin consuming and storing messages.
2025-09-23 22:19:48 | INFO | Called consume_messages_from_kafka() with:
2025-09-23 22:19:48 | INFO |    topic='buzzline'
2025-09-23 22:19:48 | INFO |    kafka_url='127.0.0.1:9092'
2025-09-23 22:19:48 | INFO |    group='buzz_group'
2025-09-23 22:19:48 | INFO |    sql_path=WindowsPath('C:/Projects/buzzline-05-fintel/data/buzz.sqlite')
2025-09-23 22:19:48 | INFO |    interval_secs=5
2025-09-23 22:19:48 | INFO | Step 1. Verify Kafka Services.
2025-09-23 22:19:48 | INFO | Kafka broker address: localhost:9092
2025-09-23 22:19:49 | INFO | Kafka is ready. Brokers: {'throttle_time_ms': 0, 'brokers': [{'node_id': 1, 'host': 'localhost', 'port': 9092, 'rack': None}], 'cluster_id': 'JjY4WKawQ-GFC8VniCM2Xw', 'controller_id': 1}
2025-09-23 22:19:49 | INFO | Step 2. Create a Kafka consumer.
2025-09-23 22:19:49 | INFO | Kafka broker address: localhost:9092
2025-09-23 22:19:49 | INFO | Creating Kafka consumer. Topic='buzzline' and group ID='buzz_group'.
2025-09-23 22:19:49 | INFO | Kafka consumer created successfully.
2025-09-23 22:19:49 | INFO | Step 3. Verify topic exists.
2025-09-23 22:19:49 | INFO | Kafka broker address: localhost:9092
2025-09-23 22:19:49 | INFO | Kafka topic 'buzzline' is ready.
2025-09-23 22:19:49 | INFO | Step 4. Process messages.
2025-09-23 22:19:50 | INFO | {'message': 'I just shared game! It was boring.', 'author': 'Alice', 'timestamp': '2025-09-23 22:19:50', 'category': 'gaming', 'sentiment': 0.36, 'keyword_mentioned': 'game', 'message_length': 34}
2025-09-23 22:19:55 | INFO | {'message': 'I just shared a story! It was funny.', 'author': 'Charlie', 'timestamp': '2025-09-23 22:19:55', 'category': 'other', 'sentiment': 0.86, 'keyword_mentioned': 'other', 'message_length': 36}
2025-09-23 22:20:00 | INFO | {'message': 'I just saw recipe! It was amazing.', 'author': 'Bob', 'timestamp': '2025-09-23 22:20:00', 'category': 'food', 'sentiment': 0.84, 'keyword_mentioned': 'recipe', 'message_length': 34}
2025-09-23 22:20:05 | INFO | {'message': 'I just loved game! It was amazing.', 'author': 'Charlie', 'timestamp': '2025-09-23 22:20:05', 'category': 'gaming', 'sentiment': 0.65, 'keyword_mentioned': 'game', 'message_length': 34}
2025-09-23 22:20:10 | INFO | {'message': 'I just shared a trick! It was amazing.', 'author': 'Bob', 'timestamp': '2025-09-23 22:20:10', 'category': 'other', 'sentiment': 0.5, 'keyword_mentioned': 'other', 'message_length': 38}
2025-09-23 22:20:15 | INFO | {'message': 'I just saw game! It was exciting.', 'author': 'Eve', 'timestamp': '2025-09-23 22:20:15', 'category': 'gaming', 'sentiment': 0.16, 'keyword_mentioned': 'game', 'message_length': 33}
2025-09-23 22:20:20 | INFO | {'message': 'I just shared a trick! It was funny.', 'author': 'Eve', 'timestamp': '2025-09-23 22:20:20', 'category': 'other', 'sentiment': 0.51, 'keyword_mentioned': 'other', 'message_length': 36}
2025-09-23 22:20:25 | INFO | {'message': 'I just shared a movie! It was weird.', 'author': 'Eve', 'timestamp': '2025-09-23 22:20:25', 'category': 'entertainment', 'sentiment': 0.88, 'keyword_mentioned': 'movie', 'message_length': 36}
2025-09-23 22:20:27 | WARNING | Producer interrupted by user.
2025-09-23 22:20:27 | INFO | Producer shutting down.
2025-09-23 22:20:34 | WARNING | Consumer interrupted by user.
2025-09-23 22:20:34 | INFO | Consumer shutting down.
2025-09-23 22:20:46 | INFO | Logging to file: logs/project_log.log
2025-09-23 22:20:46 | INFO | Log sanitization enabled, personal info removed
2025-09-23 22:20:46 | INFO | Starting Producer to run continuously.
2025-09-23 22:20:46 | INFO | Use Ctrl+C to stop.
2025-09-23 22:20:46 | INFO | MESSAGE_INTERVAL_SECONDS: 5
2025-09-23 22:20:46 | INFO | BUZZ_TOPIC: buzzline
2025-09-23 22:20:46 | INFO | KAFKA_BROKER_ADDRESS: 127.0.0.1:9092
2025-09-23 22:20:46 | INFO | BASE_DATA_DIR: PROJECT_ROOT/data
2025-09-23 22:20:46 | INFO | LIVE_DATA_PATH: PROJECT_ROOT/data/project_live.json
2025-09-23 22:20:46 | INFO | BASE_DATA_DIR: PROJECT_ROOT/data
2025-09-23 22:20:46 | INFO | SQLITE_PATH: PROJECT_ROOT/data/buzz.sqlite
2025-09-23 22:20:46 | INFO | Deleted existing live data file.
2025-09-23 22:20:46 | INFO | Kafka broker address: localhost:9092
2025-09-23 22:20:46 | INFO | Kafka is ready. Brokers: {'throttle_time_ms': 0, 'brokers': [{'node_id': 1, 'host': 'localhost', 'port': 9092, 'rack': None}], 'cluster_id': 'JjY4WKawQ-GFC8VniCM2Xw', 'controller_id': 1}
2025-09-23 22:20:48 | WARNING | WARNING: Kafka setup failed: NoBrokersAvailable
2025-09-23 22:20:48 | INFO | {'message': 'I just loved a story! It was funny.', 'author': 'Bob', 'timestamp': '2025-09-23 22:20:48', 'category': 'other', 'sentiment': 0.25, 'keyword_mentioned': 'other', 'message_length': 35}
2025-09-23 22:20:53 | INFO | {'message': 'I just shared a movie! It was funny.', 'author': 'Eve', 'timestamp': '2025-09-23 22:20:53', 'category': 'entertainment', 'sentiment': 0.51, 'keyword_mentioned': 'movie', 'message_length': 36}
2025-09-23 22:20:58 | INFO | Logging to file: logs/project_log.log
2025-09-23 22:20:58 | INFO | Log sanitization enabled, personal info removed
2025-09-23 22:20:58 | INFO | Starting Consumer to run continuously.
2025-09-23 22:20:58 | INFO | Things can fail or get interrupted, so use a try block.
2025-09-23 22:20:58 | INFO | Moved .env variables into a utils config module.
2025-09-23 22:20:58 | INFO | STEP 1. Read environment variables using new config functions.
2025-09-23 22:20:58 | INFO | BUZZ_TOPIC: buzzline
2025-09-23 22:20:58 | INFO | KAFKA_BROKER_ADDRESS: 127.0.0.1:9092
2025-09-23 22:20:58 | INFO | BUZZ_CONSUMER_GROUP_ID: buzz_group
2025-09-23 22:20:58 | INFO | MESSAGE_INTERVAL_SECONDS: 5
2025-09-23 22:20:58 | INFO | BASE_DATA_DIR: PROJECT_ROOT/data
2025-09-23 22:20:58 | INFO | SQLITE_PATH: PROJECT_ROOT/data/buzz.sqlite
2025-09-23 22:20:58 | INFO | SUCCESS: Read environment variables.
2025-09-23 22:20:58 | INFO | STEP 2. Delete any prior database file for a fresh start.
2025-09-23 22:20:58 | INFO | SUCCESS: Deleted database file.
2025-09-23 22:20:58 | INFO | STEP 3. Initialize a new database with an empty table.
2025-09-23 22:20:58 | INFO | Calling SQLite init_db() with {db_path=}.
2025-09-23 22:20:58 | INFO | SUCCESS: Got a cursor to execute SQL.
2025-09-23 22:20:58 | INFO | SUCCESS: Database initialized and table ready at PROJECT_ROOT/data/buzz.sqlite.
2025-09-23 22:20:58 | INFO | STEP 4. Begin consuming and storing messages.
2025-09-23 22:20:58 | INFO | Called consume_messages_from_kafka() with:
2025-09-23 22:20:58 | INFO |    topic='buzzline'
2025-09-23 22:20:58 | INFO |    kafka_url='127.0.0.1:9092'
2025-09-23 22:20:58 | INFO |    group='buzz_group'
2025-09-23 22:20:58 | INFO |    sql_path=WindowsPath('C:/Projects/buzzline-05-fintel/data/buzz.sqlite')
2025-09-23 22:20:58 | INFO |    interval_secs=5
2025-09-23 22:20:58 | INFO | Step 1. Verify Kafka Services.
2025-09-23 22:20:58 | INFO | Kafka broker address: localhost:9092
2025-09-23 22:20:58 | INFO | {'message': 'I just shared a meme! It was funny.', 'author': 'Charlie', 'timestamp': '2025-09-23 22:20:58', 'category': 'humor', 'sentiment': 0.69, 'keyword_mentioned': 'meme', 'message_length': 35}
2025-09-23 22:20:58 | INFO | Kafka is ready. Brokers: {'throttle_time_ms': 0, 'brokers': [{'node_id': 1, 'host': 'localhost', 'port': 9092, 'rack': None}], 'cluster_id': 'JjY4WKawQ-GFC8VniCM2Xw', 'controller_id': 1}
2025-09-23 22:20:58 | INFO | Step 2. Create a Kafka consumer.
2025-09-23 22:20:58 | INFO | Kafka broker address: localhost:9092
2025-09-23 22:20:58 | INFO | Creating Kafka consumer. Topic='buzzline' and group ID='buzz_group'.
2025-09-23 22:20:59 | INFO | Kafka consumer created successfully.
2025-09-23 22:20:59 | INFO | Step 3. Verify topic exists.
2025-09-23 22:20:59 | INFO | Kafka broker address: localhost:9092
2025-09-23 22:20:59 | INFO | Kafka topic 'buzzline' is ready.
2025-09-23 22:20:59 | INFO | Step 4. Process messages.
2025-09-23 22:21:03 | INFO | {'message': 'I just tried Python! It was weird.', 'author': 'Eve', 'timestamp': '2025-09-23 22:21:03', 'category': 'tech', 'sentiment': 0.23, 'keyword_mentioned': 'Python', 'message_length': 34}
2025-09-23 22:21:08 | INFO | {'message': 'I just loved a story! It was boring.', 'author': 'Alice', 'timestamp': '2025-09-23 22:21:08', 'category': 'other', 'sentiment': 0.97, 'keyword_mentioned': 'other', 'message_length': 36}
2025-09-23 22:21:13 | INFO | {'message': 'I just saw Python! It was funny.', 'author': 'Eve', 'timestamp': '2025-09-23 22:21:13', 'category': 'tech', 'sentiment': 0.21, 'keyword_mentioned': 'Python', 'message_length': 32}
2025-09-23 22:21:18 | INFO | {'message': 'I just tried a movie! It was weird.', 'author': 'Charlie', 'timestamp': '2025-09-23 22:21:18', 'category': 'entertainment', 'sentiment': 0.75, 'keyword_mentioned': 'movie', 'message_length': 35}
2025-09-23 22:21:23 | INFO | {'message': 'I just tried game! It was exciting.', 'author': 'Charlie', 'timestamp': '2025-09-23 22:21:23', 'category': 'gaming', 'sentiment': 0.03, 'keyword_mentioned': 'game', 'message_length': 35}
2025-09-23 22:21:28 | INFO | {'message': 'I just loved an app! It was amazing.', 'author': 'Eve', 'timestamp': '2025-09-23 22:21:28', 'category': 'other', 'sentiment': 0.85, 'keyword_mentioned': 'other', 'message_length': 36}
2025-09-23 22:21:33 | INFO | {'message': 'I just shared a movie! It was exciting.', 'author': 'Charlie', 'timestamp': '2025-09-23 22:21:33', 'category': 'entertainment', 'sentiment': 0.7, 'keyword_mentioned': 'movie', 'message_length': 39}
2025-09-23 22:21:38 | INFO | {'message': 'I just shared a meme! It was exciting.', 'author': 'Alice', 'timestamp': '2025-09-23 22:21:38', 'category': 'humor', 'sentiment': 0.67, 'keyword_mentioned': 'meme', 'message_length': 38}
2025-09-23 22:21:43 | INFO | {'message': 'I just saw Python! It was weird.', 'author': 'Bob', 'timestamp': '2025-09-23 22:21:43', 'category': 'tech', 'sentiment': 0.5, 'keyword_mentioned': 'Python', 'message_length': 32}
2025-09-23 22:21:48 | INFO | {'message': 'I just shared a movie! It was weird.', 'author': 'Charlie', 'timestamp': '2025-09-23 22:21:48', 'category': 'entertainment', 'sentiment': 0.99, 'keyword_mentioned': 'movie', 'message_length': 36}
2025-09-23 22:21:53 | INFO | {'message': 'I just loved a meme! It was exciting.', 'author': 'Charlie', 'timestamp': '2025-09-23 22:21:53', 'category': 'humor', 'sentiment': 0.66, 'keyword_mentioned': 'meme', 'message_length': 37}
2025-09-23 22:21:58 | INFO | {'message': 'I just saw travel! It was funny.', 'author': 'Alice', 'timestamp': '2025-09-23 22:21:58', 'category': 'travel', 'sentiment': 0.63, 'keyword_mentioned': 'travel', 'message_length': 32}
2025-09-23 22:22:03 | INFO | {'message': 'I just saw travel! It was exciting.', 'author': 'Eve', 'timestamp': '2025-09-23 22:22:03', 'category': 'travel', 'sentiment': 0.58, 'keyword_mentioned': 'travel', 'message_length': 35}
2025-09-23 22:22:08 | INFO | {'message': 'I just saw JavaScript! It was weird.', 'author': 'Alice', 'timestamp': '2025-09-23 22:22:08', 'category': 'tech', 'sentiment': 0.53, 'keyword_mentioned': 'JavaScript', 'message_length': 36}
2025-09-23 22:22:13 | INFO | {'message': 'I just found a meme! It was weird.', 'author': 'Charlie', 'timestamp': '2025-09-23 22:22:13', 'category': 'humor', 'sentiment': 0.24, 'keyword_mentioned': 'meme', 'message_length': 34}
2025-09-23 22:22:18 | INFO | {'message': 'I just loved a trick! It was weird.', 'author': 'Eve', 'timestamp': '2025-09-23 22:22:18', 'category': 'other', 'sentiment': 0.76, 'keyword_mentioned': 'other', 'message_length': 35}
2025-09-23 22:22:23 | INFO | {'message': 'I just saw travel! It was boring.', 'author': 'Charlie', 'timestamp': '2025-09-23 22:22:23', 'category': 'travel', 'sentiment': 0.82, 'keyword_mentioned': 'travel', 'message_length': 33}
2025-09-23 22:22:28 | INFO | {'message': 'I just shared recipe! It was boring.', 'author': 'Bob', 'timestamp': '2025-09-23 22:22:28', 'category': 'food', 'sentiment': 0.88, 'keyword_mentioned': 'recipe', 'message_length': 36}
2025-09-23 22:22:33 | INFO | {'message': 'I just tried a story! It was boring.', 'author': 'Charlie', 'timestamp': '2025-09-23 22:22:33', 'category': 'other', 'sentiment': 0.19, 'keyword_mentioned': 'other', 'message_length': 36}
2025-09-23 22:22:38 | INFO | {'message': 'I just saw travel! It was amazing.', 'author': 'Eve', 'timestamp': '2025-09-23 22:22:38', 'category': 'travel', 'sentiment': 0.85, 'keyword_mentioned': 'travel', 'message_length': 34}
2025-09-23 22:22:43 | INFO | {'message': 'I just shared a movie! It was funny.', 'author': 'Alice', 'timestamp': '2025-09-23 22:22:43', 'category': 'entertainment', 'sentiment': 0.31, 'keyword_mentioned': 'movie', 'message_length': 36}
2025-09-23 22:22:48 | INFO | {'message': 'I just found a meme! It was boring.', 'author': 'Eve', 'timestamp': '2025-09-23 22:22:48', 'category': 'humor', 'sentiment': 0.86, 'keyword_mentioned': 'meme', 'message_length': 35}
2025-09-23 22:22:53 | INFO | {'message': 'I just saw game! It was boring.', 'author': 'Charlie', 'timestamp': '2025-09-23 22:22:53', 'category': 'gaming', 'sentiment': 0.97, 'keyword_mentioned': 'game', 'message_length': 31}
2025-09-23 22:22:58 | INFO | {'message': 'I just loved a trick! It was funny.', 'author': 'Eve', 'timestamp': '2025-09-23 22:22:58', 'category': 'other', 'sentiment': 0.82, 'keyword_mentioned': 'other', 'message_length': 35}
2025-09-23 22:23:03 | INFO | {'message': 'I just shared recipe! It was funny.', 'author': 'Alice', 'timestamp': '2025-09-23 22:23:03', 'category': 'food', 'sentiment': 0.26, 'keyword_mentioned': 'recipe', 'message_length': 35}
2025-09-23 22:23:08 | INFO | {'message': 'I just found an app! It was weird.', 'author': 'Bob', 'timestamp': '2025-09-23 22:23:08', 'category': 'other', 'sentiment': 0.25, 'keyword_mentioned': 'other', 'message_length': 34}
2025-09-23 22:23:13 | INFO | {'message': 'I just found a trick! It was boring.', 'author': 'Bob', 'timestamp': '2025-09-23 22:23:13', 'category': 'other', 'sentiment': 0.87, 'keyword_mentioned': 'other', 'message_length': 36}
2025-09-23 22:23:13 | INFO | Called process_message() with:
2025-09-23 22:23:13 | INFO |    message={'test': 'hello'}
2025-09-23 22:23:13 | INFO | Processed message: {'message': None, 'author': None, 'timestamp': None, 'category': None, 'sentiment': 0.0, 'keyword_mentioned': None, 'message_length': 0}
2025-09-23 22:23:13 | INFO | Calling SQLite insert_message() with:
2025-09-23 22:23:13 | INFO | message={'message': None, 'author': None, 'timestamp': None, 'category': None, 'sentiment': 0.0, 'keyword_mentioned': None, 'message_length': 0}
2025-09-23 22:23:13 | INFO | db_path=WindowsPath('C:/Projects/buzzline-05-fintel/data/buzz.sqlite')
2025-09-23 22:23:13 | INFO | Inserted one message into the database.
2025-09-23 22:23:15 | INFO | Called process_message() with:
2025-09-23 22:23:15 | INFO |    message={'test': 'hello'}
2025-09-23 22:23:15 | INFO | Processed message: {'message': None, 'author': None, 'timestamp': None, 'category': None, 'sentiment': 0.0, 'keyword_mentioned': None, 'message_length': 0}
2025-09-23 22:23:15 | INFO | Calling SQLite insert_message() with:
2025-09-23 22:23:15 | INFO | message={'message': None, 'author': None, 'timestamp': None, 'category': None, 'sentiment': 0.0, 'keyword_mentioned': None, 'message_length': 0}
2025-09-23 22:23:15 | INFO | db_path=WindowsPath('C:/Projects/buzzline-05-fintel/data/buzz.sqlite')
2025-09-23 22:23:15 | INFO | Inserted one message into the database.
2025-09-23 22:23:18 | INFO | {'message': 'I just loved a meme! It was boring.', 'author': 'Bob', 'timestamp': '2025-09-23 22:23:18', 'category': 'humor', 'sentiment': 0.17, 'keyword_mentioned': 'meme', 'message_length': 35}
2025-09-23 22:23:23 | INFO | {'message': 'I just shared game! It was amazing.', 'author': 'Eve', 'timestamp': '2025-09-23 22:23:23', 'category': 'gaming', 'sentiment': 0.95, 'keyword_mentioned': 'game', 'message_length': 35}
2025-09-23 22:23:28 | INFO | {'message': 'I just shared a trick! It was funny.', 'author': 'Bob', 'timestamp': '2025-09-23 22:23:28', 'category': 'other', 'sentiment': 0.91, 'keyword_mentioned': 'other', 'message_length': 36}
2025-09-23 22:23:33 | INFO | {'message': 'I just tried Python! It was funny.', 'author': 'Bob', 'timestamp': '2025-09-23 22:23:33', 'category': 'tech', 'sentiment': 0.69, 'keyword_mentioned': 'Python', 'message_length': 34}
2025-09-23 22:23:38 | INFO | {'message': 'I just shared a story! It was exciting.', 'author': 'Eve', 'timestamp': '2025-09-23 22:23:38', 'category': 'other', 'sentiment': 0.15, 'keyword_mentioned': 'other', 'message_length': 39}
2025-09-23 22:23:43 | INFO | {'message': 'I just shared recipe! It was funny.', 'author': 'Bob', 'timestamp': '2025-09-23 22:23:43', 'category': 'food', 'sentiment': 0.11, 'keyword_mentioned': 'recipe', 'message_length': 35}
2025-09-23 22:23:48 | INFO | {'message': 'I just shared an app! It was funny.', 'author': 'Eve', 'timestamp': '2025-09-23 22:23:48', 'category': 'other', 'sentiment': 0.01, 'keyword_mentioned': 'other', 'message_length': 35}
2025-09-23 22:23:53 | INFO | {'message': 'I just shared an app! It was weird.', 'author': 'Bob', 'timestamp': '2025-09-23 22:23:53', 'category': 'other', 'sentiment': 0.83, 'keyword_mentioned': 'other', 'message_length': 35}
2025-09-23 22:23:58 | INFO | {'message': 'I just tried recipe! It was exciting.', 'author': 'Alice', 'timestamp': '2025-09-23 22:23:58', 'category': 'food', 'sentiment': 0.17, 'keyword_mentioned': 'recipe', 'message_length': 37}
2025-09-23 22:23:59 | INFO | Logging to file: logs/project_log.log
2025-09-23 22:23:59 | INFO | Log sanitization enabled, personal info removed
2025-09-23 22:24:03 | INFO | {'message': 'I just shared a meme! It was funny.', 'author': 'Alice', 'timestamp': '2025-09-23 22:24:03', 'category': 'humor', 'sentiment': 0.37, 'keyword_mentioned': 'meme', 'message_length': 35}
2025-09-23 22:24:06 | INFO | Called process_message() with:
2025-09-23 22:24:06 | INFO |    message={'test': 'hello'}
2025-09-23 22:24:06 | INFO | Processed message: {'message': None, 'author': None, 'timestamp': None, 'category': None, 'sentiment': 0.0, 'keyword_mentioned': None, 'message_length': 0}
2025-09-23 22:24:06 | INFO | Calling SQLite insert_message() with:
2025-09-23 22:24:06 | INFO | message={'message': None, 'author': None, 'timestamp': None, 'category': None, 'sentiment': 0.0, 'keyword_mentioned': None, 'message_length': 0}
2025-09-23 22:24:06 | INFO | db_path=WindowsPath('C:/Projects/buzzline-05-fintel/data/buzz.sqlite')
2025-09-23 22:24:06 | INFO | Inserted one message into the database.
2025-09-23 22:24:08 | INFO | {'message': 'I just found a movie! It was funny.', 'author': 'Eve', 'timestamp': '2025-09-23 22:24:08', 'category': 'entertainment', 'sentiment': 0.92, 'keyword_mentioned': 'movie', 'message_length': 35}
2025-09-23 22:24:13 | INFO | {'message': 'I just loved recipe! It was amazing.', 'author': 'Eve', 'timestamp': '2025-09-23 22:24:13', 'category': 'food', 'sentiment': 0.49, 'keyword_mentioned': 'recipe', 'message_length': 36}
2025-09-23 22:24:18 | INFO | {'message': 'I just shared Python! It was boring.', 'author': 'Eve', 'timestamp': '2025-09-23 22:24:18', 'category': 'tech', 'sentiment': 0.44, 'keyword_mentioned': 'Python', 'message_length': 36}
2025-09-23 22:24:23 | INFO | {'message': 'I just found a trick! It was weird.', 'author': 'Alice', 'timestamp': '2025-09-23 22:24:23', 'category': 'other', 'sentiment': 0.56, 'keyword_mentioned': 'other', 'message_length': 35}
2025-09-23 22:24:28 | INFO | {'message': 'I just tried a story! It was amazing.', 'author': 'Charlie', 'timestamp': '2025-09-23 22:24:28', 'category': 'other', 'sentiment': 0.57, 'keyword_mentioned': 'other', 'message_length': 37}
2025-09-23 22:24:33 | INFO | {'message': 'I just loved JavaScript! It was exciting.', 'author': 'Bob', 'timestamp': '2025-09-23 22:24:33', 'category': 'tech', 'sentiment': 0.87, 'keyword_mentioned': 'JavaScript', 'message_length': 41}
2025-09-23 22:24:38 | INFO | {'message': 'I just found recipe! It was weird.', 'author': 'Bob', 'timestamp': '2025-09-23 22:24:38', 'category': 'food', 'sentiment': 0.22, 'keyword_mentioned': 'recipe', 'message_length': 34}
2025-09-23 22:24:41 | WARNING | Consumer interrupted by user.
2025-09-23 22:24:41 | INFO | Consumer shutting down.
2025-09-23 22:24:43 | INFO | {'message': 'I just found Python! It was amazing.', 'author': 'Alice', 'timestamp': '2025-09-23 22:24:43', 'category': 'tech', 'sentiment': 0.51, 'keyword_mentioned': 'Python', 'message_length': 36}
2025-09-23 22:24:48 | INFO | {'message': 'I just found a story! It was funny.', 'author': 'Bob', 'timestamp': '2025-09-23 22:24:48', 'category': 'other', 'sentiment': 0.5, 'keyword_mentioned': 'other', 'message_length': 35}
2025-09-23 22:24:51 | INFO | Logging to file: logs/project_log.log
2025-09-23 22:24:51 | INFO | Log sanitization enabled, personal info removed
2025-09-23 22:24:51 | INFO | Starting Consumer to run continuously.
2025-09-23 22:24:51 | INFO | Things can fail or get interrupted, so use a try block.
2025-09-23 22:24:51 | INFO | Moved .env variables into a utils config module.
2025-09-23 22:24:51 | INFO | STEP 1. Read environment variables using new config functions.
2025-09-23 22:24:51 | INFO | BUZZ_TOPIC: buzzline
2025-09-23 22:24:51 | INFO | KAFKA_BROKER_ADDRESS: 127.0.0.1:9092
2025-09-23 22:24:51 | INFO | BUZZ_CONSUMER_GROUP_ID: buzz_group
2025-09-23 22:24:51 | INFO | MESSAGE_INTERVAL_SECONDS: 5
2025-09-23 22:24:51 | INFO | BASE_DATA_DIR: PROJECT_ROOT/data
2025-09-23 22:24:51 | INFO | SQLITE_PATH: PROJECT_ROOT/data/buzz.sqlite
2025-09-23 22:24:51 | INFO | SUCCESS: Read environment variables.
2025-09-23 22:24:51 | INFO | STEP 2. Delete any prior database file for a fresh start.
2025-09-23 22:24:51 | INFO | SUCCESS: Deleted database file.
2025-09-23 22:24:51 | INFO | STEP 3. Initialize a new database with an empty table.
2025-09-23 22:24:51 | INFO | Calling SQLite init_db() with {db_path=}.
2025-09-23 22:24:51 | INFO | SUCCESS: Got a cursor to execute SQL.
2025-09-23 22:24:51 | INFO | SUCCESS: Database initialized and table ready at PROJECT_ROOT/data/buzz.sqlite.
2025-09-23 22:24:51 | INFO | STEP 4. Begin consuming and storing messages.
2025-09-23 22:24:51 | INFO | Called consume_messages_from_kafka() with:
2025-09-23 22:24:51 | INFO |    topic='buzzline'
2025-09-23 22:24:51 | INFO |    kafka_url='127.0.0.1:9092'
2025-09-23 22:24:51 | INFO |    group='buzz_group'
2025-09-23 22:24:51 | INFO |    sql_path=WindowsPath('C:/Projects/buzzline-05-fintel/data/buzz.sqlite')
2025-09-23 22:24:51 | INFO |    interval_secs=5
2025-09-23 22:24:51 | INFO | Step 1. Verify Kafka Services.
2025-09-23 22:24:51 | INFO | Kafka broker address: localhost:9092
2025-09-23 22:24:51 | INFO | Kafka is ready. Brokers: {'throttle_time_ms': 0, 'brokers': [{'node_id': 1, 'host': 'localhost', 'port': 9092, 'rack': None}], 'cluster_id': 'JjY4WKawQ-GFC8VniCM2Xw', 'controller_id': 1}
2025-09-23 22:24:51 | INFO | Step 2. Create a Kafka consumer.
2025-09-23 22:24:51 | INFO | Kafka broker address: localhost:9092
2025-09-23 22:24:51 | INFO | Creating Kafka consumer. Topic='buzzline' and group ID='buzz_group'.
2025-09-23 22:24:51 | INFO | Kafka consumer created successfully.
2025-09-23 22:24:51 | INFO | Step 3. Verify topic exists.
2025-09-23 22:24:51 | INFO | Kafka broker address: localhost:9092
2025-09-23 22:24:51 | INFO | Kafka topic 'buzzline' is ready.
2025-09-23 22:24:51 | INFO | Step 4. Process messages.
2025-09-23 22:24:51 | ERROR | ERROR: Could not consume messages from Kafka: Invalid file descriptor: -1
2025-09-23 22:24:51 | ERROR | Unexpected error: Invalid file descriptor: -1
2025-09-23 22:24:51 | INFO | Consumer shutting down.
2025-09-23 22:24:53 | INFO | {'message': 'I just shared Python! It was weird.', 'author': 'Alice', 'timestamp': '2025-09-23 22:24:53', 'category': 'tech', 'sentiment': 0.33, 'keyword_mentioned': 'Python', 'message_length': 35}
2025-09-23 22:24:54 | INFO | Logging to file: logs/project_log.log
2025-09-23 22:24:54 | INFO | Log sanitization enabled, personal info removed
2025-09-23 22:24:54 | INFO | Starting Consumer to run continuously.
2025-09-23 22:24:54 | INFO | Things can fail or get interrupted, so use a try block.
2025-09-23 22:24:54 | INFO | Moved .env variables into a utils config module.
2025-09-23 22:24:54 | INFO | STEP 1. Read environment variables using new config functions.
2025-09-23 22:24:54 | INFO | BUZZ_TOPIC: buzzline
2025-09-23 22:24:54 | INFO | KAFKA_BROKER_ADDRESS: 127.0.0.1:9092
2025-09-23 22:24:54 | INFO | BUZZ_CONSUMER_GROUP_ID: buzz_group
2025-09-23 22:24:54 | INFO | MESSAGE_INTERVAL_SECONDS: 5
2025-09-23 22:24:54 | INFO | BASE_DATA_DIR: PROJECT_ROOT/data
2025-09-23 22:24:54 | INFO | SQLITE_PATH: PROJECT_ROOT/data/buzz.sqlite
2025-09-23 22:24:54 | INFO | SUCCESS: Read environment variables.
2025-09-23 22:24:54 | INFO | STEP 2. Delete any prior database file for a fresh start.
2025-09-23 22:24:54 | INFO | SUCCESS: Deleted database file.
2025-09-23 22:24:54 | INFO | STEP 3. Initialize a new database with an empty table.
2025-09-23 22:24:54 | INFO | Calling SQLite init_db() with {db_path=}.
2025-09-23 22:24:54 | INFO | SUCCESS: Got a cursor to execute SQL.
2025-09-23 22:24:54 | INFO | SUCCESS: Database initialized and table ready at PROJECT_ROOT/data/buzz.sqlite.
2025-09-23 22:24:54 | INFO | STEP 4. Begin consuming and storing messages.
2025-09-23 22:24:54 | INFO | Called consume_messages_from_kafka() with:
2025-09-23 22:24:54 | INFO |    topic='buzzline'
2025-09-23 22:24:54 | INFO |    kafka_url='127.0.0.1:9092'
2025-09-23 22:24:54 | INFO |    group='buzz_group'
2025-09-23 22:24:54 | INFO |    sql_path=WindowsPath('C:/Projects/buzzline-05-fintel/data/buzz.sqlite')
2025-09-23 22:24:54 | INFO |    interval_secs=5
2025-09-23 22:24:54 | INFO | Step 1. Verify Kafka Services.
2025-09-23 22:24:54 | INFO | Kafka broker address: localhost:9092
2025-09-23 22:24:55 | INFO | Kafka is ready. Brokers: {'throttle_time_ms': 0, 'brokers': [{'node_id': 1, 'host': 'localhost', 'port': 9092, 'rack': None}], 'cluster_id': 'JjY4WKawQ-GFC8VniCM2Xw', 'controller_id': 1}
2025-09-23 22:24:55 | INFO | Step 2. Create a Kafka consumer.
2025-09-23 22:24:55 | INFO | Kafka broker address: localhost:9092
2025-09-23 22:24:55 | INFO | Creating Kafka consumer. Topic='buzzline' and group ID='buzz_group'.
2025-09-23 22:24:55 | INFO | Kafka consumer created successfully.
2025-09-23 22:24:55 | INFO | Step 3. Verify topic exists.
2025-09-23 22:24:55 | INFO | Kafka broker address: localhost:9092
2025-09-23 22:24:55 | INFO | Kafka topic 'buzzline' is ready.
2025-09-23 22:24:55 | INFO | Step 4. Process messages.
2025-09-23 22:24:55 | ERROR | ERROR: Could not consume messages from Kafka: Invalid file descriptor: -1
2025-09-23 22:24:55 | ERROR | Unexpected error: Invalid file descriptor: -1
2025-09-23 22:24:55 | INFO | Consumer shutting down.
2025-09-23 22:24:58 | INFO | {'message': 'I just tried game! It was funny.', 'author': 'Eve', 'timestamp': '2025-09-23 22:24:58', 'category': 'gaming', 'sentiment': 0.11, 'keyword_mentioned': 'game', 'message_length': 32}
2025-09-23 22:25:01 | INFO | Logging to file: logs/project_log.log
2025-09-23 22:25:01 | INFO | Log sanitization enabled, personal info removed
2025-09-23 22:25:01 | INFO | Starting Consumer to run continuously.
2025-09-23 22:25:01 | INFO | Things can fail or get interrupted, so use a try block.
2025-09-23 22:25:01 | INFO | Moved .env variables into a utils config module.
2025-09-23 22:25:01 | INFO | STEP 1. Read environment variables using new config functions.
2025-09-23 22:25:01 | INFO | BUZZ_TOPIC: buzzline
2025-09-23 22:25:01 | INFO | KAFKA_BROKER_ADDRESS: 127.0.0.1:9092
2025-09-23 22:25:01 | INFO | BUZZ_CONSUMER_GROUP_ID: buzz_group
2025-09-23 22:25:01 | INFO | MESSAGE_INTERVAL_SECONDS: 5
2025-09-23 22:25:01 | INFO | BASE_DATA_DIR: PROJECT_ROOT/data
2025-09-23 22:25:01 | INFO | SQLITE_PATH: PROJECT_ROOT/data/buzz.sqlite
2025-09-23 22:25:01 | INFO | SUCCESS: Read environment variables.
2025-09-23 22:25:01 | INFO | STEP 2. Delete any prior database file for a fresh start.
2025-09-23 22:25:01 | INFO | SUCCESS: Deleted database file.
2025-09-23 22:25:01 | INFO | STEP 3. Initialize a new database with an empty table.
2025-09-23 22:25:01 | INFO | Calling SQLite init_db() with {db_path=}.
2025-09-23 22:25:01 | INFO | SUCCESS: Got a cursor to execute SQL.
2025-09-23 22:25:01 | INFO | SUCCESS: Database initialized and table ready at PROJECT_ROOT/data/buzz.sqlite.
2025-09-23 22:25:01 | INFO | STEP 4. Begin consuming and storing messages.
2025-09-23 22:25:01 | INFO | Called consume_messages_from_kafka() with:
2025-09-23 22:25:01 | INFO |    topic='buzzline'
2025-09-23 22:25:01 | INFO |    kafka_url='127.0.0.1:9092'
2025-09-23 22:25:01 | INFO |    group='buzz_group'
2025-09-23 22:25:01 | INFO |    sql_path=WindowsPath('C:/Projects/buzzline-05-fintel/data/buzz.sqlite')
2025-09-23 22:25:01 | INFO |    interval_secs=5
2025-09-23 22:25:01 | INFO | Step 1. Verify Kafka Services.
2025-09-23 22:25:01 | INFO | Kafka broker address: localhost:9092
2025-09-23 22:25:01 | INFO | Kafka is ready. Brokers: {'throttle_time_ms': 0, 'brokers': [{'node_id': 1, 'host': 'localhost', 'port': 9092, 'rack': None}], 'cluster_id': 'JjY4WKawQ-GFC8VniCM2Xw', 'controller_id': 1}
2025-09-23 22:25:01 | INFO | Step 2. Create a Kafka consumer.
2025-09-23 22:25:01 | INFO | Kafka broker address: localhost:9092
2025-09-23 22:25:01 | INFO | Creating Kafka consumer. Topic='buzzline' and group ID='buzz_group'.
2025-09-23 22:25:01 | INFO | Kafka consumer created successfully.
2025-09-23 22:25:01 | INFO | Step 3. Verify topic exists.
2025-09-23 22:25:01 | INFO | Kafka broker address: localhost:9092
2025-09-23 22:25:01 | INFO | Kafka topic 'buzzline' is ready.
2025-09-23 22:25:01 | INFO | Step 4. Process messages.
2025-09-23 22:25:03 | INFO | {'message': 'I just saw travel! It was funny.', 'author': 'Charlie', 'timestamp': '2025-09-23 22:25:03', 'category': 'travel', 'sentiment': 0.84, 'keyword_mentioned': 'travel', 'message_length': 32}
2025-09-23 22:25:08 | INFO | {'message': 'I just tried travel! It was boring.', 'author': 'Eve', 'timestamp': '2025-09-23 22:25:08', 'category': 'travel', 'sentiment': 0.68, 'keyword_mentioned': 'travel', 'message_length': 35}
2025-09-23 22:25:13 | INFO | {'message': 'I just found a movie! It was weird.', 'author': 'Eve', 'timestamp': '2025-09-23 22:25:13', 'category': 'entertainment', 'sentiment': 0.2, 'keyword_mentioned': 'movie', 'message_length': 35}
2025-09-23 22:25:18 | INFO | {'message': 'I just saw a movie! It was weird.', 'author': 'Bob', 'timestamp': '2025-09-23 22:25:18', 'category': 'entertainment', 'sentiment': 0.67, 'keyword_mentioned': 'movie', 'message_length': 33}
2025-09-23 22:25:23 | INFO | {'message': 'I just saw a trick! It was boring.', 'author': 'Bob', 'timestamp': '2025-09-23 22:25:23', 'category': 'other', 'sentiment': 0.49, 'keyword_mentioned': 'other', 'message_length': 34}
2025-09-23 22:25:28 | INFO | {'message': 'I just tried a movie! It was amazing.', 'author': 'Eve', 'timestamp': '2025-09-23 22:25:28', 'category': 'entertainment', 'sentiment': 0.23, 'keyword_mentioned': 'movie', 'message_length': 37}
2025-09-23 22:25:33 | INFO | {'message': 'I just tried a meme! It was exciting.', 'author': 'Charlie', 'timestamp': '2025-09-23 22:25:33', 'category': 'humor', 'sentiment': 0.47, 'keyword_mentioned': 'meme', 'message_length': 37}
2025-09-23 22:25:38 | INFO | {'message': 'I just tried Python! It was exciting.', 'author': 'Eve', 'timestamp': '2025-09-23 22:25:38', 'category': 'tech', 'sentiment': 0.55, 'keyword_mentioned': 'Python', 'message_length': 37}
2025-09-23 22:25:43 | INFO | Called process_message() with:
2025-09-23 22:25:43 | INFO |    message={'test': 'hello'}
2025-09-23 22:25:43 | INFO | Processed message: {'message': None, 'author': None, 'timestamp': None, 'category': None, 'sentiment': 0.0, 'keyword_mentioned': None, 'message_length': 0}
2025-09-23 22:25:43 | INFO | Calling SQLite insert_message() with:
2025-09-23 22:25:43 | INFO | message={'message': None, 'author': None, 'timestamp': None, 'category': None, 'sentiment': 0.0, 'keyword_mentioned': None, 'message_length': 0}
2025-09-23 22:25:43 | INFO | db_path=WindowsPath('C:/Projects/buzzline-05-fintel/data/buzz.sqlite')
2025-09-23 22:25:43 | INFO | Inserted one message into the database.
2025-09-23 22:25:43 | INFO | {'message': 'I just tried recipe! It was funny.', 'author': 'Eve', 'timestamp': '2025-09-23 22:25:43', 'category': 'food', 'sentiment': 0.97, 'keyword_mentioned': 'recipe', 'message_length': 34}
2025-09-23 22:25:48 | INFO | {'message': 'I just found travel! It was boring.', 'author': 'Alice', 'timestamp': '2025-09-23 22:25:48', 'category': 'travel', 'sentiment': 0.34, 'keyword_mentioned': 'travel', 'message_length': 35}
2025-09-23 22:25:52 | INFO | Called process_message() with:
2025-09-23 22:25:52 | INFO |    message={'test': 'hello'}
2025-09-23 22:25:52 | INFO | Processed message: {'message': None, 'author': None, 'timestamp': None, 'category': None, 'sentiment': 0.0, 'keyword_mentioned': None, 'message_length': 0}
2025-09-23 22:25:52 | INFO | Calling SQLite insert_message() with:
2025-09-23 22:25:52 | INFO | message={'message': None, 'author': None, 'timestamp': None, 'category': None, 'sentiment': 0.0, 'keyword_mentioned': None, 'message_length': 0}
