2025-09-24 18:38:25 | INFO | {'message': 'I just tried recipe! It was exciting.', 'author': 'Eve', 'timestamp': '2025-09-24 18:38:25', 'category': 'food', 'sentiment': 0.29, 'keyword_mentioned': 'recipe', 'message_length': 37}
2025-09-24 18:38:30 | INFO | {'message': 'I just found Python! It was amazing.', 'author': 'Charlie', 'timestamp': '2025-09-24 18:38:30', 'category': 'tech', 'sentiment': 0.53, 'keyword_mentioned': 'Python', 'message_length': 36}
2025-09-24 18:38:35 | INFO | {'message': 'I just saw a story! It was exciting.', 'author': 'Charlie', 'timestamp': '2025-09-24 18:38:35', 'category': 'other', 'sentiment': 0.99, 'keyword_mentioned': 'other', 'message_length': 36}
2025-09-24 18:38:40 | INFO | {'message': 'I just saw a meme! It was amazing.', 'author': 'Charlie', 'timestamp': '2025-09-24 18:38:40', 'category': 'humor', 'sentiment': 0.94, 'keyword_mentioned': 'meme', 'message_length': 34}
2025-09-24 18:38:45 | INFO | {'message': 'I just shared a movie! It was weird.', 'author': 'Eve', 'timestamp': '2025-09-24 18:38:45', 'category': 'entertainment', 'sentiment': 0.9, 'keyword_mentioned': 'movie', 'message_length': 36}
2025-09-24 18:38:50 | INFO | {'message': 'I just found a trick! It was funny.', 'author': 'Bob', 'timestamp': '2025-09-24 18:38:50', 'category': 'other', 'sentiment': 0.23, 'keyword_mentioned': 'other', 'message_length': 35}
2025-09-24 18:38:55 | INFO | {'message': 'I just found a meme! It was weird.', 'author': 'Charlie', 'timestamp': '2025-09-24 18:38:55', 'category': 'humor', 'sentiment': 0.61, 'keyword_mentioned': 'meme', 'message_length': 34}
2025-09-24 18:39:00 | INFO | {'message': 'I just found JavaScript! It was funny.', 'author': 'Charlie', 'timestamp': '2025-09-24 18:39:00', 'category': 'tech', 'sentiment': 0.94, 'keyword_mentioned': 'JavaScript', 'message_length': 38}
2025-09-24 18:39:05 | INFO | {'message': 'I just loved JavaScript! It was weird.', 'author': 'Alice', 'timestamp': '2025-09-24 18:39:05', 'category': 'tech', 'sentiment': 0.13, 'keyword_mentioned': 'JavaScript', 'message_length': 38}
2025-09-24 18:39:11 | INFO | {'message': 'I just saw travel! It was amazing.', 'author': 'Charlie', 'timestamp': '2025-09-24 18:39:11', 'category': 'travel', 'sentiment': 0.89, 'keyword_mentioned': 'travel', 'message_length': 34}
2025-09-24 18:39:16 | INFO | {'message': 'I just found recipe! It was weird.', 'author': 'Eve', 'timestamp': '2025-09-24 18:39:16', 'category': 'food', 'sentiment': 0.45, 'keyword_mentioned': 'recipe', 'message_length': 34}
2025-09-24 18:39:21 | INFO | {'message': 'I just saw a meme! It was funny.', 'author': 'Bob', 'timestamp': '2025-09-24 18:39:21', 'category': 'humor', 'sentiment': 0.39, 'keyword_mentioned': 'meme', 'message_length': 32}
2025-09-24 18:39:26 | INFO | {'message': 'I just tried Python! It was weird.', 'author': 'Alice', 'timestamp': '2025-09-24 18:39:26', 'category': 'tech', 'sentiment': 0.39, 'keyword_mentioned': 'Python', 'message_length': 34}
2025-09-24 18:39:26 | INFO | Logging to file: logs/project_log.log
2025-09-24 18:39:26 | INFO | Log sanitization enabled, personal info removed
2025-09-24 18:39:26 | INFO | Starting DuckDB db testing.
2025-09-24 18:39:26 | INFO | Using DuckDB file at: data/buzz.duckdb
2025-09-24 18:39:26 | INFO | Calling DuckDB init_db() with {db_path=}.
2025-09-24 18:39:26 | INFO | SUCCESS: Connected to DuckDB.
2025-09-24 18:39:26 | ERROR | ERROR: Failed to initialize DuckDB at data/buzz.duckdb: Parser Error: syntax error at or near "GENERATED"

LINE 3:                 id BIGINT PRIMARY KEY GENERATED ALWAYS AS IDENTITY, -- auto-increment
                                              ^
2025-09-24 18:39:26 | INFO | Calling DuckDB insert_message() with:
2025-09-24 18:39:26 | INFO | message={'message': 'I just shared a meme! It was amazing.', 'author': 'Charlie', 'timestamp': '2025-01-29 14:35:20', 'category': 'humor', 'sentiment': 0.87, 'keyword_mentioned': 'meme', 'message_length': 42}
2025-09-24 18:39:26 | INFO | db_path=WindowsPath('data/buzz.duckdb')
2025-09-24 18:39:26 | ERROR | ERROR: Failed to insert message into DuckDB: Catalog Error: Table with name streamed_messages does not exist!
Did you mean "sqlite_temp_master"?
2025-09-24 18:39:26 | ERROR | ERROR: Verification SELECT failed: Catalog Error: Table with name streamed_messages does not exist!
Did you mean "sqlite_temp_master"?

LINE 3:             FROM streamed_messages
                         ^
2025-09-24 18:39:26 | INFO | Finished DuckDB db testing.
2025-09-24 18:39:31 | INFO | {'message': 'I just saw travel! It was exciting.', 'author': 'Alice', 'timestamp': '2025-09-24 18:39:31', 'category': 'travel', 'sentiment': 0.14, 'keyword_mentioned': 'travel', 'message_length': 35}
2025-09-24 18:39:36 | INFO | {'message': 'I just tried a movie! It was exciting.', 'author': 'Eve', 'timestamp': '2025-09-24 18:39:36', 'category': 'entertainment', 'sentiment': 0.94, 'keyword_mentioned': 'movie', 'message_length': 38}
2025-09-24 18:39:41 | INFO | {'message': 'I just loved JavaScript! It was weird.', 'author': 'Eve', 'timestamp': '2025-09-24 18:39:41', 'category': 'tech', 'sentiment': 0.75, 'keyword_mentioned': 'JavaScript', 'message_length': 38}
2025-09-24 18:39:46 | INFO | {'message': 'I just tried game! It was funny.', 'author': 'Charlie', 'timestamp': '2025-09-24 18:39:46', 'category': 'gaming', 'sentiment': 0.97, 'keyword_mentioned': 'game', 'message_length': 32}
2025-09-24 18:39:51 | INFO | {'message': 'I just loved an app! It was amazing.', 'author': 'Charlie', 'timestamp': '2025-09-24 18:39:51', 'category': 'other', 'sentiment': 0.3, 'keyword_mentioned': 'other', 'message_length': 36}
2025-09-24 18:39:56 | INFO | {'message': 'I just shared a meme! It was exciting.', 'author': 'Bob', 'timestamp': '2025-09-24 18:39:56', 'category': 'humor', 'sentiment': 0.49, 'keyword_mentioned': 'meme', 'message_length': 38}
2025-09-24 18:40:01 | INFO | {'message': 'I just tried game! It was boring.', 'author': 'Bob', 'timestamp': '2025-09-24 18:40:01', 'category': 'gaming', 'sentiment': 0.69, 'keyword_mentioned': 'game', 'message_length': 33}
2025-09-24 18:40:06 | INFO | {'message': 'I just loved travel! It was amazing.', 'author': 'Charlie', 'timestamp': '2025-09-24 18:40:06', 'category': 'travel', 'sentiment': 0.81, 'keyword_mentioned': 'travel', 'message_length': 36}
2025-09-24 18:40:11 | INFO | {'message': 'I just shared an app! It was exciting.', 'author': 'Eve', 'timestamp': '2025-09-24 18:40:11', 'category': 'other', 'sentiment': 0.73, 'keyword_mentioned': 'other', 'message_length': 38}
2025-09-24 18:40:16 | INFO | {'message': 'I just saw JavaScript! It was funny.', 'author': 'Charlie', 'timestamp': '2025-09-24 18:40:16', 'category': 'tech', 'sentiment': 0.16, 'keyword_mentioned': 'JavaScript', 'message_length': 36}
2025-09-24 18:40:21 | INFO | {'message': 'I just loved JavaScript! It was funny.', 'author': 'Bob', 'timestamp': '2025-09-24 18:40:21', 'category': 'tech', 'sentiment': 0.38, 'keyword_mentioned': 'JavaScript', 'message_length': 38}
2025-09-24 18:40:26 | INFO | {'message': 'I just found JavaScript! It was boring.', 'author': 'Eve', 'timestamp': '2025-09-24 18:40:26', 'category': 'tech', 'sentiment': 0.46, 'keyword_mentioned': 'JavaScript', 'message_length': 39}
2025-09-24 18:40:31 | INFO | {'message': 'I just saw an app! It was exciting.', 'author': 'Bob', 'timestamp': '2025-09-24 18:40:31', 'category': 'other', 'sentiment': 0.12, 'keyword_mentioned': 'other', 'message_length': 35}
2025-09-24 18:40:36 | INFO | {'message': 'I just found a trick! It was weird.', 'author': 'Charlie', 'timestamp': '2025-09-24 18:40:36', 'category': 'other', 'sentiment': 0.04, 'keyword_mentioned': 'other', 'message_length': 35}
2025-09-24 18:44:31 | INFO | Logging to file: logs/project_log.log
2025-09-24 18:44:31 | INFO | Log sanitization enabled, personal info removed
2025-09-24 18:44:31 | INFO | Starting Producer to run continuously.
2025-09-24 18:44:31 | INFO | Use Ctrl+C to stop.
2025-09-24 18:44:31 | INFO | MESSAGE_INTERVAL_SECONDS: 5
2025-09-24 18:44:31 | INFO | BUZZ_TOPIC: buzzline
2025-09-24 18:44:31 | INFO | KAFKA_BROKER_ADDRESS: 127.0.0.1:9092
2025-09-24 18:44:31 | INFO | BASE_DATA_DIR: PROJECT_ROOT/data
2025-09-24 18:44:31 | INFO | LIVE_DATA_PATH: PROJECT_ROOT/data/project_live.json
2025-09-24 18:44:31 | INFO | BASE_DATA_DIR: PROJECT_ROOT/data
2025-09-24 18:44:31 | INFO | SQLITE_PATH: PROJECT_ROOT/data/buzz.sqlite
2025-09-24 18:44:31 | INFO | Deleted existing live data file.
2025-09-24 18:44:31 | INFO | Kafka broker address: localhost:9092
2025-09-24 18:44:32 | INFO | Kafka is ready. Brokers: {'throttle_time_ms': 0, 'brokers': [{'node_id': 1, 'host': 'localhost', 'port': 9092, 'rack': None}], 'cluster_id': 'JjY4WKawQ-GFC8VniCM2Xw', 'controller_id': 1}
2025-09-24 18:44:34 | WARNING | WARNING: Kafka setup failed: NoBrokersAvailable
2025-09-24 18:44:34 | INFO | {'message': 'I just found a story! It was weird.', 'author': 'Eve', 'timestamp': '2025-09-24 18:44:34', 'category': 'other', 'sentiment': 0.02, 'keyword_mentioned': 'other', 'message_length': 35}
2025-09-24 18:44:39 | INFO | {'message': 'I just tried Python! It was weird.', 'author': 'Charlie', 'timestamp': '2025-09-24 18:44:39', 'category': 'tech', 'sentiment': 0.84, 'keyword_mentioned': 'Python', 'message_length': 34}
2025-09-24 18:44:44 | INFO | {'message': 'I just tried a story! It was exciting.', 'author': 'Alice', 'timestamp': '2025-09-24 18:44:44', 'category': 'other', 'sentiment': 0.22, 'keyword_mentioned': 'other', 'message_length': 38}
2025-09-24 18:44:49 | INFO | {'message': 'I just saw an app! It was amazing.', 'author': 'Alice', 'timestamp': '2025-09-24 18:44:49', 'category': 'other', 'sentiment': 0.51, 'keyword_mentioned': 'other', 'message_length': 34}
2025-09-24 18:44:54 | INFO | {'message': 'I just found Python! It was funny.', 'author': 'Charlie', 'timestamp': '2025-09-24 18:44:54', 'category': 'tech', 'sentiment': 0.44, 'keyword_mentioned': 'Python', 'message_length': 34}
2025-09-24 18:44:59 | INFO | {'message': 'I just shared travel! It was exciting.', 'author': 'Eve', 'timestamp': '2025-09-24 18:44:59', 'category': 'travel', 'sentiment': 0.22, 'keyword_mentioned': 'travel', 'message_length': 38}
2025-09-24 18:45:01 | INFO | Logging to file: logs/project_log.log
2025-09-24 18:45:01 | INFO | Log sanitization enabled, personal info removed
2025-09-24 18:45:01 | INFO | Starting DuckDB db testing.
2025-09-24 18:45:01 | INFO | Using DuckDB file at: data/buzz.duckdb
2025-09-24 18:45:01 | INFO | Calling DuckDB init_db() with {db_path=}.
2025-09-24 18:45:01 | INFO | SUCCESS: Connected to DuckDB.
2025-09-24 18:45:01 | ERROR | ERROR: Failed to initialize DuckDB at data/buzz.duckdb: Parser Error: syntax error at or near "GENERATED"

LINE 3:                 id BIGINT PRIMARY KEY GENERATED ALWAYS AS IDENTITY, -- auto-increment
                                              ^
2025-09-24 18:45:01 | INFO | Calling DuckDB insert_message() with:
2025-09-24 18:45:01 | INFO | message={'message': 'I just shared a meme! It was amazing.', 'author': 'Charlie', 'timestamp': '2025-01-29 14:35:20', 'category': 'humor', 'sentiment': 0.87, 'keyword_mentioned': 'meme', 'message_length': 42}
2025-09-24 18:45:01 | INFO | db_path=WindowsPath('data/buzz.duckdb')
2025-09-24 18:45:01 | ERROR | ERROR: Failed to insert message into DuckDB: Catalog Error: Table with name streamed_messages does not exist!
Did you mean "sqlite_temp_master"?
2025-09-24 18:45:01 | ERROR | ERROR: Verification SELECT failed: Catalog Error: Table with name streamed_messages does not exist!
Did you mean "sqlite_temp_master"?

LINE 3:             FROM streamed_messages
                         ^
2025-09-24 18:45:01 | INFO | Finished DuckDB db testing.
2025-09-24 18:45:04 | INFO | {'message': 'I just tried JavaScript! It was funny.', 'author': 'Eve', 'timestamp': '2025-09-24 18:45:04', 'category': 'tech', 'sentiment': 0.49, 'keyword_mentioned': 'JavaScript', 'message_length': 38}
2025-09-24 18:45:09 | INFO | {'message': 'I just saw a trick! It was weird.', 'author': 'Bob', 'timestamp': '2025-09-24 18:45:09', 'category': 'other', 'sentiment': 0.23, 'keyword_mentioned': 'other', 'message_length': 33}
2025-09-24 18:45:14 | INFO | {'message': 'I just saw JavaScript! It was boring.', 'author': 'Eve', 'timestamp': '2025-09-24 18:45:14', 'category': 'tech', 'sentiment': 0.3, 'keyword_mentioned': 'JavaScript', 'message_length': 37}
2025-09-24 18:45:19 | INFO | {'message': 'I just found Python! It was funny.', 'author': 'Charlie', 'timestamp': '2025-09-24 18:45:19', 'category': 'tech', 'sentiment': 0.47, 'keyword_mentioned': 'Python', 'message_length': 34}
2025-09-24 18:45:25 | INFO | {'message': 'I just loved Python! It was amazing.', 'author': 'Charlie', 'timestamp': '2025-09-24 18:45:25', 'category': 'tech', 'sentiment': 0.66, 'keyword_mentioned': 'Python', 'message_length': 36}
2025-09-24 18:45:30 | INFO | {'message': 'I just shared a trick! It was boring.', 'author': 'Bob', 'timestamp': '2025-09-24 18:45:30', 'category': 'other', 'sentiment': 0.36, 'keyword_mentioned': 'other', 'message_length': 37}
2025-09-24 18:45:35 | INFO | {'message': 'I just shared an app! It was boring.', 'author': 'Bob', 'timestamp': '2025-09-24 18:45:35', 'category': 'other', 'sentiment': 0.31, 'keyword_mentioned': 'other', 'message_length': 36}
2025-09-24 18:45:40 | INFO | {'message': 'I just found a trick! It was weird.', 'author': 'Charlie', 'timestamp': '2025-09-24 18:45:40', 'category': 'other', 'sentiment': 0.02, 'keyword_mentioned': 'other', 'message_length': 35}
2025-09-24 18:45:45 | INFO | {'message': 'I just tried a story! It was boring.', 'author': 'Bob', 'timestamp': '2025-09-24 18:45:45', 'category': 'other', 'sentiment': 0.5, 'keyword_mentioned': 'other', 'message_length': 36}
2025-09-24 18:45:50 | INFO | {'message': 'I just tried JavaScript! It was boring.', 'author': 'Alice', 'timestamp': '2025-09-24 18:45:50', 'category': 'tech', 'sentiment': 0.47, 'keyword_mentioned': 'JavaScript', 'message_length': 39}
2025-09-24 18:45:55 | INFO | {'message': 'I just loved recipe! It was weird.', 'author': 'Bob', 'timestamp': '2025-09-24 18:45:55', 'category': 'food', 'sentiment': 0.7, 'keyword_mentioned': 'recipe', 'message_length': 34}
2025-09-24 18:46:00 | INFO | {'message': 'I just tried recipe! It was weird.', 'author': 'Bob', 'timestamp': '2025-09-24 18:46:00', 'category': 'food', 'sentiment': 0.2, 'keyword_mentioned': 'recipe', 'message_length': 34}
2025-09-24 18:46:05 | INFO | {'message': 'I just loved travel! It was funny.', 'author': 'Eve', 'timestamp': '2025-09-24 18:46:05', 'category': 'travel', 'sentiment': 0.77, 'keyword_mentioned': 'travel', 'message_length': 34}
2025-09-24 18:46:10 | INFO | {'message': 'I just saw an app! It was exciting.', 'author': 'Charlie', 'timestamp': '2025-09-24 18:46:10', 'category': 'other', 'sentiment': 0.04, 'keyword_mentioned': 'other', 'message_length': 35}
2025-09-24 18:46:15 | INFO | {'message': 'I just loved a movie! It was weird.', 'author': 'Bob', 'timestamp': '2025-09-24 18:46:15', 'category': 'entertainment', 'sentiment': 0.72, 'keyword_mentioned': 'movie', 'message_length': 35}
2025-09-24 18:46:20 | INFO | {'message': 'I just found Python! It was weird.', 'author': 'Bob', 'timestamp': '2025-09-24 18:46:20', 'category': 'tech', 'sentiment': 0.89, 'keyword_mentioned': 'Python', 'message_length': 34}
2025-09-24 18:46:25 | INFO | {'message': 'I just tried travel! It was funny.', 'author': 'Alice', 'timestamp': '2025-09-24 18:46:25', 'category': 'travel', 'sentiment': 0.39, 'keyword_mentioned': 'travel', 'message_length': 34}
2025-09-24 18:46:30 | INFO | {'message': 'I just tried a movie! It was amazing.', 'author': 'Alice', 'timestamp': '2025-09-24 18:46:30', 'category': 'entertainment', 'sentiment': 0.27, 'keyword_mentioned': 'movie', 'message_length': 37}
2025-09-24 18:46:35 | INFO | {'message': 'I just loved a meme! It was funny.', 'author': 'Eve', 'timestamp': '2025-09-24 18:46:35', 'category': 'humor', 'sentiment': 0.71, 'keyword_mentioned': 'meme', 'message_length': 34}
2025-09-24 18:46:40 | INFO | {'message': 'I just saw a story! It was boring.', 'author': 'Bob', 'timestamp': '2025-09-24 18:46:40', 'category': 'other', 'sentiment': 0.56, 'keyword_mentioned': 'other', 'message_length': 34}
2025-09-24 18:46:45 | INFO | {'message': 'I just found a trick! It was exciting.', 'author': 'Charlie', 'timestamp': '2025-09-24 18:46:45', 'category': 'other', 'sentiment': 0.7, 'keyword_mentioned': 'other', 'message_length': 38}
2025-09-24 18:46:50 | INFO | {'message': 'I just loved recipe! It was funny.', 'author': 'Eve', 'timestamp': '2025-09-24 18:46:50', 'category': 'food', 'sentiment': 0.21, 'keyword_mentioned': 'recipe', 'message_length': 34}
2025-09-24 18:46:56 | INFO | {'message': 'I just loved a movie! It was amazing.', 'author': 'Eve', 'timestamp': '2025-09-24 18:46:56', 'category': 'entertainment', 'sentiment': 0.42, 'keyword_mentioned': 'movie', 'message_length': 37}
2025-09-24 18:47:01 | INFO | {'message': 'I just loved JavaScript! It was exciting.', 'author': 'Eve', 'timestamp': '2025-09-24 18:47:01', 'category': 'tech', 'sentiment': 0.02, 'keyword_mentioned': 'JavaScript', 'message_length': 41}
2025-09-24 18:47:06 | INFO | {'message': 'I just shared recipe! It was exciting.', 'author': 'Alice', 'timestamp': '2025-09-24 18:47:06', 'category': 'food', 'sentiment': 0.2, 'keyword_mentioned': 'recipe', 'message_length': 38}
2025-09-24 18:47:11 | INFO | {'message': 'I just shared JavaScript! It was funny.', 'author': 'Alice', 'timestamp': '2025-09-24 18:47:11', 'category': 'tech', 'sentiment': 0.18, 'keyword_mentioned': 'JavaScript', 'message_length': 39}
2025-09-24 18:47:16 | INFO | {'message': 'I just tried a movie! It was exciting.', 'author': 'Charlie', 'timestamp': '2025-09-24 18:47:16', 'category': 'entertainment', 'sentiment': 0.39, 'keyword_mentioned': 'movie', 'message_length': 38}
2025-09-24 18:47:21 | INFO | {'message': 'I just tried a trick! It was funny.', 'author': 'Charlie', 'timestamp': '2025-09-24 18:47:21', 'category': 'other', 'sentiment': 0.34, 'keyword_mentioned': 'other', 'message_length': 35}
2025-09-24 18:47:26 | INFO | {'message': 'I just shared a trick! It was exciting.', 'author': 'Bob', 'timestamp': '2025-09-24 18:47:26', 'category': 'other', 'sentiment': 0.13, 'keyword_mentioned': 'other', 'message_length': 39}
2025-09-24 18:47:31 | INFO | {'message': 'I just loved a story! It was exciting.', 'author': 'Eve', 'timestamp': '2025-09-24 18:47:31', 'category': 'other', 'sentiment': 0.79, 'keyword_mentioned': 'other', 'message_length': 38}
2025-09-24 18:47:36 | INFO | Logging to file: logs/project_log.log
2025-09-24 18:47:36 | INFO | Log sanitization enabled, personal info removed
2025-09-24 18:47:36 | INFO | Starting DuckDB db testing.
2025-09-24 18:47:36 | INFO | Using DuckDB file at: data/buzz.duckdb
2025-09-24 18:47:36 | INFO | Calling DuckDB init_db() with {db_path=}.
2025-09-24 18:47:36 | INFO | SUCCESS: Connected to DuckDB.
2025-09-24 18:47:36 | ERROR | ERROR: Failed to initialize DuckDB at data/buzz.duckdb: Parser Error: syntax error at or near "GENERATED"

LINE 3:                 id BIGINT PRIMARY KEY GENERATED ALWAYS AS IDENTITY, -- auto-increment
                                              ^
2025-09-24 18:47:36 | INFO | Calling DuckDB insert_message() with:
2025-09-24 18:47:36 | INFO | message={'message': 'I just shared a meme! It was amazing.', 'author': 'Charlie', 'timestamp': '2025-01-29 14:35:20', 'category': 'humor', 'sentiment': 0.87, 'keyword_mentioned': 'meme', 'message_length': 42}
2025-09-24 18:47:36 | INFO | db_path=WindowsPath('data/buzz.duckdb')
2025-09-24 18:47:36 | INFO | {'message': 'I just found travel! It was weird.', 'author': 'Eve', 'timestamp': '2025-09-24 18:47:36', 'category': 'travel', 'sentiment': 0.67, 'keyword_mentioned': 'travel', 'message_length': 34}
2025-09-24 18:47:36 | ERROR | ERROR: Failed to insert message into DuckDB: Catalog Error: Table with name streamed_messages does not exist!
Did you mean "sqlite_temp_master"?
2025-09-24 18:47:36 | ERROR | ERROR: Verification SELECT failed: Catalog Error: Table with name streamed_messages does not exist!
Did you mean "sqlite_temp_master"?

LINE 3:             FROM streamed_messages
                         ^
2025-09-24 18:47:36 | INFO | Finished DuckDB db testing.
2025-09-24 18:47:36 | ERROR | [duckdb_emitter] failed to insert into data/buzz.duckdb: IO Error: Cannot open file "c:/projects/buzzline-05-fintel/data/buzz.duckdb": The process cannot access the file because it is being used by another process.

File is already open in 
C:/Users/USER/AppData/Local/Programs/Python/Python313/python.exe (PID 23896)
2025-09-24 18:47:41 | INFO | {'message': 'I just saw JavaScript! It was amazing.', 'author': 'Charlie', 'timestamp': '2025-09-24 18:47:41', 'category': 'tech', 'sentiment': 0.23, 'keyword_mentioned': 'JavaScript', 'message_length': 38}
2025-09-24 18:47:46 | INFO | {'message': 'I just saw travel! It was amazing.', 'author': 'Charlie', 'timestamp': '2025-09-24 18:47:46', 'category': 'travel', 'sentiment': 0.18, 'keyword_mentioned': 'travel', 'message_length': 34}
2025-09-24 18:47:51 | INFO | {'message': 'I just found JavaScript! It was funny.', 'author': 'Alice', 'timestamp': '2025-09-24 18:47:51', 'category': 'tech', 'sentiment': 0.61, 'keyword_mentioned': 'JavaScript', 'message_length': 38}
2025-09-24 18:47:56 | INFO | {'message': 'I just found a trick! It was weird.', 'author': 'Bob', 'timestamp': '2025-09-24 18:47:56', 'category': 'other', 'sentiment': 0.02, 'keyword_mentioned': 'other', 'message_length': 35}
2025-09-24 18:48:01 | INFO | {'message': 'I just loved recipe! It was funny.', 'author': 'Eve', 'timestamp': '2025-09-24 18:48:01', 'category': 'food', 'sentiment': 0.45, 'keyword_mentioned': 'recipe', 'message_length': 34}
2025-09-24 18:48:06 | INFO | {'message': 'I just tried an app! It was funny.', 'author': 'Bob', 'timestamp': '2025-09-24 18:48:06', 'category': 'other', 'sentiment': 0.06, 'keyword_mentioned': 'other', 'message_length': 34}
2025-09-24 18:48:11 | INFO | {'message': 'I just loved a story! It was boring.', 'author': 'Bob', 'timestamp': '2025-09-24 18:48:11', 'category': 'other', 'sentiment': 0.1, 'keyword_mentioned': 'other', 'message_length': 36}
2025-09-24 18:48:16 | INFO | {'message': 'I just found Python! It was funny.', 'author': 'Bob', 'timestamp': '2025-09-24 18:48:16', 'category': 'tech', 'sentiment': 0.3, 'keyword_mentioned': 'Python', 'message_length': 34}
2025-09-24 18:48:22 | INFO | {'message': 'I just loved a story! It was amazing.', 'author': 'Alice', 'timestamp': '2025-09-24 18:48:22', 'category': 'other', 'sentiment': 0.83, 'keyword_mentioned': 'other', 'message_length': 37}
2025-09-24 18:48:27 | INFO | {'message': 'I just shared travel! It was weird.', 'author': 'Bob', 'timestamp': '2025-09-24 18:48:27', 'category': 'travel', 'sentiment': 0.9, 'keyword_mentioned': 'travel', 'message_length': 35}
2025-09-24 18:48:32 | INFO | {'message': 'I just saw Python! It was weird.', 'author': 'Bob', 'timestamp': '2025-09-24 18:48:32', 'category': 'tech', 'sentiment': 0.14, 'keyword_mentioned': 'Python', 'message_length': 32}
2025-09-24 18:48:37 | INFO | {'message': 'I just saw a story! It was funny.', 'author': 'Eve', 'timestamp': '2025-09-24 18:48:37', 'category': 'other', 'sentiment': 0.26, 'keyword_mentioned': 'other', 'message_length': 33}
2025-09-24 18:48:42 | INFO | {'message': 'I just saw a story! It was funny.', 'author': 'Charlie', 'timestamp': '2025-09-24 18:48:42', 'category': 'other', 'sentiment': 0.17, 'keyword_mentioned': 'other', 'message_length': 33}
2025-09-24 18:48:47 | INFO | {'message': 'I just shared Python! It was amazing.', 'author': 'Eve', 'timestamp': '2025-09-24 18:48:47', 'category': 'tech', 'sentiment': 0.58, 'keyword_mentioned': 'Python', 'message_length': 37}
2025-09-24 18:48:52 | INFO | {'message': 'I just loved a meme! It was amazing.', 'author': 'Eve', 'timestamp': '2025-09-24 18:48:52', 'category': 'humor', 'sentiment': 0.64, 'keyword_mentioned': 'meme', 'message_length': 36}
2025-09-24 18:48:57 | INFO | {'message': 'I just loved game! It was boring.', 'author': 'Bob', 'timestamp': '2025-09-24 18:48:57', 'category': 'gaming', 'sentiment': 0.71, 'keyword_mentioned': 'game', 'message_length': 33}
2025-09-24 18:49:02 | INFO | {'message': 'I just tried an app! It was amazing.', 'author': 'Alice', 'timestamp': '2025-09-24 18:49:02', 'category': 'other', 'sentiment': 0.77, 'keyword_mentioned': 'other', 'message_length': 36}
2025-09-24 18:49:07 | INFO | {'message': 'I just loved Python! It was boring.', 'author': 'Bob', 'timestamp': '2025-09-24 18:49:07', 'category': 'tech', 'sentiment': 0.48, 'keyword_mentioned': 'Python', 'message_length': 35}
2025-09-24 18:49:12 | INFO | {'message': 'I just found a meme! It was weird.', 'author': 'Eve', 'timestamp': '2025-09-24 18:49:12', 'category': 'humor', 'sentiment': 1.0, 'keyword_mentioned': 'meme', 'message_length': 34}
2025-09-24 18:49:17 | INFO | {'message': 'I just shared JavaScript! It was exciting.', 'author': 'Eve', 'timestamp': '2025-09-24 18:49:17', 'category': 'tech', 'sentiment': 0.22, 'keyword_mentioned': 'JavaScript', 'message_length': 42}
2025-09-24 18:49:22 | INFO | {'message': 'I just saw Python! It was weird.', 'author': 'Charlie', 'timestamp': '2025-09-24 18:49:22', 'category': 'tech', 'sentiment': 0.82, 'keyword_mentioned': 'Python', 'message_length': 32}
2025-09-24 18:49:27 | INFO | {'message': 'I just tried a story! It was funny.', 'author': 'Charlie', 'timestamp': '2025-09-24 18:49:27', 'category': 'other', 'sentiment': 0.92, 'keyword_mentioned': 'other', 'message_length': 35}
2025-09-24 18:49:32 | INFO | {'message': 'I just loved a meme! It was funny.', 'author': 'Alice', 'timestamp': '2025-09-24 18:49:32', 'category': 'humor', 'sentiment': 0.64, 'keyword_mentioned': 'meme', 'message_length': 34}
2025-09-24 18:49:37 | INFO | {'message': 'I just tried a story! It was exciting.', 'author': 'Bob', 'timestamp': '2025-09-24 18:49:37', 'category': 'other', 'sentiment': 0.92, 'keyword_mentioned': 'other', 'message_length': 38}
2025-09-24 18:49:42 | INFO | {'message': 'I just found a story! It was weird.', 'author': 'Alice', 'timestamp': '2025-09-24 18:49:42', 'category': 'other', 'sentiment': 0.75, 'keyword_mentioned': 'other', 'message_length': 35}
2025-09-24 18:49:47 | INFO | {'message': 'I just loved game! It was boring.', 'author': 'Bob', 'timestamp': '2025-09-24 18:49:47', 'category': 'gaming', 'sentiment': 0.16, 'keyword_mentioned': 'game', 'message_length': 33}
2025-09-24 18:49:53 | INFO | {'message': 'I just found an app! It was weird.', 'author': 'Eve', 'timestamp': '2025-09-24 18:49:53', 'category': 'other', 'sentiment': 0.59, 'keyword_mentioned': 'other', 'message_length': 34}
2025-09-24 18:49:58 | INFO | {'message': 'I just loved an app! It was weird.', 'author': 'Charlie', 'timestamp': '2025-09-24 18:49:58', 'category': 'other', 'sentiment': 0.74, 'keyword_mentioned': 'other', 'message_length': 34}
2025-09-24 18:50:03 | INFO | {'message': 'I just tried JavaScript! It was exciting.', 'author': 'Bob', 'timestamp': '2025-09-24 18:50:03', 'category': 'tech', 'sentiment': 0.99, 'keyword_mentioned': 'JavaScript', 'message_length': 41}
2025-09-24 18:50:08 | INFO | {'message': 'I just found recipe! It was boring.', 'author': 'Alice', 'timestamp': '2025-09-24 18:50:08', 'category': 'food', 'sentiment': 0.72, 'keyword_mentioned': 'recipe', 'message_length': 35}
2025-09-24 18:50:13 | INFO | {'message': 'I just saw a movie! It was exciting.', 'author': 'Eve', 'timestamp': '2025-09-24 18:50:13', 'category': 'entertainment', 'sentiment': 0.35, 'keyword_mentioned': 'movie', 'message_length': 36}
2025-09-24 18:50:18 | INFO | {'message': 'I just loved a trick! It was weird.', 'author': 'Alice', 'timestamp': '2025-09-24 18:50:18', 'category': 'other', 'sentiment': 0.6, 'keyword_mentioned': 'other', 'message_length': 35}
2025-09-24 18:50:23 | INFO | {'message': 'I just found recipe! It was weird.', 'author': 'Eve', 'timestamp': '2025-09-24 18:50:23', 'category': 'food', 'sentiment': 0.08, 'keyword_mentioned': 'recipe', 'message_length': 34}
2025-09-24 18:50:28 | INFO | {'message': 'I just shared Python! It was amazing.', 'author': 'Bob', 'timestamp': '2025-09-24 18:50:28', 'category': 'tech', 'sentiment': 0.3, 'keyword_mentioned': 'Python', 'message_length': 37}
2025-09-24 18:50:33 | INFO | {'message': 'I just tried game! It was weird.', 'author': 'Charlie', 'timestamp': '2025-09-24 18:50:33', 'category': 'gaming', 'sentiment': 0.51, 'keyword_mentioned': 'game', 'message_length': 32}
2025-09-24 18:50:38 | INFO | {'message': 'I just loved an app! It was boring.', 'author': 'Alice', 'timestamp': '2025-09-24 18:50:38', 'category': 'other', 'sentiment': 0.6, 'keyword_mentioned': 'other', 'message_length': 35}
2025-09-24 18:50:43 | INFO | {'message': 'I just saw a trick! It was exciting.', 'author': 'Charlie', 'timestamp': '2025-09-24 18:50:43', 'category': 'other', 'sentiment': 0.99, 'keyword_mentioned': 'other', 'message_length': 36}
2025-09-24 18:50:48 | INFO | {'message': 'I just shared recipe! It was weird.', 'author': 'Eve', 'timestamp': '2025-09-24 18:50:48', 'category': 'food', 'sentiment': 0.97, 'keyword_mentioned': 'recipe', 'message_length': 35}
2025-09-24 18:50:53 | INFO | {'message': 'I just shared a movie! It was weird.', 'author': 'Alice', 'timestamp': '2025-09-24 18:50:53', 'category': 'entertainment', 'sentiment': 0.65, 'keyword_mentioned': 'movie', 'message_length': 36}
2025-09-24 18:50:58 | INFO | {'message': 'I just tried a meme! It was exciting.', 'author': 'Charlie', 'timestamp': '2025-09-24 18:50:58', 'category': 'humor', 'sentiment': 0.26, 'keyword_mentioned': 'meme', 'message_length': 37}
2025-09-24 18:51:03 | INFO | {'message': 'I just saw game! It was boring.', 'author': 'Bob', 'timestamp': '2025-09-24 18:51:03', 'category': 'gaming', 'sentiment': 0.28, 'keyword_mentioned': 'game', 'message_length': 31}
2025-09-24 18:51:08 | INFO | {'message': 'I just found a trick! It was exciting.', 'author': 'Eve', 'timestamp': '2025-09-24 18:51:08', 'category': 'other', 'sentiment': 0.04, 'keyword_mentioned': 'other', 'message_length': 38}
2025-09-24 18:51:13 | INFO | {'message': 'I just saw recipe! It was boring.', 'author': 'Charlie', 'timestamp': '2025-09-24 18:51:13', 'category': 'food', 'sentiment': 0.81, 'keyword_mentioned': 'recipe', 'message_length': 33}
2025-09-24 18:51:19 | INFO | {'message': 'I just tried travel! It was boring.', 'author': 'Alice', 'timestamp': '2025-09-24 18:51:19', 'category': 'travel', 'sentiment': 0.89, 'keyword_mentioned': 'travel', 'message_length': 35}
2025-09-24 18:51:24 | INFO | {'message': 'I just found recipe! It was amazing.', 'author': 'Eve', 'timestamp': '2025-09-24 18:51:24', 'category': 'food', 'sentiment': 0.96, 'keyword_mentioned': 'recipe', 'message_length': 36}
2025-09-24 18:51:29 | INFO | {'message': 'I just saw a meme! It was boring.', 'author': 'Bob', 'timestamp': '2025-09-24 18:51:29', 'category': 'humor', 'sentiment': 0.34, 'keyword_mentioned': 'meme', 'message_length': 33}
2025-09-24 18:51:34 | INFO | {'message': 'I just shared game! It was amazing.', 'author': 'Eve', 'timestamp': '2025-09-24 18:51:34', 'category': 'gaming', 'sentiment': 0.22, 'keyword_mentioned': 'game', 'message_length': 35}
2025-09-24 18:51:39 | INFO | {'message': 'I just saw recipe! It was funny.', 'author': 'Charlie', 'timestamp': '2025-09-24 18:51:39', 'category': 'food', 'sentiment': 0.79, 'keyword_mentioned': 'recipe', 'message_length': 32}
2025-09-24 18:51:44 | INFO | {'message': 'I just found JavaScript! It was exciting.', 'author': 'Bob', 'timestamp': '2025-09-24 18:51:44', 'category': 'tech', 'sentiment': 0.58, 'keyword_mentioned': 'JavaScript', 'message_length': 41}
2025-09-24 18:51:49 | INFO | {'message': 'I just found a meme! It was amazing.', 'author': 'Bob', 'timestamp': '2025-09-24 18:51:49', 'category': 'humor', 'sentiment': 0.06, 'keyword_mentioned': 'meme', 'message_length': 36}
2025-09-24 18:51:54 | INFO | {'message': 'I just tried an app! It was amazing.', 'author': 'Charlie', 'timestamp': '2025-09-24 18:51:54', 'category': 'other', 'sentiment': 0.58, 'keyword_mentioned': 'other', 'message_length': 36}
2025-09-24 18:51:59 | INFO | {'message': 'I just found travel! It was weird.', 'author': 'Eve', 'timestamp': '2025-09-24 18:51:59', 'category': 'travel', 'sentiment': 0.23, 'keyword_mentioned': 'travel', 'message_length': 34}
2025-09-24 18:52:02 | INFO | Logging to file: logs/project_log.log
2025-09-24 18:52:02 | INFO | Log sanitization enabled, personal info removed
2025-09-24 18:52:02 | INFO | Starting DuckDB db testing.
2025-09-24 18:52:02 | INFO | Using DuckDB file at: data/buzz.duckdb
2025-09-24 18:52:02 | INFO | Calling DuckDB init_db() with {db_path=}.
2025-09-24 18:52:02 | INFO | SUCCESS: Connected to DuckDB.
2025-09-24 18:52:02 | ERROR | ERROR: Failed to initialize DuckDB at data/buzz.duckdb: Parser Error: syntax error at or near "GENERATED"

LINE 3:                 id BIGINT PRIMARY KEY GENERATED ALWAYS AS IDENTITY, -- auto-increment
                                              ^
2025-09-24 18:52:03 | INFO | Calling DuckDB insert_message() with:
2025-09-24 18:52:03 | INFO | message={'message': 'I just shared a meme! It was amazing.', 'author': 'Charlie', 'timestamp': '2025-01-29 14:35:20', 'category': 'humor', 'sentiment': 0.87, 'keyword_mentioned': 'meme', 'message_length': 42}
2025-09-24 18:52:03 | INFO | db_path=WindowsPath('data/buzz.duckdb')
2025-09-24 18:52:03 | ERROR | ERROR: Failed to insert message into DuckDB: Catalog Error: Table with name streamed_messages does not exist!
Did you mean "sqlite_temp_master"?
2025-09-24 18:52:03 | ERROR | ERROR: Verification SELECT failed: Catalog Error: Table with name streamed_messages does not exist!
Did you mean "sqlite_temp_master"?

LINE 3:             FROM streamed_messages
                         ^
2025-09-24 18:52:03 | INFO | Finished DuckDB db testing.
2025-09-24 18:52:04 | INFO | {'message': 'I just saw an app! It was amazing.', 'author': 'Alice', 'timestamp': '2025-09-24 18:52:04', 'category': 'other', 'sentiment': 0.45, 'keyword_mentioned': 'other', 'message_length': 34}
2025-09-24 18:52:09 | INFO | {'message': 'I just shared an app! It was exciting.', 'author': 'Eve', 'timestamp': '2025-09-24 18:52:09', 'category': 'other', 'sentiment': 0.67, 'keyword_mentioned': 'other', 'message_length': 38}
2025-09-24 18:52:14 | INFO | {'message': 'I just found recipe! It was weird.', 'author': 'Bob', 'timestamp': '2025-09-24 18:52:14', 'category': 'food', 'sentiment': 0.55, 'keyword_mentioned': 'recipe', 'message_length': 34}
2025-09-24 18:52:19 | INFO | {'message': 'I just tried a story! It was boring.', 'author': 'Charlie', 'timestamp': '2025-09-24 18:52:19', 'category': 'other', 'sentiment': 0.92, 'keyword_mentioned': 'other', 'message_length': 36}
2025-09-24 18:52:24 | INFO | {'message': 'I just found a movie! It was boring.', 'author': 'Bob', 'timestamp': '2025-09-24 18:52:24', 'category': 'entertainment', 'sentiment': 0.55, 'keyword_mentioned': 'movie', 'message_length': 36}
2025-09-24 18:52:29 | INFO | {'message': 'I just found a movie! It was amazing.', 'author': 'Charlie', 'timestamp': '2025-09-24 18:52:29', 'category': 'entertainment', 'sentiment': 0.58, 'keyword_mentioned': 'movie', 'message_length': 37}
2025-09-24 18:52:34 | INFO | {'message': 'I just saw an app! It was amazing.', 'author': 'Charlie', 'timestamp': '2025-09-24 18:52:34', 'category': 'other', 'sentiment': 0.26, 'keyword_mentioned': 'other', 'message_length': 34}
2025-09-24 18:52:39 | INFO | {'message': 'I just shared a trick! It was boring.', 'author': 'Charlie', 'timestamp': '2025-09-24 18:52:39', 'category': 'other', 'sentiment': 0.58, 'keyword_mentioned': 'other', 'message_length': 37}
2025-09-24 18:52:45 | INFO | {'message': 'I just saw a movie! It was weird.', 'author': 'Eve', 'timestamp': '2025-09-24 18:52:45', 'category': 'entertainment', 'sentiment': 0.04, 'keyword_mentioned': 'movie', 'message_length': 33}
2025-09-24 18:52:50 | INFO | {'message': 'I just loved travel! It was boring.', 'author': 'Bob', 'timestamp': '2025-09-24 18:52:50', 'category': 'travel', 'sentiment': 0.19, 'keyword_mentioned': 'travel', 'message_length': 35}
2025-09-24 18:52:55 | INFO | {'message': 'I just saw recipe! It was amazing.', 'author': 'Charlie', 'timestamp': '2025-09-24 18:52:55', 'category': 'food', 'sentiment': 0.03, 'keyword_mentioned': 'recipe', 'message_length': 34}
2025-09-24 18:53:00 | INFO | {'message': 'I just tried JavaScript! It was amazing.', 'author': 'Charlie', 'timestamp': '2025-09-24 18:53:00', 'category': 'tech', 'sentiment': 0.94, 'keyword_mentioned': 'JavaScript', 'message_length': 40}
2025-09-24 18:53:05 | INFO | {'message': 'I just loved a trick! It was weird.', 'author': 'Eve', 'timestamp': '2025-09-24 18:53:05', 'category': 'other', 'sentiment': 0.81, 'keyword_mentioned': 'other', 'message_length': 35}
2025-09-24 18:53:10 | INFO | {'message': 'I just loved game! It was funny.', 'author': 'Charlie', 'timestamp': '2025-09-24 18:53:10', 'category': 'gaming', 'sentiment': 0.96, 'keyword_mentioned': 'game', 'message_length': 32}
2025-09-24 18:53:15 | INFO | {'message': 'I just tried an app! It was amazing.', 'author': 'Charlie', 'timestamp': '2025-09-24 18:53:15', 'category': 'other', 'sentiment': 0.97, 'keyword_mentioned': 'other', 'message_length': 36}
2025-09-24 18:53:20 | INFO | {'message': 'I just saw Python! It was amazing.', 'author': 'Bob', 'timestamp': '2025-09-24 18:53:20', 'category': 'tech', 'sentiment': 0.95, 'keyword_mentioned': 'Python', 'message_length': 34}
2025-09-24 18:53:25 | INFO | {'message': 'I just found a trick! It was amazing.', 'author': 'Charlie', 'timestamp': '2025-09-24 18:53:25', 'category': 'other', 'sentiment': 0.36, 'keyword_mentioned': 'other', 'message_length': 37}
2025-09-24 18:53:30 | INFO | {'message': 'I just found JavaScript! It was exciting.', 'author': 'Charlie', 'timestamp': '2025-09-24 18:53:30', 'category': 'tech', 'sentiment': 0.99, 'keyword_mentioned': 'JavaScript', 'message_length': 41}
2025-09-24 18:53:31 | INFO | Logging to file: logs/project_log.log
2025-09-24 18:53:31 | INFO | Log sanitization enabled, personal info removed
2025-09-24 18:53:31 | INFO | Starting DuckDB db testing.
2025-09-24 18:53:31 | INFO | Using DuckDB file at: data/buzz.duckdb
2025-09-24 18:53:31 | INFO | Calling DuckDB init_db() with {db_path=}.
2025-09-24 18:53:31 | INFO | SUCCESS: Connected to DuckDB.
2025-09-24 18:53:31 | ERROR | ERROR: Failed to initialize DuckDB at data/buzz.duckdb: Parser Error: syntax error at or near "AUTOINCREMENT"

LINE 3:                 id BIGINT PRIMARY KEY AUTOINCREMENT,
                                              ^
2025-09-24 18:53:31 | INFO | Calling DuckDB insert_message() with:
2025-09-24 18:53:31 | INFO | message={'message': 'I just shared a meme! It was amazing.', 'author': 'Charlie', 'timestamp': '2025-01-29 14:35:20', 'category': 'humor', 'sentiment': 0.87, 'keyword_mentioned': 'meme', 'message_length': 42}
2025-09-24 18:53:31 | INFO | db_path=WindowsPath('data/buzz.duckdb')
2025-09-24 18:53:32 | ERROR | ERROR: Failed to insert message into DuckDB: Catalog Error: Table with name streamed_messages does not exist!
Did you mean "sqlite_temp_master"?
2025-09-24 18:53:32 | ERROR | ERROR: Verification SELECT failed: Catalog Error: Table with name streamed_messages does not exist!
Did you mean "sqlite_temp_master"?

LINE 3:             FROM streamed_messages
                         ^
2025-09-24 18:53:32 | INFO | Finished DuckDB db testing.
2025-09-24 18:53:35 | INFO | {'message': 'I just saw JavaScript! It was boring.', 'author': 'Bob', 'timestamp': '2025-09-24 18:53:35', 'category': 'tech', 'sentiment': 0.69, 'keyword_mentioned': 'JavaScript', 'message_length': 37}
2025-09-24 18:53:37 | INFO | Logging to file: logs/project_log.log
2025-09-24 18:53:37 | INFO | Log sanitization enabled, personal info removed
2025-09-24 18:53:37 | INFO | Starting DuckDB db testing.
2025-09-24 18:53:37 | INFO | Using DuckDB file at: data/buzz.duckdb
2025-09-24 18:53:37 | INFO | Calling DuckDB init_db() with {db_path=}.
2025-09-24 18:53:37 | INFO | SUCCESS: Connected to DuckDB.
2025-09-24 18:53:37 | ERROR | ERROR: Failed to initialize DuckDB at data/buzz.duckdb: Parser Error: syntax error at or near "AUTOINCREMENT"

LINE 3:                 id BIGINT PRIMARY KEY AUTOINCREMENT,
                                              ^
2025-09-24 18:53:37 | INFO | Calling DuckDB insert_message() with:
2025-09-24 18:53:37 | INFO | message={'message': 'I just shared a meme! It was amazing.', 'author': 'Charlie', 'timestamp': '2025-01-29 14:35:20', 'category': 'humor', 'sentiment': 0.87, 'keyword_mentioned': 'meme', 'message_length': 42}
2025-09-24 18:53:37 | INFO | db_path=WindowsPath('data/buzz.duckdb')
2025-09-24 18:53:37 | ERROR | ERROR: Failed to insert message into DuckDB: Catalog Error: Table with name streamed_messages does not exist!
Did you mean "sqlite_temp_master"?
2025-09-24 18:53:37 | ERROR | ERROR: Verification SELECT failed: Catalog Error: Table with name streamed_messages does not exist!
Did you mean "sqlite_temp_master"?

LINE 3:             FROM streamed_messages
                         ^
2025-09-24 18:53:37 | INFO | Finished DuckDB db testing.
2025-09-24 18:53:40 | INFO | {'message': 'I just found Python! It was funny.', 'author': 'Charlie', 'timestamp': '2025-09-24 18:53:40', 'category': 'tech', 'sentiment': 0.84, 'keyword_mentioned': 'Python', 'message_length': 34}
2025-09-24 18:53:45 | INFO | {'message': 'I just tried a meme! It was funny.', 'author': 'Bob', 'timestamp': '2025-09-24 18:53:45', 'category': 'humor', 'sentiment': 0.06, 'keyword_mentioned': 'meme', 'message_length': 34}
2025-09-24 18:53:50 | INFO | {'message': 'I just found travel! It was exciting.', 'author': 'Alice', 'timestamp': '2025-09-24 18:53:50', 'category': 'travel', 'sentiment': 0.82, 'keyword_mentioned': 'travel', 'message_length': 37}
2025-09-24 18:53:55 | INFO | {'message': 'I just found an app! It was amazing.', 'author': 'Alice', 'timestamp': '2025-09-24 18:53:55', 'category': 'other', 'sentiment': 0.39, 'keyword_mentioned': 'other', 'message_length': 36}
2025-09-24 18:54:00 | INFO | {'message': 'I just found JavaScript! It was weird.', 'author': 'Charlie', 'timestamp': '2025-09-24 18:54:00', 'category': 'tech', 'sentiment': 0.93, 'keyword_mentioned': 'JavaScript', 'message_length': 38}
2025-09-24 18:54:05 | INFO | {'message': 'I just shared travel! It was exciting.', 'author': 'Eve', 'timestamp': '2025-09-24 18:54:05', 'category': 'travel', 'sentiment': 0.0, 'keyword_mentioned': 'travel', 'message_length': 38}
2025-09-24 18:54:10 | INFO | {'message': 'I just tried Python! It was funny.', 'author': 'Alice', 'timestamp': '2025-09-24 18:54:10', 'category': 'tech', 'sentiment': 0.73, 'keyword_mentioned': 'Python', 'message_length': 34}
2025-09-24 18:54:16 | INFO | {'message': 'I just tried a trick! It was exciting.', 'author': 'Bob', 'timestamp': '2025-09-24 18:54:16', 'category': 'other', 'sentiment': 0.01, 'keyword_mentioned': 'other', 'message_length': 38}
2025-09-24 18:54:21 | INFO | {'message': 'I just tried game! It was amazing.', 'author': 'Charlie', 'timestamp': '2025-09-24 18:54:21', 'category': 'gaming', 'sentiment': 0.67, 'keyword_mentioned': 'game', 'message_length': 34}
2025-09-24 18:54:26 | INFO | {'message': 'I just tried a story! It was weird.', 'author': 'Eve', 'timestamp': '2025-09-24 18:54:26', 'category': 'other', 'sentiment': 0.6, 'keyword_mentioned': 'other', 'message_length': 35}
2025-09-24 18:54:31 | INFO | {'message': 'I just found a meme! It was amazing.', 'author': 'Charlie', 'timestamp': '2025-09-24 18:54:31', 'category': 'humor', 'sentiment': 0.34, 'keyword_mentioned': 'meme', 'message_length': 36}
2025-09-24 18:54:36 | INFO | {'message': 'I just loved travel! It was amazing.', 'author': 'Bob', 'timestamp': '2025-09-24 18:54:36', 'category': 'travel', 'sentiment': 0.06, 'keyword_mentioned': 'travel', 'message_length': 36}
2025-09-24 18:54:41 | INFO | {'message': 'I just loved JavaScript! It was funny.', 'author': 'Alice', 'timestamp': '2025-09-24 18:54:41', 'category': 'tech', 'sentiment': 0.39, 'keyword_mentioned': 'JavaScript', 'message_length': 38}
2025-09-24 18:54:46 | INFO | {'message': 'I just found a movie! It was funny.', 'author': 'Bob', 'timestamp': '2025-09-24 18:54:46', 'category': 'entertainment', 'sentiment': 0.95, 'keyword_mentioned': 'movie', 'message_length': 35}
2025-09-24 18:54:51 | INFO | {'message': 'I just tried travel! It was weird.', 'author': 'Charlie', 'timestamp': '2025-09-24 18:54:51', 'category': 'travel', 'sentiment': 0.63, 'keyword_mentioned': 'travel', 'message_length': 34}
2025-09-24 18:54:56 | INFO | {'message': 'I just loved a meme! It was amazing.', 'author': 'Charlie', 'timestamp': '2025-09-24 18:54:56', 'category': 'humor', 'sentiment': 0.77, 'keyword_mentioned': 'meme', 'message_length': 36}
2025-09-24 18:55:01 | INFO | {'message': 'I just loved a meme! It was funny.', 'author': 'Bob', 'timestamp': '2025-09-24 18:55:01', 'category': 'humor', 'sentiment': 0.63, 'keyword_mentioned': 'meme', 'message_length': 34}
2025-09-24 18:55:06 | INFO | {'message': 'I just shared a trick! It was weird.', 'author': 'Alice', 'timestamp': '2025-09-24 18:55:06', 'category': 'other', 'sentiment': 0.51, 'keyword_mentioned': 'other', 'message_length': 36}
2025-09-24 18:55:11 | INFO | {'message': 'I just found a trick! It was amazing.', 'author': 'Charlie', 'timestamp': '2025-09-24 18:55:11', 'category': 'other', 'sentiment': 0.27, 'keyword_mentioned': 'other', 'message_length': 37}
2025-09-24 18:55:16 | INFO | {'message': 'I just shared travel! It was funny.', 'author': 'Alice', 'timestamp': '2025-09-24 18:55:16', 'category': 'travel', 'sentiment': 0.5, 'keyword_mentioned': 'travel', 'message_length': 35}
2025-09-24 18:55:21 | INFO | {'message': 'I just shared a story! It was exciting.', 'author': 'Eve', 'timestamp': '2025-09-24 18:55:21', 'category': 'other', 'sentiment': 0.32, 'keyword_mentioned': 'other', 'message_length': 39}
2025-09-24 18:55:25 | INFO | Logging to file: logs/project_log.log
2025-09-24 18:55:25 | INFO | Log sanitization enabled, personal info removed
2025-09-24 18:55:25 | INFO | Starting DuckDB db testing.
2025-09-24 18:55:25 | INFO | Using DuckDB file at: data/buzz.duckdb
2025-09-24 18:55:25 | INFO | Calling DuckDB init_db() with {db_path=}.
2025-09-24 18:55:25 | INFO | SUCCESS: Connected to DuckDB.
2025-09-24 18:55:25 | ERROR | ERROR: Failed to initialize DuckDB at data/buzz.duckdb: Parser Error: syntax error at or near "GENERATED"

LINE 3:                 id BIGINT PRIMARY KEY GENERATED BY DEFAULT AS IDENTITY,
                                              ^
2025-09-24 18:55:25 | INFO | Calling DuckDB insert_message() with:
2025-09-24 18:55:25 | INFO | message={'message': 'I just shared a meme! It was amazing.', 'author': 'Charlie', 'timestamp': '2025-01-29 14:35:20', 'category': 'humor', 'sentiment': 0.87, 'keyword_mentioned': 'meme', 'message_length': 42}
2025-09-24 18:55:25 | INFO | db_path=WindowsPath('data/buzz.duckdb')
2025-09-24 18:55:25 | ERROR | ERROR: Failed to insert message into DuckDB: Catalog Error: Table with name streamed_messages does not exist!
Did you mean "sqlite_temp_master"?
2025-09-24 18:55:25 | ERROR | ERROR: Verification SELECT failed: Catalog Error: Table with name streamed_messages does not exist!
Did you mean "sqlite_temp_master"?

LINE 3:             FROM streamed_messages
                         ^
2025-09-24 18:55:25 | INFO | Finished DuckDB db testing.
2025-09-24 18:55:26 | INFO | {'message': 'I just loved an app! It was funny.', 'author': 'Bob', 'timestamp': '2025-09-24 18:55:26', 'category': 'other', 'sentiment': 0.21, 'keyword_mentioned': 'other', 'message_length': 34}
2025-09-24 18:55:31 | INFO | {'message': 'I just found travel! It was boring.', 'author': 'Eve', 'timestamp': '2025-09-24 18:55:31', 'category': 'travel', 'sentiment': 0.96, 'keyword_mentioned': 'travel', 'message_length': 35}
2025-09-24 18:55:36 | INFO | {'message': 'I just shared a meme! It was amazing.', 'author': 'Alice', 'timestamp': '2025-09-24 18:55:36', 'category': 'humor', 'sentiment': 0.95, 'keyword_mentioned': 'meme', 'message_length': 37}
2025-09-24 18:55:42 | INFO | {'message': 'I just found a story! It was weird.', 'author': 'Alice', 'timestamp': '2025-09-24 18:55:42', 'category': 'other', 'sentiment': 0.53, 'keyword_mentioned': 'other', 'message_length': 35}
2025-09-24 18:55:47 | INFO | {'message': 'I just tried travel! It was exciting.', 'author': 'Eve', 'timestamp': '2025-09-24 18:55:47', 'category': 'travel', 'sentiment': 0.93, 'keyword_mentioned': 'travel', 'message_length': 37}
2025-09-24 18:55:52 | INFO | {'message': 'I just found recipe! It was boring.', 'author': 'Bob', 'timestamp': '2025-09-24 18:55:52', 'category': 'food', 'sentiment': 0.66, 'keyword_mentioned': 'recipe', 'message_length': 35}
2025-09-24 18:55:57 | INFO | {'message': 'I just loved a trick! It was funny.', 'author': 'Charlie', 'timestamp': '2025-09-24 18:55:57', 'category': 'other', 'sentiment': 0.26, 'keyword_mentioned': 'other', 'message_length': 35}
2025-09-24 18:56:02 | INFO | {'message': 'I just saw JavaScript! It was boring.', 'author': 'Bob', 'timestamp': '2025-09-24 18:56:02', 'category': 'tech', 'sentiment': 0.33, 'keyword_mentioned': 'JavaScript', 'message_length': 37}
