2025-09-24 18:22:54 | INFO | {'message': 'I just shared JavaScript! It was exciting.', 'author': 'Charlie', 'timestamp': '2025-09-24 18:22:54', 'category': 'tech', 'sentiment': 0.26, 'keyword_mentioned': 'JavaScript', 'message_length': 42}
2025-09-24 18:22:59 | INFO | {'message': 'I just loved a trick! It was funny.', 'author': 'Eve', 'timestamp': '2025-09-24 18:22:59', 'category': 'other', 'sentiment': 0.68, 'keyword_mentioned': 'other', 'message_length': 35}
2025-09-24 18:23:04 | INFO | {'message': 'I just saw Python! It was funny.', 'author': 'Alice', 'timestamp': '2025-09-24 18:23:04', 'category': 'tech', 'sentiment': 0.51, 'keyword_mentioned': 'Python', 'message_length': 32}
2025-09-24 18:23:09 | INFO | {'message': 'I just loved recipe! It was funny.', 'author': 'Charlie', 'timestamp': '2025-09-24 18:23:09', 'category': 'food', 'sentiment': 0.09, 'keyword_mentioned': 'recipe', 'message_length': 34}
2025-09-24 18:23:14 | INFO | {'message': 'I just shared recipe! It was exciting.', 'author': 'Alice', 'timestamp': '2025-09-24 18:23:14', 'category': 'food', 'sentiment': 0.73, 'keyword_mentioned': 'recipe', 'message_length': 38}
2025-09-24 18:23:19 | INFO | {'message': 'I just shared travel! It was weird.', 'author': 'Bob', 'timestamp': '2025-09-24 18:23:19', 'category': 'travel', 'sentiment': 0.11, 'keyword_mentioned': 'travel', 'message_length': 35}
2025-09-24 18:23:24 | INFO | {'message': 'I just saw a meme! It was boring.', 'author': 'Eve', 'timestamp': '2025-09-24 18:23:24', 'category': 'humor', 'sentiment': 0.7, 'keyword_mentioned': 'meme', 'message_length': 33}
2025-09-24 18:23:29 | INFO | {'message': 'I just loved JavaScript! It was amazing.', 'author': 'Eve', 'timestamp': '2025-09-24 18:23:29', 'category': 'tech', 'sentiment': 0.67, 'keyword_mentioned': 'JavaScript', 'message_length': 40}
2025-09-24 18:23:34 | INFO | {'message': 'I just shared an app! It was boring.', 'author': 'Eve', 'timestamp': '2025-09-24 18:23:34', 'category': 'other', 'sentiment': 0.13, 'keyword_mentioned': 'other', 'message_length': 36}
2025-09-24 18:23:39 | INFO | {'message': 'I just found travel! It was boring.', 'author': 'Bob', 'timestamp': '2025-09-24 18:23:39', 'category': 'travel', 'sentiment': 0.28, 'keyword_mentioned': 'travel', 'message_length': 35}
2025-09-24 18:23:44 | INFO | {'message': 'I just found a meme! It was weird.', 'author': 'Bob', 'timestamp': '2025-09-24 18:23:44', 'category': 'humor', 'sentiment': 0.42, 'keyword_mentioned': 'meme', 'message_length': 34}
2025-09-24 18:23:49 | INFO | {'message': 'I just saw recipe! It was amazing.', 'author': 'Bob', 'timestamp': '2025-09-24 18:23:49', 'category': 'food', 'sentiment': 0.44, 'keyword_mentioned': 'recipe', 'message_length': 34}
2025-09-24 18:23:54 | INFO | {'message': 'I just found JavaScript! It was boring.', 'author': 'Bob', 'timestamp': '2025-09-24 18:23:54', 'category': 'tech', 'sentiment': 0.28, 'keyword_mentioned': 'JavaScript', 'message_length': 39}
2025-09-24 18:23:59 | INFO | {'message': 'I just found an app! It was funny.', 'author': 'Charlie', 'timestamp': '2025-09-24 18:23:59', 'category': 'other', 'sentiment': 0.42, 'keyword_mentioned': 'other', 'message_length': 34}
2025-09-24 18:24:04 | INFO | Logging to file: logs/project_log.log
2025-09-24 18:24:04 | INFO | Log sanitization enabled, personal info removed
2025-09-24 18:24:04 | INFO | {'message': 'I just shared JavaScript! It was funny.', 'author': 'Alice', 'timestamp': '2025-09-24 18:24:04', 'category': 'tech', 'sentiment': 0.41, 'keyword_mentioned': 'JavaScript', 'message_length': 39}
2025-09-24 18:24:08 | INFO | Logging to file: logs/project_log.log
2025-09-24 18:24:08 | INFO | Log sanitization enabled, personal info removed
2025-09-24 18:24:09 | INFO | {'message': 'I just saw game! It was amazing.', 'author': 'Charlie', 'timestamp': '2025-09-24 18:24:09', 'category': 'gaming', 'sentiment': 0.67, 'keyword_mentioned': 'game', 'message_length': 32}
2025-09-24 18:24:14 | INFO | {'message': 'I just found a trick! It was amazing.', 'author': 'Bob', 'timestamp': '2025-09-24 18:24:14', 'category': 'other', 'sentiment': 0.96, 'keyword_mentioned': 'other', 'message_length': 37}
2025-09-24 18:24:19 | INFO | {'message': 'I just loved a meme! It was funny.', 'author': 'Alice', 'timestamp': '2025-09-24 18:24:19', 'category': 'humor', 'sentiment': 0.44, 'keyword_mentioned': 'meme', 'message_length': 34}
2025-09-24 18:24:24 | INFO | {'message': 'I just loved an app! It was amazing.', 'author': 'Charlie', 'timestamp': '2025-09-24 18:24:24', 'category': 'other', 'sentiment': 0.81, 'keyword_mentioned': 'other', 'message_length': 36}
2025-09-24 18:24:29 | INFO | {'message': 'I just loved an app! It was boring.', 'author': 'Charlie', 'timestamp': '2025-09-24 18:24:29', 'category': 'other', 'sentiment': 0.81, 'keyword_mentioned': 'other', 'message_length': 35}
2025-09-24 18:24:34 | INFO | {'message': 'I just found a meme! It was funny.', 'author': 'Alice', 'timestamp': '2025-09-24 18:24:34', 'category': 'humor', 'sentiment': 0.95, 'keyword_mentioned': 'meme', 'message_length': 34}
2025-09-24 18:24:39 | INFO | {'message': 'I just loved a story! It was funny.', 'author': 'Charlie', 'timestamp': '2025-09-24 18:24:39', 'category': 'other', 'sentiment': 0.04, 'keyword_mentioned': 'other', 'message_length': 35}
2025-09-24 18:24:44 | INFO | {'message': 'I just shared a meme! It was boring.', 'author': 'Alice', 'timestamp': '2025-09-24 18:24:44', 'category': 'humor', 'sentiment': 0.55, 'keyword_mentioned': 'meme', 'message_length': 36}
2025-09-24 18:24:49 | INFO | {'message': 'I just found a story! It was funny.', 'author': 'Charlie', 'timestamp': '2025-09-24 18:24:49', 'category': 'other', 'sentiment': 0.55, 'keyword_mentioned': 'other', 'message_length': 35}
2025-09-24 18:24:54 | INFO | {'message': 'I just found a story! It was weird.', 'author': 'Charlie', 'timestamp': '2025-09-24 18:24:54', 'category': 'other', 'sentiment': 0.41, 'keyword_mentioned': 'other', 'message_length': 35}
2025-09-24 18:24:59 | INFO | {'message': 'I just shared a movie! It was weird.', 'author': 'Alice', 'timestamp': '2025-09-24 18:24:59', 'category': 'entertainment', 'sentiment': 0.19, 'keyword_mentioned': 'movie', 'message_length': 36}
2025-09-24 18:25:04 | INFO | {'message': 'I just saw recipe! It was weird.', 'author': 'Charlie', 'timestamp': '2025-09-24 18:25:04', 'category': 'food', 'sentiment': 0.04, 'keyword_mentioned': 'recipe', 'message_length': 32}
2025-09-24 18:25:09 | INFO | {'message': 'I just found travel! It was amazing.', 'author': 'Alice', 'timestamp': '2025-09-24 18:25:09', 'category': 'travel', 'sentiment': 0.94, 'keyword_mentioned': 'travel', 'message_length': 36}
2025-09-24 18:25:14 | INFO | {'message': 'I just found an app! It was exciting.', 'author': 'Alice', 'timestamp': '2025-09-24 18:25:14', 'category': 'other', 'sentiment': 0.63, 'keyword_mentioned': 'other', 'message_length': 37}
2025-09-24 18:25:19 | INFO | {'message': 'I just found recipe! It was amazing.', 'author': 'Eve', 'timestamp': '2025-09-24 18:25:19', 'category': 'food', 'sentiment': 0.75, 'keyword_mentioned': 'recipe', 'message_length': 36}
2025-09-24 18:25:24 | INFO | {'message': 'I just loved a meme! It was funny.', 'author': 'Eve', 'timestamp': '2025-09-24 18:25:24', 'category': 'humor', 'sentiment': 0.15, 'keyword_mentioned': 'meme', 'message_length': 34}
2025-09-24 18:25:29 | INFO | {'message': 'I just found a story! It was weird.', 'author': 'Alice', 'timestamp': '2025-09-24 18:25:29', 'category': 'other', 'sentiment': 0.3, 'keyword_mentioned': 'other', 'message_length': 35}
2025-09-24 18:25:34 | INFO | {'message': 'I just loved a movie! It was weird.', 'author': 'Charlie', 'timestamp': '2025-09-24 18:25:34', 'category': 'entertainment', 'sentiment': 0.22, 'keyword_mentioned': 'movie', 'message_length': 35}
2025-09-24 18:25:39 | INFO | {'message': 'I just shared JavaScript! It was amazing.', 'author': 'Bob', 'timestamp': '2025-09-24 18:25:39', 'category': 'tech', 'sentiment': 0.72, 'keyword_mentioned': 'JavaScript', 'message_length': 41}
2025-09-24 18:25:44 | INFO | {'message': 'I just tried an app! It was weird.', 'author': 'Eve', 'timestamp': '2025-09-24 18:25:44', 'category': 'other', 'sentiment': 0.6, 'keyword_mentioned': 'other', 'message_length': 34}
2025-09-24 18:25:49 | INFO | {'message': 'I just saw a meme! It was boring.', 'author': 'Charlie', 'timestamp': '2025-09-24 18:25:49', 'category': 'humor', 'sentiment': 0.71, 'keyword_mentioned': 'meme', 'message_length': 33}
2025-09-24 18:25:54 | INFO | {'message': 'I just loved recipe! It was amazing.', 'author': 'Eve', 'timestamp': '2025-09-24 18:25:54', 'category': 'food', 'sentiment': 0.99, 'keyword_mentioned': 'recipe', 'message_length': 36}
2025-09-24 18:25:59 | INFO | Logging to file: logs/project_log.log
2025-09-24 18:25:59 | INFO | Log sanitization enabled, personal info removed
2025-09-24 18:25:59 | INFO | {'message': 'I just saw a trick! It was amazing.', 'author': 'Charlie', 'timestamp': '2025-09-24 18:25:59', 'category': 'other', 'sentiment': 0.94, 'keyword_mentioned': 'other', 'message_length': 35}
2025-09-24 18:26:04 | INFO | {'message': 'I just tried JavaScript! It was boring.', 'author': 'Alice', 'timestamp': '2025-09-24 18:26:04', 'category': 'tech', 'sentiment': 0.32, 'keyword_mentioned': 'JavaScript', 'message_length': 39}
2025-09-24 18:26:06 | INFO | Logging to file: logs/project_log.log
2025-09-24 18:26:06 | INFO | Log sanitization enabled, personal info removed
2025-09-24 18:26:09 | INFO | {'message': 'I just tried Python! It was exciting.', 'author': 'Charlie', 'timestamp': '2025-09-24 18:26:09', 'category': 'tech', 'sentiment': 0.89, 'keyword_mentioned': 'Python', 'message_length': 37}
2025-09-24 18:26:14 | INFO | {'message': 'I just found recipe! It was exciting.', 'author': 'Eve', 'timestamp': '2025-09-24 18:26:14', 'category': 'food', 'sentiment': 0.27, 'keyword_mentioned': 'recipe', 'message_length': 37}
2025-09-24 18:26:19 | INFO | {'message': 'I just found a trick! It was weird.', 'author': 'Eve', 'timestamp': '2025-09-24 18:26:19', 'category': 'other', 'sentiment': 0.94, 'keyword_mentioned': 'other', 'message_length': 35}
2025-09-24 18:26:24 | INFO | {'message': 'I just loved travel! It was boring.', 'author': 'Charlie', 'timestamp': '2025-09-24 18:26:24', 'category': 'travel', 'sentiment': 0.83, 'keyword_mentioned': 'travel', 'message_length': 35}
2025-09-24 18:26:29 | INFO | {'message': 'I just loved a meme! It was weird.', 'author': 'Eve', 'timestamp': '2025-09-24 18:26:29', 'category': 'humor', 'sentiment': 0.95, 'keyword_mentioned': 'meme', 'message_length': 34}
2025-09-24 18:26:34 | INFO | {'message': 'I just shared JavaScript! It was amazing.', 'author': 'Alice', 'timestamp': '2025-09-24 18:26:34', 'category': 'tech', 'sentiment': 0.36, 'keyword_mentioned': 'JavaScript', 'message_length': 41}
2025-09-24 18:26:39 | INFO | {'message': 'I just found a trick! It was funny.', 'author': 'Charlie', 'timestamp': '2025-09-24 18:26:39', 'category': 'other', 'sentiment': 0.62, 'keyword_mentioned': 'other', 'message_length': 35}
2025-09-24 18:26:44 | INFO | {'message': 'I just saw JavaScript! It was amazing.', 'author': 'Bob', 'timestamp': '2025-09-24 18:26:44', 'category': 'tech', 'sentiment': 0.45, 'keyword_mentioned': 'JavaScript', 'message_length': 38}
2025-09-24 18:26:49 | INFO | {'message': 'I just shared a trick! It was exciting.', 'author': 'Bob', 'timestamp': '2025-09-24 18:26:49', 'category': 'other', 'sentiment': 0.25, 'keyword_mentioned': 'other', 'message_length': 39}
2025-09-24 18:26:54 | INFO | {'message': 'I just saw JavaScript! It was funny.', 'author': 'Alice', 'timestamp': '2025-09-24 18:26:54', 'category': 'tech', 'sentiment': 0.66, 'keyword_mentioned': 'JavaScript', 'message_length': 36}
2025-09-24 18:26:59 | INFO | {'message': 'I just saw a meme! It was boring.', 'author': 'Bob', 'timestamp': '2025-09-24 18:26:59', 'category': 'humor', 'sentiment': 0.37, 'keyword_mentioned': 'meme', 'message_length': 33}
2025-09-24 18:27:04 | INFO | {'message': 'I just shared a trick! It was boring.', 'author': 'Charlie', 'timestamp': '2025-09-24 18:27:04', 'category': 'other', 'sentiment': 0.18, 'keyword_mentioned': 'other', 'message_length': 37}
2025-09-24 18:27:09 | INFO | {'message': 'I just saw a movie! It was weird.', 'author': 'Alice', 'timestamp': '2025-09-24 18:27:09', 'category': 'entertainment', 'sentiment': 0.29, 'keyword_mentioned': 'movie', 'message_length': 33}
2025-09-24 18:27:14 | INFO | {'message': 'I just found a meme! It was weird.', 'author': 'Charlie', 'timestamp': '2025-09-24 18:27:14', 'category': 'humor', 'sentiment': 0.91, 'keyword_mentioned': 'meme', 'message_length': 34}
2025-09-24 18:27:19 | INFO | {'message': 'I just tried game! It was boring.', 'author': 'Eve', 'timestamp': '2025-09-24 18:27:19', 'category': 'gaming', 'sentiment': 0.4, 'keyword_mentioned': 'game', 'message_length': 33}
2025-09-24 18:27:24 | INFO | {'message': 'I just shared a movie! It was exciting.', 'author': 'Alice', 'timestamp': '2025-09-24 18:27:24', 'category': 'entertainment', 'sentiment': 0.99, 'keyword_mentioned': 'movie', 'message_length': 39}
2025-09-24 18:27:29 | INFO | {'message': 'I just saw JavaScript! It was weird.', 'author': 'Charlie', 'timestamp': '2025-09-24 18:27:29', 'category': 'tech', 'sentiment': 0.95, 'keyword_mentioned': 'JavaScript', 'message_length': 36}
2025-09-24 18:27:34 | INFO | {'message': 'I just saw JavaScript! It was weird.', 'author': 'Bob', 'timestamp': '2025-09-24 18:27:34', 'category': 'tech', 'sentiment': 0.24, 'keyword_mentioned': 'JavaScript', 'message_length': 36}
2025-09-24 18:27:39 | INFO | {'message': 'I just found a meme! It was amazing.', 'author': 'Alice', 'timestamp': '2025-09-24 18:27:39', 'category': 'humor', 'sentiment': 0.87, 'keyword_mentioned': 'meme', 'message_length': 36}
2025-09-24 18:27:44 | INFO | {'message': 'I just shared a meme! It was amazing.', 'author': 'Bob', 'timestamp': '2025-09-24 18:27:44', 'category': 'humor', 'sentiment': 0.21, 'keyword_mentioned': 'meme', 'message_length': 37}
2025-09-24 18:27:49 | INFO | {'message': 'I just loved travel! It was exciting.', 'author': 'Eve', 'timestamp': '2025-09-24 18:27:49', 'category': 'travel', 'sentiment': 0.99, 'keyword_mentioned': 'travel', 'message_length': 37}
2025-09-24 18:27:54 | INFO | {'message': 'I just shared JavaScript! It was weird.', 'author': 'Alice', 'timestamp': '2025-09-24 18:27:54', 'category': 'tech', 'sentiment': 0.52, 'keyword_mentioned': 'JavaScript', 'message_length': 39}
2025-09-24 18:27:59 | INFO | {'message': 'I just found Python! It was exciting.', 'author': 'Bob', 'timestamp': '2025-09-24 18:27:59', 'category': 'tech', 'sentiment': 0.17, 'keyword_mentioned': 'Python', 'message_length': 37}
2025-09-24 18:28:01 | INFO | Logging to file: logs/project_log.log
2025-09-24 18:28:01 | INFO | Log sanitization enabled, personal info removed
2025-09-24 18:28:04 | INFO | {'message': 'I just tried travel! It was weird.', 'author': 'Charlie', 'timestamp': '2025-09-24 18:28:04', 'category': 'travel', 'sentiment': 0.52, 'keyword_mentioned': 'travel', 'message_length': 34}
2025-09-24 18:28:09 | INFO | Logging to file: logs/project_log.log
2025-09-24 18:28:09 | INFO | Log sanitization enabled, personal info removed
2025-09-24 18:28:09 | INFO | {'message': 'I just found recipe! It was funny.', 'author': 'Alice', 'timestamp': '2025-09-24 18:28:09', 'category': 'food', 'sentiment': 0.81, 'keyword_mentioned': 'recipe', 'message_length': 34}
2025-09-24 18:28:14 | INFO | {'message': 'I just shared an app! It was funny.', 'author': 'Bob', 'timestamp': '2025-09-24 18:28:14', 'category': 'other', 'sentiment': 0.13, 'keyword_mentioned': 'other', 'message_length': 35}
2025-09-24 18:28:19 | INFO | {'message': 'I just found recipe! It was funny.', 'author': 'Eve', 'timestamp': '2025-09-24 18:28:19', 'category': 'food', 'sentiment': 0.36, 'keyword_mentioned': 'recipe', 'message_length': 34}
2025-09-24 18:28:24 | INFO | {'message': 'I just loved JavaScript! It was amazing.', 'author': 'Eve', 'timestamp': '2025-09-24 18:28:24', 'category': 'tech', 'sentiment': 0.46, 'keyword_mentioned': 'JavaScript', 'message_length': 40}
2025-09-24 18:28:29 | INFO | {'message': 'I just loved travel! It was boring.', 'author': 'Eve', 'timestamp': '2025-09-24 18:28:29', 'category': 'travel', 'sentiment': 0.61, 'keyword_mentioned': 'travel', 'message_length': 35}
2025-09-24 18:28:34 | INFO | {'message': 'I just found travel! It was exciting.', 'author': 'Eve', 'timestamp': '2025-09-24 18:28:34', 'category': 'travel', 'sentiment': 0.01, 'keyword_mentioned': 'travel', 'message_length': 37}
2025-09-24 18:28:39 | INFO | {'message': 'I just shared a trick! It was exciting.', 'author': 'Eve', 'timestamp': '2025-09-24 18:28:39', 'category': 'other', 'sentiment': 0.58, 'keyword_mentioned': 'other', 'message_length': 39}
2025-09-24 18:28:44 | INFO | {'message': 'I just loved a meme! It was boring.', 'author': 'Eve', 'timestamp': '2025-09-24 18:28:44', 'category': 'humor', 'sentiment': 0.76, 'keyword_mentioned': 'meme', 'message_length': 35}
2025-09-24 18:28:45 | INFO | Logging to file: logs/project_log.log
2025-09-24 18:28:45 | INFO | Log sanitization enabled, personal info removed
2025-09-24 18:28:49 | INFO | {'message': 'I just loved JavaScript! It was exciting.', 'author': 'Charlie', 'timestamp': '2025-09-24 18:28:49', 'category': 'tech', 'sentiment': 0.94, 'keyword_mentioned': 'JavaScript', 'message_length': 41}
2025-09-24 18:28:54 | INFO | {'message': 'I just tried a movie! It was funny.', 'author': 'Eve', 'timestamp': '2025-09-24 18:28:54', 'category': 'entertainment', 'sentiment': 0.57, 'keyword_mentioned': 'movie', 'message_length': 35}
2025-09-24 18:28:59 | INFO | {'message': 'I just saw recipe! It was exciting.', 'author': 'Bob', 'timestamp': '2025-09-24 18:28:59', 'category': 'food', 'sentiment': 0.02, 'keyword_mentioned': 'recipe', 'message_length': 35}
2025-09-24 18:29:04 | INFO | {'message': 'I just tried an app! It was boring.', 'author': 'Charlie', 'timestamp': '2025-09-24 18:29:04', 'category': 'other', 'sentiment': 0.87, 'keyword_mentioned': 'other', 'message_length': 35}
2025-09-24 18:29:05 | INFO | Logging to file: logs/project_log.log
2025-09-24 18:29:05 | INFO | Log sanitization enabled, personal info removed
2025-09-24 18:29:09 | INFO | {'message': 'I just tried recipe! It was exciting.', 'author': 'Alice', 'timestamp': '2025-09-24 18:29:09', 'category': 'food', 'sentiment': 0.84, 'keyword_mentioned': 'recipe', 'message_length': 37}
2025-09-24 18:29:14 | INFO | {'message': 'I just tried recipe! It was funny.', 'author': 'Alice', 'timestamp': '2025-09-24 18:29:14', 'category': 'food', 'sentiment': 0.27, 'keyword_mentioned': 'recipe', 'message_length': 34}
2025-09-24 18:29:19 | INFO | {'message': 'I just found game! It was boring.', 'author': 'Charlie', 'timestamp': '2025-09-24 18:29:19', 'category': 'gaming', 'sentiment': 0.49, 'keyword_mentioned': 'game', 'message_length': 33}
2025-09-24 18:29:24 | INFO | {'message': 'I just found a movie! It was funny.', 'author': 'Alice', 'timestamp': '2025-09-24 18:29:24', 'category': 'entertainment', 'sentiment': 0.49, 'keyword_mentioned': 'movie', 'message_length': 35}
2025-09-24 18:29:26 | INFO | Logging to file: logs/project_log.log
2025-09-24 18:29:26 | INFO | Log sanitization enabled, personal info removed
2025-09-24 18:29:26 | INFO | Starting Consumer to run continuously.
2025-09-24 18:29:26 | INFO | Things can fail or get interrupted, so use a try block.
2025-09-24 18:29:26 | INFO | Moved .env variables into a utils config module.
2025-09-24 18:29:26 | INFO | STEP 1. Read environment variables using new config functions.
2025-09-24 18:29:26 | INFO | BUZZ_TOPIC: buzzline
2025-09-24 18:29:26 | INFO | KAFKA_BROKER_ADDRESS: 127.0.0.1:9092
2025-09-24 18:29:26 | INFO | BUZZ_CONSUMER_GROUP_ID: buzz_group
2025-09-24 18:29:26 | INFO | MESSAGE_INTERVAL_SECONDS: 5
2025-09-24 18:29:26 | INFO | BASE_DATA_DIR: PROJECT_ROOT/data
2025-09-24 18:29:26 | INFO | SQLITE_PATH: PROJECT_ROOT/data/buzz.sqlite
2025-09-24 18:29:26 | INFO | SUCCESS: Read environment variables.
2025-09-24 18:29:26 | INFO | STEP 2. Delete any prior database file for a fresh start.
2025-09-24 18:29:26 | INFO | SUCCESS: Deleted database file.
2025-09-24 18:29:26 | INFO | STEP 3. Initialize a new database with an empty table.
2025-09-24 18:29:26 | INFO | Calling SQLite init_db() with {db_path=}.
2025-09-24 18:29:26 | INFO | SUCCESS: Got a cursor to execute SQL.
2025-09-24 18:29:26 | INFO | SUCCESS: Database initialized and table ready at PROJECT_ROOT/data/buzz.sqlite.
2025-09-24 18:29:29 | INFO | {'message': 'I just saw recipe! It was funny.', 'author': 'Eve', 'timestamp': '2025-09-24 18:29:29', 'category': 'food', 'sentiment': 0.61, 'keyword_mentioned': 'recipe', 'message_length': 32}
2025-09-24 18:29:34 | INFO | {'message': 'I just found recipe! It was amazing.', 'author': 'Charlie', 'timestamp': '2025-09-24 18:29:34', 'category': 'food', 'sentiment': 0.04, 'keyword_mentioned': 'recipe', 'message_length': 36}
2025-09-24 18:29:39 | INFO | {'message': 'I just found JavaScript! It was boring.', 'author': 'Bob', 'timestamp': '2025-09-24 18:29:39', 'category': 'tech', 'sentiment': 0.41, 'keyword_mentioned': 'JavaScript', 'message_length': 39}
2025-09-24 18:29:44 | INFO | {'message': 'I just tried Python! It was exciting.', 'author': 'Bob', 'timestamp': '2025-09-24 18:29:44', 'category': 'tech', 'sentiment': 0.38, 'keyword_mentioned': 'Python', 'message_length': 37}
2025-09-24 18:29:50 | INFO | {'message': 'I just loved JavaScript! It was funny.', 'author': 'Charlie', 'timestamp': '2025-09-24 18:29:50', 'category': 'tech', 'sentiment': 0.52, 'keyword_mentioned': 'JavaScript', 'message_length': 38}
2025-09-24 18:29:55 | INFO | {'message': 'I just saw JavaScript! It was amazing.', 'author': 'Charlie', 'timestamp': '2025-09-24 18:29:55', 'category': 'tech', 'sentiment': 0.14, 'keyword_mentioned': 'JavaScript', 'message_length': 38}
2025-09-24 18:30:00 | INFO | {'message': 'I just shared recipe! It was funny.', 'author': 'Charlie', 'timestamp': '2025-09-24 18:30:00', 'category': 'food', 'sentiment': 0.68, 'keyword_mentioned': 'recipe', 'message_length': 35}
2025-09-24 18:30:01 | INFO | Logging to file: logs/project_log.log
2025-09-24 18:30:01 | INFO | Log sanitization enabled, personal info removed
2025-09-24 18:30:01 | INFO | Starting Consumer to run continuously.
2025-09-24 18:30:01 | INFO | Things can fail or get interrupted, so use a try block.
2025-09-24 18:30:01 | INFO | Moved .env variables into a utils config module.
2025-09-24 18:30:01 | INFO | STEP 1. Read environment variables using new config functions.
2025-09-24 18:30:01 | INFO | BUZZ_TOPIC: buzzline
2025-09-24 18:30:01 | INFO | KAFKA_BROKER_ADDRESS: 127.0.0.1:9092
2025-09-24 18:30:01 | INFO | BUZZ_CONSUMER_GROUP_ID: buzz_group
2025-09-24 18:30:01 | INFO | MESSAGE_INTERVAL_SECONDS: 5
2025-09-24 18:30:01 | INFO | BASE_DATA_DIR: PROJECT_ROOT/data
2025-09-24 18:30:01 | INFO | SQLITE_PATH: PROJECT_ROOT/data/buzz.sqlite
2025-09-24 18:30:01 | INFO | SUCCESS: Read environment variables.
2025-09-24 18:30:01 | INFO | STEP 2. Delete any prior database file for a fresh start.
2025-09-24 18:30:01 | INFO | SUCCESS: Deleted database file.
2025-09-24 18:30:01 | INFO | STEP 3. Initialize a new database with an empty table.
2025-09-24 18:30:01 | INFO | Calling SQLite init_db() with {db_path=}.
2025-09-24 18:30:01 | INFO | SUCCESS: Got a cursor to execute SQL.
2025-09-24 18:30:01 | INFO | SUCCESS: Database initialized and table ready at PROJECT_ROOT/data/buzz.sqlite.
2025-09-24 18:30:01 | INFO | STEP 4. Begin consuming and storing messages.
2025-09-24 18:30:01 | INFO | Called consume_messages_from_kafka() with:
2025-09-24 18:30:01 | INFO |    topic='buzzline'
2025-09-24 18:30:01 | INFO |    kafka_url='127.0.0.1:9092'
2025-09-24 18:30:01 | INFO |    group='buzz_group'
2025-09-24 18:30:01 | INFO |    sql_path=WindowsPath('C:/Projects/buzzline-05-fintel/data/buzz.sqlite')
2025-09-24 18:30:01 | INFO |    interval_secs=5
2025-09-24 18:30:01 | INFO | Step 1. Verify Kafka Services.
2025-09-24 18:30:01 | INFO | Kafka broker address: localhost:9092
2025-09-24 18:30:02 | INFO | Kafka is ready. Brokers: {'throttle_time_ms': 0, 'brokers': [{'node_id': 1, 'host': 'localhost', 'port': 9092, 'rack': None}], 'cluster_id': 'JjY4WKawQ-GFC8VniCM2Xw', 'controller_id': 1}
2025-09-24 18:30:02 | INFO | Step 2. Create a Kafka consumer.
2025-09-24 18:30:02 | INFO | Kafka broker address: localhost:9092
2025-09-24 18:30:02 | INFO | Creating Kafka consumer. Topic='buzzline' and group ID='buzz_group'.
2025-09-24 18:30:02 | INFO | Kafka consumer created successfully.
2025-09-24 18:30:02 | INFO | Step 3. Verify topic exists.
2025-09-24 18:30:02 | INFO | Kafka broker address: localhost:9092
2025-09-24 18:30:02 | INFO | Kafka topic 'buzzline' is ready.
2025-09-24 18:30:02 | INFO | Step 4. Process messages.
2025-09-24 18:30:05 | INFO | {'message': 'I just loved game! It was boring.', 'author': 'Eve', 'timestamp': '2025-09-24 18:30:05', 'category': 'gaming', 'sentiment': 0.26, 'keyword_mentioned': 'game', 'message_length': 33}
2025-09-24 18:30:10 | INFO | {'message': 'I just shared an app! It was boring.', 'author': 'Bob', 'timestamp': '2025-09-24 18:30:10', 'category': 'other', 'sentiment': 0.31, 'keyword_mentioned': 'other', 'message_length': 36}
2025-09-24 18:30:15 | INFO | {'message': 'I just loved an app! It was amazing.', 'author': 'Charlie', 'timestamp': '2025-09-24 18:30:15', 'category': 'other', 'sentiment': 0.2, 'keyword_mentioned': 'other', 'message_length': 36}
2025-09-24 18:30:20 | INFO | {'message': 'I just tried JavaScript! It was funny.', 'author': 'Alice', 'timestamp': '2025-09-24 18:30:20', 'category': 'tech', 'sentiment': 0.16, 'keyword_mentioned': 'JavaScript', 'message_length': 38}
2025-09-24 18:30:25 | INFO | {'message': 'I just saw recipe! It was exciting.', 'author': 'Bob', 'timestamp': '2025-09-24 18:30:25', 'category': 'food', 'sentiment': 0.7, 'keyword_mentioned': 'recipe', 'message_length': 35}
2025-09-24 18:30:30 | INFO | {'message': 'I just tried a story! It was exciting.', 'author': 'Eve', 'timestamp': '2025-09-24 18:30:30', 'category': 'other', 'sentiment': 0.45, 'keyword_mentioned': 'other', 'message_length': 38}
2025-09-24 18:30:35 | INFO | {'message': 'I just saw JavaScript! It was boring.', 'author': 'Charlie', 'timestamp': '2025-09-24 18:30:35', 'category': 'tech', 'sentiment': 0.52, 'keyword_mentioned': 'JavaScript', 'message_length': 37}
2025-09-24 18:30:40 | INFO | {'message': 'I just saw Python! It was boring.', 'author': 'Charlie', 'timestamp': '2025-09-24 18:30:40', 'category': 'tech', 'sentiment': 0.76, 'keyword_mentioned': 'Python', 'message_length': 33}
2025-09-24 18:30:45 | INFO | {'message': 'I just found a movie! It was exciting.', 'author': 'Alice', 'timestamp': '2025-09-24 18:30:45', 'category': 'entertainment', 'sentiment': 0.57, 'keyword_mentioned': 'movie', 'message_length': 38}
2025-09-24 18:30:50 | INFO | {'message': 'I just shared an app! It was boring.', 'author': 'Eve', 'timestamp': '2025-09-24 18:30:50', 'category': 'other', 'sentiment': 0.25, 'keyword_mentioned': 'other', 'message_length': 36}
2025-09-24 18:30:55 | INFO | {'message': 'I just tried an app! It was exciting.', 'author': 'Bob', 'timestamp': '2025-09-24 18:30:55', 'category': 'other', 'sentiment': 0.27, 'keyword_mentioned': 'other', 'message_length': 37}
2025-09-24 18:31:00 | INFO | {'message': 'I just found recipe! It was funny.', 'author': 'Alice', 'timestamp': '2025-09-24 18:31:00', 'category': 'food', 'sentiment': 0.72, 'keyword_mentioned': 'recipe', 'message_length': 34}
2025-09-24 18:31:05 | INFO | {'message': 'I just saw a trick! It was exciting.', 'author': 'Eve', 'timestamp': '2025-09-24 18:31:05', 'category': 'other', 'sentiment': 0.76, 'keyword_mentioned': 'other', 'message_length': 36}
2025-09-24 18:31:10 | INFO | {'message': 'I just found a movie! It was amazing.', 'author': 'Alice', 'timestamp': '2025-09-24 18:31:10', 'category': 'entertainment', 'sentiment': 0.47, 'keyword_mentioned': 'movie', 'message_length': 37}
2025-09-24 18:31:15 | INFO | {'message': 'I just loved an app! It was funny.', 'author': 'Alice', 'timestamp': '2025-09-24 18:31:15', 'category': 'other', 'sentiment': 0.88, 'keyword_mentioned': 'other', 'message_length': 34}
2025-09-24 18:31:20 | INFO | {'message': 'I just found Python! It was exciting.', 'author': 'Eve', 'timestamp': '2025-09-24 18:31:20', 'category': 'tech', 'sentiment': 0.8, 'keyword_mentioned': 'Python', 'message_length': 37}
2025-09-24 18:31:25 | INFO | {'message': 'I just shared Python! It was exciting.', 'author': 'Bob', 'timestamp': '2025-09-24 18:31:25', 'category': 'tech', 'sentiment': 0.04, 'keyword_mentioned': 'Python', 'message_length': 38}
2025-09-24 18:31:30 | INFO | {'message': 'I just tried an app! It was funny.', 'author': 'Bob', 'timestamp': '2025-09-24 18:31:30', 'category': 'other', 'sentiment': 0.02, 'keyword_mentioned': 'other', 'message_length': 34}
2025-09-24 18:31:35 | INFO | {'message': 'I just loved game! It was funny.', 'author': 'Alice', 'timestamp': '2025-09-24 18:31:35', 'category': 'gaming', 'sentiment': 0.17, 'keyword_mentioned': 'game', 'message_length': 32}
2025-09-24 18:31:40 | INFO | {'message': 'I just shared game! It was weird.', 'author': 'Charlie', 'timestamp': '2025-09-24 18:31:40', 'category': 'gaming', 'sentiment': 0.48, 'keyword_mentioned': 'game', 'message_length': 33}
2025-09-24 18:31:45 | INFO | {'message': 'I just found a story! It was boring.', 'author': 'Alice', 'timestamp': '2025-09-24 18:31:45', 'category': 'other', 'sentiment': 0.41, 'keyword_mentioned': 'other', 'message_length': 36}
2025-09-24 18:31:50 | INFO | {'message': 'I just tried a movie! It was exciting.', 'author': 'Bob', 'timestamp': '2025-09-24 18:31:50', 'category': 'entertainment', 'sentiment': 0.3, 'keyword_mentioned': 'movie', 'message_length': 38}
2025-09-24 18:31:55 | INFO | {'message': 'I just saw a movie! It was exciting.', 'author': 'Alice', 'timestamp': '2025-09-24 18:31:55', 'category': 'entertainment', 'sentiment': 0.47, 'keyword_mentioned': 'movie', 'message_length': 36}
2025-09-24 18:32:00 | INFO | {'message': 'I just shared a trick! It was weird.', 'author': 'Alice', 'timestamp': '2025-09-24 18:32:00', 'category': 'other', 'sentiment': 0.66, 'keyword_mentioned': 'other', 'message_length': 36}
2025-09-24 18:32:05 | INFO | {'message': 'I just shared a trick! It was boring.', 'author': 'Eve', 'timestamp': '2025-09-24 18:32:05', 'category': 'other', 'sentiment': 0.91, 'keyword_mentioned': 'other', 'message_length': 37}
2025-09-24 18:32:10 | INFO | {'message': 'I just tried a trick! It was weird.', 'author': 'Charlie', 'timestamp': '2025-09-24 18:32:10', 'category': 'other', 'sentiment': 0.19, 'keyword_mentioned': 'other', 'message_length': 35}
2025-09-24 18:32:15 | INFO | {'message': 'I just shared Python! It was amazing.', 'author': 'Alice', 'timestamp': '2025-09-24 18:32:15', 'category': 'tech', 'sentiment': 0.69, 'keyword_mentioned': 'Python', 'message_length': 37}
2025-09-24 18:32:18 | INFO | Logging to file: logs/project_log.log
2025-09-24 18:32:18 | INFO | Log sanitization enabled, personal info removed
2025-09-24 18:32:20 | INFO | {'message': 'I just saw recipe! It was weird.', 'author': 'Alice', 'timestamp': '2025-09-24 18:32:20', 'category': 'food', 'sentiment': 0.83, 'keyword_mentioned': 'recipe', 'message_length': 32}
2025-09-24 18:32:25 | INFO | {'message': 'I just loved Python! It was boring.', 'author': 'Charlie', 'timestamp': '2025-09-24 18:32:25', 'category': 'tech', 'sentiment': 0.58, 'keyword_mentioned': 'Python', 'message_length': 35}
2025-09-24 18:32:30 | INFO | {'message': 'I just found a story! It was boring.', 'author': 'Eve', 'timestamp': '2025-09-24 18:32:30', 'category': 'other', 'sentiment': 0.63, 'keyword_mentioned': 'other', 'message_length': 36}
2025-09-24 18:32:35 | INFO | {'message': 'I just tried Python! It was boring.', 'author': 'Bob', 'timestamp': '2025-09-24 18:32:35', 'category': 'tech', 'sentiment': 0.85, 'keyword_mentioned': 'Python', 'message_length': 35}
2025-09-24 18:32:40 | INFO | {'message': 'I just saw recipe! It was exciting.', 'author': 'Alice', 'timestamp': '2025-09-24 18:32:40', 'category': 'food', 'sentiment': 0.65, 'keyword_mentioned': 'recipe', 'message_length': 35}
2025-09-24 18:32:45 | INFO | {'message': 'I just tried a trick! It was boring.', 'author': 'Alice', 'timestamp': '2025-09-24 18:32:45', 'category': 'other', 'sentiment': 0.14, 'keyword_mentioned': 'other', 'message_length': 36}
2025-09-24 18:32:50 | INFO | {'message': 'I just loved a story! It was weird.', 'author': 'Eve', 'timestamp': '2025-09-24 18:32:50', 'category': 'other', 'sentiment': 0.06, 'keyword_mentioned': 'other', 'message_length': 35}
2025-09-24 18:32:55 | INFO | {'message': 'I just tried recipe! It was funny.', 'author': 'Bob', 'timestamp': '2025-09-24 18:32:55', 'category': 'food', 'sentiment': 0.7, 'keyword_mentioned': 'recipe', 'message_length': 34}
2025-09-24 18:33:00 | INFO | {'message': 'I just shared travel! It was weird.', 'author': 'Charlie', 'timestamp': '2025-09-24 18:33:00', 'category': 'travel', 'sentiment': 0.33, 'keyword_mentioned': 'travel', 'message_length': 35}
2025-09-24 18:33:05 | INFO | {'message': 'I just tried a meme! It was weird.', 'author': 'Eve', 'timestamp': '2025-09-24 18:33:05', 'category': 'humor', 'sentiment': 0.41, 'keyword_mentioned': 'meme', 'message_length': 34}
2025-09-24 18:33:10 | INFO | {'message': 'I just saw Python! It was boring.', 'author': 'Eve', 'timestamp': '2025-09-24 18:33:10', 'category': 'tech', 'sentiment': 0.39, 'keyword_mentioned': 'Python', 'message_length': 33}
2025-09-24 18:33:15 | INFO | {'message': 'I just shared JavaScript! It was funny.', 'author': 'Alice', 'timestamp': '2025-09-24 18:33:15', 'category': 'tech', 'sentiment': 0.05, 'keyword_mentioned': 'JavaScript', 'message_length': 39}
2025-09-24 18:33:20 | INFO | {'message': 'I just tried a story! It was exciting.', 'author': 'Bob', 'timestamp': '2025-09-24 18:33:20', 'category': 'other', 'sentiment': 0.97, 'keyword_mentioned': 'other', 'message_length': 38}
2025-09-24 18:33:25 | INFO | {'message': 'I just shared Python! It was amazing.', 'author': 'Eve', 'timestamp': '2025-09-24 18:33:25', 'category': 'tech', 'sentiment': 0.27, 'keyword_mentioned': 'Python', 'message_length': 37}
2025-09-24 18:33:30 | INFO | {'message': 'I just tried travel! It was exciting.', 'author': 'Bob', 'timestamp': '2025-09-24 18:33:30', 'category': 'travel', 'sentiment': 0.84, 'keyword_mentioned': 'travel', 'message_length': 37}
2025-09-24 18:33:35 | INFO | {'message': 'I just found a meme! It was boring.', 'author': 'Eve', 'timestamp': '2025-09-24 18:33:35', 'category': 'humor', 'sentiment': 0.82, 'keyword_mentioned': 'meme', 'message_length': 35}
2025-09-24 18:33:40 | INFO | {'message': 'I just saw Python! It was funny.', 'author': 'Charlie', 'timestamp': '2025-09-24 18:33:40', 'category': 'tech', 'sentiment': 0.14, 'keyword_mentioned': 'Python', 'message_length': 32}
2025-09-24 18:33:44 | WARNING | Consumer interrupted by user.
2025-09-24 18:33:44 | INFO | Consumer shutting down.
2025-09-24 18:33:45 | INFO | {'message': 'I just loved a meme! It was amazing.', 'author': 'Bob', 'timestamp': '2025-09-24 18:33:45', 'category': 'humor', 'sentiment': 0.1, 'keyword_mentioned': 'meme', 'message_length': 36}
2025-09-24 18:33:47 | INFO | Logging to file: logs/project_log.log
2025-09-24 18:33:47 | INFO | Log sanitization enabled, personal info removed
2025-09-24 18:33:50 | INFO | {'message': 'I just saw a trick! It was funny.', 'author': 'Alice', 'timestamp': '2025-09-24 18:33:50', 'category': 'other', 'sentiment': 0.34, 'keyword_mentioned': 'other', 'message_length': 33}
2025-09-24 18:33:55 | INFO | {'message': 'I just loved Python! It was amazing.', 'author': 'Alice', 'timestamp': '2025-09-24 18:33:55', 'category': 'tech', 'sentiment': 0.86, 'keyword_mentioned': 'Python', 'message_length': 36}
2025-09-24 18:33:58 | INFO | Logging to file: logs/project_log.log
2025-09-24 18:33:58 | INFO | Log sanitization enabled, personal info removed
2025-09-24 18:33:58 | INFO | Starting DuckDB db testing.
2025-09-24 18:33:58 | INFO | Using DuckDB file at: data/buzz.duckdb
2025-09-24 18:33:58 | INFO | Calling DuckDB init_db() with {db_path=}.
2025-09-24 18:33:58 | INFO | SUCCESS: Connected to DuckDB.
2025-09-24 18:33:58 | ERROR | ERROR: Failed to initialize DuckDB at data/buzz.duckdb: Parser Error: syntax error at or near "GENERATED"

LINE 3:                 id BIGINT PRIMARY KEY GENERATED ALWAYS AS IDENTITY, -- auto-increment
                                              ^
2025-09-24 18:33:58 | INFO | Calling DuckDB insert_message() with:
2025-09-24 18:33:58 | INFO | message={'message': 'I just shared a meme! It was amazing.', 'author': 'Charlie', 'timestamp': '2025-01-29 14:35:20', 'category': 'humor', 'sentiment': 0.87, 'keyword_mentioned': 'meme', 'message_length': 42}
2025-09-24 18:33:58 | INFO | db_path=WindowsPath('data/buzz.duckdb')
2025-09-24 18:33:59 | ERROR | ERROR: Failed to insert message into DuckDB: Catalog Error: Table with name streamed_messages does not exist!
Did you mean "sqlite_temp_master"?
2025-09-24 18:33:59 | ERROR | ERROR: Verification SELECT failed: Catalog Error: Table with name streamed_messages does not exist!
Did you mean "sqlite_temp_master"?

LINE 3:             FROM streamed_messages
                         ^
2025-09-24 18:33:59 | INFO | Finished DuckDB db testing.
2025-09-24 18:34:00 | INFO | {'message': 'I just shared travel! It was amazing.', 'author': 'Charlie', 'timestamp': '2025-09-24 18:34:00', 'category': 'travel', 'sentiment': 0.66, 'keyword_mentioned': 'travel', 'message_length': 37}
2025-09-24 18:34:05 | INFO | {'message': 'I just tried Python! It was amazing.', 'author': 'Eve', 'timestamp': '2025-09-24 18:34:05', 'category': 'tech', 'sentiment': 0.05, 'keyword_mentioned': 'Python', 'message_length': 36}
2025-09-24 18:34:10 | INFO | {'message': 'I just tried game! It was amazing.', 'author': 'Alice', 'timestamp': '2025-09-24 18:34:10', 'category': 'gaming', 'sentiment': 0.42, 'keyword_mentioned': 'game', 'message_length': 34}
2025-09-24 18:34:15 | INFO | {'message': 'I just loved a story! It was exciting.', 'author': 'Alice', 'timestamp': '2025-09-24 18:34:15', 'category': 'other', 'sentiment': 0.04, 'keyword_mentioned': 'other', 'message_length': 38}
2025-09-24 18:34:20 | INFO | {'message': 'I just loved a movie! It was boring.', 'author': 'Charlie', 'timestamp': '2025-09-24 18:34:20', 'category': 'entertainment', 'sentiment': 0.59, 'keyword_mentioned': 'movie', 'message_length': 36}
2025-09-24 18:34:25 | INFO | {'message': 'I just loved a movie! It was amazing.', 'author': 'Charlie', 'timestamp': '2025-09-24 18:34:25', 'category': 'entertainment', 'sentiment': 0.69, 'keyword_mentioned': 'movie', 'message_length': 37}
2025-09-24 18:34:30 | INFO | {'message': 'I just saw an app! It was amazing.', 'author': 'Alice', 'timestamp': '2025-09-24 18:34:30', 'category': 'other', 'sentiment': 0.2, 'keyword_mentioned': 'other', 'message_length': 34}
2025-09-24 18:34:35 | INFO | {'message': 'I just tried a meme! It was exciting.', 'author': 'Alice', 'timestamp': '2025-09-24 18:34:35', 'category': 'humor', 'sentiment': 0.67, 'keyword_mentioned': 'meme', 'message_length': 37}
2025-09-24 18:34:40 | INFO | {'message': 'I just shared game! It was weird.', 'author': 'Bob', 'timestamp': '2025-09-24 18:34:40', 'category': 'gaming', 'sentiment': 0.71, 'keyword_mentioned': 'game', 'message_length': 33}
2025-09-24 18:34:45 | INFO | {'message': 'I just shared a trick! It was boring.', 'author': 'Eve', 'timestamp': '2025-09-24 18:34:45', 'category': 'other', 'sentiment': 0.71, 'keyword_mentioned': 'other', 'message_length': 37}
2025-09-24 18:34:50 | INFO | {'message': 'I just tried a movie! It was boring.', 'author': 'Eve', 'timestamp': '2025-09-24 18:34:50', 'category': 'entertainment', 'sentiment': 0.48, 'keyword_mentioned': 'movie', 'message_length': 36}
2025-09-24 18:34:55 | INFO | {'message': 'I just shared travel! It was boring.', 'author': 'Charlie', 'timestamp': '2025-09-24 18:34:55', 'category': 'travel', 'sentiment': 0.21, 'keyword_mentioned': 'travel', 'message_length': 36}
2025-09-24 18:35:00 | INFO | {'message': 'I just saw an app! It was boring.', 'author': 'Alice', 'timestamp': '2025-09-24 18:35:00', 'category': 'other', 'sentiment': 0.08, 'keyword_mentioned': 'other', 'message_length': 33}
2025-09-24 18:35:05 | INFO | {'message': 'I just shared a meme! It was funny.', 'author': 'Eve', 'timestamp': '2025-09-24 18:35:05', 'category': 'humor', 'sentiment': 0.66, 'keyword_mentioned': 'meme', 'message_length': 35}
2025-09-24 18:35:10 | INFO | {'message': 'I just found an app! It was amazing.', 'author': 'Charlie', 'timestamp': '2025-09-24 18:35:10', 'category': 'other', 'sentiment': 0.96, 'keyword_mentioned': 'other', 'message_length': 36}
2025-09-24 18:35:15 | INFO | {'message': 'I just loved travel! It was funny.', 'author': 'Eve', 'timestamp': '2025-09-24 18:35:15', 'category': 'travel', 'sentiment': 0.11, 'keyword_mentioned': 'travel', 'message_length': 34}
2025-09-24 18:35:20 | INFO | {'message': 'I just shared a story! It was exciting.', 'author': 'Bob', 'timestamp': '2025-09-24 18:35:20', 'category': 'other', 'sentiment': 0.32, 'keyword_mentioned': 'other', 'message_length': 39}
2025-09-24 18:35:25 | INFO | {'message': 'I just tried a story! It was funny.', 'author': 'Alice', 'timestamp': '2025-09-24 18:35:25', 'category': 'other', 'sentiment': 0.2, 'keyword_mentioned': 'other', 'message_length': 35}
2025-09-24 18:35:30 | INFO | {'message': 'I just loved travel! It was amazing.', 'author': 'Charlie', 'timestamp': '2025-09-24 18:35:30', 'category': 'travel', 'sentiment': 0.79, 'keyword_mentioned': 'travel', 'message_length': 36}
2025-09-24 18:35:35 | INFO | {'message': 'I just found an app! It was boring.', 'author': 'Alice', 'timestamp': '2025-09-24 18:35:35', 'category': 'other', 'sentiment': 0.46, 'keyword_mentioned': 'other', 'message_length': 35}
2025-09-24 18:35:40 | INFO | {'message': 'I just shared JavaScript! It was funny.', 'author': 'Charlie', 'timestamp': '2025-09-24 18:35:40', 'category': 'tech', 'sentiment': 0.15, 'keyword_mentioned': 'JavaScript', 'message_length': 39}
2025-09-24 18:35:45 | INFO | {'message': 'I just saw a story! It was funny.', 'author': 'Eve', 'timestamp': '2025-09-24 18:35:45', 'category': 'other', 'sentiment': 0.9, 'keyword_mentioned': 'other', 'message_length': 33}
2025-09-24 18:35:50 | INFO | {'message': 'I just found a story! It was weird.', 'author': 'Charlie', 'timestamp': '2025-09-24 18:35:50', 'category': 'other', 'sentiment': 0.55, 'keyword_mentioned': 'other', 'message_length': 35}
2025-09-24 18:35:55 | INFO | {'message': 'I just saw a trick! It was weird.', 'author': 'Bob', 'timestamp': '2025-09-24 18:35:55', 'category': 'other', 'sentiment': 0.17, 'keyword_mentioned': 'other', 'message_length': 33}
2025-09-24 18:36:00 | INFO | {'message': 'I just shared travel! It was funny.', 'author': 'Eve', 'timestamp': '2025-09-24 18:36:00', 'category': 'travel', 'sentiment': 0.02, 'keyword_mentioned': 'travel', 'message_length': 35}
2025-09-24 18:36:05 | INFO | {'message': 'I just loved a story! It was weird.', 'author': 'Charlie', 'timestamp': '2025-09-24 18:36:05', 'category': 'other', 'sentiment': 0.75, 'keyword_mentioned': 'other', 'message_length': 35}
2025-09-24 18:36:10 | INFO | {'message': 'I just tried JavaScript! It was boring.', 'author': 'Alice', 'timestamp': '2025-09-24 18:36:10', 'category': 'tech', 'sentiment': 0.17, 'keyword_mentioned': 'JavaScript', 'message_length': 39}
2025-09-24 18:36:15 | INFO | {'message': 'I just tried a story! It was boring.', 'author': 'Eve', 'timestamp': '2025-09-24 18:36:15', 'category': 'other', 'sentiment': 0.66, 'keyword_mentioned': 'other', 'message_length': 36}
2025-09-24 18:36:20 | INFO | {'message': 'I just shared a meme! It was amazing.', 'author': 'Alice', 'timestamp': '2025-09-24 18:36:20', 'category': 'humor', 'sentiment': 0.59, 'keyword_mentioned': 'meme', 'message_length': 37}
2025-09-24 18:36:25 | INFO | {'message': 'I just tried recipe! It was exciting.', 'author': 'Eve', 'timestamp': '2025-09-24 18:36:25', 'category': 'food', 'sentiment': 0.26, 'keyword_mentioned': 'recipe', 'message_length': 37}
2025-09-24 18:36:30 | INFO | {'message': 'I just tried JavaScript! It was boring.', 'author': 'Eve', 'timestamp': '2025-09-24 18:36:30', 'category': 'tech', 'sentiment': 0.68, 'keyword_mentioned': 'JavaScript', 'message_length': 39}
2025-09-24 18:36:35 | INFO | {'message': 'I just saw Python! It was funny.', 'author': 'Eve', 'timestamp': '2025-09-24 18:36:35', 'category': 'tech', 'sentiment': 0.87, 'keyword_mentioned': 'Python', 'message_length': 32}
2025-09-24 18:36:40 | INFO | {'message': 'I just shared recipe! It was boring.', 'author': 'Eve', 'timestamp': '2025-09-24 18:36:40', 'category': 'food', 'sentiment': 0.64, 'keyword_mentioned': 'recipe', 'message_length': 36}
2025-09-24 18:36:45 | INFO | {'message': 'I just found a meme! It was amazing.', 'author': 'Bob', 'timestamp': '2025-09-24 18:36:45', 'category': 'humor', 'sentiment': 0.42, 'keyword_mentioned': 'meme', 'message_length': 36}
2025-09-24 18:36:50 | INFO | {'message': 'I just saw JavaScript! It was amazing.', 'author': 'Bob', 'timestamp': '2025-09-24 18:36:50', 'category': 'tech', 'sentiment': 1.0, 'keyword_mentioned': 'JavaScript', 'message_length': 38}
2025-09-24 18:36:55 | INFO | {'message': 'I just saw a movie! It was weird.', 'author': 'Charlie', 'timestamp': '2025-09-24 18:36:55', 'category': 'entertainment', 'sentiment': 0.56, 'keyword_mentioned': 'movie', 'message_length': 33}
2025-09-24 18:37:00 | INFO | {'message': 'I just loved travel! It was weird.', 'author': 'Alice', 'timestamp': '2025-09-24 18:37:00', 'category': 'travel', 'sentiment': 0.05, 'keyword_mentioned': 'travel', 'message_length': 34}
2025-09-24 18:37:05 | INFO | {'message': 'I just saw a story! It was weird.', 'author': 'Charlie', 'timestamp': '2025-09-24 18:37:05', 'category': 'other', 'sentiment': 0.5, 'keyword_mentioned': 'other', 'message_length': 33}
2025-09-24 18:37:10 | INFO | {'message': 'I just tried a story! It was amazing.', 'author': 'Alice', 'timestamp': '2025-09-24 18:37:10', 'category': 'other', 'sentiment': 0.42, 'keyword_mentioned': 'other', 'message_length': 37}
2025-09-24 18:37:15 | INFO | {'message': 'I just found a story! It was boring.', 'author': 'Charlie', 'timestamp': '2025-09-24 18:37:15', 'category': 'other', 'sentiment': 0.03, 'keyword_mentioned': 'other', 'message_length': 36}
2025-09-24 18:37:20 | INFO | {'message': 'I just shared recipe! It was funny.', 'author': 'Charlie', 'timestamp': '2025-09-24 18:37:20', 'category': 'food', 'sentiment': 0.5, 'keyword_mentioned': 'recipe', 'message_length': 35}
2025-09-24 18:37:25 | INFO | {'message': 'I just saw a story! It was weird.', 'author': 'Charlie', 'timestamp': '2025-09-24 18:37:25', 'category': 'other', 'sentiment': 0.82, 'keyword_mentioned': 'other', 'message_length': 33}
2025-09-24 18:37:30 | INFO | {'message': 'I just saw a movie! It was exciting.', 'author': 'Alice', 'timestamp': '2025-09-24 18:37:30', 'category': 'entertainment', 'sentiment': 0.11, 'keyword_mentioned': 'movie', 'message_length': 36}
2025-09-24 18:37:35 | INFO | {'message': 'I just loved a story! It was weird.', 'author': 'Eve', 'timestamp': '2025-09-24 18:37:35', 'category': 'other', 'sentiment': 0.43, 'keyword_mentioned': 'other', 'message_length': 35}
2025-09-24 18:37:40 | INFO | {'message': 'I just saw a meme! It was amazing.', 'author': 'Bob', 'timestamp': '2025-09-24 18:37:40', 'category': 'humor', 'sentiment': 0.98, 'keyword_mentioned': 'meme', 'message_length': 34}
2025-09-24 18:37:45 | INFO | {'message': 'I just loved a trick! It was exciting.', 'author': 'Alice', 'timestamp': '2025-09-24 18:37:45', 'category': 'other', 'sentiment': 0.33, 'keyword_mentioned': 'other', 'message_length': 38}
2025-09-24 18:37:50 | INFO | {'message': 'I just loved game! It was amazing.', 'author': 'Charlie', 'timestamp': '2025-09-24 18:37:50', 'category': 'gaming', 'sentiment': 0.44, 'keyword_mentioned': 'game', 'message_length': 34}
2025-09-24 18:37:55 | INFO | {'message': 'I just tried a story! It was funny.', 'author': 'Bob', 'timestamp': '2025-09-24 18:37:55', 'category': 'other', 'sentiment': 0.14, 'keyword_mentioned': 'other', 'message_length': 35}
2025-09-24 18:38:00 | INFO | {'message': 'I just saw a story! It was weird.', 'author': 'Eve', 'timestamp': '2025-09-24 18:38:00', 'category': 'other', 'sentiment': 0.78, 'keyword_mentioned': 'other', 'message_length': 33}
2025-09-24 18:38:05 | INFO | {'message': 'I just saw a meme! It was exciting.', 'author': 'Eve', 'timestamp': '2025-09-24 18:38:05', 'category': 'humor', 'sentiment': 0.62, 'keyword_mentioned': 'meme', 'message_length': 35}
2025-09-24 18:38:10 | INFO | {'message': 'I just loved travel! It was amazing.', 'author': 'Charlie', 'timestamp': '2025-09-24 18:38:10', 'category': 'travel', 'sentiment': 0.46, 'keyword_mentioned': 'travel', 'message_length': 36}
2025-09-24 18:38:15 | INFO | {'message': 'I just found Python! It was boring.', 'author': 'Bob', 'timestamp': '2025-09-24 18:38:15', 'category': 'tech', 'sentiment': 0.52, 'keyword_mentioned': 'Python', 'message_length': 35}
2025-09-24 18:38:20 | INFO | {'message': 'I just saw game! It was exciting.', 'author': 'Alice', 'timestamp': '2025-09-24 18:38:20', 'category': 'gaming', 'sentiment': 0.51, 'keyword_mentioned': 'game', 'message_length': 33}
