2025-09-24 18:56:07 | INFO | {'message': 'I just saw recipe! It was amazing.', 'author': 'Charlie', 'timestamp': '2025-09-24 18:56:07', 'category': 'food', 'sentiment': 0.18, 'keyword_mentioned': 'recipe', 'message_length': 34}
2025-09-24 18:56:12 | INFO | {'message': 'I just shared travel! It was funny.', 'author': 'Bob', 'timestamp': '2025-09-24 18:56:12', 'category': 'travel', 'sentiment': 0.82, 'keyword_mentioned': 'travel', 'message_length': 35}
2025-09-24 18:56:17 | INFO | {'message': 'I just tried JavaScript! It was funny.', 'author': 'Eve', 'timestamp': '2025-09-24 18:56:17', 'category': 'tech', 'sentiment': 0.24, 'keyword_mentioned': 'JavaScript', 'message_length': 38}
2025-09-24 18:56:22 | INFO | {'message': 'I just shared travel! It was boring.', 'author': 'Bob', 'timestamp': '2025-09-24 18:56:22', 'category': 'travel', 'sentiment': 0.66, 'keyword_mentioned': 'travel', 'message_length': 36}
2025-09-24 18:56:27 | INFO | {'message': 'I just saw JavaScript! It was funny.', 'author': 'Eve', 'timestamp': '2025-09-24 18:56:27', 'category': 'tech', 'sentiment': 0.2, 'keyword_mentioned': 'JavaScript', 'message_length': 36}
2025-09-24 18:56:32 | INFO | {'message': 'I just saw Python! It was amazing.', 'author': 'Bob', 'timestamp': '2025-09-24 18:56:32', 'category': 'tech', 'sentiment': 0.82, 'keyword_mentioned': 'Python', 'message_length': 34}
2025-09-24 18:56:32 | INFO | Logging to file: logs/project_log.log
2025-09-24 18:56:32 | INFO | Log sanitization enabled, personal info removed
2025-09-24 18:56:32 | INFO | Starting DuckDB db testing.
2025-09-24 18:56:32 | INFO | Using DuckDB file at: data/buzz.duckdb
2025-09-24 18:56:32 | INFO | Calling DuckDB init_db() with {db_path=}.
2025-09-24 18:56:32 | INFO | SUCCESS: Connected to DuckDB.
2025-09-24 18:56:32 | ERROR | ERROR: Failed to initialize DuckDB at data/buzz.duckdb: Parser Error: syntax error at or near "GENERATED"

LINE 3:                 id BIGINT PRIMARY KEY GENERATED BY DEFAULT AS IDENTITY,
                                              ^
2025-09-24 18:56:32 | INFO | Calling DuckDB insert_message() with:
2025-09-24 18:56:32 | INFO | message={'message': 'I just shared a meme! It was amazing.', 'author': 'Charlie', 'timestamp': '2025-01-29 14:35:20', 'category': 'humor', 'sentiment': 0.87, 'keyword_mentioned': 'meme', 'message_length': 42}
2025-09-24 18:56:32 | INFO | db_path=WindowsPath('data/buzz.duckdb')
2025-09-24 18:56:33 | ERROR | ERROR: Failed to insert message into DuckDB: Catalog Error: Table with name streamed_messages does not exist!
Did you mean "sqlite_temp_master"?
2025-09-24 18:56:33 | ERROR | ERROR: Verification SELECT failed: Catalog Error: Table with name streamed_messages does not exist!
Did you mean "sqlite_temp_master"?

LINE 3:             FROM streamed_messages
                         ^
2025-09-24 18:56:33 | INFO | Finished DuckDB db testing.
2025-09-24 18:56:37 | INFO | {'message': 'I just saw recipe! It was funny.', 'author': 'Alice', 'timestamp': '2025-09-24 18:56:37', 'category': 'food', 'sentiment': 0.04, 'keyword_mentioned': 'recipe', 'message_length': 32}
2025-09-24 18:56:42 | INFO | {'message': 'I just loved game! It was exciting.', 'author': 'Bob', 'timestamp': '2025-09-24 18:56:42', 'category': 'gaming', 'sentiment': 0.79, 'keyword_mentioned': 'game', 'message_length': 35}
2025-09-24 18:56:47 | INFO | {'message': 'I just tried a trick! It was boring.', 'author': 'Eve', 'timestamp': '2025-09-24 18:56:47', 'category': 'other', 'sentiment': 0.51, 'keyword_mentioned': 'other', 'message_length': 36}
2025-09-24 18:56:52 | INFO | {'message': 'I just found a trick! It was weird.', 'author': 'Alice', 'timestamp': '2025-09-24 18:56:52', 'category': 'other', 'sentiment': 0.81, 'keyword_mentioned': 'other', 'message_length': 35}
2025-09-24 18:56:57 | INFO | {'message': 'I just shared recipe! It was funny.', 'author': 'Eve', 'timestamp': '2025-09-24 18:56:57', 'category': 'food', 'sentiment': 0.98, 'keyword_mentioned': 'recipe', 'message_length': 35}
2025-09-24 18:57:02 | INFO | {'message': 'I just found a story! It was exciting.', 'author': 'Charlie', 'timestamp': '2025-09-24 18:57:02', 'category': 'other', 'sentiment': 0.47, 'keyword_mentioned': 'other', 'message_length': 38}
2025-09-24 18:57:07 | INFO | {'message': 'I just loved Python! It was amazing.', 'author': 'Bob', 'timestamp': '2025-09-24 18:57:07', 'category': 'tech', 'sentiment': 0.3, 'keyword_mentioned': 'Python', 'message_length': 36}
2025-09-24 18:57:12 | INFO | {'message': 'I just tried a meme! It was funny.', 'author': 'Eve', 'timestamp': '2025-09-24 18:57:12', 'category': 'humor', 'sentiment': 0.99, 'keyword_mentioned': 'meme', 'message_length': 34}
2025-09-24 18:57:17 | INFO | {'message': 'I just shared game! It was boring.', 'author': 'Eve', 'timestamp': '2025-09-24 18:57:17', 'category': 'gaming', 'sentiment': 0.72, 'keyword_mentioned': 'game', 'message_length': 34}
2025-09-24 18:57:23 | INFO | {'message': 'I just tried JavaScript! It was boring.', 'author': 'Charlie', 'timestamp': '2025-09-24 18:57:23', 'category': 'tech', 'sentiment': 0.37, 'keyword_mentioned': 'JavaScript', 'message_length': 39}
2025-09-24 18:57:28 | INFO | {'message': 'I just saw travel! It was funny.', 'author': 'Charlie', 'timestamp': '2025-09-24 18:57:28', 'category': 'travel', 'sentiment': 0.44, 'keyword_mentioned': 'travel', 'message_length': 32}
2025-09-24 18:57:33 | INFO | {'message': 'I just found game! It was boring.', 'author': 'Alice', 'timestamp': '2025-09-24 18:57:33', 'category': 'gaming', 'sentiment': 0.82, 'keyword_mentioned': 'game', 'message_length': 33}
2025-09-24 18:57:38 | INFO | {'message': 'I just loved a story! It was boring.', 'author': 'Charlie', 'timestamp': '2025-09-24 18:57:38', 'category': 'other', 'sentiment': 0.41, 'keyword_mentioned': 'other', 'message_length': 36}
2025-09-24 18:57:43 | INFO | {'message': 'I just found an app! It was funny.', 'author': 'Eve', 'timestamp': '2025-09-24 18:57:43', 'category': 'other', 'sentiment': 0.48, 'keyword_mentioned': 'other', 'message_length': 34}
2025-09-24 18:57:48 | INFO | {'message': 'I just saw recipe! It was amazing.', 'author': 'Bob', 'timestamp': '2025-09-24 18:57:48', 'category': 'food', 'sentiment': 0.87, 'keyword_mentioned': 'recipe', 'message_length': 34}
2025-09-24 18:57:53 | INFO | {'message': 'I just tried recipe! It was amazing.', 'author': 'Eve', 'timestamp': '2025-09-24 18:57:53', 'category': 'food', 'sentiment': 0.6, 'keyword_mentioned': 'recipe', 'message_length': 36}
2025-09-24 18:57:58 | INFO | {'message': 'I just found travel! It was boring.', 'author': 'Eve', 'timestamp': '2025-09-24 18:57:58', 'category': 'travel', 'sentiment': 0.43, 'keyword_mentioned': 'travel', 'message_length': 35}
2025-09-24 18:58:03 | INFO | {'message': 'I just found game! It was funny.', 'author': 'Eve', 'timestamp': '2025-09-24 18:58:03', 'category': 'gaming', 'sentiment': 0.72, 'keyword_mentioned': 'game', 'message_length': 32}
2025-09-24 18:58:08 | INFO | {'message': 'I just shared a trick! It was funny.', 'author': 'Bob', 'timestamp': '2025-09-24 18:58:08', 'category': 'other', 'sentiment': 0.02, 'keyword_mentioned': 'other', 'message_length': 36}
2025-09-24 18:58:13 | INFO | {'message': 'I just loved a meme! It was weird.', 'author': 'Eve', 'timestamp': '2025-09-24 18:58:13', 'category': 'humor', 'sentiment': 0.97, 'keyword_mentioned': 'meme', 'message_length': 34}
2025-09-24 18:58:18 | INFO | {'message': 'I just tried a story! It was exciting.', 'author': 'Charlie', 'timestamp': '2025-09-24 18:58:18', 'category': 'other', 'sentiment': 0.66, 'keyword_mentioned': 'other', 'message_length': 38}
2025-09-24 18:58:23 | INFO | {'message': 'I just found travel! It was weird.', 'author': 'Eve', 'timestamp': '2025-09-24 18:58:23', 'category': 'travel', 'sentiment': 0.62, 'keyword_mentioned': 'travel', 'message_length': 34}
2025-09-24 18:58:28 | INFO | {'message': 'I just shared an app! It was boring.', 'author': 'Bob', 'timestamp': '2025-09-24 18:58:28', 'category': 'other', 'sentiment': 0.15, 'keyword_mentioned': 'other', 'message_length': 36}
2025-09-24 18:58:33 | INFO | {'message': 'I just loved an app! It was funny.', 'author': 'Charlie', 'timestamp': '2025-09-24 18:58:33', 'category': 'other', 'sentiment': 0.57, 'keyword_mentioned': 'other', 'message_length': 34}
2025-09-24 18:58:38 | INFO | {'message': 'I just shared an app! It was weird.', 'author': 'Eve', 'timestamp': '2025-09-24 18:58:38', 'category': 'other', 'sentiment': 0.42, 'keyword_mentioned': 'other', 'message_length': 35}
2025-09-24 18:58:43 | INFO | {'message': 'I just shared an app! It was exciting.', 'author': 'Eve', 'timestamp': '2025-09-24 18:58:43', 'category': 'other', 'sentiment': 0.41, 'keyword_mentioned': 'other', 'message_length': 38}
2025-09-24 18:58:48 | INFO | {'message': 'I just found an app! It was exciting.', 'author': 'Charlie', 'timestamp': '2025-09-24 18:58:48', 'category': 'other', 'sentiment': 0.44, 'keyword_mentioned': 'other', 'message_length': 37}
2025-09-24 18:58:54 | INFO | {'message': 'I just found a movie! It was boring.', 'author': 'Bob', 'timestamp': '2025-09-24 18:58:54', 'category': 'entertainment', 'sentiment': 0.73, 'keyword_mentioned': 'movie', 'message_length': 36}
2025-09-24 18:58:59 | INFO | {'message': 'I just shared a movie! It was exciting.', 'author': 'Charlie', 'timestamp': '2025-09-24 18:58:59', 'category': 'entertainment', 'sentiment': 0.55, 'keyword_mentioned': 'movie', 'message_length': 39}
2025-09-24 18:59:04 | INFO | {'message': 'I just saw a movie! It was weird.', 'author': 'Bob', 'timestamp': '2025-09-24 18:59:04', 'category': 'entertainment', 'sentiment': 0.81, 'keyword_mentioned': 'movie', 'message_length': 33}
2025-09-24 18:59:09 | INFO | {'message': 'I just saw game! It was boring.', 'author': 'Charlie', 'timestamp': '2025-09-24 18:59:09', 'category': 'gaming', 'sentiment': 0.6, 'keyword_mentioned': 'game', 'message_length': 31}
2025-09-24 18:59:14 | INFO | {'message': 'I just shared a movie! It was weird.', 'author': 'Bob', 'timestamp': '2025-09-24 18:59:14', 'category': 'entertainment', 'sentiment': 0.18, 'keyword_mentioned': 'movie', 'message_length': 36}
2025-09-24 18:59:19 | INFO | {'message': 'I just saw game! It was exciting.', 'author': 'Bob', 'timestamp': '2025-09-24 18:59:19', 'category': 'gaming', 'sentiment': 0.17, 'keyword_mentioned': 'game', 'message_length': 33}
2025-09-24 18:59:24 | INFO | {'message': 'I just tried Python! It was boring.', 'author': 'Eve', 'timestamp': '2025-09-24 18:59:24', 'category': 'tech', 'sentiment': 0.51, 'keyword_mentioned': 'Python', 'message_length': 35}
2025-09-24 18:59:29 | INFO | {'message': 'I just found a movie! It was boring.', 'author': 'Alice', 'timestamp': '2025-09-24 18:59:29', 'category': 'entertainment', 'sentiment': 0.99, 'keyword_mentioned': 'movie', 'message_length': 36}
2025-09-24 18:59:34 | INFO | {'message': 'I just loved recipe! It was funny.', 'author': 'Charlie', 'timestamp': '2025-09-24 18:59:34', 'category': 'food', 'sentiment': 0.36, 'keyword_mentioned': 'recipe', 'message_length': 34}
2025-09-24 18:59:39 | INFO | {'message': 'I just saw recipe! It was exciting.', 'author': 'Alice', 'timestamp': '2025-09-24 18:59:39', 'category': 'food', 'sentiment': 0.65, 'keyword_mentioned': 'recipe', 'message_length': 35}
2025-09-24 18:59:44 | INFO | {'message': 'I just loved a movie! It was funny.', 'author': 'Alice', 'timestamp': '2025-09-24 18:59:44', 'category': 'entertainment', 'sentiment': 0.37, 'keyword_mentioned': 'movie', 'message_length': 35}
2025-09-24 18:59:49 | INFO | {'message': 'I just tried a story! It was boring.', 'author': 'Charlie', 'timestamp': '2025-09-24 18:59:49', 'category': 'other', 'sentiment': 0.18, 'keyword_mentioned': 'other', 'message_length': 36}
2025-09-24 18:59:54 | INFO | {'message': 'I just tried a story! It was boring.', 'author': 'Eve', 'timestamp': '2025-09-24 18:59:54', 'category': 'other', 'sentiment': 0.75, 'keyword_mentioned': 'other', 'message_length': 36}
2025-09-24 18:59:59 | INFO | {'message': 'I just shared a story! It was boring.', 'author': 'Bob', 'timestamp': '2025-09-24 18:59:59', 'category': 'other', 'sentiment': 0.78, 'keyword_mentioned': 'other', 'message_length': 37}
2025-09-24 19:00:04 | INFO | {'message': 'I just tried a trick! It was weird.', 'author': 'Bob', 'timestamp': '2025-09-24 19:00:04', 'category': 'other', 'sentiment': 0.03, 'keyword_mentioned': 'other', 'message_length': 35}
2025-09-24 19:00:09 | INFO | {'message': 'I just found a movie! It was boring.', 'author': 'Bob', 'timestamp': '2025-09-24 19:00:09', 'category': 'entertainment', 'sentiment': 0.32, 'keyword_mentioned': 'movie', 'message_length': 36}
2025-09-24 19:00:14 | INFO | {'message': 'I just loved an app! It was exciting.', 'author': 'Bob', 'timestamp': '2025-09-24 19:00:14', 'category': 'other', 'sentiment': 0.31, 'keyword_mentioned': 'other', 'message_length': 37}
2025-09-24 19:00:19 | INFO | {'message': 'I just found JavaScript! It was boring.', 'author': 'Eve', 'timestamp': '2025-09-24 19:00:19', 'category': 'tech', 'sentiment': 0.03, 'keyword_mentioned': 'JavaScript', 'message_length': 39}
2025-09-24 19:00:25 | INFO | {'message': 'I just loved a story! It was exciting.', 'author': 'Charlie', 'timestamp': '2025-09-24 19:00:25', 'category': 'other', 'sentiment': 0.14, 'keyword_mentioned': 'other', 'message_length': 38}
2025-09-24 19:00:30 | INFO | {'message': 'I just shared a trick! It was amazing.', 'author': 'Bob', 'timestamp': '2025-09-24 19:00:30', 'category': 'other', 'sentiment': 0.92, 'keyword_mentioned': 'other', 'message_length': 38}
2025-09-24 19:00:35 | INFO | {'message': 'I just tried a story! It was amazing.', 'author': 'Eve', 'timestamp': '2025-09-24 19:00:35', 'category': 'other', 'sentiment': 0.99, 'keyword_mentioned': 'other', 'message_length': 37}
2025-09-24 19:00:40 | INFO | {'message': 'I just saw a story! It was weird.', 'author': 'Charlie', 'timestamp': '2025-09-24 19:00:40', 'category': 'other', 'sentiment': 0.81, 'keyword_mentioned': 'other', 'message_length': 33}
2025-09-24 19:00:45 | INFO | {'message': 'I just loved a movie! It was funny.', 'author': 'Alice', 'timestamp': '2025-09-24 19:00:45', 'category': 'entertainment', 'sentiment': 0.72, 'keyword_mentioned': 'movie', 'message_length': 35}
2025-09-24 19:00:50 | INFO | {'message': 'I just saw a story! It was amazing.', 'author': 'Charlie', 'timestamp': '2025-09-24 19:00:50', 'category': 'other', 'sentiment': 0.08, 'keyword_mentioned': 'other', 'message_length': 35}
2025-09-24 19:00:55 | INFO | {'message': 'I just loved a meme! It was exciting.', 'author': 'Charlie', 'timestamp': '2025-09-24 19:00:55', 'category': 'humor', 'sentiment': 0.31, 'keyword_mentioned': 'meme', 'message_length': 37}
2025-09-24 19:01:00 | INFO | {'message': 'I just saw a trick! It was exciting.', 'author': 'Charlie', 'timestamp': '2025-09-24 19:01:00', 'category': 'other', 'sentiment': 0.31, 'keyword_mentioned': 'other', 'message_length': 36}
2025-09-24 19:01:05 | INFO | {'message': 'I just tried Python! It was exciting.', 'author': 'Charlie', 'timestamp': '2025-09-24 19:01:05', 'category': 'tech', 'sentiment': 0.3, 'keyword_mentioned': 'Python', 'message_length': 37}
2025-09-24 19:01:10 | INFO | {'message': 'I just tried a meme! It was amazing.', 'author': 'Alice', 'timestamp': '2025-09-24 19:01:10', 'category': 'humor', 'sentiment': 0.67, 'keyword_mentioned': 'meme', 'message_length': 36}
2025-09-24 19:01:15 | INFO | {'message': 'I just tried a story! It was exciting.', 'author': 'Alice', 'timestamp': '2025-09-24 19:01:15', 'category': 'other', 'sentiment': 0.19, 'keyword_mentioned': 'other', 'message_length': 38}
2025-09-24 19:01:20 | INFO | {'message': 'I just saw Python! It was funny.', 'author': 'Eve', 'timestamp': '2025-09-24 19:01:20', 'category': 'tech', 'sentiment': 0.8, 'keyword_mentioned': 'Python', 'message_length': 32}
2025-09-24 19:01:25 | INFO | {'message': 'I just saw a movie! It was amazing.', 'author': 'Charlie', 'timestamp': '2025-09-24 19:01:25', 'category': 'entertainment', 'sentiment': 0.22, 'keyword_mentioned': 'movie', 'message_length': 35}
2025-09-24 19:01:30 | INFO | {'message': 'I just shared JavaScript! It was exciting.', 'author': 'Alice', 'timestamp': '2025-09-24 19:01:30', 'category': 'tech', 'sentiment': 0.48, 'keyword_mentioned': 'JavaScript', 'message_length': 42}
2025-09-24 19:01:35 | INFO | {'message': 'I just saw a meme! It was boring.', 'author': 'Charlie', 'timestamp': '2025-09-24 19:01:35', 'category': 'humor', 'sentiment': 0.71, 'keyword_mentioned': 'meme', 'message_length': 33}
2025-09-24 19:01:40 | INFO | {'message': 'I just saw an app! It was funny.', 'author': 'Charlie', 'timestamp': '2025-09-24 19:01:40', 'category': 'other', 'sentiment': 0.06, 'keyword_mentioned': 'other', 'message_length': 32}
2025-09-24 19:01:45 | INFO | {'message': 'I just found an app! It was boring.', 'author': 'Eve', 'timestamp': '2025-09-24 19:01:45', 'category': 'other', 'sentiment': 0.3, 'keyword_mentioned': 'other', 'message_length': 35}
2025-09-24 19:01:50 | INFO | {'message': 'I just saw game! It was boring.', 'author': 'Bob', 'timestamp': '2025-09-24 19:01:50', 'category': 'gaming', 'sentiment': 0.36, 'keyword_mentioned': 'game', 'message_length': 31}
2025-09-24 19:01:55 | INFO | {'message': 'I just loved recipe! It was funny.', 'author': 'Eve', 'timestamp': '2025-09-24 19:01:55', 'category': 'food', 'sentiment': 0.81, 'keyword_mentioned': 'recipe', 'message_length': 34}
2025-09-24 19:02:01 | INFO | {'message': 'I just found recipe! It was boring.', 'author': 'Bob', 'timestamp': '2025-09-24 19:02:01', 'category': 'food', 'sentiment': 0.36, 'keyword_mentioned': 'recipe', 'message_length': 35}
2025-09-24 19:02:06 | INFO | {'message': 'I just loved game! It was boring.', 'author': 'Alice', 'timestamp': '2025-09-24 19:02:06', 'category': 'gaming', 'sentiment': 0.0, 'keyword_mentioned': 'game', 'message_length': 33}
2025-09-24 19:02:11 | INFO | {'message': 'I just tried recipe! It was funny.', 'author': 'Eve', 'timestamp': '2025-09-24 19:02:11', 'category': 'food', 'sentiment': 0.96, 'keyword_mentioned': 'recipe', 'message_length': 34}
2025-09-24 19:02:16 | INFO | {'message': 'I just saw a story! It was exciting.', 'author': 'Eve', 'timestamp': '2025-09-24 19:02:16', 'category': 'other', 'sentiment': 0.82, 'keyword_mentioned': 'other', 'message_length': 36}
2025-09-24 19:02:21 | INFO | {'message': 'I just saw an app! It was weird.', 'author': 'Charlie', 'timestamp': '2025-09-24 19:02:21', 'category': 'other', 'sentiment': 0.24, 'keyword_mentioned': 'other', 'message_length': 32}
2025-09-24 19:02:26 | INFO | {'message': 'I just tried recipe! It was boring.', 'author': 'Eve', 'timestamp': '2025-09-24 19:02:26', 'category': 'food', 'sentiment': 0.75, 'keyword_mentioned': 'recipe', 'message_length': 35}
2025-09-24 19:02:31 | INFO | {'message': 'I just found an app! It was exciting.', 'author': 'Eve', 'timestamp': '2025-09-24 19:02:31', 'category': 'other', 'sentiment': 0.26, 'keyword_mentioned': 'other', 'message_length': 37}
2025-09-24 19:02:36 | INFO | {'message': 'I just found JavaScript! It was amazing.', 'author': 'Charlie', 'timestamp': '2025-09-24 19:02:36', 'category': 'tech', 'sentiment': 0.29, 'keyword_mentioned': 'JavaScript', 'message_length': 40}
2025-09-24 19:02:41 | INFO | {'message': 'I just tried a movie! It was boring.', 'author': 'Charlie', 'timestamp': '2025-09-24 19:02:41', 'category': 'entertainment', 'sentiment': 0.59, 'keyword_mentioned': 'movie', 'message_length': 36}
2025-09-24 19:02:46 | INFO | {'message': 'I just tried a story! It was exciting.', 'author': 'Bob', 'timestamp': '2025-09-24 19:02:46', 'category': 'other', 'sentiment': 0.34, 'keyword_mentioned': 'other', 'message_length': 38}
2025-09-24 19:02:51 | INFO | {'message': 'I just found a story! It was exciting.', 'author': 'Alice', 'timestamp': '2025-09-24 19:02:51', 'category': 'other', 'sentiment': 0.37, 'keyword_mentioned': 'other', 'message_length': 38}
2025-09-24 19:02:56 | INFO | {'message': 'I just shared a story! It was boring.', 'author': 'Bob', 'timestamp': '2025-09-24 19:02:56', 'category': 'other', 'sentiment': 0.66, 'keyword_mentioned': 'other', 'message_length': 37}
2025-09-24 19:03:01 | INFO | {'message': 'I just saw game! It was funny.', 'author': 'Eve', 'timestamp': '2025-09-24 19:03:01', 'category': 'gaming', 'sentiment': 0.19, 'keyword_mentioned': 'game', 'message_length': 30}
2025-09-24 19:03:06 | INFO | {'message': 'I just saw recipe! It was weird.', 'author': 'Bob', 'timestamp': '2025-09-24 19:03:06', 'category': 'food', 'sentiment': 0.36, 'keyword_mentioned': 'recipe', 'message_length': 32}
2025-09-24 19:03:11 | INFO | {'message': 'I just shared Python! It was weird.', 'author': 'Bob', 'timestamp': '2025-09-24 19:03:11', 'category': 'tech', 'sentiment': 0.64, 'keyword_mentioned': 'Python', 'message_length': 35}
2025-09-24 19:03:16 | INFO | {'message': 'I just found JavaScript! It was funny.', 'author': 'Eve', 'timestamp': '2025-09-24 19:03:16', 'category': 'tech', 'sentiment': 0.28, 'keyword_mentioned': 'JavaScript', 'message_length': 38}
2025-09-24 19:03:21 | INFO | {'message': 'I just found a story! It was amazing.', 'author': 'Eve', 'timestamp': '2025-09-24 19:03:21', 'category': 'other', 'sentiment': 0.67, 'keyword_mentioned': 'other', 'message_length': 37}
2025-09-24 19:03:26 | INFO | {'message': 'I just found game! It was exciting.', 'author': 'Charlie', 'timestamp': '2025-09-24 19:03:26', 'category': 'gaming', 'sentiment': 0.76, 'keyword_mentioned': 'game', 'message_length': 35}
2025-09-24 19:03:32 | INFO | {'message': 'I just shared JavaScript! It was weird.', 'author': 'Alice', 'timestamp': '2025-09-24 19:03:32', 'category': 'tech', 'sentiment': 0.21, 'keyword_mentioned': 'JavaScript', 'message_length': 39}
2025-09-24 19:03:37 | INFO | {'message': 'I just shared game! It was weird.', 'author': 'Charlie', 'timestamp': '2025-09-24 19:03:37', 'category': 'gaming', 'sentiment': 0.09, 'keyword_mentioned': 'game', 'message_length': 33}
2025-09-24 19:03:42 | INFO | {'message': 'I just found a trick! It was weird.', 'author': 'Bob', 'timestamp': '2025-09-24 19:03:42', 'category': 'other', 'sentiment': 0.36, 'keyword_mentioned': 'other', 'message_length': 35}
2025-09-24 19:03:47 | INFO | {'message': 'I just found an app! It was funny.', 'author': 'Charlie', 'timestamp': '2025-09-24 19:03:47', 'category': 'other', 'sentiment': 0.39, 'keyword_mentioned': 'other', 'message_length': 34}
2025-09-24 19:03:52 | INFO | {'message': 'I just loved an app! It was weird.', 'author': 'Bob', 'timestamp': '2025-09-24 19:03:52', 'category': 'other', 'sentiment': 0.89, 'keyword_mentioned': 'other', 'message_length': 34}
2025-09-24 19:03:57 | INFO | {'message': 'I just found a trick! It was exciting.', 'author': 'Eve', 'timestamp': '2025-09-24 19:03:57', 'category': 'other', 'sentiment': 0.33, 'keyword_mentioned': 'other', 'message_length': 38}
2025-09-24 19:04:02 | INFO | {'message': 'I just loved a movie! It was funny.', 'author': 'Eve', 'timestamp': '2025-09-24 19:04:02', 'category': 'entertainment', 'sentiment': 0.98, 'keyword_mentioned': 'movie', 'message_length': 35}
2025-09-24 19:04:07 | INFO | {'message': 'I just shared Python! It was funny.', 'author': 'Charlie', 'timestamp': '2025-09-24 19:04:07', 'category': 'tech', 'sentiment': 0.17, 'keyword_mentioned': 'Python', 'message_length': 35}
2025-09-24 19:04:12 | INFO | {'message': 'I just found a movie! It was amazing.', 'author': 'Eve', 'timestamp': '2025-09-24 19:04:12', 'category': 'entertainment', 'sentiment': 0.3, 'keyword_mentioned': 'movie', 'message_length': 37}
2025-09-24 19:04:17 | INFO | {'message': 'I just loved an app! It was boring.', 'author': 'Eve', 'timestamp': '2025-09-24 19:04:17', 'category': 'other', 'sentiment': 0.67, 'keyword_mentioned': 'other', 'message_length': 35}
2025-09-24 19:04:22 | INFO | {'message': 'I just loved a meme! It was weird.', 'author': 'Bob', 'timestamp': '2025-09-24 19:04:22', 'category': 'humor', 'sentiment': 0.98, 'keyword_mentioned': 'meme', 'message_length': 34}
2025-09-24 19:04:27 | INFO | {'message': 'I just shared JavaScript! It was exciting.', 'author': 'Charlie', 'timestamp': '2025-09-24 19:04:27', 'category': 'tech', 'sentiment': 0.21, 'keyword_mentioned': 'JavaScript', 'message_length': 42}
2025-09-24 19:04:32 | INFO | {'message': 'I just found an app! It was amazing.', 'author': 'Bob', 'timestamp': '2025-09-24 19:04:32', 'category': 'other', 'sentiment': 0.92, 'keyword_mentioned': 'other', 'message_length': 36}
2025-09-24 19:04:37 | INFO | {'message': 'I just shared recipe! It was amazing.', 'author': 'Eve', 'timestamp': '2025-09-24 19:04:37', 'category': 'food', 'sentiment': 0.69, 'keyword_mentioned': 'recipe', 'message_length': 37}
2025-09-24 19:04:42 | INFO | {'message': 'I just tried a story! It was weird.', 'author': 'Eve', 'timestamp': '2025-09-24 19:04:42', 'category': 'other', 'sentiment': 0.44, 'keyword_mentioned': 'other', 'message_length': 35}
2025-09-24 19:04:47 | INFO | {'message': 'I just shared game! It was amazing.', 'author': 'Charlie', 'timestamp': '2025-09-24 19:04:47', 'category': 'gaming', 'sentiment': 0.57, 'keyword_mentioned': 'game', 'message_length': 35}
2025-09-24 19:04:52 | INFO | {'message': 'I just saw travel! It was amazing.', 'author': 'Charlie', 'timestamp': '2025-09-24 19:04:52', 'category': 'travel', 'sentiment': 0.75, 'keyword_mentioned': 'travel', 'message_length': 34}
2025-09-24 19:04:57 | INFO | {'message': 'I just shared an app! It was funny.', 'author': 'Eve', 'timestamp': '2025-09-24 19:04:57', 'category': 'other', 'sentiment': 0.97, 'keyword_mentioned': 'other', 'message_length': 35}
2025-09-24 19:05:03 | INFO | {'message': 'I just tried game! It was boring.', 'author': 'Charlie', 'timestamp': '2025-09-24 19:05:03', 'category': 'gaming', 'sentiment': 0.31, 'keyword_mentioned': 'game', 'message_length': 33}
2025-09-24 19:05:08 | INFO | {'message': 'I just saw JavaScript! It was amazing.', 'author': 'Eve', 'timestamp': '2025-09-24 19:05:08', 'category': 'tech', 'sentiment': 0.11, 'keyword_mentioned': 'JavaScript', 'message_length': 38}
2025-09-24 19:05:13 | INFO | {'message': 'I just found a movie! It was boring.', 'author': 'Alice', 'timestamp': '2025-09-24 19:05:13', 'category': 'entertainment', 'sentiment': 0.84, 'keyword_mentioned': 'movie', 'message_length': 36}
2025-09-24 19:05:18 | INFO | {'message': 'I just saw an app! It was exciting.', 'author': 'Bob', 'timestamp': '2025-09-24 19:05:18', 'category': 'other', 'sentiment': 0.53, 'keyword_mentioned': 'other', 'message_length': 35}
2025-09-24 19:05:23 | INFO | {'message': 'I just found an app! It was funny.', 'author': 'Alice', 'timestamp': '2025-09-24 19:05:23', 'category': 'other', 'sentiment': 0.18, 'keyword_mentioned': 'other', 'message_length': 34}
2025-09-24 19:05:28 | INFO | {'message': 'I just shared travel! It was amazing.', 'author': 'Bob', 'timestamp': '2025-09-24 19:05:28', 'category': 'travel', 'sentiment': 0.49, 'keyword_mentioned': 'travel', 'message_length': 37}
2025-09-24 19:05:33 | INFO | {'message': 'I just shared JavaScript! It was amazing.', 'author': 'Charlie', 'timestamp': '2025-09-24 19:05:33', 'category': 'tech', 'sentiment': 0.4, 'keyword_mentioned': 'JavaScript', 'message_length': 41}
2025-09-24 19:05:38 | INFO | {'message': 'I just shared a meme! It was funny.', 'author': 'Eve', 'timestamp': '2025-09-24 19:05:38', 'category': 'humor', 'sentiment': 0.42, 'keyword_mentioned': 'meme', 'message_length': 35}
2025-09-24 19:05:43 | INFO | {'message': 'I just saw a story! It was funny.', 'author': 'Eve', 'timestamp': '2025-09-24 19:05:43', 'category': 'other', 'sentiment': 0.44, 'keyword_mentioned': 'other', 'message_length': 33}
2025-09-24 19:05:48 | INFO | {'message': 'I just loved game! It was funny.', 'author': 'Bob', 'timestamp': '2025-09-24 19:05:48', 'category': 'gaming', 'sentiment': 0.33, 'keyword_mentioned': 'game', 'message_length': 32}
2025-09-24 19:05:53 | INFO | {'message': 'I just saw recipe! It was boring.', 'author': 'Charlie', 'timestamp': '2025-09-24 19:05:53', 'category': 'food', 'sentiment': 0.34, 'keyword_mentioned': 'recipe', 'message_length': 33}
2025-09-24 19:05:58 | INFO | {'message': 'I just saw a meme! It was weird.', 'author': 'Bob', 'timestamp': '2025-09-24 19:05:58', 'category': 'humor', 'sentiment': 0.02, 'keyword_mentioned': 'meme', 'message_length': 32}
2025-09-24 19:06:03 | INFO | {'message': 'I just loved a meme! It was weird.', 'author': 'Charlie', 'timestamp': '2025-09-24 19:06:03', 'category': 'humor', 'sentiment': 0.84, 'keyword_mentioned': 'meme', 'message_length': 34}
2025-09-24 19:06:08 | INFO | {'message': 'I just shared recipe! It was boring.', 'author': 'Alice', 'timestamp': '2025-09-24 19:06:08', 'category': 'food', 'sentiment': 0.99, 'keyword_mentioned': 'recipe', 'message_length': 36}
2025-09-24 19:06:13 | INFO | {'message': 'I just shared an app! It was amazing.', 'author': 'Charlie', 'timestamp': '2025-09-24 19:06:13', 'category': 'other', 'sentiment': 0.89, 'keyword_mentioned': 'other', 'message_length': 37}
2025-09-24 19:06:18 | INFO | {'message': 'I just loved a trick! It was funny.', 'author': 'Charlie', 'timestamp': '2025-09-24 19:06:18', 'category': 'other', 'sentiment': 0.86, 'keyword_mentioned': 'other', 'message_length': 35}
2025-09-24 19:06:23 | INFO | {'message': 'I just loved game! It was funny.', 'author': 'Eve', 'timestamp': '2025-09-24 19:06:23', 'category': 'gaming', 'sentiment': 0.88, 'keyword_mentioned': 'game', 'message_length': 32}
2025-09-24 19:06:29 | INFO | {'message': 'I just saw recipe! It was weird.', 'author': 'Eve', 'timestamp': '2025-09-24 19:06:29', 'category': 'food', 'sentiment': 0.88, 'keyword_mentioned': 'recipe', 'message_length': 32}
2025-09-24 19:06:34 | INFO | {'message': 'I just found a meme! It was exciting.', 'author': 'Eve', 'timestamp': '2025-09-24 19:06:34', 'category': 'humor', 'sentiment': 0.66, 'keyword_mentioned': 'meme', 'message_length': 37}
2025-09-24 19:06:39 | INFO | {'message': 'I just loved a movie! It was weird.', 'author': 'Charlie', 'timestamp': '2025-09-24 19:06:39', 'category': 'entertainment', 'sentiment': 0.6, 'keyword_mentioned': 'movie', 'message_length': 35}
2025-09-24 19:06:44 | INFO | {'message': 'I just shared game! It was funny.', 'author': 'Charlie', 'timestamp': '2025-09-24 19:06:44', 'category': 'gaming', 'sentiment': 0.59, 'keyword_mentioned': 'game', 'message_length': 33}
2025-09-24 19:06:49 | INFO | {'message': 'I just found a trick! It was boring.', 'author': 'Charlie', 'timestamp': '2025-09-24 19:06:49', 'category': 'other', 'sentiment': 0.4, 'keyword_mentioned': 'other', 'message_length': 36}
2025-09-24 19:06:54 | INFO | {'message': 'I just shared an app! It was exciting.', 'author': 'Eve', 'timestamp': '2025-09-24 19:06:54', 'category': 'other', 'sentiment': 0.45, 'keyword_mentioned': 'other', 'message_length': 38}
2025-09-24 19:06:59 | INFO | {'message': 'I just tried a meme! It was amazing.', 'author': 'Eve', 'timestamp': '2025-09-24 19:06:59', 'category': 'humor', 'sentiment': 0.06, 'keyword_mentioned': 'meme', 'message_length': 36}
2025-09-24 19:07:04 | INFO | {'message': 'I just found a meme! It was amazing.', 'author': 'Charlie', 'timestamp': '2025-09-24 19:07:04', 'category': 'humor', 'sentiment': 0.04, 'keyword_mentioned': 'meme', 'message_length': 36}
2025-09-24 19:07:09 | INFO | {'message': 'I just saw an app! It was exciting.', 'author': 'Eve', 'timestamp': '2025-09-24 19:07:09', 'category': 'other', 'sentiment': 0.53, 'keyword_mentioned': 'other', 'message_length': 35}
2025-09-24 19:07:14 | INFO | {'message': 'I just found Python! It was exciting.', 'author': 'Bob', 'timestamp': '2025-09-24 19:07:14', 'category': 'tech', 'sentiment': 0.09, 'keyword_mentioned': 'Python', 'message_length': 37}
2025-09-24 19:07:19 | INFO | {'message': 'I just tried Python! It was boring.', 'author': 'Eve', 'timestamp': '2025-09-24 19:07:19', 'category': 'tech', 'sentiment': 0.36, 'keyword_mentioned': 'Python', 'message_length': 35}
2025-09-24 19:07:24 | INFO | {'message': 'I just saw a story! It was boring.', 'author': 'Charlie', 'timestamp': '2025-09-24 19:07:24', 'category': 'other', 'sentiment': 0.37, 'keyword_mentioned': 'other', 'message_length': 34}
2025-09-24 19:07:29 | INFO | {'message': 'I just shared an app! It was boring.', 'author': 'Charlie', 'timestamp': '2025-09-24 19:07:29', 'category': 'other', 'sentiment': 0.05, 'keyword_mentioned': 'other', 'message_length': 36}
2025-09-24 19:07:34 | INFO | {'message': 'I just found travel! It was exciting.', 'author': 'Eve', 'timestamp': '2025-09-24 19:07:34', 'category': 'travel', 'sentiment': 0.86, 'keyword_mentioned': 'travel', 'message_length': 37}
2025-09-24 19:07:39 | INFO | {'message': 'I just tried a story! It was boring.', 'author': 'Charlie', 'timestamp': '2025-09-24 19:07:39', 'category': 'other', 'sentiment': 0.52, 'keyword_mentioned': 'other', 'message_length': 36}
2025-09-24 19:07:44 | INFO | {'message': 'I just saw an app! It was exciting.', 'author': 'Alice', 'timestamp': '2025-09-24 19:07:44', 'category': 'other', 'sentiment': 0.6, 'keyword_mentioned': 'other', 'message_length': 35}
2025-09-24 19:07:49 | INFO | {'message': 'I just tried a trick! It was boring.', 'author': 'Charlie', 'timestamp': '2025-09-24 19:07:49', 'category': 'other', 'sentiment': 0.64, 'keyword_mentioned': 'other', 'message_length': 36}
2025-09-24 19:07:54 | INFO | {'message': 'I just loved travel! It was funny.', 'author': 'Bob', 'timestamp': '2025-09-24 19:07:54', 'category': 'travel', 'sentiment': 0.54, 'keyword_mentioned': 'travel', 'message_length': 34}
2025-09-24 19:07:59 | INFO | {'message': 'I just saw travel! It was funny.', 'author': 'Bob', 'timestamp': '2025-09-24 19:07:59', 'category': 'travel', 'sentiment': 0.81, 'keyword_mentioned': 'travel', 'message_length': 32}
2025-09-24 19:08:02 | INFO | Logging to file: logs/project_log.log
2025-09-24 19:08:02 | INFO | Log sanitization enabled, personal info removed
2025-09-24 19:08:02 | INFO | Starting DuckDB db testing.
2025-09-24 19:08:02 | INFO | Using DuckDB file at: data/buzz.duckdb
2025-09-24 19:08:02 | INFO | Calling DuckDB init_db() with {db_path=}.
2025-09-24 19:08:02 | INFO | SUCCESS: Connected to DuckDB.
2025-09-24 19:08:02 | INFO | SUCCESS: Table 'streamed_messages' ready at data/buzz.duckdb.
2025-09-24 19:08:02 | INFO | Calling DuckDB insert_message() with:
2025-09-24 19:08:02 | INFO | message={'message': 'I just shared a meme! It was amazing.', 'author': 'Charlie', 'timestamp': '2025-01-29 14:35:20', 'category': 'humor', 'sentiment': 0.87, 'keyword_mentioned': 'meme', 'message_length': 42}
2025-09-24 19:08:02 | INFO | db_path=WindowsPath('data/buzz.duckdb')
2025-09-24 19:08:02 | ERROR | ERROR: Failed to insert message into DuckDB: Constraint Error: NOT NULL constraint failed: streamed_messages.id
2025-09-24 19:08:02 | WARNING | Test row not found; nothing to delete.
2025-09-24 19:08:02 | INFO | Finished DuckDB db testing.
2025-09-24 19:08:04 | INFO | {'message': 'I just found JavaScript! It was exciting.', 'author': 'Alice', 'timestamp': '2025-09-24 19:08:04', 'category': 'tech', 'sentiment': 0.51, 'keyword_mentioned': 'JavaScript', 'message_length': 41}
2025-09-24 19:08:04 | ERROR | [duckdb_emitter] failed to insert into data/buzz.duckdb: Constraint Error: NOT NULL constraint failed: streamed_messages.id
2025-09-24 19:08:09 | INFO | {'message': 'I just saw a story! It was weird.', 'author': 'Charlie', 'timestamp': '2025-09-24 19:08:09', 'category': 'other', 'sentiment': 0.32, 'keyword_mentioned': 'other', 'message_length': 33}
2025-09-24 19:08:10 | ERROR | [duckdb_emitter] failed to insert into data/buzz.duckdb: Constraint Error: NOT NULL constraint failed: streamed_messages.id
2025-09-24 19:08:15 | INFO | {'message': 'I just saw a meme! It was weird.', 'author': 'Bob', 'timestamp': '2025-09-24 19:08:15', 'category': 'humor', 'sentiment': 0.36, 'keyword_mentioned': 'meme', 'message_length': 32}
2025-09-24 19:08:15 | ERROR | [duckdb_emitter] failed to insert into data/buzz.duckdb: Constraint Error: NOT NULL constraint failed: streamed_messages.id
2025-09-24 19:08:20 | INFO | {'message': 'I just loved an app! It was amazing.', 'author': 'Bob', 'timestamp': '2025-09-24 19:08:20', 'category': 'other', 'sentiment': 0.32, 'keyword_mentioned': 'other', 'message_length': 36}
2025-09-24 19:08:20 | ERROR | [duckdb_emitter] failed to insert into data/buzz.duckdb: Constraint Error: NOT NULL constraint failed: streamed_messages.id
2025-09-24 19:08:20 | INFO | Logging to file: logs/project_log.log
2025-09-24 19:08:20 | INFO | Log sanitization enabled, personal info removed
2025-09-24 19:08:20 | INFO | Starting DuckDB db testing.
2025-09-24 19:08:20 | INFO | Using DuckDB file at: data/buzz.duckdb
2025-09-24 19:08:20 | INFO | Calling DuckDB init_db() with {db_path=}.
2025-09-24 19:08:20 | INFO | SUCCESS: Connected to DuckDB.
2025-09-24 19:08:20 | ERROR | ERROR: Failed to initialize DuckDB at data/buzz.duckdb: Parser Error: syntax error at or near "AUTO_INCREMENT"

LINE 3:                 id BIGINT PRIMARY KEY AUTO_INCREMENT,
                                              ^
2025-09-24 19:08:20 | INFO | Calling DuckDB insert_message() with:
2025-09-24 19:08:20 | INFO | message={'message': 'I just shared a meme! It was amazing.', 'author': 'Charlie', 'timestamp': '2025-01-29 14:35:20', 'category': 'humor', 'sentiment': 0.87, 'keyword_mentioned': 'meme', 'message_length': 42}
2025-09-24 19:08:20 | INFO | db_path=WindowsPath('data/buzz.duckdb')
2025-09-24 19:08:20 | ERROR | ERROR: Failed to insert message into DuckDB: Catalog Error: Table with name streamed_messages does not exist!
Did you mean "sqlite_temp_master"?
2025-09-24 19:08:21 | ERROR | ERROR: Verification SELECT failed: Catalog Error: Table with name streamed_messages does not exist!
Did you mean "sqlite_temp_master"?

LINE 3:             FROM streamed_messages
                         ^
2025-09-24 19:08:21 | INFO | Finished DuckDB db testing.
2025-09-24 19:08:25 | INFO | {'message': 'I just loved an app! It was boring.', 'author': 'Charlie', 'timestamp': '2025-09-24 19:08:25', 'category': 'other', 'sentiment': 0.51, 'keyword_mentioned': 'other', 'message_length': 35}
2025-09-24 19:08:30 | INFO | {'message': 'I just tried game! It was weird.', 'author': 'Alice', 'timestamp': '2025-09-24 19:08:30', 'category': 'gaming', 'sentiment': 0.25, 'keyword_mentioned': 'game', 'message_length': 32}
2025-09-24 19:08:35 | INFO | {'message': 'I just shared a meme! It was amazing.', 'author': 'Alice', 'timestamp': '2025-09-24 19:08:35', 'category': 'humor', 'sentiment': 0.1, 'keyword_mentioned': 'meme', 'message_length': 37}
2025-09-24 19:08:40 | INFO | {'message': 'I just shared recipe! It was exciting.', 'author': 'Eve', 'timestamp': '2025-09-24 19:08:40', 'category': 'food', 'sentiment': 0.78, 'keyword_mentioned': 'recipe', 'message_length': 38}
2025-09-24 19:08:45 | INFO | {'message': 'I just shared game! It was weird.', 'author': 'Bob', 'timestamp': '2025-09-24 19:08:45', 'category': 'gaming', 'sentiment': 0.25, 'keyword_mentioned': 'game', 'message_length': 33}
2025-09-24 19:08:47 | INFO | Logging to file: logs/project_log.log
2025-09-24 19:08:47 | INFO | Log sanitization enabled, personal info removed
2025-09-24 19:08:47 | INFO | Starting DuckDB db testing.
2025-09-24 19:08:47 | INFO | Using DuckDB file at: data/buzz.duckdb
2025-09-24 19:08:47 | INFO | Calling DuckDB init_db() with {db_path=}.
2025-09-24 19:08:47 | INFO | SUCCESS: Connected to DuckDB.
2025-09-24 19:08:47 | ERROR | ERROR: Failed to initialize DuckDB at data/buzz.duckdb: Parser Error: syntax error at or near "GENERATED"

LINE 3:                 id BIGINT PRIMARY KEY GENERATED ALWAYS AS IDENTITY,
                                              ^
2025-09-24 19:08:47 | INFO | Calling DuckDB insert_message() with:
2025-09-24 19:08:47 | INFO | message={'message': 'I just shared a meme! It was amazing.', 'author': 'Charlie', 'timestamp': '2025-01-29 14:35:20', 'category': 'humor', 'sentiment': 0.87, 'keyword_mentioned': 'meme', 'message_length': 42}
2025-09-24 19:08:47 | INFO | db_path=WindowsPath('data/buzz.duckdb')
2025-09-24 19:08:47 | ERROR | ERROR: Failed to insert message into DuckDB: Catalog Error: Table with name streamed_messages does not exist!
Did you mean "sqlite_temp_master"?
2025-09-24 19:08:47 | ERROR | ERROR: Verification SELECT failed: Catalog Error: Table with name streamed_messages does not exist!
Did you mean "sqlite_temp_master"?

LINE 3:             FROM streamed_messages
                         ^
2025-09-24 19:08:47 | INFO | Finished DuckDB db testing.
2025-09-24 19:08:50 | INFO | {'message': 'I just saw a meme! It was exciting.', 'author': 'Eve', 'timestamp': '2025-09-24 19:08:50', 'category': 'humor', 'sentiment': 0.17, 'keyword_mentioned': 'meme', 'message_length': 35}
2025-09-24 19:08:55 | INFO | {'message': 'I just saw JavaScript! It was funny.', 'author': 'Eve', 'timestamp': '2025-09-24 19:08:55', 'category': 'tech', 'sentiment': 0.43, 'keyword_mentioned': 'JavaScript', 'message_length': 36}
2025-09-24 19:09:00 | INFO | {'message': 'I just saw recipe! It was weird.', 'author': 'Charlie', 'timestamp': '2025-09-24 19:09:00', 'category': 'food', 'sentiment': 0.58, 'keyword_mentioned': 'recipe', 'message_length': 32}
2025-09-24 19:09:02 | INFO | Logging to file: logs/project_log.log
2025-09-24 19:09:02 | INFO | Log sanitization enabled, personal info removed
2025-09-24 19:09:02 | INFO | Starting DuckDB db testing.
2025-09-24 19:09:02 | INFO | Using DuckDB file at: data/buzz.duckdb
2025-09-24 19:09:02 | INFO | Calling DuckDB init_db() with {db_path=}.
2025-09-24 19:09:02 | INFO | SUCCESS: Connected to DuckDB.
2025-09-24 19:09:02 | INFO | SUCCESS: Table 'streamed_messages' ready at data/buzz.duckdb.
2025-09-24 19:09:02 | INFO | Calling DuckDB insert_message() with:
2025-09-24 19:09:02 | INFO | message={'message': 'I just shared a meme! It was amazing.', 'author': 'Charlie', 'timestamp': '2025-01-29 14:35:20', 'category': 'humor', 'sentiment': 0.87, 'keyword_mentioned': 'meme', 'message_length': 42}
2025-09-24 19:09:02 | INFO | db_path=WindowsPath('data/buzz.duckdb')
2025-09-24 19:09:02 | ERROR | ERROR: Failed to insert message into DuckDB: Constraint Error: NOT NULL constraint failed: streamed_messages.id
2025-09-24 19:09:02 | WARNING | Test row not found; nothing to delete.
2025-09-24 19:09:02 | INFO | Finished DuckDB db testing.
2025-09-24 19:09:05 | INFO | {'message': 'I just shared travel! It was exciting.', 'author': 'Bob', 'timestamp': '2025-09-24 19:09:05', 'category': 'travel', 'sentiment': 0.03, 'keyword_mentioned': 'travel', 'message_length': 38}
2025-09-24 19:09:05 | ERROR | [duckdb_emitter] failed to insert into data/buzz.duckdb: Constraint Error: NOT NULL constraint failed: streamed_messages.id
2025-09-24 19:09:10 | INFO | {'message': 'I just saw a movie! It was boring.', 'author': 'Bob', 'timestamp': '2025-09-24 19:09:10', 'category': 'entertainment', 'sentiment': 0.9, 'keyword_mentioned': 'movie', 'message_length': 34}
2025-09-24 19:09:10 | ERROR | [duckdb_emitter] failed to insert into data/buzz.duckdb: Constraint Error: NOT NULL constraint failed: streamed_messages.id
2025-09-24 19:09:15 | INFO | {'message': 'I just saw a trick! It was weird.', 'author': 'Eve', 'timestamp': '2025-09-24 19:09:15', 'category': 'other', 'sentiment': 0.8, 'keyword_mentioned': 'other', 'message_length': 33}
2025-09-24 19:09:15 | ERROR | [duckdb_emitter] failed to insert into data/buzz.duckdb: Constraint Error: NOT NULL constraint failed: streamed_messages.id
2025-09-24 19:09:20 | INFO | {'message': 'I just tried a story! It was funny.', 'author': 'Bob', 'timestamp': '2025-09-24 19:09:20', 'category': 'other', 'sentiment': 0.93, 'keyword_mentioned': 'other', 'message_length': 35}
2025-09-24 19:09:20 | ERROR | [duckdb_emitter] failed to insert into data/buzz.duckdb: Constraint Error: NOT NULL constraint failed: streamed_messages.id
2025-09-24 19:09:21 | INFO | Logging to file: logs/project_log.log
2025-09-24 19:09:21 | INFO | Log sanitization enabled, personal info removed
2025-09-24 19:09:21 | INFO | Starting DuckDB db testing.
2025-09-24 19:09:21 | INFO | Using DuckDB file at: data/buzz.duckdb
2025-09-24 19:09:21 | INFO | Calling DuckDB init_db() with {db_path=}.
2025-09-24 19:09:21 | INFO | SUCCESS: Connected to DuckDB.
2025-09-24 19:09:21 | INFO | SUCCESS: Table 'streamed_messages' ready at data/buzz.duckdb.
2025-09-24 19:09:21 | INFO | Calling DuckDB insert_message() with:
2025-09-24 19:09:21 | INFO | message={'message': 'I just shared a meme! It was amazing.', 'author': 'Charlie', 'timestamp': '2025-01-29 14:35:20', 'category': 'humor', 'sentiment': 0.87, 'keyword_mentioned': 'meme', 'message_length': 42}
2025-09-24 19:09:21 | INFO | db_path=WindowsPath('data/buzz.duckdb')
2025-09-24 19:09:22 | ERROR | ERROR: Failed to insert message into DuckDB: Constraint Error: NOT NULL constraint failed: streamed_messages.id
2025-09-24 19:09:22 | WARNING | Test row not found; nothing to delete.
2025-09-24 19:09:22 | INFO | Finished DuckDB db testing.
2025-09-24 19:09:25 | INFO | {'message': 'I just found travel! It was funny.', 'author': 'Charlie', 'timestamp': '2025-09-24 19:09:25', 'category': 'travel', 'sentiment': 0.58, 'keyword_mentioned': 'travel', 'message_length': 34}
2025-09-24 19:09:25 | ERROR | [duckdb_emitter] failed to insert into data/buzz.duckdb: Constraint Error: NOT NULL constraint failed: streamed_messages.id
2025-09-24 19:09:30 | INFO | {'message': 'I just tried Python! It was funny.', 'author': 'Eve', 'timestamp': '2025-09-24 19:09:30', 'category': 'tech', 'sentiment': 0.74, 'keyword_mentioned': 'Python', 'message_length': 34}
2025-09-24 19:09:30 | ERROR | [duckdb_emitter] failed to insert into data/buzz.duckdb: Constraint Error: NOT NULL constraint failed: streamed_messages.id
2025-09-24 19:09:35 | INFO | {'message': 'I just found recipe! It was funny.', 'author': 'Alice', 'timestamp': '2025-09-24 19:09:35', 'category': 'food', 'sentiment': 0.79, 'keyword_mentioned': 'recipe', 'message_length': 34}
2025-09-24 19:09:35 | ERROR | [duckdb_emitter] failed to insert into data/buzz.duckdb: Constraint Error: NOT NULL constraint failed: streamed_messages.id
2025-09-24 19:09:40 | INFO | {'message': 'I just shared travel! It was amazing.', 'author': 'Alice', 'timestamp': '2025-09-24 19:09:40', 'category': 'travel', 'sentiment': 0.13, 'keyword_mentioned': 'travel', 'message_length': 37}
2025-09-24 19:09:40 | ERROR | [duckdb_emitter] failed to insert into data/buzz.duckdb: Constraint Error: NOT NULL constraint failed: streamed_messages.id
2025-09-24 19:09:45 | INFO | {'message': 'I just loved a story! It was boring.', 'author': 'Charlie', 'timestamp': '2025-09-24 19:09:45', 'category': 'other', 'sentiment': 0.11, 'keyword_mentioned': 'other', 'message_length': 36}
2025-09-24 19:09:45 | ERROR | [duckdb_emitter] failed to insert into data/buzz.duckdb: Constraint Error: NOT NULL constraint failed: streamed_messages.id
2025-09-24 19:09:50 | INFO | {'message': 'I just saw a movie! It was exciting.', 'author': 'Bob', 'timestamp': '2025-09-24 19:09:50', 'category': 'entertainment', 'sentiment': 0.79, 'keyword_mentioned': 'movie', 'message_length': 36}
2025-09-24 19:09:51 | ERROR | [duckdb_emitter] failed to insert into data/buzz.duckdb: Constraint Error: NOT NULL constraint failed: streamed_messages.id
2025-09-24 19:09:56 | INFO | {'message': 'I just loved JavaScript! It was funny.', 'author': 'Bob', 'timestamp': '2025-09-24 19:09:56', 'category': 'tech', 'sentiment': 0.35, 'keyword_mentioned': 'JavaScript', 'message_length': 38}
2025-09-24 19:09:56 | ERROR | [duckdb_emitter] failed to insert into data/buzz.duckdb: Constraint Error: NOT NULL constraint failed: streamed_messages.id
2025-09-24 19:10:01 | INFO | {'message': 'I just loved an app! It was exciting.', 'author': 'Alice', 'timestamp': '2025-09-24 19:10:01', 'category': 'other', 'sentiment': 0.24, 'keyword_mentioned': 'other', 'message_length': 37}
2025-09-24 19:10:01 | ERROR | [duckdb_emitter] failed to insert into data/buzz.duckdb: Constraint Error: NOT NULL constraint failed: streamed_messages.id
2025-09-24 19:10:06 | INFO | {'message': 'I just shared a trick! It was weird.', 'author': 'Alice', 'timestamp': '2025-09-24 19:10:06', 'category': 'other', 'sentiment': 0.63, 'keyword_mentioned': 'other', 'message_length': 36}
2025-09-24 19:10:06 | ERROR | [duckdb_emitter] failed to insert into data/buzz.duckdb: Constraint Error: NOT NULL constraint failed: streamed_messages.id
2025-09-24 19:10:11 | INFO | {'message': 'I just found recipe! It was funny.', 'author': 'Bob', 'timestamp': '2025-09-24 19:10:11', 'category': 'food', 'sentiment': 0.05, 'keyword_mentioned': 'recipe', 'message_length': 34}
2025-09-24 19:10:11 | ERROR | [duckdb_emitter] failed to insert into data/buzz.duckdb: Constraint Error: NOT NULL constraint failed: streamed_messages.id
2025-09-24 19:10:16 | INFO | {'message': 'I just tried a story! It was exciting.', 'author': 'Bob', 'timestamp': '2025-09-24 19:10:16', 'category': 'other', 'sentiment': 0.44, 'keyword_mentioned': 'other', 'message_length': 38}
2025-09-24 19:10:16 | ERROR | [duckdb_emitter] failed to insert into data/buzz.duckdb: Constraint Error: NOT NULL constraint failed: streamed_messages.id
2025-09-24 19:10:21 | INFO | {'message': 'I just found Python! It was funny.', 'author': 'Eve', 'timestamp': '2025-09-24 19:10:21', 'category': 'tech', 'sentiment': 0.42, 'keyword_mentioned': 'Python', 'message_length': 34}
