2025-09-23 20:56:14 | INFO | {'message': 'I just shared a movie! It was amazing.', 'author': 'Eve', 'timestamp': '2025-09-23 20:56:14', 'category': 'entertainment', 'sentiment': 0.37, 'keyword_mentioned': 'movie', 'message_length': 38}
2025-09-23 20:56:19 | INFO | {'message': 'I just shared an app! It was exciting.', 'author': 'Bob', 'timestamp': '2025-09-23 20:56:19', 'category': 'other', 'sentiment': 0.03, 'keyword_mentioned': 'other', 'message_length': 38}
2025-09-23 20:56:22 | INFO | Logging to file: logs/project_log.log
2025-09-23 20:56:22 | INFO | Log sanitization enabled, personal info removed
2025-09-23 20:56:22 | INFO | Starting Consumer to run continuously.
2025-09-23 20:56:22 | INFO | Things can fail or get interrupted, so use a try block.
2025-09-23 20:56:22 | INFO | Moved .env variables into a utils config module.
2025-09-23 20:56:22 | INFO | STEP 1. Read environment variables using new config functions.
2025-09-23 20:56:22 | INFO | BUZZ_TOPIC: buzzline
2025-09-23 20:56:22 | INFO | KAFKA_BROKER_ADDRESS: 127.0.0.1:9092
2025-09-23 20:56:22 | INFO | BUZZ_CONSUMER_GROUP_ID: buzz_group
2025-09-23 20:56:22 | INFO | MESSAGE_INTERVAL_SECONDS: 5
2025-09-23 20:56:22 | INFO | BASE_DATA_DIR: PROJECT_ROOT/data
2025-09-23 20:56:22 | INFO | SQLITE_PATH: PROJECT_ROOT/data/buzz.sqlite
2025-09-23 20:56:22 | INFO | SUCCESS: Read environment variables.
2025-09-23 20:56:22 | INFO | STEP 2. Delete any prior database file for a fresh start.
2025-09-23 20:56:22 | INFO | SUCCESS: Deleted database file.
2025-09-23 20:56:22 | INFO | STEP 3. Initialize a new database with an empty table.
2025-09-23 20:56:22 | INFO | Calling SQLite init_db() with {db_path=}.
2025-09-23 20:56:22 | INFO | SUCCESS: Got a cursor to execute SQL.
2025-09-23 20:56:22 | INFO | SUCCESS: Database initialized and table ready at PROJECT_ROOT/data/buzz.sqlite.
2025-09-23 20:56:22 | INFO | STEP 4. Begin consuming and storing messages.
2025-09-23 20:56:22 | INFO | Called consume_messages_from_kafka() with:
2025-09-23 20:56:22 | INFO |    topic='buzzline'
2025-09-23 20:56:22 | INFO |    kafka_url='127.0.0.1:9092'
2025-09-23 20:56:22 | INFO |    group='buzz_group'
2025-09-23 20:56:22 | INFO |    sql_path=WindowsPath('C:/Projects/buzzline-05-fintel/data/buzz.sqlite')
2025-09-23 20:56:22 | INFO |    interval_secs=5
2025-09-23 20:56:22 | INFO | Step 1. Verify Kafka Services.
2025-09-23 20:56:22 | INFO | Kafka broker address: localhost:9092
2025-09-23 20:56:22 | INFO | Kafka is ready. Brokers: {'throttle_time_ms': 0, 'brokers': [{'node_id': 1, 'host': 'localhost', 'port': 9092, 'rack': None}], 'cluster_id': 'JjY4WKawQ-GFC8VniCM2Xw', 'controller_id': 1}
2025-09-23 20:56:22 | INFO | Step 2. Create a Kafka consumer.
2025-09-23 20:56:22 | INFO | Kafka broker address: localhost:9092
2025-09-23 20:56:22 | INFO | Creating Kafka consumer. Topic='buzzline' and group ID='buzz_group'.
2025-09-23 20:56:22 | INFO | Kafka consumer created successfully.
2025-09-23 20:56:22 | INFO | Step 3. Verify topic exists.
2025-09-23 20:56:22 | INFO | Kafka broker address: localhost:9092
2025-09-23 20:56:22 | INFO | Kafka topic 'buzzline' is ready.
2025-09-23 20:56:22 | INFO | Step 4. Process messages.
2025-09-23 20:56:22 | ERROR | ERROR: Could not consume messages from Kafka: Invalid file descriptor: -1
2025-09-23 20:56:22 | ERROR | Unexpected error: Invalid file descriptor: -1
2025-09-23 20:56:22 | INFO | Consumer shutting down.
2025-09-23 20:56:24 | INFO | {'message': 'I just tried game! It was boring.', 'author': 'Bob', 'timestamp': '2025-09-23 20:56:24', 'category': 'gaming', 'sentiment': 0.72, 'keyword_mentioned': 'game', 'message_length': 33}
2025-09-23 20:56:29 | INFO | {'message': 'I just loved Python! It was exciting.', 'author': 'Bob', 'timestamp': '2025-09-23 20:56:29', 'category': 'tech', 'sentiment': 0.95, 'keyword_mentioned': 'Python', 'message_length': 37}
2025-09-23 20:56:34 | INFO | {'message': 'I just shared a trick! It was amazing.', 'author': 'Alice', 'timestamp': '2025-09-23 20:56:34', 'category': 'other', 'sentiment': 0.56, 'keyword_mentioned': 'other', 'message_length': 38}
2025-09-23 20:56:39 | INFO | {'message': 'I just saw Python! It was funny.', 'author': 'Eve', 'timestamp': '2025-09-23 20:56:39', 'category': 'tech', 'sentiment': 0.82, 'keyword_mentioned': 'Python', 'message_length': 32}
2025-09-23 20:56:44 | INFO | {'message': 'I just loved JavaScript! It was boring.', 'author': 'Alice', 'timestamp': '2025-09-23 20:56:44', 'category': 'tech', 'sentiment': 0.26, 'keyword_mentioned': 'JavaScript', 'message_length': 39}
2025-09-23 20:56:49 | INFO | {'message': 'I just saw a movie! It was weird.', 'author': 'Bob', 'timestamp': '2025-09-23 20:56:49', 'category': 'entertainment', 'sentiment': 0.74, 'keyword_mentioned': 'movie', 'message_length': 33}
2025-09-23 20:56:54 | INFO | {'message': 'I just tried recipe! It was funny.', 'author': 'Bob', 'timestamp': '2025-09-23 20:56:54', 'category': 'food', 'sentiment': 0.1, 'keyword_mentioned': 'recipe', 'message_length': 34}
2025-09-23 20:56:59 | INFO | {'message': 'I just loved Python! It was weird.', 'author': 'Bob', 'timestamp': '2025-09-23 20:56:59', 'category': 'tech', 'sentiment': 0.43, 'keyword_mentioned': 'Python', 'message_length': 34}
2025-09-23 20:57:04 | INFO | {'message': 'I just found a movie! It was amazing.', 'author': 'Charlie', 'timestamp': '2025-09-23 20:57:04', 'category': 'entertainment', 'sentiment': 0.9, 'keyword_mentioned': 'movie', 'message_length': 37}
2025-09-23 20:57:05 | WARNING | Producer interrupted by user.
2025-09-23 20:57:05 | INFO | Producer shutting down.
2025-09-23 20:57:53 | INFO | Logging to file: logs/project_log.log
2025-09-23 20:57:53 | INFO | Log sanitization enabled, personal info removed
2025-09-23 20:58:06 | INFO | Logging to file: logs/project_log.log
2025-09-23 20:58:06 | INFO | Log sanitization enabled, personal info removed
2025-09-23 20:58:23 | INFO | Logging to file: logs/project_log.log
2025-09-23 20:58:23 | INFO | Log sanitization enabled, personal info removed
2025-09-23 20:58:23 | INFO | Starting Producer to run continuously.
2025-09-23 20:58:23 | INFO | Use Ctrl+C to stop.
2025-09-23 20:58:23 | INFO | MESSAGE_INTERVAL_SECONDS: 5
2025-09-23 20:58:23 | INFO | BUZZ_TOPIC: buzzline
2025-09-23 20:58:23 | INFO | KAFKA_BROKER_ADDRESS: 127.0.0.1:9092
2025-09-23 20:58:23 | INFO | BASE_DATA_DIR: PROJECT_ROOT/data
2025-09-23 20:58:23 | INFO | LIVE_DATA_PATH: PROJECT_ROOT/data/project_live.json
2025-09-23 20:58:23 | INFO | BASE_DATA_DIR: PROJECT_ROOT/data
2025-09-23 20:58:23 | INFO | SQLITE_PATH: PROJECT_ROOT/data/buzz.sqlite
2025-09-23 20:58:23 | INFO | Deleted existing live data file.
2025-09-23 20:58:23 | INFO | Kafka broker address: localhost:9092
2025-09-23 20:58:23 | INFO | Kafka is ready. Brokers: {'throttle_time_ms': 0, 'brokers': [{'node_id': 1, 'host': 'localhost', 'port': 9092, 'rack': None}], 'cluster_id': 'JjY4WKawQ-GFC8VniCM2Xw', 'controller_id': 1}
2025-09-23 20:58:25 | WARNING | WARNING: Kafka setup failed: NoBrokersAvailable
2025-09-23 20:58:25 | INFO | {'message': 'I just shared Python! It was exciting.', 'author': 'Eve', 'timestamp': '2025-09-23 20:58:25', 'category': 'tech', 'sentiment': 0.68, 'keyword_mentioned': 'Python', 'message_length': 38}
2025-09-23 20:58:30 | INFO | {'message': 'I just found Python! It was exciting.', 'author': 'Alice', 'timestamp': '2025-09-23 20:58:30', 'category': 'tech', 'sentiment': 0.42, 'keyword_mentioned': 'Python', 'message_length': 37}
2025-09-23 20:58:35 | INFO | {'message': 'I just tried Python! It was exciting.', 'author': 'Alice', 'timestamp': '2025-09-23 20:58:35', 'category': 'tech', 'sentiment': 0.83, 'keyword_mentioned': 'Python', 'message_length': 37}
2025-09-23 20:58:40 | INFO | {'message': 'I just tried travel! It was exciting.', 'author': 'Bob', 'timestamp': '2025-09-23 20:58:40', 'category': 'travel', 'sentiment': 0.12, 'keyword_mentioned': 'travel', 'message_length': 37}
2025-09-23 20:58:45 | INFO | {'message': 'I just found Python! It was boring.', 'author': 'Bob', 'timestamp': '2025-09-23 20:58:45', 'category': 'tech', 'sentiment': 0.32, 'keyword_mentioned': 'Python', 'message_length': 35}
2025-09-23 20:58:46 | INFO | Logging to file: logs/project_log.log
2025-09-23 20:58:46 | INFO | Log sanitization enabled, personal info removed
2025-09-23 20:58:46 | INFO | Starting Consumer to run continuously.
2025-09-23 20:58:46 | INFO | Things can fail or get interrupted, so use a try block.
2025-09-23 20:58:46 | INFO | Moved .env variables into a utils config module.
2025-09-23 20:58:46 | INFO | STEP 1. Read environment variables using new config functions.
2025-09-23 20:58:46 | INFO | BUZZ_TOPIC: buzzline
2025-09-23 20:58:46 | INFO | KAFKA_BROKER_ADDRESS: 127.0.0.1:9092
2025-09-23 20:58:46 | INFO | BUZZ_CONSUMER_GROUP_ID: buzz_group
2025-09-23 20:58:46 | INFO | MESSAGE_INTERVAL_SECONDS: 5
2025-09-23 20:58:46 | INFO | BASE_DATA_DIR: PROJECT_ROOT/data
2025-09-23 20:58:46 | INFO | SQLITE_PATH: PROJECT_ROOT/data/buzz.sqlite
2025-09-23 20:58:46 | INFO | SUCCESS: Read environment variables.
2025-09-23 20:58:46 | INFO | STEP 2. Delete any prior database file for a fresh start.
2025-09-23 20:58:46 | INFO | SUCCESS: Deleted database file.
2025-09-23 20:58:46 | INFO | STEP 3. Initialize a new database with an empty table.
2025-09-23 20:58:46 | INFO | Calling SQLite init_db() with {db_path=}.
2025-09-23 20:58:46 | INFO | SUCCESS: Got a cursor to execute SQL.
2025-09-23 20:58:46 | INFO | SUCCESS: Database initialized and table ready at PROJECT_ROOT/data/buzz.sqlite.
2025-09-23 20:58:46 | INFO | STEP 4. Begin consuming and storing messages.
2025-09-23 20:58:46 | INFO | Called consume_messages_from_kafka() with:
2025-09-23 20:58:46 | INFO |    topic='buzzline'
2025-09-23 20:58:46 | INFO |    kafka_url='127.0.0.1:9092'
2025-09-23 20:58:46 | INFO |    group='buzz_group'
2025-09-23 20:58:46 | INFO |    sql_path=WindowsPath('C:/Projects/buzzline-05-fintel/data/buzz.sqlite')
2025-09-23 20:58:46 | INFO |    interval_secs=5
2025-09-23 20:58:46 | INFO | Step 1. Verify Kafka Services.
2025-09-23 20:58:46 | INFO | Kafka broker address: localhost:9092
2025-09-23 20:58:46 | INFO | Kafka is ready. Brokers: {'throttle_time_ms': 0, 'brokers': [{'node_id': 1, 'host': 'localhost', 'port': 9092, 'rack': None}], 'cluster_id': 'JjY4WKawQ-GFC8VniCM2Xw', 'controller_id': 1}
2025-09-23 20:58:46 | INFO | Step 2. Create a Kafka consumer.
2025-09-23 20:58:46 | INFO | Kafka broker address: localhost:9092
2025-09-23 20:58:46 | INFO | Creating Kafka consumer. Topic='buzzline' and group ID='buzz_group'.
2025-09-23 20:58:46 | INFO | Kafka consumer created successfully.
2025-09-23 20:58:46 | INFO | Step 3. Verify topic exists.
2025-09-23 20:58:46 | INFO | Kafka broker address: localhost:9092
2025-09-23 20:58:47 | INFO | Kafka topic 'buzzline' is ready.
2025-09-23 20:58:47 | INFO | Step 4. Process messages.
2025-09-23 20:58:50 | INFO | {'message': 'I just shared a trick! It was amazing.', 'author': 'Bob', 'timestamp': '2025-09-23 20:58:50', 'category': 'other', 'sentiment': 0.03, 'keyword_mentioned': 'other', 'message_length': 38}
2025-09-23 20:58:55 | INFO | {'message': 'I just loved game! It was boring.', 'author': 'Alice', 'timestamp': '2025-09-23 20:58:55', 'category': 'gaming', 'sentiment': 0.59, 'keyword_mentioned': 'game', 'message_length': 33}
2025-09-23 20:59:00 | INFO | {'message': 'I just loved game! It was weird.', 'author': 'Alice', 'timestamp': '2025-09-23 20:59:00', 'category': 'gaming', 'sentiment': 0.18, 'keyword_mentioned': 'game', 'message_length': 32}
2025-09-23 20:59:05 | INFO | {'message': 'I just found a meme! It was funny.', 'author': 'Eve', 'timestamp': '2025-09-23 20:59:05', 'category': 'humor', 'sentiment': 0.25, 'keyword_mentioned': 'meme', 'message_length': 34}
2025-09-23 20:59:10 | INFO | {'message': 'I just shared an app! It was boring.', 'author': 'Alice', 'timestamp': '2025-09-23 20:59:10', 'category': 'other', 'sentiment': 0.02, 'keyword_mentioned': 'other', 'message_length': 36}
2025-09-23 20:59:15 | INFO | {'message': 'I just saw JavaScript! It was exciting.', 'author': 'Alice', 'timestamp': '2025-09-23 20:59:15', 'category': 'tech', 'sentiment': 0.59, 'keyword_mentioned': 'JavaScript', 'message_length': 39}
2025-09-23 20:59:20 | INFO | {'message': 'I just found a meme! It was funny.', 'author': 'Bob', 'timestamp': '2025-09-23 20:59:20', 'category': 'humor', 'sentiment': 0.15, 'keyword_mentioned': 'meme', 'message_length': 34}
2025-09-23 20:59:25 | INFO | {'message': 'I just saw a trick! It was boring.', 'author': 'Alice', 'timestamp': '2025-09-23 20:59:25', 'category': 'other', 'sentiment': 0.19, 'keyword_mentioned': 'other', 'message_length': 34}
2025-09-23 20:59:30 | INFO | {'message': 'I just loved JavaScript! It was boring.', 'author': 'Bob', 'timestamp': '2025-09-23 20:59:30', 'category': 'tech', 'sentiment': 0.25, 'keyword_mentioned': 'JavaScript', 'message_length': 39}
2025-09-23 20:59:35 | INFO | {'message': 'I just tried a meme! It was weird.', 'author': 'Eve', 'timestamp': '2025-09-23 20:59:35', 'category': 'humor', 'sentiment': 0.3, 'keyword_mentioned': 'meme', 'message_length': 34}
2025-09-23 20:59:40 | INFO | {'message': 'I just loved a trick! It was funny.', 'author': 'Alice', 'timestamp': '2025-09-23 20:59:40', 'category': 'other', 'sentiment': 0.41, 'keyword_mentioned': 'other', 'message_length': 35}
2025-09-23 20:59:45 | INFO | {'message': 'I just found an app! It was weird.', 'author': 'Bob', 'timestamp': '2025-09-23 20:59:45', 'category': 'other', 'sentiment': 0.39, 'keyword_mentioned': 'other', 'message_length': 34}
2025-09-23 20:59:50 | INFO | {'message': 'I just loved recipe! It was weird.', 'author': 'Bob', 'timestamp': '2025-09-23 20:59:50', 'category': 'food', 'sentiment': 0.57, 'keyword_mentioned': 'recipe', 'message_length': 34}
2025-09-23 20:59:55 | INFO | {'message': 'I just tried game! It was boring.', 'author': 'Alice', 'timestamp': '2025-09-23 20:59:55', 'category': 'gaming', 'sentiment': 1.0, 'keyword_mentioned': 'game', 'message_length': 33}
2025-09-23 21:00:00 | INFO | {'message': 'I just tried a movie! It was weird.', 'author': 'Charlie', 'timestamp': '2025-09-23 21:00:00', 'category': 'entertainment', 'sentiment': 0.36, 'keyword_mentioned': 'movie', 'message_length': 35}
2025-09-23 21:00:05 | INFO | {'message': 'I just found an app! It was funny.', 'author': 'Eve', 'timestamp': '2025-09-23 21:00:05', 'category': 'other', 'sentiment': 0.59, 'keyword_mentioned': 'other', 'message_length': 34}
2025-09-23 21:00:10 | INFO | {'message': 'I just shared a trick! It was funny.', 'author': 'Alice', 'timestamp': '2025-09-23 21:00:10', 'category': 'other', 'sentiment': 0.49, 'keyword_mentioned': 'other', 'message_length': 36}
2025-09-23 21:00:15 | INFO | {'message': 'I just shared JavaScript! It was funny.', 'author': 'Charlie', 'timestamp': '2025-09-23 21:00:15', 'category': 'tech', 'sentiment': 0.95, 'keyword_mentioned': 'JavaScript', 'message_length': 39}
2025-09-23 21:00:20 | INFO | {'message': 'I just shared a movie! It was funny.', 'author': 'Alice', 'timestamp': '2025-09-23 21:00:20', 'category': 'entertainment', 'sentiment': 0.54, 'keyword_mentioned': 'movie', 'message_length': 36}
2025-09-23 21:00:25 | INFO | {'message': 'I just tried a story! It was boring.', 'author': 'Alice', 'timestamp': '2025-09-23 21:00:25', 'category': 'other', 'sentiment': 0.47, 'keyword_mentioned': 'other', 'message_length': 36}
2025-09-23 21:00:30 | INFO | {'message': 'I just shared a meme! It was boring.', 'author': 'Eve', 'timestamp': '2025-09-23 21:00:30', 'category': 'humor', 'sentiment': 0.22, 'keyword_mentioned': 'meme', 'message_length': 36}
2025-09-23 21:00:35 | INFO | {'message': 'I just shared travel! It was weird.', 'author': 'Alice', 'timestamp': '2025-09-23 21:00:35', 'category': 'travel', 'sentiment': 0.13, 'keyword_mentioned': 'travel', 'message_length': 35}
2025-09-23 21:00:40 | INFO | {'message': 'I just tried recipe! It was exciting.', 'author': 'Charlie', 'timestamp': '2025-09-23 21:00:40', 'category': 'food', 'sentiment': 0.11, 'keyword_mentioned': 'recipe', 'message_length': 37}
2025-09-23 21:00:45 | INFO | {'message': 'I just found a trick! It was funny.', 'author': 'Alice', 'timestamp': '2025-09-23 21:00:45', 'category': 'other', 'sentiment': 0.25, 'keyword_mentioned': 'other', 'message_length': 35}
2025-09-23 21:00:50 | INFO | {'message': 'I just found travel! It was boring.', 'author': 'Charlie', 'timestamp': '2025-09-23 21:00:50', 'category': 'travel', 'sentiment': 0.3, 'keyword_mentioned': 'travel', 'message_length': 35}
2025-09-23 21:00:55 | INFO | {'message': 'I just shared Python! It was funny.', 'author': 'Bob', 'timestamp': '2025-09-23 21:00:55', 'category': 'tech', 'sentiment': 0.74, 'keyword_mentioned': 'Python', 'message_length': 35}
2025-09-23 21:01:00 | INFO | {'message': 'I just shared travel! It was amazing.', 'author': 'Eve', 'timestamp': '2025-09-23 21:01:00', 'category': 'travel', 'sentiment': 0.36, 'keyword_mentioned': 'travel', 'message_length': 37}
2025-09-23 21:01:05 | INFO | {'message': 'I just saw a trick! It was amazing.', 'author': 'Eve', 'timestamp': '2025-09-23 21:01:05', 'category': 'other', 'sentiment': 0.64, 'keyword_mentioned': 'other', 'message_length': 35}
2025-09-23 21:01:10 | INFO | {'message': 'I just tried recipe! It was funny.', 'author': 'Eve', 'timestamp': '2025-09-23 21:01:10', 'category': 'food', 'sentiment': 0.81, 'keyword_mentioned': 'recipe', 'message_length': 34}
2025-09-23 21:01:15 | INFO | {'message': 'I just loved a meme! It was exciting.', 'author': 'Alice', 'timestamp': '2025-09-23 21:01:15', 'category': 'humor', 'sentiment': 0.44, 'keyword_mentioned': 'meme', 'message_length': 37}
2025-09-23 21:01:20 | INFO | {'message': 'I just saw JavaScript! It was weird.', 'author': 'Alice', 'timestamp': '2025-09-23 21:01:20', 'category': 'tech', 'sentiment': 0.37, 'keyword_mentioned': 'JavaScript', 'message_length': 36}
2025-09-23 21:01:25 | INFO | {'message': 'I just tried a meme! It was exciting.', 'author': 'Eve', 'timestamp': '2025-09-23 21:01:25', 'category': 'humor', 'sentiment': 0.56, 'keyword_mentioned': 'meme', 'message_length': 37}
2025-09-23 21:01:30 | INFO | {'message': 'I just saw JavaScript! It was boring.', 'author': 'Charlie', 'timestamp': '2025-09-23 21:01:30', 'category': 'tech', 'sentiment': 0.8, 'keyword_mentioned': 'JavaScript', 'message_length': 37}
2025-09-23 21:01:35 | INFO | {'message': 'I just found Python! It was exciting.', 'author': 'Alice', 'timestamp': '2025-09-23 21:01:35', 'category': 'tech', 'sentiment': 0.39, 'keyword_mentioned': 'Python', 'message_length': 37}
2025-09-23 21:01:40 | INFO | {'message': 'I just found JavaScript! It was exciting.', 'author': 'Alice', 'timestamp': '2025-09-23 21:01:40', 'category': 'tech', 'sentiment': 0.16, 'keyword_mentioned': 'JavaScript', 'message_length': 41}
2025-09-23 21:01:45 | INFO | {'message': 'I just loved a trick! It was exciting.', 'author': 'Charlie', 'timestamp': '2025-09-23 21:01:45', 'category': 'other', 'sentiment': 0.97, 'keyword_mentioned': 'other', 'message_length': 38}
2025-09-23 21:01:50 | INFO | {'message': 'I just saw recipe! It was boring.', 'author': 'Eve', 'timestamp': '2025-09-23 21:01:50', 'category': 'food', 'sentiment': 0.56, 'keyword_mentioned': 'recipe', 'message_length': 33}
2025-09-23 21:01:55 | INFO | {'message': 'I just shared Python! It was amazing.', 'author': 'Bob', 'timestamp': '2025-09-23 21:01:55', 'category': 'tech', 'sentiment': 0.34, 'keyword_mentioned': 'Python', 'message_length': 37}
2025-09-23 21:02:00 | INFO | {'message': 'I just shared game! It was funny.', 'author': 'Charlie', 'timestamp': '2025-09-23 21:02:00', 'category': 'gaming', 'sentiment': 0.02, 'keyword_mentioned': 'game', 'message_length': 33}
2025-09-23 21:02:05 | INFO | {'message': 'I just found a movie! It was weird.', 'author': 'Bob', 'timestamp': '2025-09-23 21:02:05', 'category': 'entertainment', 'sentiment': 0.74, 'keyword_mentioned': 'movie', 'message_length': 35}
2025-09-23 21:02:10 | INFO | {'message': 'I just found game! It was amazing.', 'author': 'Bob', 'timestamp': '2025-09-23 21:02:10', 'category': 'gaming', 'sentiment': 0.69, 'keyword_mentioned': 'game', 'message_length': 34}
2025-09-23 21:02:15 | INFO | {'message': 'I just found Python! It was funny.', 'author': 'Alice', 'timestamp': '2025-09-23 21:02:15', 'category': 'tech', 'sentiment': 0.89, 'keyword_mentioned': 'Python', 'message_length': 34}
2025-09-23 21:02:20 | INFO | {'message': 'I just loved travel! It was boring.', 'author': 'Eve', 'timestamp': '2025-09-23 21:02:20', 'category': 'travel', 'sentiment': 0.37, 'keyword_mentioned': 'travel', 'message_length': 35}
2025-09-23 21:02:25 | INFO | {'message': 'I just loved a story! It was boring.', 'author': 'Bob', 'timestamp': '2025-09-23 21:02:25', 'category': 'other', 'sentiment': 0.37, 'keyword_mentioned': 'other', 'message_length': 36}
2025-09-23 21:02:30 | INFO | {'message': 'I just loved a movie! It was boring.', 'author': 'Charlie', 'timestamp': '2025-09-23 21:02:30', 'category': 'entertainment', 'sentiment': 0.5, 'keyword_mentioned': 'movie', 'message_length': 36}
2025-09-23 21:02:35 | INFO | {'message': 'I just saw recipe! It was exciting.', 'author': 'Eve', 'timestamp': '2025-09-23 21:02:35', 'category': 'food', 'sentiment': 0.4, 'keyword_mentioned': 'recipe', 'message_length': 35}
2025-09-23 21:02:40 | INFO | {'message': 'I just found JavaScript! It was boring.', 'author': 'Charlie', 'timestamp': '2025-09-23 21:02:40', 'category': 'tech', 'sentiment': 0.56, 'keyword_mentioned': 'JavaScript', 'message_length': 39}
2025-09-23 21:02:45 | INFO | {'message': 'I just found an app! It was exciting.', 'author': 'Alice', 'timestamp': '2025-09-23 21:02:45', 'category': 'other', 'sentiment': 0.72, 'keyword_mentioned': 'other', 'message_length': 37}
2025-09-23 21:02:50 | INFO | {'message': 'I just found a movie! It was boring.', 'author': 'Eve', 'timestamp': '2025-09-23 21:02:50', 'category': 'entertainment', 'sentiment': 0.3, 'keyword_mentioned': 'movie', 'message_length': 36}
2025-09-23 21:02:55 | INFO | {'message': 'I just found JavaScript! It was amazing.', 'author': 'Alice', 'timestamp': '2025-09-23 21:02:55', 'category': 'tech', 'sentiment': 0.69, 'keyword_mentioned': 'JavaScript', 'message_length': 40}
2025-09-23 21:03:00 | INFO | {'message': 'I just saw recipe! It was exciting.', 'author': 'Bob', 'timestamp': '2025-09-23 21:03:00', 'category': 'food', 'sentiment': 0.88, 'keyword_mentioned': 'recipe', 'message_length': 35}
2025-09-23 21:03:05 | INFO | {'message': 'I just shared a story! It was weird.', 'author': 'Alice', 'timestamp': '2025-09-23 21:03:05', 'category': 'other', 'sentiment': 0.17, 'keyword_mentioned': 'other', 'message_length': 36}
2025-09-23 21:03:06 | WARNING | Producer interrupted by user.
2025-09-23 21:03:06 | INFO | Producer shutting down.
2025-09-23 21:03:10 | WARNING | Consumer interrupted by user.
2025-09-23 21:03:10 | INFO | Consumer shutting down.
2025-09-23 21:03:53 | INFO | Logging to file: logs/project_log.log
2025-09-23 21:03:53 | INFO | Log sanitization enabled, personal info removed
2025-09-23 21:03:53 | INFO | Starting Producer to run continuously.
2025-09-23 21:03:53 | INFO | Use Ctrl+C to stop.
2025-09-23 21:03:53 | INFO | MESSAGE_INTERVAL_SECONDS: 5
2025-09-23 21:03:53 | INFO | BUZZ_TOPIC: buzzline
2025-09-23 21:03:53 | INFO | KAFKA_BROKER_ADDRESS: 127.0.0.1:9092
2025-09-23 21:03:53 | INFO | BASE_DATA_DIR: PROJECT_ROOT/data
2025-09-23 21:03:53 | INFO | LIVE_DATA_PATH: PROJECT_ROOT/data/project_live.json
2025-09-23 21:03:53 | INFO | BASE_DATA_DIR: PROJECT_ROOT/data
2025-09-23 21:03:53 | INFO | SQLITE_PATH: PROJECT_ROOT/data/buzz.sqlite
2025-09-23 21:03:53 | INFO | Deleted existing live data file.
2025-09-23 21:03:53 | INFO | Kafka broker address: localhost:9092
2025-09-23 21:03:53 | INFO | Kafka is ready. Brokers: {'throttle_time_ms': 0, 'brokers': [{'node_id': 1, 'host': 'localhost', 'port': 9092, 'rack': None}], 'cluster_id': 'JjY4WKawQ-GFC8VniCM2Xw', 'controller_id': 1}
2025-09-23 21:03:55 | WARNING | WARNING: Kafka setup failed: NoBrokersAvailable
2025-09-23 21:03:55 | INFO | {'message': 'I just tried travel! It was amazing.', 'author': 'Bob', 'timestamp': '2025-09-23 21:03:55', 'category': 'travel', 'sentiment': 0.76, 'keyword_mentioned': 'travel', 'message_length': 36}
2025-09-23 21:04:00 | INFO | {'message': 'I just loved recipe! It was weird.', 'author': 'Bob', 'timestamp': '2025-09-23 21:04:00', 'category': 'food', 'sentiment': 0.78, 'keyword_mentioned': 'recipe', 'message_length': 34}
2025-09-23 21:04:05 | INFO | Logging to file: logs/project_log.log
2025-09-23 21:04:05 | INFO | Log sanitization enabled, personal info removed
2025-09-23 21:04:05 | INFO | Starting Consumer to run continuously.
2025-09-23 21:04:05 | INFO | Things can fail or get interrupted, so use a try block.
2025-09-23 21:04:05 | INFO | Moved .env variables into a utils config module.
2025-09-23 21:04:05 | INFO | STEP 1. Read environment variables using new config functions.
2025-09-23 21:04:05 | INFO | BUZZ_TOPIC: buzzline
2025-09-23 21:04:05 | INFO | KAFKA_BROKER_ADDRESS: 127.0.0.1:9092
2025-09-23 21:04:05 | INFO | BUZZ_CONSUMER_GROUP_ID: buzz_group
2025-09-23 21:04:05 | INFO | MESSAGE_INTERVAL_SECONDS: 5
2025-09-23 21:04:05 | INFO | BASE_DATA_DIR: PROJECT_ROOT/data
2025-09-23 21:04:05 | INFO | SQLITE_PATH: PROJECT_ROOT/data/buzz.sqlite
2025-09-23 21:04:05 | INFO | SUCCESS: Read environment variables.
2025-09-23 21:04:05 | INFO | STEP 2. Delete any prior database file for a fresh start.
2025-09-23 21:04:05 | INFO | SUCCESS: Deleted database file.
2025-09-23 21:04:05 | INFO | STEP 3. Initialize a new database with an empty table.
2025-09-23 21:04:05 | INFO | Calling SQLite init_db() with {db_path=}.
2025-09-23 21:04:05 | INFO | SUCCESS: Got a cursor to execute SQL.
2025-09-23 21:04:05 | INFO | SUCCESS: Database initialized and table ready at PROJECT_ROOT/data/buzz.sqlite.
2025-09-23 21:04:05 | INFO | STEP 4. Begin consuming and storing messages.
2025-09-23 21:04:05 | INFO | Called consume_messages_from_kafka() with:
2025-09-23 21:04:05 | INFO |    topic='buzzline'
2025-09-23 21:04:05 | INFO |    kafka_url='127.0.0.1:9092'
2025-09-23 21:04:05 | INFO |    group='buzz_group'
2025-09-23 21:04:05 | INFO |    sql_path=WindowsPath('C:/Projects/buzzline-05-fintel/data/buzz.sqlite')
2025-09-23 21:04:05 | INFO |    interval_secs=5
2025-09-23 21:04:05 | INFO | Step 1. Verify Kafka Services.
2025-09-23 21:04:05 | INFO | Kafka broker address: localhost:9092
2025-09-23 21:04:05 | INFO | Kafka is ready. Brokers: {'throttle_time_ms': 0, 'brokers': [{'node_id': 1, 'host': 'localhost', 'port': 9092, 'rack': None}], 'cluster_id': 'JjY4WKawQ-GFC8VniCM2Xw', 'controller_id': 1}
2025-09-23 21:04:05 | INFO | Step 2. Create a Kafka consumer.
2025-09-23 21:04:05 | INFO | Kafka broker address: localhost:9092
2025-09-23 21:04:05 | INFO | Creating Kafka consumer. Topic='buzzline' and group ID='buzz_group'.
2025-09-23 21:04:05 | INFO | Kafka consumer created successfully.
2025-09-23 21:04:05 | INFO | Step 3. Verify topic exists.
2025-09-23 21:04:05 | INFO | Kafka broker address: localhost:9092
2025-09-23 21:04:05 | INFO | {'message': 'I just loved a story! It was exciting.', 'author': 'Charlie', 'timestamp': '2025-09-23 21:04:05', 'category': 'other', 'sentiment': 0.98, 'keyword_mentioned': 'other', 'message_length': 38}
2025-09-23 21:04:06 | INFO | Kafka topic 'buzzline' is ready.
2025-09-23 21:04:06 | INFO | Step 4. Process messages.
2025-09-23 21:04:10 | INFO | {'message': 'I just shared an app! It was boring.', 'author': 'Eve', 'timestamp': '2025-09-23 21:04:10', 'category': 'other', 'sentiment': 0.35, 'keyword_mentioned': 'other', 'message_length': 36}
2025-09-23 21:04:15 | INFO | {'message': 'I just saw a meme! It was boring.', 'author': 'Bob', 'timestamp': '2025-09-23 21:04:15', 'category': 'humor', 'sentiment': 0.74, 'keyword_mentioned': 'meme', 'message_length': 33}
2025-09-23 21:04:20 | INFO | {'message': 'I just shared Python! It was funny.', 'author': 'Alice', 'timestamp': '2025-09-23 21:04:20', 'category': 'tech', 'sentiment': 0.41, 'keyword_mentioned': 'Python', 'message_length': 35}
2025-09-23 21:04:26 | INFO | {'message': 'I just found game! It was boring.', 'author': 'Charlie', 'timestamp': '2025-09-23 21:04:26', 'category': 'gaming', 'sentiment': 0.47, 'keyword_mentioned': 'game', 'message_length': 33}
2025-09-23 21:04:31 | INFO | {'message': 'I just tried a movie! It was funny.', 'author': 'Bob', 'timestamp': '2025-09-23 21:04:31', 'category': 'entertainment', 'sentiment': 0.1, 'keyword_mentioned': 'movie', 'message_length': 35}
2025-09-23 21:04:36 | INFO | {'message': 'I just loved Python! It was funny.', 'author': 'Eve', 'timestamp': '2025-09-23 21:04:36', 'category': 'tech', 'sentiment': 0.78, 'keyword_mentioned': 'Python', 'message_length': 34}
2025-09-23 21:04:41 | INFO | {'message': 'I just tried a trick! It was funny.', 'author': 'Charlie', 'timestamp': '2025-09-23 21:04:41', 'category': 'other', 'sentiment': 0.86, 'keyword_mentioned': 'other', 'message_length': 35}
2025-09-23 21:04:46 | INFO | {'message': 'I just tried a trick! It was boring.', 'author': 'Eve', 'timestamp': '2025-09-23 21:04:46', 'category': 'other', 'sentiment': 0.15, 'keyword_mentioned': 'other', 'message_length': 36}
2025-09-23 21:04:51 | INFO | {'message': 'I just shared an app! It was exciting.', 'author': 'Bob', 'timestamp': '2025-09-23 21:04:51', 'category': 'other', 'sentiment': 0.9, 'keyword_mentioned': 'other', 'message_length': 38}
2025-09-23 21:04:56 | INFO | {'message': 'I just tried an app! It was amazing.', 'author': 'Charlie', 'timestamp': '2025-09-23 21:04:56', 'category': 'other', 'sentiment': 0.3, 'keyword_mentioned': 'other', 'message_length': 36}
2025-09-23 21:05:01 | INFO | {'message': 'I just loved a story! It was boring.', 'author': 'Bob', 'timestamp': '2025-09-23 21:05:01', 'category': 'other', 'sentiment': 0.68, 'keyword_mentioned': 'other', 'message_length': 36}
2025-09-23 21:05:06 | INFO | {'message': 'I just found a trick! It was funny.', 'author': 'Alice', 'timestamp': '2025-09-23 21:05:06', 'category': 'other', 'sentiment': 0.75, 'keyword_mentioned': 'other', 'message_length': 35}
2025-09-23 21:05:11 | INFO | {'message': 'I just shared recipe! It was boring.', 'author': 'Charlie', 'timestamp': '2025-09-23 21:05:11', 'category': 'food', 'sentiment': 0.52, 'keyword_mentioned': 'recipe', 'message_length': 36}
2025-09-23 21:05:16 | INFO | {'message': 'I just found JavaScript! It was boring.', 'author': 'Charlie', 'timestamp': '2025-09-23 21:05:16', 'category': 'tech', 'sentiment': 0.72, 'keyword_mentioned': 'JavaScript', 'message_length': 39}
2025-09-23 21:05:21 | INFO | {'message': 'I just loved an app! It was boring.', 'author': 'Eve', 'timestamp': '2025-09-23 21:05:21', 'category': 'other', 'sentiment': 0.64, 'keyword_mentioned': 'other', 'message_length': 35}
2025-09-23 21:05:26 | INFO | {'message': 'I just loved a story! It was funny.', 'author': 'Eve', 'timestamp': '2025-09-23 21:05:26', 'category': 'other', 'sentiment': 0.22, 'keyword_mentioned': 'other', 'message_length': 35}
2025-09-23 21:05:31 | INFO | {'message': 'I just saw JavaScript! It was boring.', 'author': 'Eve', 'timestamp': '2025-09-23 21:05:31', 'category': 'tech', 'sentiment': 0.75, 'keyword_mentioned': 'JavaScript', 'message_length': 37}
2025-09-23 21:05:36 | INFO | {'message': 'I just shared travel! It was amazing.', 'author': 'Eve', 'timestamp': '2025-09-23 21:05:36', 'category': 'travel', 'sentiment': 0.0, 'keyword_mentioned': 'travel', 'message_length': 37}
2025-09-23 21:05:41 | INFO | {'message': 'I just found Python! It was exciting.', 'author': 'Eve', 'timestamp': '2025-09-23 21:05:41', 'category': 'tech', 'sentiment': 0.85, 'keyword_mentioned': 'Python', 'message_length': 37}
2025-09-23 21:05:46 | INFO | {'message': 'I just tried a trick! It was funny.', 'author': 'Eve', 'timestamp': '2025-09-23 21:05:46', 'category': 'other', 'sentiment': 0.68, 'keyword_mentioned': 'other', 'message_length': 35}
2025-09-23 21:05:51 | INFO | {'message': 'I just tried JavaScript! It was exciting.', 'author': 'Eve', 'timestamp': '2025-09-23 21:05:51', 'category': 'tech', 'sentiment': 0.46, 'keyword_mentioned': 'JavaScript', 'message_length': 41}
2025-09-23 21:05:56 | INFO | {'message': 'I just tried a story! It was funny.', 'author': 'Bob', 'timestamp': '2025-09-23 21:05:56', 'category': 'other', 'sentiment': 0.48, 'keyword_mentioned': 'other', 'message_length': 35}
2025-09-23 21:06:01 | INFO | {'message': 'I just shared Python! It was boring.', 'author': 'Eve', 'timestamp': '2025-09-23 21:06:01', 'category': 'tech', 'sentiment': 0.78, 'keyword_mentioned': 'Python', 'message_length': 36}
2025-09-23 21:06:06 | INFO | {'message': 'I just shared a movie! It was exciting.', 'author': 'Charlie', 'timestamp': '2025-09-23 21:06:06', 'category': 'entertainment', 'sentiment': 0.01, 'keyword_mentioned': 'movie', 'message_length': 39}
2025-09-23 21:06:11 | INFO | {'message': 'I just found JavaScript! It was funny.', 'author': 'Bob', 'timestamp': '2025-09-23 21:06:11', 'category': 'tech', 'sentiment': 0.2, 'keyword_mentioned': 'JavaScript', 'message_length': 38}
2025-09-23 21:06:16 | INFO | {'message': 'I just shared an app! It was funny.', 'author': 'Eve', 'timestamp': '2025-09-23 21:06:16', 'category': 'other', 'sentiment': 0.06, 'keyword_mentioned': 'other', 'message_length': 35}
2025-09-23 21:06:21 | INFO | {'message': 'I just shared an app! It was funny.', 'author': 'Charlie', 'timestamp': '2025-09-23 21:06:21', 'category': 'other', 'sentiment': 0.47, 'keyword_mentioned': 'other', 'message_length': 35}
2025-09-23 21:06:26 | INFO | {'message': 'I just saw game! It was amazing.', 'author': 'Bob', 'timestamp': '2025-09-23 21:06:26', 'category': 'gaming', 'sentiment': 0.9, 'keyword_mentioned': 'game', 'message_length': 32}
2025-09-23 21:06:31 | INFO | {'message': 'I just loved travel! It was boring.', 'author': 'Bob', 'timestamp': '2025-09-23 21:06:31', 'category': 'travel', 'sentiment': 0.02, 'keyword_mentioned': 'travel', 'message_length': 35}
2025-09-23 21:06:36 | INFO | {'message': 'I just saw recipe! It was amazing.', 'author': 'Alice', 'timestamp': '2025-09-23 21:06:36', 'category': 'food', 'sentiment': 0.49, 'keyword_mentioned': 'recipe', 'message_length': 34}
2025-09-23 21:06:41 | INFO | {'message': 'I just shared JavaScript! It was exciting.', 'author': 'Charlie', 'timestamp': '2025-09-23 21:06:41', 'category': 'tech', 'sentiment': 0.02, 'keyword_mentioned': 'JavaScript', 'message_length': 42}
2025-09-23 21:06:46 | INFO | {'message': 'I just found a trick! It was exciting.', 'author': 'Alice', 'timestamp': '2025-09-23 21:06:46', 'category': 'other', 'sentiment': 0.81, 'keyword_mentioned': 'other', 'message_length': 38}
2025-09-23 21:06:51 | INFO | {'message': 'I just saw a meme! It was funny.', 'author': 'Alice', 'timestamp': '2025-09-23 21:06:51', 'category': 'humor', 'sentiment': 0.54, 'keyword_mentioned': 'meme', 'message_length': 32}
2025-09-23 21:06:56 | INFO | {'message': 'I just found recipe! It was amazing.', 'author': 'Alice', 'timestamp': '2025-09-23 21:06:56', 'category': 'food', 'sentiment': 0.77, 'keyword_mentioned': 'recipe', 'message_length': 36}
2025-09-23 21:07:01 | INFO | {'message': 'I just shared Python! It was funny.', 'author': 'Charlie', 'timestamp': '2025-09-23 21:07:01', 'category': 'tech', 'sentiment': 0.75, 'keyword_mentioned': 'Python', 'message_length': 35}
2025-09-23 21:07:06 | INFO | {'message': 'I just saw recipe! It was exciting.', 'author': 'Bob', 'timestamp': '2025-09-23 21:07:06', 'category': 'food', 'sentiment': 0.69, 'keyword_mentioned': 'recipe', 'message_length': 35}
2025-09-23 21:07:11 | INFO | {'message': 'I just loved recipe! It was exciting.', 'author': 'Bob', 'timestamp': '2025-09-23 21:07:11', 'category': 'food', 'sentiment': 0.11, 'keyword_mentioned': 'recipe', 'message_length': 37}
2025-09-23 21:07:16 | INFO | {'message': 'I just tried game! It was exciting.', 'author': 'Charlie', 'timestamp': '2025-09-23 21:07:16', 'category': 'gaming', 'sentiment': 0.68, 'keyword_mentioned': 'game', 'message_length': 35}
2025-09-23 21:07:21 | INFO | {'message': 'I just shared travel! It was funny.', 'author': 'Charlie', 'timestamp': '2025-09-23 21:07:21', 'category': 'travel', 'sentiment': 0.07, 'keyword_mentioned': 'travel', 'message_length': 35}
2025-09-23 21:07:26 | INFO | {'message': 'I just saw travel! It was funny.', 'author': 'Eve', 'timestamp': '2025-09-23 21:07:26', 'category': 'travel', 'sentiment': 0.66, 'keyword_mentioned': 'travel', 'message_length': 32}
2025-09-23 21:07:31 | INFO | {'message': 'I just tried Python! It was funny.', 'author': 'Bob', 'timestamp': '2025-09-23 21:07:31', 'category': 'tech', 'sentiment': 0.83, 'keyword_mentioned': 'Python', 'message_length': 34}
2025-09-23 21:07:36 | INFO | {'message': 'I just found a movie! It was amazing.', 'author': 'Charlie', 'timestamp': '2025-09-23 21:07:36', 'category': 'entertainment', 'sentiment': 0.4, 'keyword_mentioned': 'movie', 'message_length': 37}
2025-09-23 21:07:41 | INFO | {'message': 'I just saw a trick! It was weird.', 'author': 'Charlie', 'timestamp': '2025-09-23 21:07:41', 'category': 'other', 'sentiment': 0.62, 'keyword_mentioned': 'other', 'message_length': 33}
2025-09-23 21:07:46 | INFO | {'message': 'I just found game! It was weird.', 'author': 'Eve', 'timestamp': '2025-09-23 21:07:46', 'category': 'gaming', 'sentiment': 0.42, 'keyword_mentioned': 'game', 'message_length': 32}
2025-09-23 21:07:51 | INFO | {'message': 'I just loved game! It was amazing.', 'author': 'Charlie', 'timestamp': '2025-09-23 21:07:51', 'category': 'gaming', 'sentiment': 0.85, 'keyword_mentioned': 'game', 'message_length': 34}
2025-09-23 21:07:56 | INFO | {'message': 'I just saw Python! It was exciting.', 'author': 'Alice', 'timestamp': '2025-09-23 21:07:56', 'category': 'tech', 'sentiment': 0.24, 'keyword_mentioned': 'Python', 'message_length': 35}
2025-09-23 21:08:01 | INFO | {'message': 'I just found JavaScript! It was boring.', 'author': 'Bob', 'timestamp': '2025-09-23 21:08:01', 'category': 'tech', 'sentiment': 0.68, 'keyword_mentioned': 'JavaScript', 'message_length': 39}
2025-09-23 21:08:06 | INFO | {'message': 'I just saw a meme! It was weird.', 'author': 'Bob', 'timestamp': '2025-09-23 21:08:06', 'category': 'humor', 'sentiment': 0.09, 'keyword_mentioned': 'meme', 'message_length': 32}
2025-09-23 21:08:11 | INFO | {'message': 'I just shared recipe! It was weird.', 'author': 'Eve', 'timestamp': '2025-09-23 21:08:11', 'category': 'food', 'sentiment': 0.61, 'keyword_mentioned': 'recipe', 'message_length': 35}
2025-09-23 21:08:16 | INFO | {'message': 'I just shared a trick! It was boring.', 'author': 'Charlie', 'timestamp': '2025-09-23 21:08:16', 'category': 'other', 'sentiment': 0.54, 'keyword_mentioned': 'other', 'message_length': 37}
2025-09-23 21:08:21 | INFO | {'message': 'I just shared recipe! It was exciting.', 'author': 'Charlie', 'timestamp': '2025-09-23 21:08:21', 'category': 'food', 'sentiment': 0.56, 'keyword_mentioned': 'recipe', 'message_length': 38}
2025-09-23 21:08:26 | INFO | {'message': 'I just loved recipe! It was amazing.', 'author': 'Charlie', 'timestamp': '2025-09-23 21:08:26', 'category': 'food', 'sentiment': 0.56, 'keyword_mentioned': 'recipe', 'message_length': 36}
2025-09-23 21:08:31 | INFO | {'message': 'I just loved a story! It was funny.', 'author': 'Eve', 'timestamp': '2025-09-23 21:08:31', 'category': 'other', 'sentiment': 0.22, 'keyword_mentioned': 'other', 'message_length': 35}
2025-09-23 21:08:36 | INFO | {'message': 'I just tried Python! It was amazing.', 'author': 'Bob', 'timestamp': '2025-09-23 21:08:36', 'category': 'tech', 'sentiment': 0.09, 'keyword_mentioned': 'Python', 'message_length': 36}
2025-09-23 21:08:41 | INFO | {'message': 'I just saw a movie! It was exciting.', 'author': 'Bob', 'timestamp': '2025-09-23 21:08:41', 'category': 'entertainment', 'sentiment': 0.63, 'keyword_mentioned': 'movie', 'message_length': 36}
2025-09-23 21:08:46 | INFO | {'message': 'I just shared Python! It was exciting.', 'author': 'Eve', 'timestamp': '2025-09-23 21:08:46', 'category': 'tech', 'sentiment': 0.29, 'keyword_mentioned': 'Python', 'message_length': 38}
2025-09-23 21:08:51 | INFO | {'message': 'I just shared game! It was amazing.', 'author': 'Alice', 'timestamp': '2025-09-23 21:08:51', 'category': 'gaming', 'sentiment': 0.06, 'keyword_mentioned': 'game', 'message_length': 35}
2025-09-23 21:08:56 | INFO | {'message': 'I just tried Python! It was boring.', 'author': 'Alice', 'timestamp': '2025-09-23 21:08:56', 'category': 'tech', 'sentiment': 0.33, 'keyword_mentioned': 'Python', 'message_length': 35}
2025-09-23 21:09:01 | INFO | {'message': 'I just found recipe! It was amazing.', 'author': 'Alice', 'timestamp': '2025-09-23 21:09:01', 'category': 'food', 'sentiment': 0.63, 'keyword_mentioned': 'recipe', 'message_length': 36}
2025-09-23 21:09:06 | INFO | {'message': 'I just saw a meme! It was funny.', 'author': 'Alice', 'timestamp': '2025-09-23 21:09:06', 'category': 'humor', 'sentiment': 0.25, 'keyword_mentioned': 'meme', 'message_length': 32}
2025-09-23 21:09:11 | INFO | {'message': 'I just loved travel! It was amazing.', 'author': 'Charlie', 'timestamp': '2025-09-23 21:09:11', 'category': 'travel', 'sentiment': 0.71, 'keyword_mentioned': 'travel', 'message_length': 36}
2025-09-23 21:09:16 | INFO | {'message': 'I just shared a meme! It was boring.', 'author': 'Eve', 'timestamp': '2025-09-23 21:09:16', 'category': 'humor', 'sentiment': 0.87, 'keyword_mentioned': 'meme', 'message_length': 36}
2025-09-23 21:09:21 | INFO | {'message': 'I just found travel! It was boring.', 'author': 'Charlie', 'timestamp': '2025-09-23 21:09:21', 'category': 'travel', 'sentiment': 0.57, 'keyword_mentioned': 'travel', 'message_length': 35}
2025-09-23 21:09:26 | INFO | {'message': 'I just saw a meme! It was amazing.', 'author': 'Bob', 'timestamp': '2025-09-23 21:09:26', 'category': 'humor', 'sentiment': 0.49, 'keyword_mentioned': 'meme', 'message_length': 34}
2025-09-23 21:09:31 | INFO | {'message': 'I just saw game! It was boring.', 'author': 'Eve', 'timestamp': '2025-09-23 21:09:31', 'category': 'gaming', 'sentiment': 0.7, 'keyword_mentioned': 'game', 'message_length': 31}
2025-09-23 21:09:31 | WARNING | Producer interrupted by user.
2025-09-23 21:09:31 | INFO | Producer shutting down.
2025-09-23 21:09:34 | WARNING | Consumer interrupted by user.
2025-09-23 21:09:35 | INFO | Consumer shutting down.
2025-09-23 21:11:08 | INFO | Logging to file: logs/project_log.log
2025-09-23 21:11:08 | INFO | Log sanitization enabled, personal info removed
2025-09-23 21:11:08 | INFO | Starting Producer to run continuously.
2025-09-23 21:11:08 | INFO | Use Ctrl+C to stop.
2025-09-23 21:11:08 | INFO | MESSAGE_INTERVAL_SECONDS: 5
2025-09-23 21:11:08 | INFO | BUZZ_TOPIC: buzzline
2025-09-23 21:11:08 | INFO | KAFKA_BROKER_ADDRESS: 127.0.0.1:9092
2025-09-23 21:11:08 | INFO | BASE_DATA_DIR: PROJECT_ROOT/data
2025-09-23 21:11:08 | INFO | LIVE_DATA_PATH: PROJECT_ROOT/data/project_live.json
2025-09-23 21:11:08 | INFO | BASE_DATA_DIR: PROJECT_ROOT/data
2025-09-23 21:11:08 | INFO | SQLITE_PATH: PROJECT_ROOT/data/buzz.sqlite
2025-09-23 21:11:08 | INFO | Deleted existing live data file.
2025-09-23 21:11:08 | INFO | Kafka broker address: localhost:9092
2025-09-23 21:11:08 | INFO | Kafka is ready. Brokers: {'throttle_time_ms': 0, 'brokers': [{'node_id': 1, 'host': 'localhost', 'port': 9092, 'rack': None}], 'cluster_id': 'JjY4WKawQ-GFC8VniCM2Xw', 'controller_id': 1}
2025-09-23 21:11:10 | WARNING | WARNING: Kafka setup failed: NoBrokersAvailable
2025-09-23 21:11:10 | INFO | {'message': 'I just saw an app! It was exciting.', 'author': 'Alice', 'timestamp': '2025-09-23 21:11:10', 'category': 'other', 'sentiment': 0.58, 'keyword_mentioned': 'other', 'message_length': 35}
2025-09-23 21:11:15 | INFO | {'message': 'I just saw a story! It was weird.', 'author': 'Alice', 'timestamp': '2025-09-23 21:11:15', 'category': 'other', 'sentiment': 0.9, 'keyword_mentioned': 'other', 'message_length': 33}
2025-09-23 21:11:20 | INFO | {'message': 'I just shared game! It was amazing.', 'author': 'Eve', 'timestamp': '2025-09-23 21:11:20', 'category': 'gaming', 'sentiment': 0.91, 'keyword_mentioned': 'game', 'message_length': 35}
2025-09-23 21:11:23 | INFO | Logging to file: logs/project_log.log
2025-09-23 21:11:23 | INFO | Log sanitization enabled, personal info removed
2025-09-23 21:11:23 | INFO | Starting Consumer to run continuously.
2025-09-23 21:11:23 | INFO | Things can fail or get interrupted, so use a try block.
2025-09-23 21:11:23 | INFO | Moved .env variables into a utils config module.
2025-09-23 21:11:23 | INFO | STEP 1. Read environment variables using new config functions.
2025-09-23 21:11:23 | INFO | BUZZ_TOPIC: buzzline
2025-09-23 21:11:23 | INFO | KAFKA_BROKER_ADDRESS: 127.0.0.1:9092
2025-09-23 21:11:23 | INFO | BUZZ_CONSUMER_GROUP_ID: buzz_group
2025-09-23 21:11:23 | INFO | MESSAGE_INTERVAL_SECONDS: 5
2025-09-23 21:11:23 | INFO | BASE_DATA_DIR: PROJECT_ROOT/data
2025-09-23 21:11:23 | INFO | SQLITE_PATH: PROJECT_ROOT/data/buzz.sqlite
2025-09-23 21:11:23 | INFO | SUCCESS: Read environment variables.
2025-09-23 21:11:23 | INFO | STEP 2. Delete any prior database file for a fresh start.
2025-09-23 21:11:23 | INFO | SUCCESS: Deleted database file.
2025-09-23 21:11:23 | INFO | STEP 3. Initialize a new database with an empty table.
2025-09-23 21:11:23 | INFO | Calling SQLite init_db() with {db_path=}.
2025-09-23 21:11:23 | INFO | SUCCESS: Got a cursor to execute SQL.
2025-09-23 21:11:23 | INFO | SUCCESS: Database initialized and table ready at PROJECT_ROOT/data/buzz.sqlite.
2025-09-23 21:11:23 | INFO | STEP 4. Begin consuming and storing messages.
2025-09-23 21:11:23 | INFO | Called consume_messages_from_kafka() with:
2025-09-23 21:11:23 | INFO |    topic='buzzline'
2025-09-23 21:11:23 | INFO |    kafka_url='127.0.0.1:9092'
2025-09-23 21:11:23 | INFO |    group='buzz_group'
2025-09-23 21:11:23 | INFO |    sql_path=WindowsPath('C:/Projects/buzzline-05-fintel/data/buzz.sqlite')
2025-09-23 21:11:23 | INFO |    interval_secs=5
2025-09-23 21:11:23 | INFO | Step 1. Verify Kafka Services.
2025-09-23 21:11:23 | INFO | Kafka broker address: localhost:9092
2025-09-23 21:11:23 | INFO | Kafka is ready. Brokers: {'throttle_time_ms': 0, 'brokers': [{'node_id': 1, 'host': 'localhost', 'port': 9092, 'rack': None}], 'cluster_id': 'JjY4WKawQ-GFC8VniCM2Xw', 'controller_id': 1}
2025-09-23 21:11:23 | INFO | Step 2. Create a Kafka consumer.
2025-09-23 21:11:23 | INFO | Kafka broker address: localhost:9092
2025-09-23 21:11:23 | INFO | Creating Kafka consumer. Topic='buzzline' and group ID='buzz_group'.
2025-09-23 21:11:24 | INFO | Kafka consumer created successfully.
2025-09-23 21:11:24 | INFO | Step 3. Verify topic exists.
2025-09-23 21:11:24 | ERROR | ERROR: Topic 'buzzline' does not exist. Please run the Kafka producer. : name 'is_topic_available' is not defined
2025-09-23 21:11:24 | INFO | Consumer shutting down.
2025-09-23 21:11:25 | INFO | {'message': 'I just tried a movie! It was weird.', 'author': 'Bob', 'timestamp': '2025-09-23 21:11:25', 'category': 'entertainment', 'sentiment': 0.33, 'keyword_mentioned': 'movie', 'message_length': 35}
2025-09-23 21:11:30 | INFO | {'message': 'I just saw travel! It was exciting.', 'author': 'Alice', 'timestamp': '2025-09-23 21:11:30', 'category': 'travel', 'sentiment': 0.89, 'keyword_mentioned': 'travel', 'message_length': 35}
2025-09-23 21:11:35 | INFO | {'message': 'I just shared a meme! It was exciting.', 'author': 'Eve', 'timestamp': '2025-09-23 21:11:35', 'category': 'humor', 'sentiment': 0.38, 'keyword_mentioned': 'meme', 'message_length': 38}
2025-09-23 21:11:38 | INFO | Logging to file: logs/project_log.log
2025-09-23 21:11:38 | INFO | Log sanitization enabled, personal info removed
2025-09-23 21:11:38 | INFO | Starting Consumer to run continuously.
2025-09-23 21:11:38 | INFO | Things can fail or get interrupted, so use a try block.
2025-09-23 21:11:38 | INFO | Moved .env variables into a utils config module.
2025-09-23 21:11:38 | INFO | STEP 1. Read environment variables using new config functions.
2025-09-23 21:11:38 | INFO | BUZZ_TOPIC: buzzline
2025-09-23 21:11:38 | INFO | KAFKA_BROKER_ADDRESS: 127.0.0.1:9092
2025-09-23 21:11:38 | INFO | BUZZ_CONSUMER_GROUP_ID: buzz_group
2025-09-23 21:11:38 | INFO | MESSAGE_INTERVAL_SECONDS: 5
2025-09-23 21:11:38 | INFO | BASE_DATA_DIR: PROJECT_ROOT/data
2025-09-23 21:11:38 | INFO | SQLITE_PATH: PROJECT_ROOT/data/buzz.sqlite
2025-09-23 21:11:38 | INFO | SUCCESS: Read environment variables.
2025-09-23 21:11:38 | INFO | STEP 2. Delete any prior database file for a fresh start.
2025-09-23 21:11:38 | INFO | SUCCESS: Deleted database file.
2025-09-23 21:11:38 | INFO | STEP 3. Initialize a new database with an empty table.
2025-09-23 21:11:38 | INFO | Calling SQLite init_db() with {db_path=}.
2025-09-23 21:11:38 | INFO | SUCCESS: Got a cursor to execute SQL.
2025-09-23 21:11:38 | INFO | SUCCESS: Database initialized and table ready at PROJECT_ROOT/data/buzz.sqlite.
2025-09-23 21:11:38 | INFO | STEP 4. Begin consuming and storing messages.
2025-09-23 21:11:38 | INFO | Called consume_messages_from_kafka() with:
2025-09-23 21:11:38 | INFO |    topic='buzzline'
2025-09-23 21:11:38 | INFO |    kafka_url='127.0.0.1:9092'
2025-09-23 21:11:38 | INFO |    group='buzz_group'
2025-09-23 21:11:38 | INFO |    sql_path=WindowsPath('C:/Projects/buzzline-05-fintel/data/buzz.sqlite')
2025-09-23 21:11:38 | INFO |    interval_secs=5
