2025-09-24 18:10:53 | INFO | {'message': 'I just shared a meme! It was amazing.', 'author': 'Alice', 'timestamp': '2025-09-24 18:10:53', 'category': 'humor', 'sentiment': 0.01, 'keyword_mentioned': 'meme', 'message_length': 37}
2025-09-24 18:10:58 | INFO | {'message': 'I just loved Python! It was boring.', 'author': 'Eve', 'timestamp': '2025-09-24 18:10:58', 'category': 'tech', 'sentiment': 0.24, 'keyword_mentioned': 'Python', 'message_length': 35}
2025-09-24 18:10:59 | INFO | Logging to file: logs/project_log.log
2025-09-24 18:10:59 | INFO | Log sanitization enabled, personal info removed
2025-09-24 18:11:03 | INFO | {'message': 'I just saw recipe! It was funny.', 'author': 'Eve', 'timestamp': '2025-09-24 18:11:03', 'category': 'food', 'sentiment': 0.66, 'keyword_mentioned': 'recipe', 'message_length': 32}
2025-09-24 18:11:04 | INFO | Logging to file: logs/project_log.log
2025-09-24 18:11:04 | INFO | Log sanitization enabled, personal info removed
2025-09-24 18:11:08 | INFO | {'message': 'I just loved Python! It was boring.', 'author': 'Bob', 'timestamp': '2025-09-24 18:11:08', 'category': 'tech', 'sentiment': 0.6, 'keyword_mentioned': 'Python', 'message_length': 35}
2025-09-24 18:11:13 | INFO | {'message': 'I just loved JavaScript! It was weird.', 'author': 'Eve', 'timestamp': '2025-09-24 18:11:13', 'category': 'tech', 'sentiment': 0.89, 'keyword_mentioned': 'JavaScript', 'message_length': 38}
2025-09-24 18:11:18 | INFO | {'message': 'I just saw travel! It was weird.', 'author': 'Eve', 'timestamp': '2025-09-24 18:11:18', 'category': 'travel', 'sentiment': 0.29, 'keyword_mentioned': 'travel', 'message_length': 32}
2025-09-24 18:11:23 | INFO | {'message': 'I just loved a movie! It was weird.', 'author': 'Bob', 'timestamp': '2025-09-24 18:11:23', 'category': 'entertainment', 'sentiment': 0.65, 'keyword_mentioned': 'movie', 'message_length': 35}
2025-09-24 18:11:28 | INFO | {'message': 'I just loved JavaScript! It was exciting.', 'author': 'Charlie', 'timestamp': '2025-09-24 18:11:28', 'category': 'tech', 'sentiment': 0.86, 'keyword_mentioned': 'JavaScript', 'message_length': 41}
2025-09-24 18:11:29 | INFO | Logging to file: logs/project_log.log
2025-09-24 18:11:29 | INFO | Log sanitization enabled, personal info removed
2025-09-24 18:11:33 | INFO | {'message': 'I just shared travel! It was weird.', 'author': 'Bob', 'timestamp': '2025-09-24 18:11:33', 'category': 'travel', 'sentiment': 0.99, 'keyword_mentioned': 'travel', 'message_length': 35}
2025-09-24 18:11:38 | INFO | {'message': 'I just shared JavaScript! It was boring.', 'author': 'Alice', 'timestamp': '2025-09-24 18:11:38', 'category': 'tech', 'sentiment': 0.32, 'keyword_mentioned': 'JavaScript', 'message_length': 40}
2025-09-24 18:11:43 | INFO | {'message': 'I just tried Python! It was funny.', 'author': 'Eve', 'timestamp': '2025-09-24 18:11:43', 'category': 'tech', 'sentiment': 0.67, 'keyword_mentioned': 'Python', 'message_length': 34}
2025-09-24 18:11:47 | INFO | Logging to file: logs/project_log.log
2025-09-24 18:11:47 | INFO | Log sanitization enabled, personal info removed
2025-09-24 18:11:48 | INFO | {'message': 'I just saw a story! It was boring.', 'author': 'Charlie', 'timestamp': '2025-09-24 18:11:48', 'category': 'other', 'sentiment': 0.61, 'keyword_mentioned': 'other', 'message_length': 34}
2025-09-24 18:11:53 | INFO | {'message': 'I just found recipe! It was exciting.', 'author': 'Charlie', 'timestamp': '2025-09-24 18:11:53', 'category': 'food', 'sentiment': 0.74, 'keyword_mentioned': 'recipe', 'message_length': 37}
2025-09-24 18:11:58 | INFO | {'message': 'I just shared a story! It was boring.', 'author': 'Eve', 'timestamp': '2025-09-24 18:11:58', 'category': 'other', 'sentiment': 0.35, 'keyword_mentioned': 'other', 'message_length': 37}
2025-09-24 18:12:01 | INFO | Logging to file: logs/project_log.log
2025-09-24 18:12:01 | INFO | Log sanitization enabled, personal info removed
2025-09-24 18:12:03 | INFO | {'message': 'I just found JavaScript! It was amazing.', 'author': 'Bob', 'timestamp': '2025-09-24 18:12:03', 'category': 'tech', 'sentiment': 0.09, 'keyword_mentioned': 'JavaScript', 'message_length': 40}
2025-09-24 18:12:08 | INFO | {'message': 'I just shared a story! It was boring.', 'author': 'Alice', 'timestamp': '2025-09-24 18:12:08', 'category': 'other', 'sentiment': 0.21, 'keyword_mentioned': 'other', 'message_length': 37}
2025-09-24 18:12:13 | INFO | {'message': 'I just found recipe! It was boring.', 'author': 'Eve', 'timestamp': '2025-09-24 18:12:13', 'category': 'food', 'sentiment': 0.95, 'keyword_mentioned': 'recipe', 'message_length': 35}
2025-09-24 18:12:18 | INFO | {'message': 'I just shared a trick! It was amazing.', 'author': 'Alice', 'timestamp': '2025-09-24 18:12:18', 'category': 'other', 'sentiment': 0.24, 'keyword_mentioned': 'other', 'message_length': 38}
2025-09-24 18:12:23 | INFO | {'message': 'I just saw travel! It was exciting.', 'author': 'Eve', 'timestamp': '2025-09-24 18:12:23', 'category': 'travel', 'sentiment': 0.09, 'keyword_mentioned': 'travel', 'message_length': 35}
2025-09-24 18:12:28 | INFO | {'message': 'I just saw a meme! It was amazing.', 'author': 'Alice', 'timestamp': '2025-09-24 18:12:28', 'category': 'humor', 'sentiment': 0.39, 'keyword_mentioned': 'meme', 'message_length': 34}
2025-09-24 18:12:33 | INFO | {'message': 'I just found a movie! It was funny.', 'author': 'Alice', 'timestamp': '2025-09-24 18:12:33', 'category': 'entertainment', 'sentiment': 0.82, 'keyword_mentioned': 'movie', 'message_length': 35}
2025-09-24 18:12:38 | INFO | {'message': 'I just saw game! It was exciting.', 'author': 'Charlie', 'timestamp': '2025-09-24 18:12:38', 'category': 'gaming', 'sentiment': 0.62, 'keyword_mentioned': 'game', 'message_length': 33}
2025-09-24 18:12:43 | INFO | {'message': 'I just saw a movie! It was exciting.', 'author': 'Eve', 'timestamp': '2025-09-24 18:12:43', 'category': 'entertainment', 'sentiment': 0.86, 'keyword_mentioned': 'movie', 'message_length': 36}
2025-09-24 18:12:48 | INFO | {'message': 'I just loved JavaScript! It was exciting.', 'author': 'Charlie', 'timestamp': '2025-09-24 18:12:48', 'category': 'tech', 'sentiment': 0.72, 'keyword_mentioned': 'JavaScript', 'message_length': 41}
2025-09-24 18:12:53 | INFO | {'message': 'I just loved a story! It was funny.', 'author': 'Charlie', 'timestamp': '2025-09-24 18:12:53', 'category': 'other', 'sentiment': 0.98, 'keyword_mentioned': 'other', 'message_length': 35}
2025-09-24 18:12:58 | INFO | {'message': 'I just loved travel! It was exciting.', 'author': 'Charlie', 'timestamp': '2025-09-24 18:12:58', 'category': 'travel', 'sentiment': 0.55, 'keyword_mentioned': 'travel', 'message_length': 37}
2025-09-24 18:13:03 | INFO | {'message': 'I just shared a story! It was boring.', 'author': 'Alice', 'timestamp': '2025-09-24 18:13:03', 'category': 'other', 'sentiment': 0.46, 'keyword_mentioned': 'other', 'message_length': 37}
2025-09-24 18:13:08 | INFO | {'message': 'I just loved JavaScript! It was weird.', 'author': 'Alice', 'timestamp': '2025-09-24 18:13:08', 'category': 'tech', 'sentiment': 0.89, 'keyword_mentioned': 'JavaScript', 'message_length': 38}
2025-09-24 18:13:13 | INFO | {'message': 'I just loved JavaScript! It was funny.', 'author': 'Eve', 'timestamp': '2025-09-24 18:13:13', 'category': 'tech', 'sentiment': 0.06, 'keyword_mentioned': 'JavaScript', 'message_length': 38}
2025-09-24 18:13:18 | INFO | {'message': 'I just found a movie! It was weird.', 'author': 'Charlie', 'timestamp': '2025-09-24 18:13:18', 'category': 'entertainment', 'sentiment': 0.47, 'keyword_mentioned': 'movie', 'message_length': 35}
2025-09-24 18:13:23 | INFO | {'message': 'I just found game! It was funny.', 'author': 'Charlie', 'timestamp': '2025-09-24 18:13:23', 'category': 'gaming', 'sentiment': 0.06, 'keyword_mentioned': 'game', 'message_length': 32}
2025-09-24 18:13:28 | INFO | {'message': 'I just saw a meme! It was funny.', 'author': 'Eve', 'timestamp': '2025-09-24 18:13:28', 'category': 'humor', 'sentiment': 0.19, 'keyword_mentioned': 'meme', 'message_length': 32}
2025-09-24 18:13:33 | INFO | {'message': 'I just loved a movie! It was weird.', 'author': 'Alice', 'timestamp': '2025-09-24 18:13:33', 'category': 'entertainment', 'sentiment': 0.34, 'keyword_mentioned': 'movie', 'message_length': 35}
2025-09-24 18:13:38 | INFO | {'message': 'I just shared travel! It was exciting.', 'author': 'Alice', 'timestamp': '2025-09-24 18:13:38', 'category': 'travel', 'sentiment': 0.43, 'keyword_mentioned': 'travel', 'message_length': 38}
2025-09-24 18:13:43 | INFO | {'message': 'I just saw Python! It was weird.', 'author': 'Eve', 'timestamp': '2025-09-24 18:13:43', 'category': 'tech', 'sentiment': 0.71, 'keyword_mentioned': 'Python', 'message_length': 32}
2025-09-24 18:13:48 | INFO | {'message': 'I just found JavaScript! It was amazing.', 'author': 'Eve', 'timestamp': '2025-09-24 18:13:48', 'category': 'tech', 'sentiment': 0.53, 'keyword_mentioned': 'JavaScript', 'message_length': 40}
2025-09-24 18:13:53 | INFO | {'message': 'I just saw a trick! It was exciting.', 'author': 'Bob', 'timestamp': '2025-09-24 18:13:53', 'category': 'other', 'sentiment': 0.29, 'keyword_mentioned': 'other', 'message_length': 36}
2025-09-24 18:13:58 | INFO | {'message': 'I just shared an app! It was boring.', 'author': 'Eve', 'timestamp': '2025-09-24 18:13:58', 'category': 'other', 'sentiment': 0.6, 'keyword_mentioned': 'other', 'message_length': 36}
2025-09-24 18:14:03 | INFO | {'message': 'I just loved a trick! It was funny.', 'author': 'Eve', 'timestamp': '2025-09-24 18:14:03', 'category': 'other', 'sentiment': 0.33, 'keyword_mentioned': 'other', 'message_length': 35}
2025-09-24 18:14:08 | INFO | {'message': 'I just tried a meme! It was exciting.', 'author': 'Eve', 'timestamp': '2025-09-24 18:14:08', 'category': 'humor', 'sentiment': 0.67, 'keyword_mentioned': 'meme', 'message_length': 37}
2025-09-24 18:14:13 | INFO | {'message': 'I just loved JavaScript! It was exciting.', 'author': 'Charlie', 'timestamp': '2025-09-24 18:14:13', 'category': 'tech', 'sentiment': 0.76, 'keyword_mentioned': 'JavaScript', 'message_length': 41}
2025-09-24 18:14:18 | INFO | {'message': 'I just tried travel! It was funny.', 'author': 'Eve', 'timestamp': '2025-09-24 18:14:18', 'category': 'travel', 'sentiment': 0.2, 'keyword_mentioned': 'travel', 'message_length': 34}
2025-09-24 18:14:23 | INFO | {'message': 'I just found JavaScript! It was weird.', 'author': 'Charlie', 'timestamp': '2025-09-24 18:14:23', 'category': 'tech', 'sentiment': 0.43, 'keyword_mentioned': 'JavaScript', 'message_length': 38}
2025-09-24 18:14:28 | INFO | {'message': 'I just shared a movie! It was amazing.', 'author': 'Eve', 'timestamp': '2025-09-24 18:14:28', 'category': 'entertainment', 'sentiment': 0.96, 'keyword_mentioned': 'movie', 'message_length': 38}
2025-09-24 18:14:33 | INFO | {'message': 'I just saw an app! It was amazing.', 'author': 'Alice', 'timestamp': '2025-09-24 18:14:33', 'category': 'other', 'sentiment': 0.86, 'keyword_mentioned': 'other', 'message_length': 34}
2025-09-24 18:14:38 | INFO | {'message': 'I just found recipe! It was funny.', 'author': 'Eve', 'timestamp': '2025-09-24 18:14:38', 'category': 'food', 'sentiment': 0.47, 'keyword_mentioned': 'recipe', 'message_length': 34}
2025-09-24 18:14:40 | INFO | Logging to file: logs/project_log.log
2025-09-24 18:14:40 | INFO | Log sanitization enabled, personal info removed
2025-09-24 18:14:40 | INFO | Starting Consumer to run continuously.
2025-09-24 18:14:40 | INFO | Things can fail or get interrupted, so use a try block.
2025-09-24 18:14:40 | INFO | Moved .env variables into a utils config module.
2025-09-24 18:14:40 | INFO | STEP 1. Read environment variables using new config functions.
2025-09-24 18:14:40 | INFO | BUZZ_TOPIC: buzzline
2025-09-24 18:14:40 | INFO | KAFKA_BROKER_ADDRESS: 127.0.0.1:9092
2025-09-24 18:14:40 | INFO | BUZZ_CONSUMER_GROUP_ID: buzz_group
2025-09-24 18:14:40 | INFO | MESSAGE_INTERVAL_SECONDS: 5
2025-09-24 18:14:40 | INFO | BASE_DATA_DIR: PROJECT_ROOT/data
2025-09-24 18:14:40 | INFO | SQLITE_PATH: PROJECT_ROOT/data/buzz.sqlite
2025-09-24 18:14:40 | INFO | SUCCESS: Read environment variables.
2025-09-24 18:14:40 | INFO | STEP 2. Delete any prior database file for a fresh start.
2025-09-24 18:14:40 | INFO | SUCCESS: Deleted database file.
2025-09-24 18:14:40 | INFO | STEP 3. Initialize a new database with an empty table.
2025-09-24 18:14:40 | INFO | Calling SQLite init_db() with {db_path=}.
2025-09-24 18:14:40 | INFO | SUCCESS: Got a cursor to execute SQL.
2025-09-24 18:14:40 | INFO | SUCCESS: Database initialized and table ready at PROJECT_ROOT/data/buzz.sqlite.
2025-09-24 18:14:40 | INFO | STEP 4. Begin consuming and storing messages.
2025-09-24 18:14:40 | INFO | Called consume_messages_from_kafka() with:
2025-09-24 18:14:40 | INFO |    topic='buzzline'
2025-09-24 18:14:40 | INFO |    kafka_url='127.0.0.1:9092'
2025-09-24 18:14:40 | INFO |    group='buzz_group'
2025-09-24 18:14:40 | INFO |    sql_path=WindowsPath('C:/Projects/buzzline-05-fintel/data/buzz.sqlite')
2025-09-24 18:14:40 | INFO |    interval_secs=5
2025-09-24 18:14:40 | INFO | Step 1. Verify Kafka Services.
2025-09-24 18:14:40 | INFO | Kafka broker address: localhost:9092
2025-09-24 18:14:40 | INFO | Kafka is ready. Brokers: {'throttle_time_ms': 0, 'brokers': [{'node_id': 1, 'host': 'localhost', 'port': 9092, 'rack': None}], 'cluster_id': 'JjY4WKawQ-GFC8VniCM2Xw', 'controller_id': 1}
2025-09-24 18:14:40 | INFO | Step 2. Create a Kafka consumer.
2025-09-24 18:14:40 | INFO | Kafka broker address: localhost:9092
2025-09-24 18:14:40 | INFO | Creating Kafka consumer. Topic='buzzline' and group ID='buzz_group'.
2025-09-24 18:14:40 | INFO | Kafka consumer created successfully.
2025-09-24 18:14:40 | INFO | Step 3. Verify topic exists.
2025-09-24 18:14:40 | INFO | Kafka broker address: localhost:9092
2025-09-24 18:14:40 | INFO | Kafka topic 'buzzline' is ready.
2025-09-24 18:14:40 | INFO | Step 4. Process messages.
2025-09-24 18:14:40 | ERROR | ERROR: Could not consume messages from Kafka: Invalid file descriptor: -1
2025-09-24 18:14:40 | ERROR | Unexpected error: Invalid file descriptor: -1
2025-09-24 18:14:40 | INFO | Consumer shutting down.
2025-09-24 18:14:43 | INFO | {'message': 'I just saw a trick! It was weird.', 'author': 'Bob', 'timestamp': '2025-09-24 18:14:43', 'category': 'other', 'sentiment': 0.93, 'keyword_mentioned': 'other', 'message_length': 33}
2025-09-24 18:14:46 | INFO | Logging to file: logs/project_log.log
2025-09-24 18:14:46 | INFO | Log sanitization enabled, personal info removed
2025-09-24 18:14:46 | INFO | Starting Consumer to run continuously.
2025-09-24 18:14:46 | INFO | Things can fail or get interrupted, so use a try block.
2025-09-24 18:14:46 | INFO | Moved .env variables into a utils config module.
2025-09-24 18:14:46 | INFO | STEP 1. Read environment variables using new config functions.
2025-09-24 18:14:46 | INFO | BUZZ_TOPIC: buzzline
2025-09-24 18:14:46 | INFO | KAFKA_BROKER_ADDRESS: 127.0.0.1:9092
2025-09-24 18:14:46 | INFO | BUZZ_CONSUMER_GROUP_ID: buzz_group
2025-09-24 18:14:46 | INFO | MESSAGE_INTERVAL_SECONDS: 5
2025-09-24 18:14:46 | INFO | BASE_DATA_DIR: PROJECT_ROOT/data
2025-09-24 18:14:46 | INFO | SQLITE_PATH: PROJECT_ROOT/data/buzz.sqlite
2025-09-24 18:14:46 | INFO | SUCCESS: Read environment variables.
2025-09-24 18:14:46 | INFO | STEP 2. Delete any prior database file for a fresh start.
2025-09-24 18:14:46 | INFO | SUCCESS: Deleted database file.
2025-09-24 18:14:46 | INFO | STEP 3. Initialize a new database with an empty table.
2025-09-24 18:14:46 | INFO | Calling SQLite init_db() with {db_path=}.
2025-09-24 18:14:46 | INFO | SUCCESS: Got a cursor to execute SQL.
2025-09-24 18:14:46 | INFO | SUCCESS: Database initialized and table ready at PROJECT_ROOT/data/buzz.sqlite.
2025-09-24 18:14:46 | INFO | STEP 4. Begin consuming and storing messages.
2025-09-24 18:14:46 | INFO | Called consume_messages_from_kafka() with:
2025-09-24 18:14:46 | INFO |    topic='buzzline'
2025-09-24 18:14:46 | INFO |    kafka_url='127.0.0.1:9092'
2025-09-24 18:14:46 | INFO |    group='buzz_group'
2025-09-24 18:14:46 | INFO |    sql_path=WindowsPath('C:/Projects/buzzline-05-fintel/data/buzz.sqlite')
2025-09-24 18:14:46 | INFO |    interval_secs=5
2025-09-24 18:14:46 | INFO | Step 1. Verify Kafka Services.
2025-09-24 18:14:46 | INFO | Kafka broker address: localhost:9092
2025-09-24 18:14:47 | INFO | Kafka is ready. Brokers: {'throttle_time_ms': 0, 'brokers': [{'node_id': 1, 'host': 'localhost', 'port': 9092, 'rack': None}], 'cluster_id': 'JjY4WKawQ-GFC8VniCM2Xw', 'controller_id': 1}
2025-09-24 18:14:47 | INFO | Step 2. Create a Kafka consumer.
2025-09-24 18:14:47 | INFO | Kafka broker address: localhost:9092
2025-09-24 18:14:47 | INFO | Creating Kafka consumer. Topic='buzzline' and group ID='buzz_group'.
2025-09-24 18:14:47 | INFO | Kafka consumer created successfully.
2025-09-24 18:14:47 | INFO | Step 3. Verify topic exists.
2025-09-24 18:14:47 | INFO | Kafka broker address: localhost:9092
2025-09-24 18:14:47 | INFO | Kafka topic 'buzzline' is ready.
2025-09-24 18:14:47 | INFO | Step 4. Process messages.
2025-09-24 18:14:48 | INFO | {'message': 'I just found a trick! It was weird.', 'author': 'Charlie', 'timestamp': '2025-09-24 18:14:48', 'category': 'other', 'sentiment': 0.86, 'keyword_mentioned': 'other', 'message_length': 35}
2025-09-24 18:14:53 | INFO | {'message': 'I just saw a trick! It was boring.', 'author': 'Eve', 'timestamp': '2025-09-24 18:14:53', 'category': 'other', 'sentiment': 0.68, 'keyword_mentioned': 'other', 'message_length': 34}
2025-09-24 18:14:58 | INFO | {'message': 'I just tried a trick! It was amazing.', 'author': 'Alice', 'timestamp': '2025-09-24 18:14:58', 'category': 'other', 'sentiment': 0.4, 'keyword_mentioned': 'other', 'message_length': 37}
2025-09-24 18:15:03 | INFO | {'message': 'I just loved JavaScript! It was boring.', 'author': 'Bob', 'timestamp': '2025-09-24 18:15:03', 'category': 'tech', 'sentiment': 0.31, 'keyword_mentioned': 'JavaScript', 'message_length': 39}
2025-09-24 18:15:08 | INFO | {'message': 'I just tried a story! It was amazing.', 'author': 'Charlie', 'timestamp': '2025-09-24 18:15:08', 'category': 'other', 'sentiment': 0.05, 'keyword_mentioned': 'other', 'message_length': 37}
2025-09-24 18:15:13 | INFO | {'message': 'I just saw Python! It was funny.', 'author': 'Alice', 'timestamp': '2025-09-24 18:15:13', 'category': 'tech', 'sentiment': 0.57, 'keyword_mentioned': 'Python', 'message_length': 32}
2025-09-24 18:15:18 | INFO | {'message': 'I just tried a trick! It was funny.', 'author': 'Charlie', 'timestamp': '2025-09-24 18:15:18', 'category': 'other', 'sentiment': 0.19, 'keyword_mentioned': 'other', 'message_length': 35}
2025-09-24 18:15:19 | WARNING | Consumer interrupted by user.
2025-09-24 18:15:19 | INFO | Consumer shutting down.
2025-09-24 18:15:22 | INFO | Logging to file: logs/project_log.log
2025-09-24 18:15:22 | INFO | Log sanitization enabled, personal info removed
2025-09-24 18:15:22 | INFO | Starting Consumer to run continuously.
2025-09-24 18:15:22 | INFO | Things can fail or get interrupted, so use a try block.
2025-09-24 18:15:22 | INFO | Moved .env variables into a utils config module.
2025-09-24 18:15:22 | INFO | STEP 1. Read environment variables using new config functions.
2025-09-24 18:15:22 | INFO | BUZZ_TOPIC: buzzline
2025-09-24 18:15:22 | INFO | KAFKA_BROKER_ADDRESS: 127.0.0.1:9092
2025-09-24 18:15:22 | INFO | BUZZ_CONSUMER_GROUP_ID: buzz_group
2025-09-24 18:15:22 | INFO | MESSAGE_INTERVAL_SECONDS: 5
2025-09-24 18:15:22 | INFO | BASE_DATA_DIR: PROJECT_ROOT/data
2025-09-24 18:15:22 | INFO | SQLITE_PATH: PROJECT_ROOT/data/buzz.sqlite
2025-09-24 18:15:22 | INFO | SUCCESS: Read environment variables.
2025-09-24 18:15:22 | INFO | STEP 2. Delete any prior database file for a fresh start.
2025-09-24 18:15:22 | INFO | SUCCESS: Deleted database file.
2025-09-24 18:15:22 | INFO | STEP 3. Initialize a new database with an empty table.
2025-09-24 18:15:22 | INFO | Calling SQLite init_db() with {db_path=}.
2025-09-24 18:15:22 | INFO | SUCCESS: Got a cursor to execute SQL.
2025-09-24 18:15:22 | INFO | SUCCESS: Database initialized and table ready at PROJECT_ROOT/data/buzz.sqlite.
2025-09-24 18:15:22 | INFO | STEP 4. Begin consuming and storing messages.
2025-09-24 18:15:22 | INFO | Called consume_messages_from_kafka() with:
2025-09-24 18:15:22 | INFO |    topic='buzzline'
2025-09-24 18:15:22 | INFO |    kafka_url='127.0.0.1:9092'
2025-09-24 18:15:22 | INFO |    group='buzz_group'
2025-09-24 18:15:22 | INFO |    sql_path=WindowsPath('C:/Projects/buzzline-05-fintel/data/buzz.sqlite')
2025-09-24 18:15:22 | INFO |    interval_secs=5
2025-09-24 18:15:22 | INFO | Step 1. Verify Kafka Services.
2025-09-24 18:15:22 | INFO | Kafka broker address: localhost:9092
2025-09-24 18:15:23 | INFO | Kafka is ready. Brokers: {'throttle_time_ms': 0, 'brokers': [{'node_id': 1, 'host': 'localhost', 'port': 9092, 'rack': None}], 'cluster_id': 'JjY4WKawQ-GFC8VniCM2Xw', 'controller_id': 1}
2025-09-24 18:15:23 | INFO | Step 2. Create a Kafka consumer.
2025-09-24 18:15:23 | INFO | Kafka broker address: localhost:9092
2025-09-24 18:15:23 | INFO | Creating Kafka consumer. Topic='buzzline' and group ID='buzz_group'.
2025-09-24 18:15:23 | INFO | Kafka consumer created successfully.
2025-09-24 18:15:23 | INFO | Step 3. Verify topic exists.
2025-09-24 18:15:23 | INFO | Kafka broker address: localhost:9092
2025-09-24 18:15:23 | INFO | {'message': 'I just saw Python! It was exciting.', 'author': 'Alice', 'timestamp': '2025-09-24 18:15:23', 'category': 'tech', 'sentiment': 0.88, 'keyword_mentioned': 'Python', 'message_length': 35}
2025-09-24 18:15:23 | INFO | Kafka topic 'buzzline' is ready.
2025-09-24 18:15:23 | INFO | Step 4. Process messages.
2025-09-24 18:15:23 | ERROR | ERROR: Could not consume messages from Kafka: Invalid file descriptor: -1
2025-09-24 18:15:23 | ERROR | Unexpected error: Invalid file descriptor: -1
2025-09-24 18:15:23 | INFO | Consumer shutting down.
2025-09-24 18:15:28 | INFO | {'message': 'I just saw an app! It was amazing.', 'author': 'Alice', 'timestamp': '2025-09-24 18:15:28', 'category': 'other', 'sentiment': 0.37, 'keyword_mentioned': 'other', 'message_length': 34}
2025-09-24 18:15:33 | INFO | {'message': 'I just saw a trick! It was boring.', 'author': 'Bob', 'timestamp': '2025-09-24 18:15:33', 'category': 'other', 'sentiment': 0.22, 'keyword_mentioned': 'other', 'message_length': 34}
2025-09-24 18:15:38 | INFO | {'message': 'I just tried recipe! It was amazing.', 'author': 'Eve', 'timestamp': '2025-09-24 18:15:38', 'category': 'food', 'sentiment': 0.34, 'keyword_mentioned': 'recipe', 'message_length': 36}
2025-09-24 18:15:43 | INFO | {'message': 'I just tried JavaScript! It was weird.', 'author': 'Bob', 'timestamp': '2025-09-24 18:15:43', 'category': 'tech', 'sentiment': 0.03, 'keyword_mentioned': 'JavaScript', 'message_length': 38}
2025-09-24 18:15:46 | INFO | Logging to file: logs/project_log.log
2025-09-24 18:15:46 | INFO | Log sanitization enabled, personal info removed
2025-09-24 18:15:46 | INFO | Starting Consumer to run continuously.
2025-09-24 18:15:46 | INFO | Things can fail or get interrupted, so use a try block.
2025-09-24 18:15:46 | INFO | Moved .env variables into a utils config module.
2025-09-24 18:15:46 | INFO | STEP 1. Read environment variables using new config functions.
2025-09-24 18:15:46 | INFO | BUZZ_TOPIC: buzzline
2025-09-24 18:15:46 | INFO | KAFKA_BROKER_ADDRESS: 127.0.0.1:9092
2025-09-24 18:15:46 | INFO | BUZZ_CONSUMER_GROUP_ID: buzz_group
2025-09-24 18:15:46 | INFO | MESSAGE_INTERVAL_SECONDS: 5
2025-09-24 18:15:46 | INFO | BASE_DATA_DIR: PROJECT_ROOT/data
2025-09-24 18:15:46 | INFO | SQLITE_PATH: PROJECT_ROOT/data/buzz.sqlite
2025-09-24 18:15:46 | INFO | SUCCESS: Read environment variables.
2025-09-24 18:15:46 | INFO | STEP 2. Delete any prior database file for a fresh start.
2025-09-24 18:15:46 | INFO | SUCCESS: Deleted database file.
2025-09-24 18:15:46 | INFO | STEP 3. Initialize a new database with an empty table.
2025-09-24 18:15:46 | INFO | Calling SQLite init_db() with {db_path=}.
2025-09-24 18:15:46 | INFO | SUCCESS: Got a cursor to execute SQL.
2025-09-24 18:15:46 | INFO | SUCCESS: Database initialized and table ready at PROJECT_ROOT/data/buzz.sqlite.
2025-09-24 18:15:46 | INFO | STEP 4. Begin consuming and storing messages.
2025-09-24 18:15:46 | INFO | Called consume_messages_from_kafka() with:
2025-09-24 18:15:46 | INFO |    topic='buzzline'
2025-09-24 18:15:46 | INFO |    kafka_url='127.0.0.1:9092'
2025-09-24 18:15:46 | INFO |    group='buzz_group'
2025-09-24 18:15:46 | INFO |    sql_path=WindowsPath('C:/Projects/buzzline-05-fintel/data/buzz.sqlite')
2025-09-24 18:15:46 | INFO |    interval_secs=5
2025-09-24 18:15:46 | INFO | Step 1. Verify Kafka Services.
2025-09-24 18:15:46 | INFO | Kafka broker address: localhost:9092
2025-09-24 18:15:46 | INFO | Kafka is ready. Brokers: {'throttle_time_ms': 0, 'brokers': [{'node_id': 1, 'host': 'localhost', 'port': 9092, 'rack': None}], 'cluster_id': 'JjY4WKawQ-GFC8VniCM2Xw', 'controller_id': 1}
2025-09-24 18:15:46 | INFO | Step 2. Create a Kafka consumer.
2025-09-24 18:15:46 | INFO | Kafka broker address: localhost:9092
2025-09-24 18:15:46 | INFO | Creating Kafka consumer. Topic='buzzline' and group ID='buzz_group'.
2025-09-24 18:15:47 | INFO | Kafka consumer created successfully.
2025-09-24 18:15:47 | INFO | Step 3. Verify topic exists.
2025-09-24 18:15:47 | INFO | Kafka broker address: localhost:9092
2025-09-24 18:15:47 | INFO | Kafka topic 'buzzline' is ready.
2025-09-24 18:15:47 | INFO | Step 4. Process messages.
2025-09-24 18:15:47 | ERROR | ERROR: Could not consume messages from Kafka: Invalid file descriptor: -1
2025-09-24 18:15:47 | ERROR | Unexpected error: Invalid file descriptor: -1
2025-09-24 18:15:47 | INFO | Consumer shutting down.
2025-09-24 18:15:48 | INFO | {'message': 'I just shared game! It was exciting.', 'author': 'Alice', 'timestamp': '2025-09-24 18:15:48', 'category': 'gaming', 'sentiment': 0.81, 'keyword_mentioned': 'game', 'message_length': 36}
2025-09-24 18:15:53 | INFO | {'message': 'I just found travel! It was amazing.', 'author': 'Eve', 'timestamp': '2025-09-24 18:15:53', 'category': 'travel', 'sentiment': 0.24, 'keyword_mentioned': 'travel', 'message_length': 36}
2025-09-24 18:15:58 | INFO | {'message': 'I just shared a trick! It was boring.', 'author': 'Bob', 'timestamp': '2025-09-24 18:15:58', 'category': 'other', 'sentiment': 0.89, 'keyword_mentioned': 'other', 'message_length': 37}
2025-09-24 18:16:03 | INFO | {'message': 'I just found JavaScript! It was weird.', 'author': 'Bob', 'timestamp': '2025-09-24 18:16:03', 'category': 'tech', 'sentiment': 0.21, 'keyword_mentioned': 'JavaScript', 'message_length': 38}
2025-09-24 18:16:08 | INFO | {'message': 'I just found recipe! It was boring.', 'author': 'Charlie', 'timestamp': '2025-09-24 18:16:08', 'category': 'food', 'sentiment': 0.08, 'keyword_mentioned': 'recipe', 'message_length': 35}
2025-09-24 18:16:13 | INFO | {'message': 'I just saw an app! It was funny.', 'author': 'Eve', 'timestamp': '2025-09-24 18:16:13', 'category': 'other', 'sentiment': 0.74, 'keyword_mentioned': 'other', 'message_length': 32}
2025-09-24 18:16:18 | INFO | {'message': 'I just shared Python! It was amazing.', 'author': 'Alice', 'timestamp': '2025-09-24 18:16:18', 'category': 'tech', 'sentiment': 0.94, 'keyword_mentioned': 'Python', 'message_length': 37}
2025-09-24 18:16:23 | INFO | {'message': 'I just tried a meme! It was funny.', 'author': 'Eve', 'timestamp': '2025-09-24 18:16:23', 'category': 'humor', 'sentiment': 0.71, 'keyword_mentioned': 'meme', 'message_length': 34}
2025-09-24 18:16:28 | INFO | {'message': 'I just shared a movie! It was weird.', 'author': 'Bob', 'timestamp': '2025-09-24 18:16:28', 'category': 'entertainment', 'sentiment': 0.85, 'keyword_mentioned': 'movie', 'message_length': 36}
2025-09-24 18:16:33 | INFO | {'message': 'I just saw Python! It was amazing.', 'author': 'Eve', 'timestamp': '2025-09-24 18:16:33', 'category': 'tech', 'sentiment': 0.75, 'keyword_mentioned': 'Python', 'message_length': 34}
2025-09-24 18:16:38 | INFO | {'message': 'I just found an app! It was weird.', 'author': 'Alice', 'timestamp': '2025-09-24 18:16:38', 'category': 'other', 'sentiment': 0.1, 'keyword_mentioned': 'other', 'message_length': 34}
2025-09-24 18:16:43 | INFO | {'message': 'I just saw game! It was amazing.', 'author': 'Charlie', 'timestamp': '2025-09-24 18:16:43', 'category': 'gaming', 'sentiment': 0.77, 'keyword_mentioned': 'game', 'message_length': 32}
2025-09-24 18:16:48 | INFO | {'message': 'I just saw a meme! It was weird.', 'author': 'Eve', 'timestamp': '2025-09-24 18:16:48', 'category': 'humor', 'sentiment': 0.11, 'keyword_mentioned': 'meme', 'message_length': 32}
2025-09-24 18:16:53 | INFO | {'message': 'I just loved game! It was funny.', 'author': 'Bob', 'timestamp': '2025-09-24 18:16:53', 'category': 'gaming', 'sentiment': 0.11, 'keyword_mentioned': 'game', 'message_length': 32}
2025-09-24 18:16:58 | INFO | {'message': 'I just tried JavaScript! It was weird.', 'author': 'Alice', 'timestamp': '2025-09-24 18:16:58', 'category': 'tech', 'sentiment': 0.25, 'keyword_mentioned': 'JavaScript', 'message_length': 38}
2025-09-24 18:17:03 | INFO | {'message': 'I just found a meme! It was funny.', 'author': 'Charlie', 'timestamp': '2025-09-24 18:17:03', 'category': 'humor', 'sentiment': 0.08, 'keyword_mentioned': 'meme', 'message_length': 34}
2025-09-24 18:17:08 | INFO | {'message': 'I just saw a movie! It was weird.', 'author': 'Charlie', 'timestamp': '2025-09-24 18:17:08', 'category': 'entertainment', 'sentiment': 0.81, 'keyword_mentioned': 'movie', 'message_length': 33}
2025-09-24 18:17:13 | INFO | {'message': 'I just tried a movie! It was exciting.', 'author': 'Eve', 'timestamp': '2025-09-24 18:17:13', 'category': 'entertainment', 'sentiment': 0.52, 'keyword_mentioned': 'movie', 'message_length': 38}
2025-09-24 18:17:18 | INFO | {'message': 'I just saw game! It was funny.', 'author': 'Bob', 'timestamp': '2025-09-24 18:17:18', 'category': 'gaming', 'sentiment': 0.63, 'keyword_mentioned': 'game', 'message_length': 30}
2025-09-24 18:17:23 | INFO | {'message': 'I just saw game! It was funny.', 'author': 'Eve', 'timestamp': '2025-09-24 18:17:23', 'category': 'gaming', 'sentiment': 0.05, 'keyword_mentioned': 'game', 'message_length': 30}
2025-09-24 18:17:28 | INFO | {'message': 'I just shared JavaScript! It was amazing.', 'author': 'Bob', 'timestamp': '2025-09-24 18:17:28', 'category': 'tech', 'sentiment': 0.53, 'keyword_mentioned': 'JavaScript', 'message_length': 41}
2025-09-24 18:17:33 | INFO | {'message': 'I just loved a meme! It was boring.', 'author': 'Eve', 'timestamp': '2025-09-24 18:17:33', 'category': 'humor', 'sentiment': 0.82, 'keyword_mentioned': 'meme', 'message_length': 35}
2025-09-24 18:17:38 | INFO | {'message': 'I just saw an app! It was exciting.', 'author': 'Eve', 'timestamp': '2025-09-24 18:17:38', 'category': 'other', 'sentiment': 0.96, 'keyword_mentioned': 'other', 'message_length': 35}
2025-09-24 18:17:43 | INFO | {'message': 'I just saw game! It was funny.', 'author': 'Alice', 'timestamp': '2025-09-24 18:17:43', 'category': 'gaming', 'sentiment': 0.34, 'keyword_mentioned': 'game', 'message_length': 30}
2025-09-24 18:17:48 | INFO | {'message': 'I just tried game! It was boring.', 'author': 'Alice', 'timestamp': '2025-09-24 18:17:48', 'category': 'gaming', 'sentiment': 0.57, 'keyword_mentioned': 'game', 'message_length': 33}
2025-09-24 18:17:53 | INFO | {'message': 'I just tried recipe! It was amazing.', 'author': 'Bob', 'timestamp': '2025-09-24 18:17:53', 'category': 'food', 'sentiment': 0.58, 'keyword_mentioned': 'recipe', 'message_length': 36}
2025-09-24 18:17:58 | INFO | {'message': 'I just tried a story! It was boring.', 'author': 'Alice', 'timestamp': '2025-09-24 18:17:58', 'category': 'other', 'sentiment': 0.67, 'keyword_mentioned': 'other', 'message_length': 36}
2025-09-24 18:18:03 | INFO | {'message': 'I just shared game! It was funny.', 'author': 'Eve', 'timestamp': '2025-09-24 18:18:03', 'category': 'gaming', 'sentiment': 0.21, 'keyword_mentioned': 'game', 'message_length': 33}
2025-09-24 18:18:08 | INFO | {'message': 'I just loved Python! It was funny.', 'author': 'Eve', 'timestamp': '2025-09-24 18:18:08', 'category': 'tech', 'sentiment': 0.57, 'keyword_mentioned': 'Python', 'message_length': 34}
2025-09-24 18:18:13 | INFO | {'message': 'I just shared JavaScript! It was exciting.', 'author': 'Bob', 'timestamp': '2025-09-24 18:18:13', 'category': 'tech', 'sentiment': 0.67, 'keyword_mentioned': 'JavaScript', 'message_length': 42}
2025-09-24 18:18:18 | INFO | {'message': 'I just tried a meme! It was funny.', 'author': 'Eve', 'timestamp': '2025-09-24 18:18:18', 'category': 'humor', 'sentiment': 0.07, 'keyword_mentioned': 'meme', 'message_length': 34}
2025-09-24 18:18:23 | INFO | {'message': 'I just tried game! It was funny.', 'author': 'Charlie', 'timestamp': '2025-09-24 18:18:23', 'category': 'gaming', 'sentiment': 0.48, 'keyword_mentioned': 'game', 'message_length': 32}
2025-09-24 18:18:28 | INFO | {'message': 'I just loved Python! It was exciting.', 'author': 'Charlie', 'timestamp': '2025-09-24 18:18:28', 'category': 'tech', 'sentiment': 0.69, 'keyword_mentioned': 'Python', 'message_length': 37}
2025-09-24 18:18:33 | INFO | {'message': 'I just tried an app! It was funny.', 'author': 'Bob', 'timestamp': '2025-09-24 18:18:33', 'category': 'other', 'sentiment': 0.18, 'keyword_mentioned': 'other', 'message_length': 34}
2025-09-24 18:18:38 | INFO | {'message': 'I just found a meme! It was boring.', 'author': 'Alice', 'timestamp': '2025-09-24 18:18:38', 'category': 'humor', 'sentiment': 0.61, 'keyword_mentioned': 'meme', 'message_length': 35}
2025-09-24 18:18:43 | INFO | {'message': 'I just found travel! It was amazing.', 'author': 'Alice', 'timestamp': '2025-09-24 18:18:43', 'category': 'travel', 'sentiment': 0.39, 'keyword_mentioned': 'travel', 'message_length': 36}
2025-09-24 18:18:48 | INFO | {'message': 'I just found recipe! It was boring.', 'author': 'Charlie', 'timestamp': '2025-09-24 18:18:48', 'category': 'food', 'sentiment': 0.8, 'keyword_mentioned': 'recipe', 'message_length': 35}
2025-09-24 18:18:53 | INFO | {'message': 'I just loved recipe! It was funny.', 'author': 'Alice', 'timestamp': '2025-09-24 18:18:53', 'category': 'food', 'sentiment': 0.2, 'keyword_mentioned': 'recipe', 'message_length': 34}
2025-09-24 18:18:58 | INFO | {'message': 'I just saw a trick! It was exciting.', 'author': 'Charlie', 'timestamp': '2025-09-24 18:18:58', 'category': 'other', 'sentiment': 0.42, 'keyword_mentioned': 'other', 'message_length': 36}
2025-09-24 18:19:03 | INFO | {'message': 'I just saw recipe! It was funny.', 'author': 'Eve', 'timestamp': '2025-09-24 18:19:03', 'category': 'food', 'sentiment': 0.78, 'keyword_mentioned': 'recipe', 'message_length': 32}
2025-09-24 18:19:06 | INFO | Logging to file: logs/project_log.log
2025-09-24 18:19:06 | INFO | Log sanitization enabled, personal info removed
2025-09-24 18:19:06 | INFO | Starting Consumer to run continuously.
2025-09-24 18:19:06 | INFO | Things can fail or get interrupted, so use a try block.
2025-09-24 18:19:06 | INFO | Moved .env variables into a utils config module.
2025-09-24 18:19:06 | INFO | STEP 1. Read environment variables using new config functions.
2025-09-24 18:19:06 | INFO | BUZZ_TOPIC: buzzline
2025-09-24 18:19:06 | INFO | KAFKA_BROKER_ADDRESS: 127.0.0.1:9092
2025-09-24 18:19:06 | INFO | BUZZ_CONSUMER_GROUP_ID: buzz_group
2025-09-24 18:19:06 | INFO | MESSAGE_INTERVAL_SECONDS: 5
2025-09-24 18:19:06 | INFO | BASE_DATA_DIR: PROJECT_ROOT/data
2025-09-24 18:19:06 | INFO | SQLITE_PATH: PROJECT_ROOT/data/buzz.sqlite
2025-09-24 18:19:06 | INFO | SUCCESS: Read environment variables.
2025-09-24 18:19:06 | INFO | STEP 2. Delete any prior database file for a fresh start.
2025-09-24 18:19:06 | INFO | SUCCESS: Deleted database file.
2025-09-24 18:19:06 | INFO | STEP 3. Initialize a new database with an empty table.
2025-09-24 18:19:06 | INFO | Calling SQLite init_db() with {db_path=}.
2025-09-24 18:19:06 | INFO | SUCCESS: Got a cursor to execute SQL.
2025-09-24 18:19:06 | INFO | SUCCESS: Database initialized and table ready at PROJECT_ROOT/data/buzz.sqlite.
2025-09-24 18:19:08 | INFO | {'message': 'I just shared travel! It was boring.', 'author': 'Charlie', 'timestamp': '2025-09-24 18:19:08', 'category': 'travel', 'sentiment': 0.25, 'keyword_mentioned': 'travel', 'message_length': 36}
2025-09-24 18:19:13 | INFO | {'message': 'I just shared an app! It was weird.', 'author': 'Alice', 'timestamp': '2025-09-24 18:19:13', 'category': 'other', 'sentiment': 0.28, 'keyword_mentioned': 'other', 'message_length': 35}
2025-09-24 18:19:14 | INFO | Logging to file: logs/project_log.log
2025-09-24 18:19:14 | INFO | Log sanitization enabled, personal info removed
2025-09-24 18:19:14 | INFO | Starting Consumer to run continuously.
2025-09-24 18:19:14 | INFO | Things can fail or get interrupted, so use a try block.
2025-09-24 18:19:14 | INFO | Moved .env variables into a utils config module.
2025-09-24 18:19:14 | INFO | STEP 1. Read environment variables using new config functions.
2025-09-24 18:19:14 | INFO | BUZZ_TOPIC: buzzline
2025-09-24 18:19:14 | INFO | KAFKA_BROKER_ADDRESS: 127.0.0.1:9092
2025-09-24 18:19:14 | INFO | BUZZ_CONSUMER_GROUP_ID: buzz_group
2025-09-24 18:19:14 | INFO | MESSAGE_INTERVAL_SECONDS: 5
2025-09-24 18:19:14 | INFO | BASE_DATA_DIR: PROJECT_ROOT/data
2025-09-24 18:19:14 | INFO | SQLITE_PATH: PROJECT_ROOT/data/buzz.sqlite
2025-09-24 18:19:14 | INFO | SUCCESS: Read environment variables.
2025-09-24 18:19:14 | INFO | STEP 2. Delete any prior database file for a fresh start.
2025-09-24 18:19:14 | INFO | SUCCESS: Deleted database file.
2025-09-24 18:19:14 | INFO | STEP 3. Initialize a new database with an empty table.
2025-09-24 18:19:14 | INFO | Calling SQLite init_db() with {db_path=}.
2025-09-24 18:19:14 | INFO | SUCCESS: Got a cursor to execute SQL.
2025-09-24 18:19:14 | INFO | SUCCESS: Database initialized and table ready at PROJECT_ROOT/data/buzz.sqlite.
2025-09-24 18:19:18 | INFO | {'message': 'I just saw game! It was boring.', 'author': 'Alice', 'timestamp': '2025-09-24 18:19:18', 'category': 'gaming', 'sentiment': 0.78, 'keyword_mentioned': 'game', 'message_length': 31}
2025-09-24 18:19:21 | INFO | Logging to file: logs/project_log.log
2025-09-24 18:19:21 | INFO | Log sanitization enabled, personal info removed
2025-09-24 18:19:21 | INFO | Starting Consumer to run continuously.
2025-09-24 18:19:21 | INFO | Things can fail or get interrupted, so use a try block.
2025-09-24 18:19:21 | INFO | Moved .env variables into a utils config module.
2025-09-24 18:19:21 | INFO | STEP 1. Read environment variables using new config functions.
2025-09-24 18:19:21 | INFO | BUZZ_TOPIC: buzzline
2025-09-24 18:19:21 | INFO | KAFKA_BROKER_ADDRESS: 127.0.0.1:9092
2025-09-24 18:19:21 | INFO | BUZZ_CONSUMER_GROUP_ID: buzz_group
2025-09-24 18:19:21 | INFO | MESSAGE_INTERVAL_SECONDS: 5
2025-09-24 18:19:21 | INFO | BASE_DATA_DIR: PROJECT_ROOT/data
2025-09-24 18:19:21 | INFO | SQLITE_PATH: PROJECT_ROOT/data/buzz.sqlite
2025-09-24 18:19:21 | INFO | SUCCESS: Read environment variables.
2025-09-24 18:19:21 | INFO | STEP 2. Delete any prior database file for a fresh start.
2025-09-24 18:19:21 | INFO | SUCCESS: Deleted database file.
2025-09-24 18:19:21 | INFO | STEP 3. Initialize a new database with an empty table.
2025-09-24 18:19:21 | INFO | Calling SQLite init_db() with {db_path=}.
2025-09-24 18:19:21 | INFO | SUCCESS: Got a cursor to execute SQL.
2025-09-24 18:19:21 | INFO | SUCCESS: Database initialized and table ready at PROJECT_ROOT/data/buzz.sqlite.
2025-09-24 18:19:23 | INFO | {'message': 'I just loved a movie! It was boring.', 'author': 'Eve', 'timestamp': '2025-09-24 18:19:23', 'category': 'entertainment', 'sentiment': 0.58, 'keyword_mentioned': 'movie', 'message_length': 36}
2025-09-24 18:19:28 | INFO | {'message': 'I just loved travel! It was boring.', 'author': 'Alice', 'timestamp': '2025-09-24 18:19:28', 'category': 'travel', 'sentiment': 0.89, 'keyword_mentioned': 'travel', 'message_length': 35}
2025-09-24 18:19:33 | INFO | {'message': 'I just saw JavaScript! It was boring.', 'author': 'Bob', 'timestamp': '2025-09-24 18:19:33', 'category': 'tech', 'sentiment': 0.3, 'keyword_mentioned': 'JavaScript', 'message_length': 37}
2025-09-24 18:19:38 | INFO | {'message': 'I just found game! It was exciting.', 'author': 'Alice', 'timestamp': '2025-09-24 18:19:38', 'category': 'gaming', 'sentiment': 0.39, 'keyword_mentioned': 'game', 'message_length': 35}
2025-09-24 18:19:43 | INFO | {'message': 'I just loved a story! It was weird.', 'author': 'Eve', 'timestamp': '2025-09-24 18:19:43', 'category': 'other', 'sentiment': 0.04, 'keyword_mentioned': 'other', 'message_length': 35}
2025-09-24 18:19:48 | INFO | {'message': 'I just shared a meme! It was boring.', 'author': 'Bob', 'timestamp': '2025-09-24 18:19:48', 'category': 'humor', 'sentiment': 0.13, 'keyword_mentioned': 'meme', 'message_length': 36}
2025-09-24 18:19:53 | INFO | {'message': 'I just saw a story! It was exciting.', 'author': 'Bob', 'timestamp': '2025-09-24 18:19:53', 'category': 'other', 'sentiment': 0.29, 'keyword_mentioned': 'other', 'message_length': 36}
2025-09-24 18:19:58 | INFO | {'message': 'I just saw a meme! It was amazing.', 'author': 'Eve', 'timestamp': '2025-09-24 18:19:58', 'category': 'humor', 'sentiment': 0.62, 'keyword_mentioned': 'meme', 'message_length': 34}
2025-09-24 18:20:03 | INFO | {'message': 'I just loved Python! It was amazing.', 'author': 'Bob', 'timestamp': '2025-09-24 18:20:03', 'category': 'tech', 'sentiment': 0.17, 'keyword_mentioned': 'Python', 'message_length': 36}
2025-09-24 18:20:08 | INFO | {'message': 'I just tried a story! It was exciting.', 'author': 'Charlie', 'timestamp': '2025-09-24 18:20:08', 'category': 'other', 'sentiment': 0.37, 'keyword_mentioned': 'other', 'message_length': 38}
2025-09-24 18:20:14 | INFO | {'message': 'I just shared a story! It was boring.', 'author': 'Eve', 'timestamp': '2025-09-24 18:20:14', 'category': 'other', 'sentiment': 0.69, 'keyword_mentioned': 'other', 'message_length': 37}
2025-09-24 18:20:19 | INFO | {'message': 'I just shared a story! It was boring.', 'author': 'Alice', 'timestamp': '2025-09-24 18:20:19', 'category': 'other', 'sentiment': 0.17, 'keyword_mentioned': 'other', 'message_length': 37}
2025-09-24 18:20:24 | INFO | {'message': 'I just saw JavaScript! It was weird.', 'author': 'Eve', 'timestamp': '2025-09-24 18:20:24', 'category': 'tech', 'sentiment': 0.13, 'keyword_mentioned': 'JavaScript', 'message_length': 36}
2025-09-24 18:20:29 | INFO | {'message': 'I just shared Python! It was boring.', 'author': 'Alice', 'timestamp': '2025-09-24 18:20:29', 'category': 'tech', 'sentiment': 0.13, 'keyword_mentioned': 'Python', 'message_length': 36}
2025-09-24 18:20:34 | INFO | {'message': 'I just saw Python! It was exciting.', 'author': 'Alice', 'timestamp': '2025-09-24 18:20:34', 'category': 'tech', 'sentiment': 0.14, 'keyword_mentioned': 'Python', 'message_length': 35}
2025-09-24 18:20:39 | INFO | {'message': 'I just saw Python! It was amazing.', 'author': 'Eve', 'timestamp': '2025-09-24 18:20:39', 'category': 'tech', 'sentiment': 0.8, 'keyword_mentioned': 'Python', 'message_length': 34}
2025-09-24 18:20:44 | INFO | {'message': 'I just shared a movie! It was weird.', 'author': 'Eve', 'timestamp': '2025-09-24 18:20:44', 'category': 'entertainment', 'sentiment': 0.82, 'keyword_mentioned': 'movie', 'message_length': 36}
2025-09-24 18:20:49 | INFO | {'message': 'I just shared a story! It was exciting.', 'author': 'Eve', 'timestamp': '2025-09-24 18:20:49', 'category': 'other', 'sentiment': 0.87, 'keyword_mentioned': 'other', 'message_length': 39}
2025-09-24 18:20:54 | INFO | {'message': 'I just saw Python! It was amazing.', 'author': 'Eve', 'timestamp': '2025-09-24 18:20:54', 'category': 'tech', 'sentiment': 0.08, 'keyword_mentioned': 'Python', 'message_length': 34}
2025-09-24 18:20:59 | INFO | {'message': 'I just saw a story! It was weird.', 'author': 'Alice', 'timestamp': '2025-09-24 18:20:59', 'category': 'other', 'sentiment': 0.99, 'keyword_mentioned': 'other', 'message_length': 33}
2025-09-24 18:21:04 | INFO | {'message': 'I just saw a meme! It was funny.', 'author': 'Bob', 'timestamp': '2025-09-24 18:21:04', 'category': 'humor', 'sentiment': 0.49, 'keyword_mentioned': 'meme', 'message_length': 32}
2025-09-24 18:21:09 | INFO | {'message': 'I just shared an app! It was weird.', 'author': 'Bob', 'timestamp': '2025-09-24 18:21:09', 'category': 'other', 'sentiment': 0.0, 'keyword_mentioned': 'other', 'message_length': 35}
2025-09-24 18:21:14 | INFO | {'message': 'I just saw travel! It was exciting.', 'author': 'Eve', 'timestamp': '2025-09-24 18:21:14', 'category': 'travel', 'sentiment': 0.9, 'keyword_mentioned': 'travel', 'message_length': 35}
2025-09-24 18:21:19 | INFO | {'message': 'I just shared recipe! It was funny.', 'author': 'Bob', 'timestamp': '2025-09-24 18:21:19', 'category': 'food', 'sentiment': 0.91, 'keyword_mentioned': 'recipe', 'message_length': 35}
2025-09-24 18:21:24 | INFO | {'message': 'I just loved a movie! It was exciting.', 'author': 'Alice', 'timestamp': '2025-09-24 18:21:24', 'category': 'entertainment', 'sentiment': 0.46, 'keyword_mentioned': 'movie', 'message_length': 38}
2025-09-24 18:21:29 | INFO | {'message': 'I just tried game! It was funny.', 'author': 'Eve', 'timestamp': '2025-09-24 18:21:29', 'category': 'gaming', 'sentiment': 0.67, 'keyword_mentioned': 'game', 'message_length': 32}
2025-09-24 18:21:34 | INFO | {'message': 'I just shared travel! It was funny.', 'author': 'Bob', 'timestamp': '2025-09-24 18:21:34', 'category': 'travel', 'sentiment': 0.19, 'keyword_mentioned': 'travel', 'message_length': 35}
2025-09-24 18:21:39 | INFO | {'message': 'I just shared an app! It was amazing.', 'author': 'Eve', 'timestamp': '2025-09-24 18:21:39', 'category': 'other', 'sentiment': 0.69, 'keyword_mentioned': 'other', 'message_length': 37}
2025-09-24 18:21:44 | INFO | {'message': 'I just loved a movie! It was amazing.', 'author': 'Alice', 'timestamp': '2025-09-24 18:21:44', 'category': 'entertainment', 'sentiment': 0.65, 'keyword_mentioned': 'movie', 'message_length': 37}
2025-09-24 18:21:49 | INFO | {'message': 'I just saw a story! It was amazing.', 'author': 'Bob', 'timestamp': '2025-09-24 18:21:49', 'category': 'other', 'sentiment': 0.43, 'keyword_mentioned': 'other', 'message_length': 35}
2025-09-24 18:21:54 | INFO | {'message': 'I just shared recipe! It was amazing.', 'author': 'Eve', 'timestamp': '2025-09-24 18:21:54', 'category': 'food', 'sentiment': 0.51, 'keyword_mentioned': 'recipe', 'message_length': 37}
2025-09-24 18:21:59 | INFO | {'message': 'I just saw Python! It was amazing.', 'author': 'Bob', 'timestamp': '2025-09-24 18:21:59', 'category': 'tech', 'sentiment': 0.0, 'keyword_mentioned': 'Python', 'message_length': 34}
2025-09-24 18:22:04 | INFO | {'message': 'I just loved travel! It was funny.', 'author': 'Bob', 'timestamp': '2025-09-24 18:22:04', 'category': 'travel', 'sentiment': 0.28, 'keyword_mentioned': 'travel', 'message_length': 34}
2025-09-24 18:22:09 | INFO | {'message': 'I just found an app! It was amazing.', 'author': 'Charlie', 'timestamp': '2025-09-24 18:22:09', 'category': 'other', 'sentiment': 0.1, 'keyword_mentioned': 'other', 'message_length': 36}
2025-09-24 18:22:14 | INFO | {'message': 'I just shared a meme! It was exciting.', 'author': 'Charlie', 'timestamp': '2025-09-24 18:22:14', 'category': 'humor', 'sentiment': 0.67, 'keyword_mentioned': 'meme', 'message_length': 38}
2025-09-24 18:22:19 | INFO | {'message': 'I just saw a meme! It was funny.', 'author': 'Eve', 'timestamp': '2025-09-24 18:22:19', 'category': 'humor', 'sentiment': 0.61, 'keyword_mentioned': 'meme', 'message_length': 32}
2025-09-24 18:22:24 | INFO | {'message': 'I just loved a movie! It was exciting.', 'author': 'Eve', 'timestamp': '2025-09-24 18:22:24', 'category': 'entertainment', 'sentiment': 0.35, 'keyword_mentioned': 'movie', 'message_length': 38}
2025-09-24 18:22:29 | INFO | {'message': 'I just shared game! It was funny.', 'author': 'Alice', 'timestamp': '2025-09-24 18:22:29', 'category': 'gaming', 'sentiment': 0.09, 'keyword_mentioned': 'game', 'message_length': 33}
2025-09-24 18:22:30 | INFO | Logging to file: logs/project_log.log
2025-09-24 18:22:30 | INFO | Log sanitization enabled, personal info removed
2025-09-24 18:22:34 | INFO | {'message': 'I just shared a movie! It was exciting.', 'author': 'Charlie', 'timestamp': '2025-09-24 18:22:34', 'category': 'entertainment', 'sentiment': 0.72, 'keyword_mentioned': 'movie', 'message_length': 39}
2025-09-24 18:22:39 | INFO | {'message': 'I just saw a meme! It was boring.', 'author': 'Charlie', 'timestamp': '2025-09-24 18:22:39', 'category': 'humor', 'sentiment': 0.74, 'keyword_mentioned': 'meme', 'message_length': 33}
2025-09-24 18:22:44 | INFO | {'message': 'I just found recipe! It was amazing.', 'author': 'Alice', 'timestamp': '2025-09-24 18:22:44', 'category': 'food', 'sentiment': 0.03, 'keyword_mentioned': 'recipe', 'message_length': 36}
2025-09-24 18:22:49 | INFO | {'message': 'I just loved a movie! It was boring.', 'author': 'Eve', 'timestamp': '2025-09-24 18:22:49', 'category': 'entertainment', 'sentiment': 0.76, 'keyword_mentioned': 'movie', 'message_length': 36}
