2025-09-24 20:24:57 | INFO | {'message': 'I just found a trick! It was boring.', 'author': 'Alice', 'timestamp': '2025-09-24 20:24:57', 'category': 'other', 'sentiment': 0.27, 'keyword_mentioned': 'other', 'message_length': 36}
2025-09-24 20:25:02 | INFO | {'message': 'I just loved travel! It was exciting.', 'author': 'Bob', 'timestamp': '2025-09-24 20:25:02', 'category': 'travel', 'sentiment': 0.83, 'keyword_mentioned': 'travel', 'message_length': 37}
2025-09-24 20:25:07 | INFO | {'message': 'I just saw an app! It was exciting.', 'author': 'Bob', 'timestamp': '2025-09-24 20:25:07', 'category': 'other', 'sentiment': 0.08, 'keyword_mentioned': 'other', 'message_length': 35}
2025-09-24 20:25:12 | INFO | {'message': 'I just found travel! It was funny.', 'author': 'Bob', 'timestamp': '2025-09-24 20:25:12', 'category': 'travel', 'sentiment': 0.27, 'keyword_mentioned': 'travel', 'message_length': 34}
2025-09-24 20:25:18 | INFO | {'message': 'I just found a trick! It was amazing.', 'author': 'Eve', 'timestamp': '2025-09-24 20:25:18', 'category': 'other', 'sentiment': 0.2, 'keyword_mentioned': 'other', 'message_length': 37}
2025-09-24 20:25:23 | INFO | {'message': 'I just tried recipe! It was funny.', 'author': 'Charlie', 'timestamp': '2025-09-24 20:25:23', 'category': 'food', 'sentiment': 0.74, 'keyword_mentioned': 'recipe', 'message_length': 34}
2025-09-24 20:25:28 | INFO | {'message': 'I just saw a movie! It was funny.', 'author': 'Charlie', 'timestamp': '2025-09-24 20:25:28', 'category': 'entertainment', 'sentiment': 0.01, 'keyword_mentioned': 'movie', 'message_length': 33}
2025-09-24 20:25:33 | INFO | {'message': 'I just loved a trick! It was amazing.', 'author': 'Eve', 'timestamp': '2025-09-24 20:25:33', 'category': 'other', 'sentiment': 0.35, 'keyword_mentioned': 'other', 'message_length': 37}
2025-09-24 20:25:38 | INFO | {'message': 'I just saw JavaScript! It was boring.', 'author': 'Eve', 'timestamp': '2025-09-24 20:25:38', 'category': 'tech', 'sentiment': 0.76, 'keyword_mentioned': 'JavaScript', 'message_length': 37}
2025-09-24 20:25:43 | INFO | {'message': 'I just tried a meme! It was exciting.', 'author': 'Eve', 'timestamp': '2025-09-24 20:25:43', 'category': 'humor', 'sentiment': 0.63, 'keyword_mentioned': 'meme', 'message_length': 37}
2025-09-24 20:25:48 | INFO | {'message': 'I just saw Python! It was boring.', 'author': 'Bob', 'timestamp': '2025-09-24 20:25:48', 'category': 'tech', 'sentiment': 0.7, 'keyword_mentioned': 'Python', 'message_length': 33}
2025-09-24 20:25:53 | INFO | {'message': 'I just found travel! It was amazing.', 'author': 'Bob', 'timestamp': '2025-09-24 20:25:53', 'category': 'travel', 'sentiment': 0.58, 'keyword_mentioned': 'travel', 'message_length': 36}
2025-09-24 20:25:58 | INFO | {'message': 'I just saw a movie! It was boring.', 'author': 'Alice', 'timestamp': '2025-09-24 20:25:58', 'category': 'entertainment', 'sentiment': 0.77, 'keyword_mentioned': 'movie', 'message_length': 34}
2025-09-24 20:26:03 | INFO | {'message': 'I just saw a trick! It was boring.', 'author': 'Eve', 'timestamp': '2025-09-24 20:26:03', 'category': 'other', 'sentiment': 0.4, 'keyword_mentioned': 'other', 'message_length': 34}
2025-09-24 20:26:09 | INFO | {'message': 'I just tried an app! It was weird.', 'author': 'Charlie', 'timestamp': '2025-09-24 20:26:09', 'category': 'other', 'sentiment': 0.94, 'keyword_mentioned': 'other', 'message_length': 34}
2025-09-24 20:26:14 | INFO | {'message': 'I just saw a movie! It was weird.', 'author': 'Bob', 'timestamp': '2025-09-24 20:26:14', 'category': 'entertainment', 'sentiment': 0.01, 'keyword_mentioned': 'movie', 'message_length': 33}
2025-09-24 20:26:19 | INFO | {'message': 'I just loved Python! It was amazing.', 'author': 'Eve', 'timestamp': '2025-09-24 20:26:19', 'category': 'tech', 'sentiment': 0.53, 'keyword_mentioned': 'Python', 'message_length': 36}
2025-09-24 20:26:24 | INFO | {'message': 'I just saw Python! It was exciting.', 'author': 'Bob', 'timestamp': '2025-09-24 20:26:24', 'category': 'tech', 'sentiment': 0.08, 'keyword_mentioned': 'Python', 'message_length': 35}
2025-09-24 20:26:29 | INFO | {'message': 'I just shared a movie! It was weird.', 'author': 'Eve', 'timestamp': '2025-09-24 20:26:29', 'category': 'entertainment', 'sentiment': 0.77, 'keyword_mentioned': 'movie', 'message_length': 36}
2025-09-24 20:26:34 | INFO | {'message': 'I just shared travel! It was amazing.', 'author': 'Charlie', 'timestamp': '2025-09-24 20:26:34', 'category': 'travel', 'sentiment': 0.99, 'keyword_mentioned': 'travel', 'message_length': 37}
2025-09-24 20:26:39 | INFO | {'message': 'I just tried Python! It was boring.', 'author': 'Bob', 'timestamp': '2025-09-24 20:26:39', 'category': 'tech', 'sentiment': 0.27, 'keyword_mentioned': 'Python', 'message_length': 35}
2025-09-24 20:26:44 | INFO | {'message': 'I just loved a movie! It was amazing.', 'author': 'Alice', 'timestamp': '2025-09-24 20:26:44', 'category': 'entertainment', 'sentiment': 0.37, 'keyword_mentioned': 'movie', 'message_length': 37}
2025-09-24 20:26:49 | INFO | {'message': 'I just shared JavaScript! It was exciting.', 'author': 'Bob', 'timestamp': '2025-09-24 20:26:49', 'category': 'tech', 'sentiment': 0.09, 'keyword_mentioned': 'JavaScript', 'message_length': 42}
2025-09-24 20:26:55 | INFO | {'message': 'I just found recipe! It was amazing.', 'author': 'Charlie', 'timestamp': '2025-09-24 20:26:55', 'category': 'food', 'sentiment': 0.24, 'keyword_mentioned': 'recipe', 'message_length': 36}
2025-09-24 20:27:00 | INFO | {'message': 'I just found a meme! It was funny.', 'author': 'Eve', 'timestamp': '2025-09-24 20:27:00', 'category': 'humor', 'sentiment': 0.98, 'keyword_mentioned': 'meme', 'message_length': 34}
2025-09-24 20:27:05 | INFO | {'message': 'I just tried a movie! It was boring.', 'author': 'Alice', 'timestamp': '2025-09-24 20:27:05', 'category': 'entertainment', 'sentiment': 0.4, 'keyword_mentioned': 'movie', 'message_length': 36}
2025-09-24 20:27:10 | INFO | {'message': 'I just shared game! It was boring.', 'author': 'Bob', 'timestamp': '2025-09-24 20:27:10', 'category': 'gaming', 'sentiment': 0.5, 'keyword_mentioned': 'game', 'message_length': 34}
2025-09-24 20:27:15 | INFO | {'message': 'I just shared a meme! It was amazing.', 'author': 'Bob', 'timestamp': '2025-09-24 20:27:15', 'category': 'humor', 'sentiment': 0.05, 'keyword_mentioned': 'meme', 'message_length': 37}
2025-09-24 20:27:20 | INFO | {'message': 'I just tried Python! It was amazing.', 'author': 'Eve', 'timestamp': '2025-09-24 20:27:20', 'category': 'tech', 'sentiment': 0.12, 'keyword_mentioned': 'Python', 'message_length': 36}
2025-09-24 20:27:25 | INFO | {'message': 'I just found a trick! It was amazing.', 'author': 'Bob', 'timestamp': '2025-09-24 20:27:25', 'category': 'other', 'sentiment': 0.6, 'keyword_mentioned': 'other', 'message_length': 37}
2025-09-24 20:27:30 | INFO | {'message': 'I just found JavaScript! It was funny.', 'author': 'Eve', 'timestamp': '2025-09-24 20:27:30', 'category': 'tech', 'sentiment': 0.5, 'keyword_mentioned': 'JavaScript', 'message_length': 38}
2025-09-24 20:27:36 | INFO | {'message': 'I just found a meme! It was weird.', 'author': 'Alice', 'timestamp': '2025-09-24 20:27:36', 'category': 'humor', 'sentiment': 0.99, 'keyword_mentioned': 'meme', 'message_length': 34}
2025-09-24 20:27:41 | INFO | {'message': 'I just loved JavaScript! It was exciting.', 'author': 'Bob', 'timestamp': '2025-09-24 20:27:41', 'category': 'tech', 'sentiment': 0.78, 'keyword_mentioned': 'JavaScript', 'message_length': 41}
2025-09-24 20:27:46 | INFO | {'message': 'I just tried an app! It was exciting.', 'author': 'Eve', 'timestamp': '2025-09-24 20:27:46', 'category': 'other', 'sentiment': 0.85, 'keyword_mentioned': 'other', 'message_length': 37}
2025-09-24 20:27:51 | INFO | {'message': 'I just tried JavaScript! It was funny.', 'author': 'Alice', 'timestamp': '2025-09-24 20:27:51', 'category': 'tech', 'sentiment': 0.18, 'keyword_mentioned': 'JavaScript', 'message_length': 38}
2025-09-24 20:27:56 | INFO | {'message': 'I just shared an app! It was weird.', 'author': 'Bob', 'timestamp': '2025-09-24 20:27:56', 'category': 'other', 'sentiment': 0.15, 'keyword_mentioned': 'other', 'message_length': 35}
2025-09-24 20:28:01 | INFO | {'message': 'I just tried travel! It was boring.', 'author': 'Alice', 'timestamp': '2025-09-24 20:28:01', 'category': 'travel', 'sentiment': 0.94, 'keyword_mentioned': 'travel', 'message_length': 35}
2025-09-24 20:28:06 | INFO | {'message': 'I just found a trick! It was funny.', 'author': 'Charlie', 'timestamp': '2025-09-24 20:28:06', 'category': 'other', 'sentiment': 0.76, 'keyword_mentioned': 'other', 'message_length': 35}
2025-09-24 20:28:11 | INFO | {'message': 'I just found a trick! It was weird.', 'author': 'Alice', 'timestamp': '2025-09-24 20:28:11', 'category': 'other', 'sentiment': 0.07, 'keyword_mentioned': 'other', 'message_length': 35}
2025-09-24 20:28:16 | INFO | {'message': 'I just loved an app! It was weird.', 'author': 'Charlie', 'timestamp': '2025-09-24 20:28:16', 'category': 'other', 'sentiment': 0.97, 'keyword_mentioned': 'other', 'message_length': 34}
2025-09-24 20:28:21 | INFO | {'message': 'I just found a trick! It was exciting.', 'author': 'Charlie', 'timestamp': '2025-09-24 20:28:21', 'category': 'other', 'sentiment': 0.68, 'keyword_mentioned': 'other', 'message_length': 38}
2025-09-24 20:28:27 | INFO | {'message': 'I just tried game! It was exciting.', 'author': 'Eve', 'timestamp': '2025-09-24 20:28:27', 'category': 'gaming', 'sentiment': 0.9, 'keyword_mentioned': 'game', 'message_length': 35}
2025-09-24 20:28:32 | INFO | {'message': 'I just found game! It was exciting.', 'author': 'Bob', 'timestamp': '2025-09-24 20:28:32', 'category': 'gaming', 'sentiment': 0.02, 'keyword_mentioned': 'game', 'message_length': 35}
2025-09-24 20:28:37 | INFO | {'message': 'I just saw Python! It was boring.', 'author': 'Eve', 'timestamp': '2025-09-24 20:28:37', 'category': 'tech', 'sentiment': 0.25, 'keyword_mentioned': 'Python', 'message_length': 33}
2025-09-24 20:28:42 | INFO | {'message': 'I just shared a trick! It was weird.', 'author': 'Eve', 'timestamp': '2025-09-24 20:28:42', 'category': 'other', 'sentiment': 0.46, 'keyword_mentioned': 'other', 'message_length': 36}
2025-09-24 20:28:47 | INFO | {'message': 'I just loved an app! It was funny.', 'author': 'Charlie', 'timestamp': '2025-09-24 20:28:47', 'category': 'other', 'sentiment': 0.62, 'keyword_mentioned': 'other', 'message_length': 34}
2025-09-24 20:28:52 | INFO | {'message': 'I just saw a story! It was funny.', 'author': 'Eve', 'timestamp': '2025-09-24 20:28:52', 'category': 'other', 'sentiment': 0.6, 'keyword_mentioned': 'other', 'message_length': 33}
2025-09-24 20:28:57 | INFO | {'message': 'I just found a trick! It was weird.', 'author': 'Eve', 'timestamp': '2025-09-24 20:28:57', 'category': 'other', 'sentiment': 0.26, 'keyword_mentioned': 'other', 'message_length': 35}
2025-09-24 20:29:02 | INFO | {'message': 'I just tried recipe! It was exciting.', 'author': 'Bob', 'timestamp': '2025-09-24 20:29:02', 'category': 'food', 'sentiment': 0.09, 'keyword_mentioned': 'recipe', 'message_length': 37}
2025-09-24 20:29:07 | INFO | {'message': 'I just shared Python! It was exciting.', 'author': 'Charlie', 'timestamp': '2025-09-24 20:29:07', 'category': 'tech', 'sentiment': 0.98, 'keyword_mentioned': 'Python', 'message_length': 38}
2025-09-24 20:29:13 | INFO | {'message': 'I just tried a trick! It was funny.', 'author': 'Bob', 'timestamp': '2025-09-24 20:29:13', 'category': 'other', 'sentiment': 0.37, 'keyword_mentioned': 'other', 'message_length': 35}
2025-09-24 20:29:15 | WARNING | Producer interrupted by user.
2025-09-24 20:29:15 | INFO | Producer shutting down.
2025-09-24 21:30:45 | INFO | Logging to file: logs/project_log.log
2025-09-24 21:30:45 | INFO | Log sanitization enabled, personal info removed
2025-09-24 21:30:45 | INFO | Starting Producer to run continuously.
2025-09-24 21:30:45 | INFO | Use Ctrl+C to stop.
2025-09-24 21:30:45 | INFO | MESSAGE_INTERVAL_SECONDS: 5
2025-09-24 21:30:45 | INFO | BUZZ_TOPIC: buzzline
2025-09-24 21:30:45 | INFO | KAFKA_BROKER_ADDRESS: 127.0.0.1:9092
2025-09-24 21:30:45 | INFO | BASE_DATA_DIR: PROJECT_ROOT/data
2025-09-24 21:30:45 | INFO | LIVE_DATA_PATH: PROJECT_ROOT/data/project_live.json
2025-09-24 21:30:45 | INFO | BASE_DATA_DIR: PROJECT_ROOT/data
2025-09-24 21:30:45 | INFO | SQLITE_PATH: PROJECT_ROOT/data/buzz.sqlite
2025-09-24 21:30:45 | INFO | Deleted existing live data file.
2025-09-24 21:30:45 | INFO | Kafka broker address: localhost:9092
2025-09-24 21:30:45 | INFO | Kafka is ready. Brokers: {'throttle_time_ms': 0, 'brokers': [{'node_id': 1, 'host': 'localhost', 'port': 9092, 'rack': None}], 'cluster_id': 'JjY4WKawQ-GFC8VniCM2Xw', 'controller_id': 1}
2025-09-24 21:30:47 | WARNING | WARNING: Kafka setup failed: NoBrokersAvailable
2025-09-24 21:30:47 | INFO | {'message': 'I just tried recipe! It was weird.', 'author': 'Charlie', 'timestamp': '2025-09-24 21:30:47', 'category': 'food', 'sentiment': 0.25, 'keyword_mentioned': 'recipe', 'message_length': 34, 'department_ID': 'D5_Operations', 'job_classification': 'lead'}
2025-09-24 21:30:53 | INFO | {'message': 'I just shared an app! It was funny.', 'author': 'Eve', 'timestamp': '2025-09-24 21:30:53', 'category': 'other', 'sentiment': 0.29, 'keyword_mentioned': 'other', 'message_length': 35, 'department_ID': 'D4_HR', 'job_classification': 'associate'}
2025-09-24 21:30:58 | INFO | {'message': 'I just shared recipe! It was boring.', 'author': 'Charlie', 'timestamp': '2025-09-24 21:30:58', 'category': 'food', 'sentiment': 0.04, 'keyword_mentioned': 'recipe', 'message_length': 36, 'department_ID': 'D6_Logistics', 'job_classification': 'associate'}
2025-09-24 21:31:02 | INFO | Logging to file: logs/project_log.log
2025-09-24 21:31:02 | INFO | Log sanitization enabled, personal info removed
2025-09-24 21:31:02 | INFO | Starting DuckDB db testing.
2025-09-24 21:31:02 | INFO | Using DuckDB file at: data/buzz.duckdb
2025-09-24 21:31:02 | INFO | Calling DuckDB init_db() with {db_path=}.
2025-09-24 21:31:02 | INFO | SUCCESS: Connected to DuckDB.
2025-09-24 21:31:02 | INFO | SUCCESS: Table 'streamed_messages' ready at data/buzz.duckdb.
2025-09-24 21:31:02 | INFO | Calling DuckDB insert_message() with:
2025-09-24 21:31:02 | INFO | message={'message': 'I just shared a meme! It was amazing.', 'author': 'Charlie', 'timestamp': '2025-01-29 14:35:20', 'category': 'humor', 'sentiment': 0.87, 'keyword_mentioned': 'meme', 'message_length': 42}
2025-09-24 21:31:02 | INFO | db_path=WindowsPath('data/buzz.duckdb')
2025-09-24 21:31:02 | ERROR | ERROR: Failed to insert message into DuckDB: 'department_ID'
2025-09-24 21:31:03 | WARNING | Test row not found; nothing to delete.
2025-09-24 21:31:03 | INFO | Finished DuckDB db testing.
2025-09-24 21:31:03 | INFO | {'message': 'I just found an app! It was boring.', 'author': 'Alice', 'timestamp': '2025-09-24 21:31:03', 'category': 'other', 'sentiment': 0.07, 'keyword_mentioned': 'other', 'message_length': 35, 'department_ID': 'D1_Finance', 'job_classification': 'lead'}
2025-09-24 21:31:08 | INFO | {'message': 'I just saw a movie! It was weird.', 'author': 'Charlie', 'timestamp': '2025-09-24 21:31:08', 'category': 'entertainment', 'sentiment': 0.79, 'keyword_mentioned': 'movie', 'message_length': 33, 'department_ID': 'D4_HR', 'job_classification': 'Hourly'}
2025-09-24 21:31:13 | INFO | {'message': 'I just found travel! It was amazing.', 'author': 'Eve', 'timestamp': '2025-09-24 21:31:13', 'category': 'travel', 'sentiment': 0.56, 'keyword_mentioned': 'travel', 'message_length': 36, 'department_ID': 'D1_Finance', 'job_classification': 'associate'}
2025-09-24 21:31:18 | INFO | {'message': 'I just shared JavaScript! It was amazing.', 'author': 'Eve', 'timestamp': '2025-09-24 21:31:18', 'category': 'tech', 'sentiment': 0.6, 'keyword_mentioned': 'JavaScript', 'message_length': 41, 'department_ID': 'D1_Finance', 'job_classification': 'lead'}
2025-09-24 21:31:23 | INFO | {'message': 'I just shared a movie! It was amazing.', 'author': 'Bob', 'timestamp': '2025-09-24 21:31:23', 'category': 'entertainment', 'sentiment': 0.29, 'keyword_mentioned': 'movie', 'message_length': 38, 'department_ID': 'D3_Legal', 'job_classification': 'senior'}
2025-09-24 21:31:28 | INFO | {'message': 'I just found an app! It was exciting.', 'author': 'Eve', 'timestamp': '2025-09-24 21:31:28', 'category': 'other', 'sentiment': 1.0, 'keyword_mentioned': 'other', 'message_length': 37, 'department_ID': 'D5_Operations', 'job_classification': 'lead'}
2025-09-24 21:31:33 | INFO | {'message': 'I just saw a movie! It was boring.', 'author': 'Eve', 'timestamp': '2025-09-24 21:31:33', 'category': 'entertainment', 'sentiment': 0.08, 'keyword_mentioned': 'movie', 'message_length': 34, 'department_ID': 'D6_Logistics', 'job_classification': 'Hourly'}
2025-09-24 21:31:38 | INFO | {'message': 'I just tried JavaScript! It was exciting.', 'author': 'Bob', 'timestamp': '2025-09-24 21:31:38', 'category': 'tech', 'sentiment': 0.21, 'keyword_mentioned': 'JavaScript', 'message_length': 41, 'department_ID': 'D1_Finance', 'job_classification': 'Level 1'}
2025-09-24 21:31:43 | INFO | {'message': 'I just shared Python! It was funny.', 'author': 'Bob', 'timestamp': '2025-09-24 21:31:43', 'category': 'tech', 'sentiment': 0.09, 'keyword_mentioned': 'Python', 'message_length': 35, 'department_ID': 'D1_Finance', 'job_classification': 'associate'}
2025-09-24 21:31:48 | INFO | {'message': 'I just shared JavaScript! It was weird.', 'author': 'Alice', 'timestamp': '2025-09-24 21:31:48', 'category': 'tech', 'sentiment': 0.56, 'keyword_mentioned': 'JavaScript', 'message_length': 39, 'department_ID': 'D4_HR', 'job_classification': 'senior'}
2025-09-24 21:31:53 | INFO | {'message': 'I just tried a meme! It was boring.', 'author': 'Alice', 'timestamp': '2025-09-24 21:31:53', 'category': 'humor', 'sentiment': 0.68, 'keyword_mentioned': 'meme', 'message_length': 35, 'department_ID': 'D6_Logistics', 'job_classification': 'Level 1'}
2025-09-24 21:31:58 | INFO | {'message': 'I just shared a story! It was amazing.', 'author': 'Alice', 'timestamp': '2025-09-24 21:31:58', 'category': 'other', 'sentiment': 0.21, 'keyword_mentioned': 'other', 'message_length': 38, 'department_ID': 'D4_HR', 'job_classification': 'Level 2'}
2025-09-24 21:32:03 | INFO | {'message': 'I just saw JavaScript! It was exciting.', 'author': 'Alice', 'timestamp': '2025-09-24 21:32:03', 'category': 'tech', 'sentiment': 0.6, 'keyword_mentioned': 'JavaScript', 'message_length': 39, 'department_ID': 'D3_Legal', 'job_classification': 'Hourly'}
2025-09-24 21:32:08 | INFO | {'message': 'I just tried Python! It was funny.', 'author': 'Eve', 'timestamp': '2025-09-24 21:32:08', 'category': 'tech', 'sentiment': 0.3, 'keyword_mentioned': 'Python', 'message_length': 34, 'department_ID': 'D1_Finance', 'job_classification': 'senior'}
2025-09-24 21:32:13 | INFO | {'message': 'I just found Python! It was exciting.', 'author': 'Alice', 'timestamp': '2025-09-24 21:32:13', 'category': 'tech', 'sentiment': 0.23, 'keyword_mentioned': 'Python', 'message_length': 37, 'department_ID': 'D4_HR', 'job_classification': 'lead'}
2025-09-24 21:32:18 | INFO | {'message': 'I just shared a story! It was boring.', 'author': 'Eve', 'timestamp': '2025-09-24 21:32:18', 'category': 'other', 'sentiment': 0.08, 'keyword_mentioned': 'other', 'message_length': 37, 'department_ID': 'D3_Legal', 'job_classification': 'Hourly'}
2025-09-24 21:32:23 | INFO | {'message': 'I just tried an app! It was exciting.', 'author': 'Bob', 'timestamp': '2025-09-24 21:32:23', 'category': 'other', 'sentiment': 0.56, 'keyword_mentioned': 'other', 'message_length': 37, 'department_ID': 'D4_HR', 'job_classification': 'lead'}
2025-09-24 21:32:28 | INFO | {'message': 'I just found an app! It was boring.', 'author': 'Charlie', 'timestamp': '2025-09-24 21:32:28', 'category': 'other', 'sentiment': 0.07, 'keyword_mentioned': 'other', 'message_length': 35, 'department_ID': 'D1_Finance', 'job_classification': 'senior'}
2025-09-24 21:32:33 | INFO | {'message': 'I just saw a trick! It was exciting.', 'author': 'Bob', 'timestamp': '2025-09-24 21:32:33', 'category': 'other', 'sentiment': 0.85, 'keyword_mentioned': 'other', 'message_length': 36, 'department_ID': 'D1_Finance', 'job_classification': 'Level 2'}
2025-09-24 21:32:39 | INFO | {'message': 'I just found a meme! It was weird.', 'author': 'Alice', 'timestamp': '2025-09-24 21:32:39', 'category': 'humor', 'sentiment': 0.33, 'keyword_mentioned': 'meme', 'message_length': 34, 'department_ID': 'D4_HR', 'job_classification': 'Level 2'}
2025-09-24 21:32:44 | INFO | {'message': 'I just shared recipe! It was boring.', 'author': 'Charlie', 'timestamp': '2025-09-24 21:32:44', 'category': 'food', 'sentiment': 0.4, 'keyword_mentioned': 'recipe', 'message_length': 36, 'department_ID': 'D4_HR', 'job_classification': 'senior'}
2025-09-24 21:32:49 | INFO | {'message': 'I just tried game! It was funny.', 'author': 'Bob', 'timestamp': '2025-09-24 21:32:49', 'category': 'gaming', 'sentiment': 0.57, 'keyword_mentioned': 'game', 'message_length': 32, 'department_ID': 'D4_HR', 'job_classification': 'lead'}
2025-09-24 21:32:54 | INFO | {'message': 'I just found game! It was funny.', 'author': 'Alice', 'timestamp': '2025-09-24 21:32:54', 'category': 'gaming', 'sentiment': 0.36, 'keyword_mentioned': 'game', 'message_length': 32, 'department_ID': 'D2_Mfg', 'job_classification': 'Level 1'}
2025-09-24 21:32:59 | INFO | {'message': 'I just found travel! It was amazing.', 'author': 'Alice', 'timestamp': '2025-09-24 21:32:59', 'category': 'travel', 'sentiment': 0.23, 'keyword_mentioned': 'travel', 'message_length': 36, 'department_ID': 'D3_Legal', 'job_classification': 'Hourly'}
2025-09-24 21:33:04 | INFO | {'message': 'I just loved a meme! It was amazing.', 'author': 'Alice', 'timestamp': '2025-09-24 21:33:04', 'category': 'humor', 'sentiment': 0.11, 'keyword_mentioned': 'meme', 'message_length': 36, 'department_ID': 'D3_Legal', 'job_classification': 'lead'}
2025-09-24 21:33:09 | INFO | {'message': 'I just tried a meme! It was amazing.', 'author': 'Eve', 'timestamp': '2025-09-24 21:33:09', 'category': 'humor', 'sentiment': 0.58, 'keyword_mentioned': 'meme', 'message_length': 36, 'department_ID': 'D4_HR', 'job_classification': 'Level 1'}
2025-09-24 21:33:14 | INFO | {'message': 'I just saw recipe! It was boring.', 'author': 'Charlie', 'timestamp': '2025-09-24 21:33:14', 'category': 'food', 'sentiment': 0.65, 'keyword_mentioned': 'recipe', 'message_length': 33, 'department_ID': 'D1_Finance', 'job_classification': 'Level 1'}
2025-09-24 21:33:19 | INFO | {'message': 'I just found recipe! It was boring.', 'author': 'Eve', 'timestamp': '2025-09-24 21:33:19', 'category': 'food', 'sentiment': 0.13, 'keyword_mentioned': 'recipe', 'message_length': 35, 'department_ID': 'D1_Finance', 'job_classification': 'Level 2'}
2025-09-24 21:33:24 | INFO | {'message': 'I just tried Python! It was amazing.', 'author': 'Alice', 'timestamp': '2025-09-24 21:33:24', 'category': 'tech', 'sentiment': 0.16, 'keyword_mentioned': 'Python', 'message_length': 36, 'department_ID': 'D4_HR', 'job_classification': 'Level 2'}
2025-09-24 21:33:29 | INFO | {'message': 'I just saw recipe! It was amazing.', 'author': 'Eve', 'timestamp': '2025-09-24 21:33:29', 'category': 'food', 'sentiment': 0.66, 'keyword_mentioned': 'recipe', 'message_length': 34, 'department_ID': 'D1_Finance', 'job_classification': 'Hourly'}
2025-09-24 21:33:34 | INFO | {'message': 'I just tried travel! It was funny.', 'author': 'Charlie', 'timestamp': '2025-09-24 21:33:34', 'category': 'travel', 'sentiment': 0.1, 'keyword_mentioned': 'travel', 'message_length': 34, 'department_ID': 'D4_HR', 'job_classification': 'Level 2'}
2025-09-24 21:33:39 | INFO | {'message': 'I just saw travel! It was boring.', 'author': 'Charlie', 'timestamp': '2025-09-24 21:33:39', 'category': 'travel', 'sentiment': 0.67, 'keyword_mentioned': 'travel', 'message_length': 33, 'department_ID': 'D1_Finance', 'job_classification': 'associate'}
2025-09-24 21:33:44 | INFO | {'message': 'I just found game! It was weird.', 'author': 'Eve', 'timestamp': '2025-09-24 21:33:44', 'category': 'gaming', 'sentiment': 0.43, 'keyword_mentioned': 'game', 'message_length': 32, 'department_ID': 'D6_Logistics', 'job_classification': 'Hourly'}
2025-09-24 21:33:49 | INFO | {'message': 'I just found JavaScript! It was boring.', 'author': 'Alice', 'timestamp': '2025-09-24 21:33:49', 'category': 'tech', 'sentiment': 0.98, 'keyword_mentioned': 'JavaScript', 'message_length': 39, 'department_ID': 'D3_Legal', 'job_classification': 'Level 2'}
2025-09-24 21:33:54 | INFO | {'message': 'I just found a meme! It was funny.', 'author': 'Charlie', 'timestamp': '2025-09-24 21:33:54', 'category': 'humor', 'sentiment': 0.12, 'keyword_mentioned': 'meme', 'message_length': 34, 'department_ID': 'D3_Legal', 'job_classification': 'associate'}
2025-09-24 21:33:59 | INFO | {'message': 'I just tried JavaScript! It was exciting.', 'author': 'Eve', 'timestamp': '2025-09-24 21:33:59', 'category': 'tech', 'sentiment': 0.6, 'keyword_mentioned': 'JavaScript', 'message_length': 41, 'department_ID': 'D5_Operations', 'job_classification': 'Level 2'}
2025-09-24 21:34:04 | INFO | {'message': 'I just loved a movie! It was funny.', 'author': 'Eve', 'timestamp': '2025-09-24 21:34:04', 'category': 'entertainment', 'sentiment': 0.55, 'keyword_mentioned': 'movie', 'message_length': 35, 'department_ID': 'D6_Logistics', 'job_classification': 'lead'}
2025-09-24 21:34:09 | INFO | {'message': 'I just shared a story! It was funny.', 'author': 'Eve', 'timestamp': '2025-09-24 21:34:09', 'category': 'other', 'sentiment': 0.91, 'keyword_mentioned': 'other', 'message_length': 36, 'department_ID': 'D5_Operations', 'job_classification': 'Level 2'}
2025-09-24 21:34:14 | INFO | {'message': 'I just tried a movie! It was amazing.', 'author': 'Eve', 'timestamp': '2025-09-24 21:34:14', 'category': 'entertainment', 'sentiment': 0.66, 'keyword_mentioned': 'movie', 'message_length': 37, 'department_ID': 'D4_HR', 'job_classification': 'lead'}
2025-09-24 21:34:19 | INFO | {'message': 'I just loved JavaScript! It was boring.', 'author': 'Alice', 'timestamp': '2025-09-24 21:34:19', 'category': 'tech', 'sentiment': 0.68, 'keyword_mentioned': 'JavaScript', 'message_length': 39, 'department_ID': 'D3_Legal', 'job_classification': 'Level 1'}
2025-09-24 21:34:24 | INFO | {'message': 'I just found an app! It was weird.', 'author': 'Alice', 'timestamp': '2025-09-24 21:34:24', 'category': 'other', 'sentiment': 0.32, 'keyword_mentioned': 'other', 'message_length': 34, 'department_ID': 'D4_HR', 'job_classification': 'Hourly'}
2025-09-24 21:34:29 | INFO | {'message': 'I just shared JavaScript! It was boring.', 'author': 'Charlie', 'timestamp': '2025-09-24 21:34:29', 'category': 'tech', 'sentiment': 0.77, 'keyword_mentioned': 'JavaScript', 'message_length': 40, 'department_ID': 'D5_Operations', 'job_classification': 'associate'}
2025-09-24 21:34:34 | INFO | {'message': 'I just loved JavaScript! It was amazing.', 'author': 'Eve', 'timestamp': '2025-09-24 21:34:34', 'category': 'tech', 'sentiment': 0.06, 'keyword_mentioned': 'JavaScript', 'message_length': 40, 'department_ID': 'D2_Mfg', 'job_classification': 'lead'}
2025-09-24 21:34:39 | INFO | {'message': 'I just shared an app! It was amazing.', 'author': 'Bob', 'timestamp': '2025-09-24 21:34:39', 'category': 'other', 'sentiment': 0.36, 'keyword_mentioned': 'other', 'message_length': 37, 'department_ID': 'D1_Finance', 'job_classification': 'associate'}
2025-09-24 21:34:45 | INFO | {'message': 'I just shared JavaScript! It was funny.', 'author': 'Bob', 'timestamp': '2025-09-24 21:34:45', 'category': 'tech', 'sentiment': 0.42, 'keyword_mentioned': 'JavaScript', 'message_length': 39, 'department_ID': 'D3_Legal', 'job_classification': 'lead'}
2025-09-24 21:34:45 | WARNING | Producer interrupted by user.
2025-09-24 21:34:45 | INFO | Producer shutting down.
2025-09-24 21:35:01 | INFO | Logging to file: logs/project_log.log
2025-09-24 21:35:01 | INFO | Log sanitization enabled, personal info removed
2025-09-24 21:35:02 | INFO | Starting Producer to run continuously.
2025-09-24 21:35:02 | INFO | Use Ctrl+C to stop.
2025-09-24 21:35:02 | INFO | MESSAGE_INTERVAL_SECONDS: 5
2025-09-24 21:35:02 | INFO | BUZZ_TOPIC: buzzline
2025-09-24 21:35:02 | INFO | KAFKA_BROKER_ADDRESS: 127.0.0.1:9092
2025-09-24 21:35:02 | INFO | BASE_DATA_DIR: PROJECT_ROOT/data
2025-09-24 21:35:02 | INFO | LIVE_DATA_PATH: PROJECT_ROOT/data/project_live.json
2025-09-24 21:35:02 | INFO | BASE_DATA_DIR: PROJECT_ROOT/data
2025-09-24 21:35:02 | INFO | SQLITE_PATH: PROJECT_ROOT/data/buzz.sqlite
2025-09-24 21:35:02 | INFO | Deleted existing live data file.
2025-09-24 21:35:02 | INFO | Kafka broker address: localhost:9092
2025-09-24 21:35:02 | INFO | Kafka is ready. Brokers: {'throttle_time_ms': 0, 'brokers': [{'node_id': 1, 'host': 'localhost', 'port': 9092, 'rack': None}], 'cluster_id': 'JjY4WKawQ-GFC8VniCM2Xw', 'controller_id': 1}
2025-09-24 21:35:04 | WARNING | WARNING: Kafka setup failed: NoBrokersAvailable
2025-09-24 21:35:04 | INFO | {'message': 'I just saw a story! It was amazing.', 'author': 'Alice', 'timestamp': '2025-09-24 21:35:04', 'category': 'other', 'sentiment': 0.8, 'keyword_mentioned': 'other', 'message_length': 35, 'department_ID': 'D4_HR', 'job_classification': 'Level 1'}
2025-09-24 21:35:09 | INFO | {'message': 'I just loved JavaScript! It was amazing.', 'author': 'Bob', 'timestamp': '2025-09-24 21:35:09', 'category': 'tech', 'sentiment': 0.95, 'keyword_mentioned': 'JavaScript', 'message_length': 40, 'department_ID': 'D1_Finance', 'job_classification': 'associate'}
2025-09-24 21:35:14 | INFO | {'message': 'I just shared a trick! It was boring.', 'author': 'Bob', 'timestamp': '2025-09-24 21:35:14', 'category': 'other', 'sentiment': 0.24, 'keyword_mentioned': 'other', 'message_length': 37, 'department_ID': 'D6_Logistics', 'job_classification': 'Hourly'}
2025-09-24 21:35:19 | INFO | {'message': 'I just tried a movie! It was weird.', 'author': 'Bob', 'timestamp': '2025-09-24 21:35:19', 'category': 'entertainment', 'sentiment': 0.59, 'keyword_mentioned': 'movie', 'message_length': 35, 'department_ID': 'D2_Mfg', 'job_classification': 'associate'}
2025-09-24 21:35:24 | INFO | {'message': 'I just found a story! It was funny.', 'author': 'Charlie', 'timestamp': '2025-09-24 21:35:24', 'category': 'other', 'sentiment': 0.94, 'keyword_mentioned': 'other', 'message_length': 35, 'department_ID': 'D2_Mfg', 'job_classification': 'Level 2'}
2025-09-24 21:35:29 | INFO | {'message': 'I just loved recipe! It was funny.', 'author': 'Alice', 'timestamp': '2025-09-24 21:35:29', 'category': 'food', 'sentiment': 0.9, 'keyword_mentioned': 'recipe', 'message_length': 34, 'department_ID': 'D5_Operations', 'job_classification': 'Level 2'}
2025-09-24 21:35:34 | INFO | {'message': 'I just tried JavaScript! It was exciting.', 'author': 'Bob', 'timestamp': '2025-09-24 21:35:34', 'category': 'tech', 'sentiment': 0.86, 'keyword_mentioned': 'JavaScript', 'message_length': 41, 'department_ID': 'D5_Operations', 'job_classification': 'Hourly'}
2025-09-24 21:35:39 | INFO | {'message': 'I just loved a movie! It was exciting.', 'author': 'Alice', 'timestamp': '2025-09-24 21:35:39', 'category': 'entertainment', 'sentiment': 0.06, 'keyword_mentioned': 'movie', 'message_length': 38, 'department_ID': 'D3_Legal', 'job_classification': 'Level 1'}
2025-09-24 21:35:44 | INFO | {'message': 'I just tried recipe! It was funny.', 'author': 'Eve', 'timestamp': '2025-09-24 21:35:44', 'category': 'food', 'sentiment': 0.55, 'keyword_mentioned': 'recipe', 'message_length': 34, 'department_ID': 'D4_HR', 'job_classification': 'Level 1'}
2025-09-24 21:35:47 | INFO | Logging to file: logs/project_log.log
2025-09-24 21:35:47 | INFO | Log sanitization enabled, personal info removed
2025-09-24 21:35:47 | INFO | Starting DuckDB db testing.
2025-09-24 21:35:47 | INFO | Using DuckDB file at: data/buzz.duckdb
2025-09-24 21:35:47 | INFO | Calling DuckDB init_db() with {db_path=}.
2025-09-24 21:35:47 | INFO | SUCCESS: Connected to DuckDB.
2025-09-24 21:35:47 | INFO | SUCCESS: Table 'streamed_messages' ready at data/buzz.duckdb.
2025-09-24 21:35:47 | INFO | Calling DuckDB insert_message() with:
2025-09-24 21:35:47 | INFO | message={'message': 'I just shared a meme! It was amazing.', 'author': 'Charlie', 'timestamp': '2025-01-29 14:35:20', 'category': 'humor', 'sentiment': 0.87, 'keyword_mentioned': 'meme', 'message_length': 42}
2025-09-24 21:35:47 | INFO | db_path=WindowsPath('data/buzz.duckdb')
2025-09-24 21:35:47 | ERROR | ERROR: Failed to insert message into DuckDB: 'department_ID'
2025-09-24 21:35:47 | WARNING | Test row not found; nothing to delete.
2025-09-24 21:35:47 | INFO | Finished DuckDB db testing.
2025-09-24 21:35:49 | INFO | {'message': 'I just tried travel! It was amazing.', 'author': 'Alice', 'timestamp': '2025-09-24 21:35:49', 'category': 'travel', 'sentiment': 0.86, 'keyword_mentioned': 'travel', 'message_length': 36, 'department_ID': 'D4_HR', 'job_classification': 'Level 2'}
2025-09-24 21:35:55 | INFO | {'message': 'I just shared a trick! It was boring.', 'author': 'Eve', 'timestamp': '2025-09-24 21:35:55', 'category': 'other', 'sentiment': 0.37, 'keyword_mentioned': 'other', 'message_length': 37, 'department_ID': 'D5_Operations', 'job_classification': 'Level 1'}
2025-09-24 21:36:00 | INFO | {'message': 'I just found Python! It was boring.', 'author': 'Charlie', 'timestamp': '2025-09-24 21:36:00', 'category': 'tech', 'sentiment': 0.71, 'keyword_mentioned': 'Python', 'message_length': 35, 'department_ID': 'D6_Logistics', 'job_classification': 'lead'}
2025-09-24 21:36:05 | INFO | {'message': 'I just loved travel! It was weird.', 'author': 'Charlie', 'timestamp': '2025-09-24 21:36:05', 'category': 'travel', 'sentiment': 0.61, 'keyword_mentioned': 'travel', 'message_length': 34, 'department_ID': 'D2_Mfg', 'job_classification': 'lead'}
2025-09-24 21:36:10 | INFO | {'message': 'I just saw recipe! It was boring.', 'author': 'Bob', 'timestamp': '2025-09-24 21:36:10', 'category': 'food', 'sentiment': 0.94, 'keyword_mentioned': 'recipe', 'message_length': 33, 'department_ID': 'D6_Logistics', 'job_classification': 'Level 2'}
2025-09-24 21:36:15 | INFO | {'message': 'I just tried recipe! It was weird.', 'author': 'Eve', 'timestamp': '2025-09-24 21:36:15', 'category': 'food', 'sentiment': 0.93, 'keyword_mentioned': 'recipe', 'message_length': 34, 'department_ID': 'D1_Finance', 'job_classification': 'lead'}
2025-09-24 21:36:20 | INFO | {'message': 'I just shared travel! It was weird.', 'author': 'Alice', 'timestamp': '2025-09-24 21:36:20', 'category': 'travel', 'sentiment': 0.23, 'keyword_mentioned': 'travel', 'message_length': 35, 'department_ID': 'D2_Mfg', 'job_classification': 'Level 1'}
2025-09-24 21:36:25 | INFO | {'message': 'I just saw a meme! It was weird.', 'author': 'Alice', 'timestamp': '2025-09-24 21:36:25', 'category': 'humor', 'sentiment': 0.34, 'keyword_mentioned': 'meme', 'message_length': 32, 'department_ID': 'D1_Finance', 'job_classification': 'lead'}
2025-09-24 21:36:30 | INFO | {'message': 'I just found a meme! It was boring.', 'author': 'Bob', 'timestamp': '2025-09-24 21:36:30', 'category': 'humor', 'sentiment': 0.7, 'keyword_mentioned': 'meme', 'message_length': 35, 'department_ID': 'D1_Finance', 'job_classification': 'Level 2'}
2025-09-24 21:36:35 | INFO | {'message': 'I just tried a movie! It was boring.', 'author': 'Bob', 'timestamp': '2025-09-24 21:36:35', 'category': 'entertainment', 'sentiment': 0.35, 'keyword_mentioned': 'movie', 'message_length': 36, 'department_ID': 'D5_Operations', 'job_classification': 'Level 1'}
2025-09-24 21:36:40 | INFO | {'message': 'I just found travel! It was boring.', 'author': 'Bob', 'timestamp': '2025-09-24 21:36:40', 'category': 'travel', 'sentiment': 0.08, 'keyword_mentioned': 'travel', 'message_length': 35, 'department_ID': 'D1_Finance', 'job_classification': 'Level 2'}
2025-09-24 21:36:45 | INFO | {'message': 'I just tried JavaScript! It was exciting.', 'author': 'Eve', 'timestamp': '2025-09-24 21:36:45', 'category': 'tech', 'sentiment': 0.1, 'keyword_mentioned': 'JavaScript', 'message_length': 41, 'department_ID': 'D5_Operations', 'job_classification': 'senior'}
2025-09-24 21:36:50 | INFO | {'message': 'I just saw a story! It was weird.', 'author': 'Alice', 'timestamp': '2025-09-24 21:36:50', 'category': 'other', 'sentiment': 0.15, 'keyword_mentioned': 'other', 'message_length': 33, 'department_ID': 'D6_Logistics', 'job_classification': 'Level 1'}
2025-09-24 21:36:55 | INFO | {'message': 'I just found travel! It was weird.', 'author': 'Charlie', 'timestamp': '2025-09-24 21:36:55', 'category': 'travel', 'sentiment': 0.16, 'keyword_mentioned': 'travel', 'message_length': 34, 'department_ID': 'D3_Legal', 'job_classification': 'lead'}
2025-09-24 21:37:00 | INFO | {'message': 'I just found Python! It was funny.', 'author': 'Eve', 'timestamp': '2025-09-24 21:37:00', 'category': 'tech', 'sentiment': 0.95, 'keyword_mentioned': 'Python', 'message_length': 34, 'department_ID': 'D4_HR', 'job_classification': 'senior'}
2025-09-24 21:37:05 | INFO | {'message': 'I just shared travel! It was weird.', 'author': 'Alice', 'timestamp': '2025-09-24 21:37:05', 'category': 'travel', 'sentiment': 0.97, 'keyword_mentioned': 'travel', 'message_length': 35, 'department_ID': 'D4_HR', 'job_classification': 'Hourly'}
2025-09-24 21:37:10 | INFO | {'message': 'I just found a trick! It was weird.', 'author': 'Charlie', 'timestamp': '2025-09-24 21:37:10', 'category': 'other', 'sentiment': 0.28, 'keyword_mentioned': 'other', 'message_length': 35, 'department_ID': 'D4_HR', 'job_classification': 'lead'}
2025-09-24 21:37:15 | INFO | {'message': 'I just found a story! It was weird.', 'author': 'Alice', 'timestamp': '2025-09-24 21:37:15', 'category': 'other', 'sentiment': 0.52, 'keyword_mentioned': 'other', 'message_length': 35, 'department_ID': 'D5_Operations', 'job_classification': 'Hourly'}
2025-09-24 21:37:20 | INFO | {'message': 'I just shared recipe! It was weird.', 'author': 'Bob', 'timestamp': '2025-09-24 21:37:20', 'category': 'food', 'sentiment': 0.55, 'keyword_mentioned': 'recipe', 'message_length': 35, 'department_ID': 'D5_Operations', 'job_classification': 'Level 1'}
2025-09-24 21:37:25 | INFO | {'message': 'I just tried a meme! It was amazing.', 'author': 'Eve', 'timestamp': '2025-09-24 21:37:25', 'category': 'humor', 'sentiment': 0.67, 'keyword_mentioned': 'meme', 'message_length': 36, 'department_ID': 'D3_Legal', 'job_classification': 'associate'}
2025-09-24 21:37:30 | INFO | {'message': 'I just saw travel! It was amazing.', 'author': 'Bob', 'timestamp': '2025-09-24 21:37:30', 'category': 'travel', 'sentiment': 0.43, 'keyword_mentioned': 'travel', 'message_length': 34, 'department_ID': 'D6_Logistics', 'job_classification': 'associate'}
2025-09-24 21:37:35 | INFO | {'message': 'I just found a meme! It was exciting.', 'author': 'Alice', 'timestamp': '2025-09-24 21:37:35', 'category': 'humor', 'sentiment': 0.21, 'keyword_mentioned': 'meme', 'message_length': 37, 'department_ID': 'D5_Operations', 'job_classification': 'senior'}
2025-09-24 21:37:40 | INFO | {'message': 'I just tried a trick! It was amazing.', 'author': 'Charlie', 'timestamp': '2025-09-24 21:37:40', 'category': 'other', 'sentiment': 0.44, 'keyword_mentioned': 'other', 'message_length': 37, 'department_ID': 'D5_Operations', 'job_classification': 'Level 1'}
2025-09-24 21:37:45 | INFO | {'message': 'I just saw recipe! It was weird.', 'author': 'Charlie', 'timestamp': '2025-09-24 21:37:45', 'category': 'food', 'sentiment': 0.74, 'keyword_mentioned': 'recipe', 'message_length': 32, 'department_ID': 'D3_Legal', 'job_classification': 'Hourly'}
2025-09-24 21:37:50 | INFO | {'message': 'I just tried travel! It was exciting.', 'author': 'Alice', 'timestamp': '2025-09-24 21:37:50', 'category': 'travel', 'sentiment': 0.82, 'keyword_mentioned': 'travel', 'message_length': 37, 'department_ID': 'D4_HR', 'job_classification': 'senior'}
2025-09-24 21:37:55 | INFO | {'message': 'I just found recipe! It was exciting.', 'author': 'Charlie', 'timestamp': '2025-09-24 21:37:55', 'category': 'food', 'sentiment': 0.73, 'keyword_mentioned': 'recipe', 'message_length': 37, 'department_ID': 'D4_HR', 'job_classification': 'Level 1'}
2025-09-24 21:38:00 | INFO | {'message': 'I just found Python! It was boring.', 'author': 'Alice', 'timestamp': '2025-09-24 21:38:00', 'category': 'tech', 'sentiment': 0.56, 'keyword_mentioned': 'Python', 'message_length': 35, 'department_ID': 'D1_Finance', 'job_classification': 'Level 1'}
2025-09-24 21:38:06 | INFO | {'message': 'I just saw Python! It was amazing.', 'author': 'Alice', 'timestamp': '2025-09-24 21:38:06', 'category': 'tech', 'sentiment': 0.51, 'keyword_mentioned': 'Python', 'message_length': 34, 'department_ID': 'D4_HR', 'job_classification': 'lead'}
2025-09-24 21:38:11 | INFO | {'message': 'I just shared game! It was boring.', 'author': 'Charlie', 'timestamp': '2025-09-24 21:38:11', 'category': 'gaming', 'sentiment': 0.89, 'keyword_mentioned': 'game', 'message_length': 34, 'department_ID': 'D5_Operations', 'job_classification': 'Level 2'}
2025-09-24 21:38:16 | INFO | {'message': 'I just loved recipe! It was funny.', 'author': 'Bob', 'timestamp': '2025-09-24 21:38:16', 'category': 'food', 'sentiment': 0.93, 'keyword_mentioned': 'recipe', 'message_length': 34, 'department_ID': 'D4_HR', 'job_classification': 'senior'}
2025-09-24 21:38:21 | INFO | {'message': 'I just shared a meme! It was weird.', 'author': 'Eve', 'timestamp': '2025-09-24 21:38:21', 'category': 'humor', 'sentiment': 0.83, 'keyword_mentioned': 'meme', 'message_length': 35, 'department_ID': 'D2_Mfg', 'job_classification': 'associate'}
2025-09-24 21:38:26 | INFO | {'message': 'I just tried recipe! It was amazing.', 'author': 'Eve', 'timestamp': '2025-09-24 21:38:26', 'category': 'food', 'sentiment': 0.92, 'keyword_mentioned': 'recipe', 'message_length': 36, 'department_ID': 'D6_Logistics', 'job_classification': 'Hourly'}
2025-09-24 21:38:31 | INFO | {'message': 'I just found a meme! It was amazing.', 'author': 'Alice', 'timestamp': '2025-09-24 21:38:31', 'category': 'humor', 'sentiment': 0.03, 'keyword_mentioned': 'meme', 'message_length': 36, 'department_ID': 'D5_Operations', 'job_classification': 'senior'}
2025-09-24 21:38:36 | INFO | {'message': 'I just shared a trick! It was exciting.', 'author': 'Eve', 'timestamp': '2025-09-24 21:38:36', 'category': 'other', 'sentiment': 0.73, 'keyword_mentioned': 'other', 'message_length': 39, 'department_ID': 'D4_HR', 'job_classification': 'associate'}
2025-09-24 21:38:41 | INFO | {'message': 'I just saw an app! It was amazing.', 'author': 'Alice', 'timestamp': '2025-09-24 21:38:41', 'category': 'other', 'sentiment': 0.38, 'keyword_mentioned': 'other', 'message_length': 34, 'department_ID': 'D5_Operations', 'job_classification': 'Level 2'}
2025-09-24 21:38:46 | INFO | {'message': 'I just saw game! It was exciting.', 'author': 'Alice', 'timestamp': '2025-09-24 21:38:46', 'category': 'gaming', 'sentiment': 0.8, 'keyword_mentioned': 'game', 'message_length': 33, 'department_ID': 'D3_Legal', 'job_classification': 'Hourly'}
2025-09-24 21:38:51 | INFO | {'message': 'I just found JavaScript! It was boring.', 'author': 'Eve', 'timestamp': '2025-09-24 21:38:51', 'category': 'tech', 'sentiment': 0.53, 'keyword_mentioned': 'JavaScript', 'message_length': 39, 'department_ID': 'D2_Mfg', 'job_classification': 'senior'}
2025-09-24 21:38:56 | INFO | {'message': 'I just found a trick! It was amazing.', 'author': 'Alice', 'timestamp': '2025-09-24 21:38:56', 'category': 'other', 'sentiment': 0.33, 'keyword_mentioned': 'other', 'message_length': 37, 'department_ID': 'D2_Mfg', 'job_classification': 'Level 2'}
2025-09-24 21:39:01 | INFO | {'message': 'I just saw a trick! It was boring.', 'author': 'Bob', 'timestamp': '2025-09-24 21:39:01', 'category': 'other', 'sentiment': 0.45, 'keyword_mentioned': 'other', 'message_length': 34, 'department_ID': 'D4_HR', 'job_classification': 'Hourly'}
2025-09-24 21:39:06 | INFO | {'message': 'I just found a trick! It was exciting.', 'author': 'Alice', 'timestamp': '2025-09-24 21:39:06', 'category': 'other', 'sentiment': 0.87, 'keyword_mentioned': 'other', 'message_length': 38, 'department_ID': 'D3_Legal', 'job_classification': 'senior'}
2025-09-24 21:39:11 | INFO | {'message': 'I just found an app! It was weird.', 'author': 'Bob', 'timestamp': '2025-09-24 21:39:11', 'category': 'other', 'sentiment': 0.62, 'keyword_mentioned': 'other', 'message_length': 34, 'department_ID': 'D5_Operations', 'job_classification': 'associate'}
2025-09-24 21:39:16 | INFO | {'message': 'I just saw an app! It was exciting.', 'author': 'Charlie', 'timestamp': '2025-09-24 21:39:16', 'category': 'other', 'sentiment': 0.79, 'keyword_mentioned': 'other', 'message_length': 35, 'department_ID': 'D3_Legal', 'job_classification': 'Hourly'}
2025-09-24 21:39:21 | INFO | {'message': 'I just loved a trick! It was amazing.', 'author': 'Alice', 'timestamp': '2025-09-24 21:39:21', 'category': 'other', 'sentiment': 0.11, 'keyword_mentioned': 'other', 'message_length': 37, 'department_ID': 'D1_Finance', 'job_classification': 'Hourly'}
2025-09-24 21:39:26 | INFO | {'message': 'I just found an app! It was boring.', 'author': 'Charlie', 'timestamp': '2025-09-24 21:39:26', 'category': 'other', 'sentiment': 0.31, 'keyword_mentioned': 'other', 'message_length': 35, 'department_ID': 'D2_Mfg', 'job_classification': 'associate'}
2025-09-24 21:39:31 | INFO | {'message': 'I just tried Python! It was exciting.', 'author': 'Charlie', 'timestamp': '2025-09-24 21:39:31', 'category': 'tech', 'sentiment': 0.96, 'keyword_mentioned': 'Python', 'message_length': 37, 'department_ID': 'D4_HR', 'job_classification': 'Hourly'}
2025-09-24 21:39:36 | INFO | {'message': 'I just tried an app! It was funny.', 'author': 'Bob', 'timestamp': '2025-09-24 21:39:36', 'category': 'other', 'sentiment': 0.6, 'keyword_mentioned': 'other', 'message_length': 34, 'department_ID': 'D3_Legal', 'job_classification': 'lead'}
2025-09-24 21:39:39 | WARNING | Producer interrupted by user.
2025-09-24 21:39:39 | INFO | Producer shutting down.
2025-09-24 21:39:45 | INFO | Logging to file: logs/project_log.log
2025-09-24 21:39:45 | INFO | Log sanitization enabled, personal info removed
2025-09-24 21:39:45 | INFO | Starting Producer to run continuously.
2025-09-24 21:39:45 | INFO | Use Ctrl+C to stop.
2025-09-24 21:39:45 | INFO | MESSAGE_INTERVAL_SECONDS: 5
2025-09-24 21:39:45 | INFO | BUZZ_TOPIC: buzzline
2025-09-24 21:39:45 | INFO | KAFKA_BROKER_ADDRESS: 127.0.0.1:9092
2025-09-24 21:39:45 | INFO | BASE_DATA_DIR: PROJECT_ROOT/data
2025-09-24 21:39:45 | INFO | LIVE_DATA_PATH: PROJECT_ROOT/data/project_live.json
2025-09-24 21:39:45 | INFO | BASE_DATA_DIR: PROJECT_ROOT/data
2025-09-24 21:39:45 | INFO | SQLITE_PATH: PROJECT_ROOT/data/buzz.sqlite
2025-09-24 21:39:45 | INFO | Deleted existing live data file.
2025-09-24 21:39:45 | INFO | Kafka broker address: localhost:9092
2025-09-24 21:39:45 | INFO | Kafka is ready. Brokers: {'throttle_time_ms': 0, 'brokers': [{'node_id': 1, 'host': 'localhost', 'port': 9092, 'rack': None}], 'cluster_id': 'JjY4WKawQ-GFC8VniCM2Xw', 'controller_id': 1}
2025-09-24 21:39:47 | WARNING | WARNING: Kafka setup failed: NoBrokersAvailable
2025-09-24 21:39:47 | INFO | {'message': 'I just found a story! It was funny.', 'author': 'Eve', 'timestamp': '2025-09-24 21:39:47', 'category': 'other', 'sentiment': 0.33, 'keyword_mentioned': 'other', 'message_length': 35, 'department_ID': 'D2_Mfg', 'job_classification': 'Level 1'}
2025-09-24 21:39:52 | INFO | {'message': 'I just shared Python! It was funny.', 'author': 'Eve', 'timestamp': '2025-09-24 21:39:52', 'category': 'tech', 'sentiment': 0.99, 'keyword_mentioned': 'Python', 'message_length': 35, 'department_ID': 'D3_Legal', 'job_classification': 'lead'}
2025-09-24 21:39:57 | INFO | {'message': 'I just tried a meme! It was boring.', 'author': 'Eve', 'timestamp': '2025-09-24 21:39:57', 'category': 'humor', 'sentiment': 0.54, 'keyword_mentioned': 'meme', 'message_length': 35, 'department_ID': 'D1_Finance', 'job_classification': 'Level 1'}
2025-09-24 21:39:59 | INFO | Logging to file: logs/project_log.log
2025-09-24 21:39:59 | INFO | Log sanitization enabled, personal info removed
2025-09-24 21:39:59 | INFO | Starting DuckDB db testing.
2025-09-24 21:39:59 | INFO | Using DuckDB file at: data/buzz.duckdb
2025-09-24 21:39:59 | INFO | Calling DuckDB init_db() with {db_path=}.
2025-09-24 21:39:59 | INFO | SUCCESS: Connected to DuckDB.
2025-09-24 21:39:59 | INFO | SUCCESS: Table 'streamed_messages' ready at data/buzz.duckdb.
2025-09-24 21:39:59 | INFO | Calling DuckDB insert_message() with:
2025-09-24 21:39:59 | INFO | message={'message': 'I just shared a meme! It was amazing.', 'author': 'Charlie', 'timestamp': '2025-01-29 14:35:20', 'category': 'humor', 'sentiment': 0.87, 'keyword_mentioned': 'meme', 'message_length': 42}
2025-09-24 21:39:59 | INFO | db_path=WindowsPath('data/buzz.duckdb')
2025-09-24 21:39:59 | ERROR | ERROR: Failed to insert message into DuckDB: 'department_ID'
2025-09-24 21:40:00 | WARNING | Test row not found; nothing to delete.
2025-09-24 21:40:00 | INFO | Finished DuckDB db testing.
2025-09-24 21:40:02 | INFO | {'message': 'I just saw a story! It was exciting.', 'author': 'Eve', 'timestamp': '2025-09-24 21:40:02', 'category': 'other', 'sentiment': 0.73, 'keyword_mentioned': 'other', 'message_length': 36, 'department_ID': 'D6_Logistics', 'job_classification': 'associate'}
