2025-09-24 21:40:07 | INFO | {'message': 'I just found Python! It was exciting.', 'author': 'Bob', 'timestamp': '2025-09-24 21:40:07', 'category': 'tech', 'sentiment': 0.65, 'keyword_mentioned': 'Python', 'message_length': 37, 'department_ID': 'D4_HR', 'job_classification': 'lead'}
2025-09-24 21:40:12 | INFO | {'message': 'I just loved travel! It was boring.', 'author': 'Eve', 'timestamp': '2025-09-24 21:40:12', 'category': 'travel', 'sentiment': 0.36, 'keyword_mentioned': 'travel', 'message_length': 35, 'department_ID': 'D6_Logistics', 'job_classification': 'Hourly'}
2025-09-24 21:40:17 | INFO | {'message': 'I just found recipe! It was weird.', 'author': 'Eve', 'timestamp': '2025-09-24 21:40:17', 'category': 'food', 'sentiment': 0.18, 'keyword_mentioned': 'recipe', 'message_length': 34, 'department_ID': 'D3_Legal', 'job_classification': 'associate'}
2025-09-24 21:40:22 | INFO | {'message': 'I just found JavaScript! It was weird.', 'author': 'Charlie', 'timestamp': '2025-09-24 21:40:22', 'category': 'tech', 'sentiment': 0.34, 'keyword_mentioned': 'JavaScript', 'message_length': 38, 'department_ID': 'D1_Finance', 'job_classification': 'senior'}
2025-09-24 21:40:27 | INFO | {'message': 'I just loved travel! It was boring.', 'author': 'Eve', 'timestamp': '2025-09-24 21:40:27', 'category': 'travel', 'sentiment': 0.38, 'keyword_mentioned': 'travel', 'message_length': 35, 'department_ID': 'D3_Legal', 'job_classification': 'senior'}
2025-09-24 21:40:32 | INFO | {'message': 'I just saw Python! It was funny.', 'author': 'Bob', 'timestamp': '2025-09-24 21:40:32', 'category': 'tech', 'sentiment': 0.98, 'keyword_mentioned': 'Python', 'message_length': 32, 'department_ID': 'D3_Legal', 'job_classification': 'Hourly'}
2025-09-24 21:40:37 | INFO | {'message': 'I just shared a movie! It was funny.', 'author': 'Bob', 'timestamp': '2025-09-24 21:40:37', 'category': 'entertainment', 'sentiment': 0.3, 'keyword_mentioned': 'movie', 'message_length': 36, 'department_ID': 'D2_Mfg', 'job_classification': 'associate'}
2025-09-24 21:40:43 | INFO | {'message': 'I just found a movie! It was boring.', 'author': 'Alice', 'timestamp': '2025-09-24 21:40:43', 'category': 'entertainment', 'sentiment': 0.51, 'keyword_mentioned': 'movie', 'message_length': 36, 'department_ID': 'D4_HR', 'job_classification': 'Level 2'}
2025-09-24 21:40:48 | INFO | {'message': 'I just loved a trick! It was boring.', 'author': 'Eve', 'timestamp': '2025-09-24 21:40:48', 'category': 'other', 'sentiment': 0.43, 'keyword_mentioned': 'other', 'message_length': 36, 'department_ID': 'D3_Legal', 'job_classification': 'associate'}
2025-09-24 21:40:53 | INFO | {'message': 'I just loved JavaScript! It was weird.', 'author': 'Bob', 'timestamp': '2025-09-24 21:40:53', 'category': 'tech', 'sentiment': 0.58, 'keyword_mentioned': 'JavaScript', 'message_length': 38, 'department_ID': 'D3_Legal', 'job_classification': 'Level 2'}
2025-09-24 21:40:58 | INFO | {'message': 'I just tried recipe! It was boring.', 'author': 'Eve', 'timestamp': '2025-09-24 21:40:58', 'category': 'food', 'sentiment': 0.15, 'keyword_mentioned': 'recipe', 'message_length': 35, 'department_ID': 'D5_Operations', 'job_classification': 'Level 1'}
2025-09-24 21:41:03 | INFO | {'message': 'I just found a trick! It was boring.', 'author': 'Bob', 'timestamp': '2025-09-24 21:41:03', 'category': 'other', 'sentiment': 0.85, 'keyword_mentioned': 'other', 'message_length': 36, 'department_ID': 'D4_HR', 'job_classification': 'Level 2'}
2025-09-24 21:41:08 | INFO | {'message': 'I just tried an app! It was funny.', 'author': 'Alice', 'timestamp': '2025-09-24 21:41:08', 'category': 'other', 'sentiment': 0.44, 'keyword_mentioned': 'other', 'message_length': 34, 'department_ID': 'D3_Legal', 'job_classification': 'lead'}
2025-09-24 21:41:13 | INFO | {'message': 'I just tried a story! It was exciting.', 'author': 'Alice', 'timestamp': '2025-09-24 21:41:13', 'category': 'other', 'sentiment': 0.68, 'keyword_mentioned': 'other', 'message_length': 38, 'department_ID': 'D1_Finance', 'job_classification': 'lead'}
2025-09-24 21:41:18 | INFO | {'message': 'I just saw a story! It was funny.', 'author': 'Charlie', 'timestamp': '2025-09-24 21:41:18', 'category': 'other', 'sentiment': 0.15, 'keyword_mentioned': 'other', 'message_length': 33, 'department_ID': 'D6_Logistics', 'job_classification': 'Level 1'}
2025-09-24 21:41:23 | INFO | {'message': 'I just saw recipe! It was weird.', 'author': 'Charlie', 'timestamp': '2025-09-24 21:41:23', 'category': 'food', 'sentiment': 0.71, 'keyword_mentioned': 'recipe', 'message_length': 32, 'department_ID': 'D4_HR', 'job_classification': 'associate'}
2025-09-24 21:41:28 | INFO | {'message': 'I just loved an app! It was funny.', 'author': 'Alice', 'timestamp': '2025-09-24 21:41:28', 'category': 'other', 'sentiment': 0.19, 'keyword_mentioned': 'other', 'message_length': 34, 'department_ID': 'D4_HR', 'job_classification': 'Level 2'}
2025-09-24 21:41:33 | INFO | {'message': 'I just shared JavaScript! It was boring.', 'author': 'Charlie', 'timestamp': '2025-09-24 21:41:33', 'category': 'tech', 'sentiment': 0.04, 'keyword_mentioned': 'JavaScript', 'message_length': 40, 'department_ID': 'D2_Mfg', 'job_classification': 'Level 1'}
2025-09-24 21:41:38 | INFO | {'message': 'I just saw a meme! It was funny.', 'author': 'Charlie', 'timestamp': '2025-09-24 21:41:38', 'category': 'humor', 'sentiment': 0.92, 'keyword_mentioned': 'meme', 'message_length': 32, 'department_ID': 'D3_Legal', 'job_classification': 'Level 1'}
2025-09-24 21:41:43 | INFO | {'message': 'I just tried a meme! It was exciting.', 'author': 'Alice', 'timestamp': '2025-09-24 21:41:43', 'category': 'humor', 'sentiment': 0.01, 'keyword_mentioned': 'meme', 'message_length': 37, 'department_ID': 'D3_Legal', 'job_classification': 'associate'}
2025-09-24 21:41:48 | INFO | {'message': 'I just tried recipe! It was boring.', 'author': 'Alice', 'timestamp': '2025-09-24 21:41:48', 'category': 'food', 'sentiment': 0.38, 'keyword_mentioned': 'recipe', 'message_length': 35, 'department_ID': 'D5_Operations', 'job_classification': 'Level 2'}
2025-09-24 21:41:53 | INFO | {'message': 'I just shared a movie! It was boring.', 'author': 'Charlie', 'timestamp': '2025-09-24 21:41:53', 'category': 'entertainment', 'sentiment': 0.71, 'keyword_mentioned': 'movie', 'message_length': 37, 'department_ID': 'D4_HR', 'job_classification': 'associate'}
2025-09-24 21:41:58 | INFO | {'message': 'I just tried a story! It was boring.', 'author': 'Eve', 'timestamp': '2025-09-24 21:41:58', 'category': 'other', 'sentiment': 0.12, 'keyword_mentioned': 'other', 'message_length': 36, 'department_ID': 'D4_HR', 'job_classification': 'senior'}
2025-09-24 21:42:03 | INFO | {'message': 'I just shared travel! It was boring.', 'author': 'Bob', 'timestamp': '2025-09-24 21:42:03', 'category': 'travel', 'sentiment': 0.68, 'keyword_mentioned': 'travel', 'message_length': 36, 'department_ID': 'D6_Logistics', 'job_classification': 'Level 1'}
2025-09-24 21:42:08 | INFO | {'message': 'I just saw Python! It was exciting.', 'author': 'Eve', 'timestamp': '2025-09-24 21:42:08', 'category': 'tech', 'sentiment': 0.96, 'keyword_mentioned': 'Python', 'message_length': 35, 'department_ID': 'D3_Legal', 'job_classification': 'lead'}
2025-09-24 21:42:11 | WARNING | Producer interrupted by user.
2025-09-24 21:42:11 | INFO | Producer shutting down.
2025-09-24 21:42:32 | INFO | Logging to file: logs/project_log.log
2025-09-24 21:42:32 | INFO | Log sanitization enabled, personal info removed
2025-09-24 21:42:32 | INFO | Starting Producer to run continuously.
2025-09-24 21:42:32 | INFO | Use Ctrl+C to stop.
2025-09-24 21:42:32 | INFO | MESSAGE_INTERVAL_SECONDS: 5
2025-09-24 21:42:32 | INFO | BUZZ_TOPIC: buzzline
2025-09-24 21:42:32 | INFO | KAFKA_BROKER_ADDRESS: 127.0.0.1:9092
2025-09-24 21:42:32 | INFO | BASE_DATA_DIR: PROJECT_ROOT/data
2025-09-24 21:42:32 | INFO | LIVE_DATA_PATH: PROJECT_ROOT/data/project_live.json
2025-09-24 21:42:32 | INFO | BASE_DATA_DIR: PROJECT_ROOT/data
2025-09-24 21:42:32 | INFO | SQLITE_PATH: PROJECT_ROOT/data/buzz.sqlite
2025-09-24 21:42:32 | INFO | Deleted existing live data file.
2025-09-24 21:42:32 | INFO | Kafka broker address: localhost:9092
2025-09-24 21:42:32 | INFO | Kafka is ready. Brokers: {'throttle_time_ms': 0, 'brokers': [{'node_id': 1, 'host': 'localhost', 'port': 9092, 'rack': None}], 'cluster_id': 'JjY4WKawQ-GFC8VniCM2Xw', 'controller_id': 1}
2025-09-24 21:42:34 | WARNING | WARNING: Kafka setup failed: NoBrokersAvailable
2025-09-24 21:42:34 | INFO | {'message': 'I just loved a meme! It was weird.', 'author': 'Charlie', 'timestamp': '2025-09-24 21:42:34', 'category': 'humor', 'sentiment': 0.28, 'keyword_mentioned': 'meme', 'message_length': 34, 'department_ID': 'D2_Mfg', 'job_classification': 'Hourly'}
2025-09-24 21:42:34 | ERROR | [sqlite_emitter] failed to insert into PROJECT_ROOT/data/buzz.sqlite: Incorrect number of bindings supplied. The current statement uses 7, and there are 9 supplied.
2025-09-24 21:42:39 | INFO | {'message': 'I just shared an app! It was boring.', 'author': 'Charlie', 'timestamp': '2025-09-24 21:42:39', 'category': 'other', 'sentiment': 0.1, 'keyword_mentioned': 'other', 'message_length': 36, 'department_ID': 'D5_Operations', 'job_classification': 'lead'}
2025-09-24 21:42:39 | ERROR | [sqlite_emitter] failed to insert into PROJECT_ROOT/data/buzz.sqlite: Incorrect number of bindings supplied. The current statement uses 7, and there are 9 supplied.
2025-09-24 21:42:43 | INFO | Logging to file: logs/project_log.log
2025-09-24 21:42:43 | INFO | Log sanitization enabled, personal info removed
2025-09-24 21:42:43 | INFO | Starting DuckDB db testing.
2025-09-24 21:42:43 | INFO | Using DuckDB file at: data/buzz.duckdb
2025-09-24 21:42:43 | INFO | Calling DuckDB init_db() with {db_path=}.
2025-09-24 21:42:43 | INFO | SUCCESS: Connected to DuckDB.
2025-09-24 21:42:43 | INFO | SUCCESS: Table 'streamed_messages' ready at data/buzz.duckdb.
2025-09-24 21:42:43 | INFO | Calling DuckDB insert_message() with:
2025-09-24 21:42:43 | INFO | message={'message': 'I just shared a meme! It was amazing.', 'author': 'Charlie', 'timestamp': '2025-01-29 14:35:20', 'category': 'humor', 'sentiment': 0.87, 'keyword_mentioned': 'meme', 'message_length': 42}
2025-09-24 21:42:43 | INFO | db_path=WindowsPath('data/buzz.duckdb')
2025-09-24 21:42:43 | ERROR | ERROR: Failed to insert message into DuckDB: 'department_ID'
2025-09-24 21:42:43 | WARNING | Test row not found; nothing to delete.
2025-09-24 21:42:43 | INFO | Finished DuckDB db testing.
2025-09-24 21:42:44 | INFO | {'message': 'I just shared JavaScript! It was boring.', 'author': 'Alice', 'timestamp': '2025-09-24 21:42:44', 'category': 'tech', 'sentiment': 0.19, 'keyword_mentioned': 'JavaScript', 'message_length': 40, 'department_ID': 'D5_Operations', 'job_classification': 'associate'}
2025-09-24 21:42:44 | ERROR | [sqlite_emitter] failed to insert into PROJECT_ROOT/data/buzz.sqlite: Incorrect number of bindings supplied. The current statement uses 7, and there are 9 supplied.
2025-09-24 21:42:49 | INFO | {'message': 'I just loved a meme! It was boring.', 'author': 'Alice', 'timestamp': '2025-09-24 21:42:49', 'category': 'humor', 'sentiment': 0.96, 'keyword_mentioned': 'meme', 'message_length': 35, 'department_ID': 'D1_Finance', 'job_classification': 'senior'}
2025-09-24 21:42:49 | ERROR | [sqlite_emitter] failed to insert into PROJECT_ROOT/data/buzz.sqlite: Incorrect number of bindings supplied. The current statement uses 7, and there are 9 supplied.
2025-09-24 21:42:54 | INFO | {'message': 'I just shared a meme! It was amazing.', 'author': 'Bob', 'timestamp': '2025-09-24 21:42:54', 'category': 'humor', 'sentiment': 0.46, 'keyword_mentioned': 'meme', 'message_length': 37, 'department_ID': 'D4_HR', 'job_classification': 'associate'}
2025-09-24 21:42:54 | ERROR | [sqlite_emitter] failed to insert into PROJECT_ROOT/data/buzz.sqlite: Incorrect number of bindings supplied. The current statement uses 7, and there are 9 supplied.
2025-09-24 21:42:59 | INFO | {'message': 'I just loved game! It was boring.', 'author': 'Alice', 'timestamp': '2025-09-24 21:42:59', 'category': 'gaming', 'sentiment': 0.28, 'keyword_mentioned': 'game', 'message_length': 33, 'department_ID': 'D6_Logistics', 'job_classification': 'associate'}
2025-09-24 21:42:59 | ERROR | [sqlite_emitter] failed to insert into PROJECT_ROOT/data/buzz.sqlite: Incorrect number of bindings supplied. The current statement uses 7, and there are 9 supplied.
2025-09-24 21:43:04 | INFO | {'message': 'I just shared an app! It was boring.', 'author': 'Alice', 'timestamp': '2025-09-24 21:43:04', 'category': 'other', 'sentiment': 1.0, 'keyword_mentioned': 'other', 'message_length': 36, 'department_ID': 'D2_Mfg', 'job_classification': 'Level 2'}
2025-09-24 21:43:04 | ERROR | [sqlite_emitter] failed to insert into PROJECT_ROOT/data/buzz.sqlite: Incorrect number of bindings supplied. The current statement uses 7, and there are 9 supplied.
2025-09-24 21:43:09 | INFO | {'message': 'I just found a meme! It was boring.', 'author': 'Bob', 'timestamp': '2025-09-24 21:43:09', 'category': 'humor', 'sentiment': 0.17, 'keyword_mentioned': 'meme', 'message_length': 35, 'department_ID': 'D5_Operations', 'job_classification': 'associate'}
2025-09-24 21:43:09 | ERROR | [sqlite_emitter] failed to insert into PROJECT_ROOT/data/buzz.sqlite: Incorrect number of bindings supplied. The current statement uses 7, and there are 9 supplied.
2025-09-24 21:43:14 | INFO | {'message': 'I just loved a movie! It was amazing.', 'author': 'Alice', 'timestamp': '2025-09-24 21:43:14', 'category': 'entertainment', 'sentiment': 0.45, 'keyword_mentioned': 'movie', 'message_length': 37, 'department_ID': 'D6_Logistics', 'job_classification': 'Level 1'}
2025-09-24 21:43:14 | ERROR | [sqlite_emitter] failed to insert into PROJECT_ROOT/data/buzz.sqlite: Incorrect number of bindings supplied. The current statement uses 7, and there are 9 supplied.
2025-09-24 21:43:19 | INFO | {'message': 'I just loved a story! It was weird.', 'author': 'Alice', 'timestamp': '2025-09-24 21:43:19', 'category': 'other', 'sentiment': 0.81, 'keyword_mentioned': 'other', 'message_length': 35, 'department_ID': 'D3_Legal', 'job_classification': 'associate'}
2025-09-24 21:43:19 | ERROR | [sqlite_emitter] failed to insert into PROJECT_ROOT/data/buzz.sqlite: Incorrect number of bindings supplied. The current statement uses 7, and there are 9 supplied.
2025-09-24 21:43:24 | INFO | {'message': 'I just tried a movie! It was amazing.', 'author': 'Bob', 'timestamp': '2025-09-24 21:43:24', 'category': 'entertainment', 'sentiment': 0.98, 'keyword_mentioned': 'movie', 'message_length': 37, 'department_ID': 'D3_Legal', 'job_classification': 'Level 2'}
2025-09-24 21:43:24 | ERROR | [sqlite_emitter] failed to insert into PROJECT_ROOT/data/buzz.sqlite: Incorrect number of bindings supplied. The current statement uses 7, and there are 9 supplied.
2025-09-24 21:43:30 | INFO | {'message': 'I just shared a trick! It was funny.', 'author': 'Charlie', 'timestamp': '2025-09-24 21:43:30', 'category': 'other', 'sentiment': 0.8, 'keyword_mentioned': 'other', 'message_length': 36, 'department_ID': 'D4_HR', 'job_classification': 'associate'}
2025-09-24 21:43:30 | ERROR | [sqlite_emitter] failed to insert into PROJECT_ROOT/data/buzz.sqlite: Incorrect number of bindings supplied. The current statement uses 7, and there are 9 supplied.
2025-09-24 21:43:35 | INFO | {'message': 'I just loved a story! It was funny.', 'author': 'Eve', 'timestamp': '2025-09-24 21:43:35', 'category': 'other', 'sentiment': 0.23, 'keyword_mentioned': 'other', 'message_length': 35, 'department_ID': 'D6_Logistics', 'job_classification': 'associate'}
2025-09-24 21:43:35 | ERROR | [sqlite_emitter] failed to insert into PROJECT_ROOT/data/buzz.sqlite: Incorrect number of bindings supplied. The current statement uses 7, and there are 9 supplied.
2025-09-24 21:43:40 | INFO | {'message': 'I just saw game! It was boring.', 'author': 'Bob', 'timestamp': '2025-09-24 21:43:40', 'category': 'gaming', 'sentiment': 0.86, 'keyword_mentioned': 'game', 'message_length': 31, 'department_ID': 'D3_Legal', 'job_classification': 'Level 2'}
2025-09-24 21:43:40 | ERROR | [sqlite_emitter] failed to insert into PROJECT_ROOT/data/buzz.sqlite: Incorrect number of bindings supplied. The current statement uses 7, and there are 9 supplied.
2025-09-24 21:43:45 | INFO | {'message': 'I just shared Python! It was weird.', 'author': 'Bob', 'timestamp': '2025-09-24 21:43:45', 'category': 'tech', 'sentiment': 0.81, 'keyword_mentioned': 'Python', 'message_length': 35, 'department_ID': 'D4_HR', 'job_classification': 'associate'}
2025-09-24 21:43:45 | ERROR | [sqlite_emitter] failed to insert into PROJECT_ROOT/data/buzz.sqlite: Incorrect number of bindings supplied. The current statement uses 7, and there are 9 supplied.
2025-09-24 21:43:50 | INFO | {'message': 'I just shared game! It was boring.', 'author': 'Charlie', 'timestamp': '2025-09-24 21:43:50', 'category': 'gaming', 'sentiment': 0.09, 'keyword_mentioned': 'game', 'message_length': 34, 'department_ID': 'D6_Logistics', 'job_classification': 'Hourly'}
2025-09-24 21:43:50 | ERROR | [sqlite_emitter] failed to insert into PROJECT_ROOT/data/buzz.sqlite: Incorrect number of bindings supplied. The current statement uses 7, and there are 9 supplied.
2025-09-24 21:43:55 | INFO | {'message': 'I just loved a trick! It was funny.', 'author': 'Bob', 'timestamp': '2025-09-24 21:43:55', 'category': 'other', 'sentiment': 0.4, 'keyword_mentioned': 'other', 'message_length': 35, 'department_ID': 'D4_HR', 'job_classification': 'Level 1'}
2025-09-24 21:43:55 | ERROR | [sqlite_emitter] failed to insert into PROJECT_ROOT/data/buzz.sqlite: Incorrect number of bindings supplied. The current statement uses 7, and there are 9 supplied.
2025-09-24 21:44:00 | INFO | {'message': 'I just shared a story! It was funny.', 'author': 'Eve', 'timestamp': '2025-09-24 21:44:00', 'category': 'other', 'sentiment': 0.15, 'keyword_mentioned': 'other', 'message_length': 36, 'department_ID': 'D1_Finance', 'job_classification': 'Level 2'}
2025-09-24 21:44:00 | ERROR | [sqlite_emitter] failed to insert into PROJECT_ROOT/data/buzz.sqlite: Incorrect number of bindings supplied. The current statement uses 7, and there are 9 supplied.
2025-09-24 21:44:05 | INFO | {'message': 'I just loved recipe! It was exciting.', 'author': 'Alice', 'timestamp': '2025-09-24 21:44:05', 'category': 'food', 'sentiment': 0.62, 'keyword_mentioned': 'recipe', 'message_length': 37, 'department_ID': 'D1_Finance', 'job_classification': 'Hourly'}
2025-09-24 21:44:05 | ERROR | [sqlite_emitter] failed to insert into PROJECT_ROOT/data/buzz.sqlite: Incorrect number of bindings supplied. The current statement uses 7, and there are 9 supplied.
2025-09-24 21:44:10 | INFO | {'message': 'I just saw a meme! It was funny.', 'author': 'Bob', 'timestamp': '2025-09-24 21:44:10', 'category': 'humor', 'sentiment': 0.27, 'keyword_mentioned': 'meme', 'message_length': 32, 'department_ID': 'D5_Operations', 'job_classification': 'senior'}
2025-09-24 21:44:10 | ERROR | [sqlite_emitter] failed to insert into PROJECT_ROOT/data/buzz.sqlite: Incorrect number of bindings supplied. The current statement uses 7, and there are 9 supplied.
2025-09-24 21:44:15 | INFO | {'message': 'I just found an app! It was boring.', 'author': 'Eve', 'timestamp': '2025-09-24 21:44:15', 'category': 'other', 'sentiment': 0.42, 'keyword_mentioned': 'other', 'message_length': 35, 'department_ID': 'D3_Legal', 'job_classification': 'lead'}
2025-09-24 21:44:15 | ERROR | [sqlite_emitter] failed to insert into PROJECT_ROOT/data/buzz.sqlite: Incorrect number of bindings supplied. The current statement uses 7, and there are 9 supplied.
2025-09-24 21:44:20 | INFO | {'message': 'I just found game! It was boring.', 'author': 'Bob', 'timestamp': '2025-09-24 21:44:20', 'category': 'gaming', 'sentiment': 0.69, 'keyword_mentioned': 'game', 'message_length': 33, 'department_ID': 'D1_Finance', 'job_classification': 'Hourly'}
2025-09-24 21:44:20 | ERROR | [sqlite_emitter] failed to insert into PROJECT_ROOT/data/buzz.sqlite: Incorrect number of bindings supplied. The current statement uses 7, and there are 9 supplied.
2025-09-24 21:44:25 | INFO | {'message': 'I just found JavaScript! It was amazing.', 'author': 'Eve', 'timestamp': '2025-09-24 21:44:25', 'category': 'tech', 'sentiment': 0.57, 'keyword_mentioned': 'JavaScript', 'message_length': 40, 'department_ID': 'D2_Mfg', 'job_classification': 'Hourly'}
2025-09-24 21:44:25 | ERROR | [sqlite_emitter] failed to insert into PROJECT_ROOT/data/buzz.sqlite: Incorrect number of bindings supplied. The current statement uses 7, and there are 9 supplied.
2025-09-24 21:44:30 | INFO | {'message': 'I just tried Python! It was weird.', 'author': 'Alice', 'timestamp': '2025-09-24 21:44:30', 'category': 'tech', 'sentiment': 0.99, 'keyword_mentioned': 'Python', 'message_length': 34, 'department_ID': 'D4_HR', 'job_classification': 'Level 1'}
2025-09-24 21:44:30 | ERROR | [sqlite_emitter] failed to insert into PROJECT_ROOT/data/buzz.sqlite: Incorrect number of bindings supplied. The current statement uses 7, and there are 9 supplied.
2025-09-24 21:44:35 | INFO | {'message': 'I just tried a trick! It was amazing.', 'author': 'Alice', 'timestamp': '2025-09-24 21:44:35', 'category': 'other', 'sentiment': 0.4, 'keyword_mentioned': 'other', 'message_length': 37, 'department_ID': 'D2_Mfg', 'job_classification': 'Level 1'}
2025-09-24 21:44:35 | ERROR | [sqlite_emitter] failed to insert into PROJECT_ROOT/data/buzz.sqlite: Incorrect number of bindings supplied. The current statement uses 7, and there are 9 supplied.
2025-09-24 21:44:40 | INFO | {'message': 'I just shared a story! It was amazing.', 'author': 'Eve', 'timestamp': '2025-09-24 21:44:40', 'category': 'other', 'sentiment': 0.38, 'keyword_mentioned': 'other', 'message_length': 38, 'department_ID': 'D2_Mfg', 'job_classification': 'Level 2'}
2025-09-24 21:44:40 | ERROR | [sqlite_emitter] failed to insert into PROJECT_ROOT/data/buzz.sqlite: Incorrect number of bindings supplied. The current statement uses 7, and there are 9 supplied.
2025-09-24 21:44:45 | INFO | {'message': 'I just loved Python! It was weird.', 'author': 'Eve', 'timestamp': '2025-09-24 21:44:45', 'category': 'tech', 'sentiment': 0.94, 'keyword_mentioned': 'Python', 'message_length': 34, 'department_ID': 'D2_Mfg', 'job_classification': 'Hourly'}
2025-09-24 21:44:45 | ERROR | [sqlite_emitter] failed to insert into PROJECT_ROOT/data/buzz.sqlite: Incorrect number of bindings supplied. The current statement uses 7, and there are 9 supplied.
2025-09-24 21:44:50 | INFO | {'message': 'I just found recipe! It was weird.', 'author': 'Eve', 'timestamp': '2025-09-24 21:44:50', 'category': 'food', 'sentiment': 0.3, 'keyword_mentioned': 'recipe', 'message_length': 34, 'department_ID': 'D6_Logistics', 'job_classification': 'Level 1'}
2025-09-24 21:44:50 | ERROR | [sqlite_emitter] failed to insert into PROJECT_ROOT/data/buzz.sqlite: Incorrect number of bindings supplied. The current statement uses 7, and there are 9 supplied.
2025-09-24 21:44:55 | INFO | {'message': 'I just found a meme! It was boring.', 'author': 'Alice', 'timestamp': '2025-09-24 21:44:55', 'category': 'humor', 'sentiment': 0.53, 'keyword_mentioned': 'meme', 'message_length': 35, 'department_ID': 'D1_Finance', 'job_classification': 'Level 2'}
2025-09-24 21:44:55 | ERROR | [sqlite_emitter] failed to insert into PROJECT_ROOT/data/buzz.sqlite: Incorrect number of bindings supplied. The current statement uses 7, and there are 9 supplied.
2025-09-24 21:45:00 | INFO | {'message': 'I just loved a story! It was amazing.', 'author': 'Eve', 'timestamp': '2025-09-24 21:45:00', 'category': 'other', 'sentiment': 0.85, 'keyword_mentioned': 'other', 'message_length': 37, 'department_ID': 'D2_Mfg', 'job_classification': 'Level 1'}
2025-09-24 21:45:00 | ERROR | [sqlite_emitter] failed to insert into PROJECT_ROOT/data/buzz.sqlite: Incorrect number of bindings supplied. The current statement uses 7, and there are 9 supplied.
2025-09-24 21:45:05 | INFO | {'message': 'I just shared a trick! It was funny.', 'author': 'Eve', 'timestamp': '2025-09-24 21:45:05', 'category': 'other', 'sentiment': 0.91, 'keyword_mentioned': 'other', 'message_length': 36, 'department_ID': 'D2_Mfg', 'job_classification': 'lead'}
2025-09-24 21:45:05 | ERROR | [sqlite_emitter] failed to insert into PROJECT_ROOT/data/buzz.sqlite: Incorrect number of bindings supplied. The current statement uses 7, and there are 9 supplied.
2025-09-24 21:45:10 | INFO | {'message': 'I just tried a story! It was amazing.', 'author': 'Charlie', 'timestamp': '2025-09-24 21:45:10', 'category': 'other', 'sentiment': 0.02, 'keyword_mentioned': 'other', 'message_length': 37, 'department_ID': 'D2_Mfg', 'job_classification': 'Hourly'}
2025-09-24 21:45:10 | ERROR | [sqlite_emitter] failed to insert into PROJECT_ROOT/data/buzz.sqlite: Incorrect number of bindings supplied. The current statement uses 7, and there are 9 supplied.
2025-09-24 21:45:15 | INFO | {'message': 'I just saw JavaScript! It was amazing.', 'author': 'Charlie', 'timestamp': '2025-09-24 21:45:15', 'category': 'tech', 'sentiment': 0.0, 'keyword_mentioned': 'JavaScript', 'message_length': 38, 'department_ID': 'D4_HR', 'job_classification': 'Hourly'}
2025-09-24 21:45:15 | ERROR | [sqlite_emitter] failed to insert into PROJECT_ROOT/data/buzz.sqlite: Incorrect number of bindings supplied. The current statement uses 7, and there are 9 supplied.
2025-09-24 21:45:20 | INFO | {'message': 'I just loved an app! It was exciting.', 'author': 'Alice', 'timestamp': '2025-09-24 21:45:20', 'category': 'other', 'sentiment': 0.19, 'keyword_mentioned': 'other', 'message_length': 37, 'department_ID': 'D3_Legal', 'job_classification': 'Level 2'}
2025-09-24 21:45:20 | ERROR | [sqlite_emitter] failed to insert into PROJECT_ROOT/data/buzz.sqlite: Incorrect number of bindings supplied. The current statement uses 7, and there are 9 supplied.
2025-09-24 21:45:25 | INFO | {'message': 'I just shared travel! It was exciting.', 'author': 'Charlie', 'timestamp': '2025-09-24 21:45:25', 'category': 'travel', 'sentiment': 0.64, 'keyword_mentioned': 'travel', 'message_length': 38, 'department_ID': 'D2_Mfg', 'job_classification': 'senior'}
2025-09-24 21:45:25 | ERROR | [sqlite_emitter] failed to insert into PROJECT_ROOT/data/buzz.sqlite: Incorrect number of bindings supplied. The current statement uses 7, and there are 9 supplied.
2025-09-24 21:45:30 | INFO | {'message': 'I just shared Python! It was boring.', 'author': 'Alice', 'timestamp': '2025-09-24 21:45:30', 'category': 'tech', 'sentiment': 0.47, 'keyword_mentioned': 'Python', 'message_length': 36, 'department_ID': 'D6_Logistics', 'job_classification': 'lead'}
2025-09-24 21:45:30 | ERROR | [sqlite_emitter] failed to insert into PROJECT_ROOT/data/buzz.sqlite: Incorrect number of bindings supplied. The current statement uses 7, and there are 9 supplied.
2025-09-24 21:45:35 | INFO | {'message': 'I just loved game! It was amazing.', 'author': 'Charlie', 'timestamp': '2025-09-24 21:45:35', 'category': 'gaming', 'sentiment': 0.24, 'keyword_mentioned': 'game', 'message_length': 34, 'department_ID': 'D3_Legal', 'job_classification': 'associate'}
2025-09-24 21:45:35 | ERROR | [sqlite_emitter] failed to insert into PROJECT_ROOT/data/buzz.sqlite: Incorrect number of bindings supplied. The current statement uses 7, and there are 9 supplied.
2025-09-24 21:45:40 | INFO | {'message': 'I just tried recipe! It was boring.', 'author': 'Alice', 'timestamp': '2025-09-24 21:45:40', 'category': 'food', 'sentiment': 0.07, 'keyword_mentioned': 'recipe', 'message_length': 35, 'department_ID': 'D2_Mfg', 'job_classification': 'Level 2'}
2025-09-24 21:45:40 | ERROR | [sqlite_emitter] failed to insert into PROJECT_ROOT/data/buzz.sqlite: Incorrect number of bindings supplied. The current statement uses 7, and there are 9 supplied.
2025-09-24 21:45:45 | INFO | {'message': 'I just found recipe! It was exciting.', 'author': 'Eve', 'timestamp': '2025-09-24 21:45:45', 'category': 'food', 'sentiment': 0.86, 'keyword_mentioned': 'recipe', 'message_length': 37, 'department_ID': 'D4_HR', 'job_classification': 'lead'}
2025-09-24 21:45:45 | ERROR | [sqlite_emitter] failed to insert into PROJECT_ROOT/data/buzz.sqlite: Incorrect number of bindings supplied. The current statement uses 7, and there are 9 supplied.
2025-09-24 21:45:51 | INFO | {'message': 'I just found JavaScript! It was exciting.', 'author': 'Bob', 'timestamp': '2025-09-24 21:45:51', 'category': 'tech', 'sentiment': 0.51, 'keyword_mentioned': 'JavaScript', 'message_length': 41, 'department_ID': 'D3_Legal', 'job_classification': 'lead'}
2025-09-24 21:45:51 | ERROR | [sqlite_emitter] failed to insert into PROJECT_ROOT/data/buzz.sqlite: Incorrect number of bindings supplied. The current statement uses 7, and there are 9 supplied.
2025-09-24 21:45:56 | INFO | {'message': 'I just loved an app! It was exciting.', 'author': 'Charlie', 'timestamp': '2025-09-24 21:45:56', 'category': 'other', 'sentiment': 0.64, 'keyword_mentioned': 'other', 'message_length': 37, 'department_ID': 'D5_Operations', 'job_classification': 'Hourly'}
2025-09-24 21:45:56 | ERROR | [sqlite_emitter] failed to insert into PROJECT_ROOT/data/buzz.sqlite: Incorrect number of bindings supplied. The current statement uses 7, and there are 9 supplied.
2025-09-24 21:46:01 | INFO | {'message': 'I just tried a trick! It was amazing.', 'author': 'Alice', 'timestamp': '2025-09-24 21:46:01', 'category': 'other', 'sentiment': 0.49, 'keyword_mentioned': 'other', 'message_length': 37, 'department_ID': 'D1_Finance', 'job_classification': 'Level 2'}
2025-09-24 21:46:01 | ERROR | [sqlite_emitter] failed to insert into PROJECT_ROOT/data/buzz.sqlite: Incorrect number of bindings supplied. The current statement uses 7, and there are 9 supplied.
2025-09-24 21:46:06 | INFO | {'message': 'I just saw an app! It was exciting.', 'author': 'Alice', 'timestamp': '2025-09-24 21:46:06', 'category': 'other', 'sentiment': 0.42, 'keyword_mentioned': 'other', 'message_length': 35, 'department_ID': 'D2_Mfg', 'job_classification': 'Level 1'}
2025-09-24 21:46:06 | ERROR | [sqlite_emitter] failed to insert into PROJECT_ROOT/data/buzz.sqlite: Incorrect number of bindings supplied. The current statement uses 7, and there are 9 supplied.
2025-09-24 21:46:11 | INFO | {'message': 'I just saw Python! It was amazing.', 'author': 'Alice', 'timestamp': '2025-09-24 21:46:11', 'category': 'tech', 'sentiment': 0.42, 'keyword_mentioned': 'Python', 'message_length': 34, 'department_ID': 'D1_Finance', 'job_classification': 'Level 1'}
2025-09-24 21:46:11 | ERROR | [sqlite_emitter] failed to insert into PROJECT_ROOT/data/buzz.sqlite: Incorrect number of bindings supplied. The current statement uses 7, and there are 9 supplied.
2025-09-24 21:46:16 | INFO | {'message': 'I just loved a trick! It was exciting.', 'author': 'Eve', 'timestamp': '2025-09-24 21:46:16', 'category': 'other', 'sentiment': 0.22, 'keyword_mentioned': 'other', 'message_length': 38, 'department_ID': 'D6_Logistics', 'job_classification': 'Level 2'}
2025-09-24 21:46:16 | ERROR | [sqlite_emitter] failed to insert into PROJECT_ROOT/data/buzz.sqlite: Incorrect number of bindings supplied. The current statement uses 7, and there are 9 supplied.
2025-09-24 21:46:21 | INFO | {'message': 'I just tried a movie! It was funny.', 'author': 'Alice', 'timestamp': '2025-09-24 21:46:21', 'category': 'entertainment', 'sentiment': 0.87, 'keyword_mentioned': 'movie', 'message_length': 35, 'department_ID': 'D2_Mfg', 'job_classification': 'senior'}
2025-09-24 21:46:21 | ERROR | [sqlite_emitter] failed to insert into PROJECT_ROOT/data/buzz.sqlite: Incorrect number of bindings supplied. The current statement uses 7, and there are 9 supplied.
2025-09-24 21:46:26 | INFO | {'message': 'I just loved a trick! It was funny.', 'author': 'Bob', 'timestamp': '2025-09-24 21:46:26', 'category': 'other', 'sentiment': 0.57, 'keyword_mentioned': 'other', 'message_length': 35, 'department_ID': 'D3_Legal', 'job_classification': 'Hourly'}
2025-09-24 21:46:26 | ERROR | [sqlite_emitter] failed to insert into PROJECT_ROOT/data/buzz.sqlite: Incorrect number of bindings supplied. The current statement uses 7, and there are 9 supplied.
2025-09-24 21:46:31 | INFO | {'message': 'I just shared a trick! It was exciting.', 'author': 'Charlie', 'timestamp': '2025-09-24 21:46:31', 'category': 'other', 'sentiment': 0.15, 'keyword_mentioned': 'other', 'message_length': 39, 'department_ID': 'D3_Legal', 'job_classification': 'Hourly'}
2025-09-24 21:46:31 | ERROR | [sqlite_emitter] failed to insert into PROJECT_ROOT/data/buzz.sqlite: Incorrect number of bindings supplied. The current statement uses 7, and there are 9 supplied.
2025-09-24 21:46:36 | INFO | {'message': 'I just shared a trick! It was exciting.', 'author': 'Bob', 'timestamp': '2025-09-24 21:46:36', 'category': 'other', 'sentiment': 0.66, 'keyword_mentioned': 'other', 'message_length': 39, 'department_ID': 'D6_Logistics', 'job_classification': 'senior'}
2025-09-24 21:46:36 | ERROR | [sqlite_emitter] failed to insert into PROJECT_ROOT/data/buzz.sqlite: Incorrect number of bindings supplied. The current statement uses 7, and there are 9 supplied.
2025-09-24 21:46:41 | INFO | {'message': 'I just shared travel! It was weird.', 'author': 'Alice', 'timestamp': '2025-09-24 21:46:41', 'category': 'travel', 'sentiment': 0.42, 'keyword_mentioned': 'travel', 'message_length': 35, 'department_ID': 'D4_HR', 'job_classification': 'lead'}
2025-09-24 21:46:41 | ERROR | [sqlite_emitter] failed to insert into PROJECT_ROOT/data/buzz.sqlite: Incorrect number of bindings supplied. The current statement uses 7, and there are 9 supplied.
2025-09-24 21:46:46 | INFO | {'message': 'I just loved travel! It was weird.', 'author': 'Eve', 'timestamp': '2025-09-24 21:46:46', 'category': 'travel', 'sentiment': 0.33, 'keyword_mentioned': 'travel', 'message_length': 34, 'department_ID': 'D5_Operations', 'job_classification': 'Level 2'}
2025-09-24 21:46:46 | ERROR | [sqlite_emitter] failed to insert into PROJECT_ROOT/data/buzz.sqlite: Incorrect number of bindings supplied. The current statement uses 7, and there are 9 supplied.
2025-09-24 21:46:51 | INFO | {'message': 'I just saw recipe! It was exciting.', 'author': 'Eve', 'timestamp': '2025-09-24 21:46:51', 'category': 'food', 'sentiment': 0.31, 'keyword_mentioned': 'recipe', 'message_length': 35, 'department_ID': 'D6_Logistics', 'job_classification': 'Level 1'}
2025-09-24 21:46:51 | ERROR | [sqlite_emitter] failed to insert into PROJECT_ROOT/data/buzz.sqlite: Incorrect number of bindings supplied. The current statement uses 7, and there are 9 supplied.
2025-09-24 21:46:56 | INFO | {'message': 'I just tried JavaScript! It was funny.', 'author': 'Eve', 'timestamp': '2025-09-24 21:46:56', 'category': 'tech', 'sentiment': 0.07, 'keyword_mentioned': 'JavaScript', 'message_length': 38, 'department_ID': 'D5_Operations', 'job_classification': 'senior'}
2025-09-24 21:46:56 | ERROR | [sqlite_emitter] failed to insert into PROJECT_ROOT/data/buzz.sqlite: Incorrect number of bindings supplied. The current statement uses 7, and there are 9 supplied.
2025-09-24 21:47:01 | INFO | {'message': 'I just tried a movie! It was weird.', 'author': 'Bob', 'timestamp': '2025-09-24 21:47:01', 'category': 'entertainment', 'sentiment': 0.05, 'keyword_mentioned': 'movie', 'message_length': 35, 'department_ID': 'D2_Mfg', 'job_classification': 'Level 1'}
2025-09-24 21:47:01 | ERROR | [sqlite_emitter] failed to insert into PROJECT_ROOT/data/buzz.sqlite: Incorrect number of bindings supplied. The current statement uses 7, and there are 9 supplied.
2025-09-24 21:47:06 | INFO | {'message': 'I just loved a meme! It was amazing.', 'author': 'Bob', 'timestamp': '2025-09-24 21:47:06', 'category': 'humor', 'sentiment': 0.41, 'keyword_mentioned': 'meme', 'message_length': 36, 'department_ID': 'D2_Mfg', 'job_classification': 'Level 1'}
2025-09-24 21:47:06 | ERROR | [sqlite_emitter] failed to insert into PROJECT_ROOT/data/buzz.sqlite: Incorrect number of bindings supplied. The current statement uses 7, and there are 9 supplied.
2025-09-24 21:47:11 | INFO | {'message': 'I just saw recipe! It was exciting.', 'author': 'Bob', 'timestamp': '2025-09-24 21:47:11', 'category': 'food', 'sentiment': 0.87, 'keyword_mentioned': 'recipe', 'message_length': 35, 'department_ID': 'D1_Finance', 'job_classification': 'associate'}
2025-09-24 21:47:11 | ERROR | [sqlite_emitter] failed to insert into PROJECT_ROOT/data/buzz.sqlite: Incorrect number of bindings supplied. The current statement uses 7, and there are 9 supplied.
2025-09-24 21:47:16 | INFO | {'message': 'I just loved an app! It was exciting.', 'author': 'Eve', 'timestamp': '2025-09-24 21:47:16', 'category': 'other', 'sentiment': 0.79, 'keyword_mentioned': 'other', 'message_length': 37, 'department_ID': 'D4_HR', 'job_classification': 'senior'}
2025-09-24 21:47:16 | ERROR | [sqlite_emitter] failed to insert into PROJECT_ROOT/data/buzz.sqlite: Incorrect number of bindings supplied. The current statement uses 7, and there are 9 supplied.
2025-09-24 21:47:21 | INFO | {'message': 'I just shared recipe! It was amazing.', 'author': 'Eve', 'timestamp': '2025-09-24 21:47:21', 'category': 'food', 'sentiment': 0.23, 'keyword_mentioned': 'recipe', 'message_length': 37, 'department_ID': 'D4_HR', 'job_classification': 'Hourly'}
2025-09-24 21:47:21 | ERROR | [sqlite_emitter] failed to insert into PROJECT_ROOT/data/buzz.sqlite: Incorrect number of bindings supplied. The current statement uses 7, and there are 9 supplied.
2025-09-24 21:47:26 | INFO | {'message': 'I just saw Python! It was weird.', 'author': 'Charlie', 'timestamp': '2025-09-24 21:47:26', 'category': 'tech', 'sentiment': 0.72, 'keyword_mentioned': 'Python', 'message_length': 32, 'department_ID': 'D3_Legal', 'job_classification': 'Level 2'}
2025-09-24 21:47:26 | ERROR | [sqlite_emitter] failed to insert into PROJECT_ROOT/data/buzz.sqlite: Incorrect number of bindings supplied. The current statement uses 7, and there are 9 supplied.
2025-09-24 21:47:31 | INFO | {'message': 'I just found a trick! It was funny.', 'author': 'Bob', 'timestamp': '2025-09-24 21:47:31', 'category': 'other', 'sentiment': 0.22, 'keyword_mentioned': 'other', 'message_length': 35, 'department_ID': 'D3_Legal', 'job_classification': 'Hourly'}
2025-09-24 21:47:31 | ERROR | [sqlite_emitter] failed to insert into PROJECT_ROOT/data/buzz.sqlite: Incorrect number of bindings supplied. The current statement uses 7, and there are 9 supplied.
2025-09-24 21:47:36 | INFO | {'message': 'I just loved an app! It was funny.', 'author': 'Eve', 'timestamp': '2025-09-24 21:47:36', 'category': 'other', 'sentiment': 0.71, 'keyword_mentioned': 'other', 'message_length': 34, 'department_ID': 'D6_Logistics', 'job_classification': 'lead'}
2025-09-24 21:47:36 | ERROR | [sqlite_emitter] failed to insert into PROJECT_ROOT/data/buzz.sqlite: Incorrect number of bindings supplied. The current statement uses 7, and there are 9 supplied.
2025-09-24 21:47:41 | INFO | {'message': 'I just loved a meme! It was weird.', 'author': 'Alice', 'timestamp': '2025-09-24 21:47:41', 'category': 'humor', 'sentiment': 0.57, 'keyword_mentioned': 'meme', 'message_length': 34, 'department_ID': 'D2_Mfg', 'job_classification': 'Level 2'}
2025-09-24 21:47:41 | ERROR | [sqlite_emitter] failed to insert into PROJECT_ROOT/data/buzz.sqlite: Incorrect number of bindings supplied. The current statement uses 7, and there are 9 supplied.
2025-09-24 21:47:46 | INFO | {'message': 'I just loved Python! It was funny.', 'author': 'Charlie', 'timestamp': '2025-09-24 21:47:46', 'category': 'tech', 'sentiment': 0.55, 'keyword_mentioned': 'Python', 'message_length': 34, 'department_ID': 'D1_Finance', 'job_classification': 'associate'}
2025-09-24 21:47:46 | ERROR | [sqlite_emitter] failed to insert into PROJECT_ROOT/data/buzz.sqlite: Incorrect number of bindings supplied. The current statement uses 7, and there are 9 supplied.
2025-09-24 21:47:51 | INFO | {'message': 'I just shared recipe! It was amazing.', 'author': 'Eve', 'timestamp': '2025-09-24 21:47:51', 'category': 'food', 'sentiment': 0.52, 'keyword_mentioned': 'recipe', 'message_length': 37, 'department_ID': 'D4_HR', 'job_classification': 'Level 1'}
2025-09-24 21:47:51 | ERROR | [sqlite_emitter] failed to insert into PROJECT_ROOT/data/buzz.sqlite: Incorrect number of bindings supplied. The current statement uses 7, and there are 9 supplied.
2025-09-24 21:47:57 | INFO | {'message': 'I just tried JavaScript! It was exciting.', 'author': 'Eve', 'timestamp': '2025-09-24 21:47:57', 'category': 'tech', 'sentiment': 0.39, 'keyword_mentioned': 'JavaScript', 'message_length': 41, 'department_ID': 'D3_Legal', 'job_classification': 'associate'}
2025-09-24 21:47:57 | ERROR | [sqlite_emitter] failed to insert into PROJECT_ROOT/data/buzz.sqlite: Incorrect number of bindings supplied. The current statement uses 7, and there are 9 supplied.
2025-09-24 21:48:02 | INFO | {'message': 'I just shared a meme! It was boring.', 'author': 'Bob', 'timestamp': '2025-09-24 21:48:02', 'category': 'humor', 'sentiment': 0.21, 'keyword_mentioned': 'meme', 'message_length': 36, 'department_ID': 'D1_Finance', 'job_classification': 'Hourly'}
2025-09-24 21:48:02 | ERROR | [sqlite_emitter] failed to insert into PROJECT_ROOT/data/buzz.sqlite: Incorrect number of bindings supplied. The current statement uses 7, and there are 9 supplied.
2025-09-24 21:48:07 | INFO | {'message': 'I just loved recipe! It was boring.', 'author': 'Eve', 'timestamp': '2025-09-24 21:48:07', 'category': 'food', 'sentiment': 0.69, 'keyword_mentioned': 'recipe', 'message_length': 35, 'department_ID': 'D6_Logistics', 'job_classification': 'Level 1'}
2025-09-24 21:48:07 | ERROR | [sqlite_emitter] failed to insert into PROJECT_ROOT/data/buzz.sqlite: Incorrect number of bindings supplied. The current statement uses 7, and there are 9 supplied.
2025-09-24 21:48:12 | INFO | {'message': 'I just loved JavaScript! It was boring.', 'author': 'Bob', 'timestamp': '2025-09-24 21:48:12', 'category': 'tech', 'sentiment': 0.5, 'keyword_mentioned': 'JavaScript', 'message_length': 39, 'department_ID': 'D5_Operations', 'job_classification': 'Level 2'}
2025-09-24 21:48:12 | ERROR | [sqlite_emitter] failed to insert into PROJECT_ROOT/data/buzz.sqlite: Incorrect number of bindings supplied. The current statement uses 7, and there are 9 supplied.
2025-09-24 21:48:13 | WARNING | Producer interrupted by user.
2025-09-24 21:48:13 | INFO | Producer shutting down.
2025-09-24 21:48:27 | INFO | Logging to file: logs/project_log.log
2025-09-24 21:48:27 | INFO | Log sanitization enabled, personal info removed
2025-09-24 21:48:27 | INFO | Starting Producer to run continuously.
2025-09-24 21:48:27 | INFO | Use Ctrl+C to stop.
2025-09-24 21:48:27 | INFO | MESSAGE_INTERVAL_SECONDS: 5
2025-09-24 21:48:27 | INFO | BUZZ_TOPIC: buzzline
2025-09-24 21:48:27 | INFO | KAFKA_BROKER_ADDRESS: 127.0.0.1:9092
2025-09-24 21:48:27 | INFO | BASE_DATA_DIR: PROJECT_ROOT/data
2025-09-24 21:48:27 | INFO | LIVE_DATA_PATH: PROJECT_ROOT/data/project_live.json
2025-09-24 21:48:27 | INFO | BASE_DATA_DIR: PROJECT_ROOT/data
2025-09-24 21:48:27 | INFO | SQLITE_PATH: PROJECT_ROOT/data/buzz.sqlite
2025-09-24 21:48:27 | INFO | Deleted existing live data file.
2025-09-24 21:48:27 | INFO | Kafka broker address: localhost:9092
2025-09-24 21:48:27 | INFO | Kafka is ready. Brokers: {'throttle_time_ms': 0, 'brokers': [{'node_id': 1, 'host': 'localhost', 'port': 9092, 'rack': None}], 'cluster_id': 'JjY4WKawQ-GFC8VniCM2Xw', 'controller_id': 1}
2025-09-24 21:48:29 | WARNING | WARNING: Kafka setup failed: NoBrokersAvailable
2025-09-24 21:48:29 | INFO | {'message': 'I just shared a movie! It was boring.', 'author': 'Bob', 'timestamp': '2025-09-24 21:48:29', 'category': 'entertainment', 'sentiment': 0.48, 'keyword_mentioned': 'movie', 'message_length': 37, 'department_ID': 'D6_Logistics', 'job_classification': 'Level 1'}
2025-09-24 21:48:29 | ERROR | [sqlite_emitter] failed to insert into PROJECT_ROOT/data/buzz.sqlite: 9 values for 7 columns
2025-09-24 21:48:34 | INFO | {'message': 'I just shared travel! It was funny.', 'author': 'Alice', 'timestamp': '2025-09-24 21:48:34', 'category': 'travel', 'sentiment': 0.03, 'keyword_mentioned': 'travel', 'message_length': 35, 'department_ID': 'D2_Mfg', 'job_classification': 'senior'}
2025-09-24 21:48:34 | ERROR | [sqlite_emitter] failed to insert into PROJECT_ROOT/data/buzz.sqlite: 9 values for 7 columns
2025-09-24 21:48:39 | INFO | {'message': 'I just saw travel! It was funny.', 'author': 'Eve', 'timestamp': '2025-09-24 21:48:39', 'category': 'travel', 'sentiment': 0.51, 'keyword_mentioned': 'travel', 'message_length': 32, 'department_ID': 'D3_Legal', 'job_classification': 'Level 2'}
2025-09-24 21:48:39 | ERROR | [sqlite_emitter] failed to insert into PROJECT_ROOT/data/buzz.sqlite: 9 values for 7 columns
2025-09-24 21:48:44 | INFO | {'message': 'I just found game! It was exciting.', 'author': 'Bob', 'timestamp': '2025-09-24 21:48:44', 'category': 'gaming', 'sentiment': 0.84, 'keyword_mentioned': 'game', 'message_length': 35, 'department_ID': 'D5_Operations', 'job_classification': 'Level 1'}
2025-09-24 21:48:44 | ERROR | [sqlite_emitter] failed to insert into PROJECT_ROOT/data/buzz.sqlite: 9 values for 7 columns
2025-09-24 21:48:45 | INFO | Logging to file: logs/project_log.log
2025-09-24 21:48:45 | INFO | Log sanitization enabled, personal info removed
2025-09-24 21:48:45 | INFO | Starting DuckDB db testing.
2025-09-24 21:48:45 | INFO | Using DuckDB file at: data/buzz.duckdb
2025-09-24 21:48:45 | INFO | Calling DuckDB init_db() with {db_path=}.
2025-09-24 21:48:45 | INFO | SUCCESS: Connected to DuckDB.
2025-09-24 21:48:45 | INFO | SUCCESS: Table 'streamed_messages' ready at data/buzz.duckdb.
2025-09-24 21:48:45 | INFO | Calling DuckDB insert_message() with:
2025-09-24 21:48:45 | INFO | message={'message': 'I just shared a meme! It was amazing.', 'author': 'Charlie', 'timestamp': '2025-01-29 14:35:20', 'category': 'humor', 'sentiment': 0.87, 'keyword_mentioned': 'meme', 'message_length': 42}
2025-09-24 21:48:45 | INFO | db_path=WindowsPath('data/buzz.duckdb')
2025-09-24 21:48:45 | ERROR | ERROR: Failed to insert message into DuckDB: 'department_ID'
2025-09-24 21:48:46 | WARNING | Test row not found; nothing to delete.
2025-09-24 21:48:46 | INFO | Finished DuckDB db testing.
2025-09-24 21:48:49 | INFO | {'message': 'I just loved a movie! It was funny.', 'author': 'Charlie', 'timestamp': '2025-09-24 21:48:49', 'category': 'entertainment', 'sentiment': 0.96, 'keyword_mentioned': 'movie', 'message_length': 35, 'department_ID': 'D2_Mfg', 'job_classification': 'Level 2'}
2025-09-24 21:48:49 | ERROR | [sqlite_emitter] failed to insert into PROJECT_ROOT/data/buzz.sqlite: 9 values for 7 columns
2025-09-24 21:48:54 | INFO | {'message': 'I just shared a meme! It was boring.', 'author': 'Alice', 'timestamp': '2025-09-24 21:48:54', 'category': 'humor', 'sentiment': 0.02, 'keyword_mentioned': 'meme', 'message_length': 36, 'department_ID': 'D3_Legal', 'job_classification': 'lead'}
2025-09-24 21:48:54 | ERROR | [sqlite_emitter] failed to insert into PROJECT_ROOT/data/buzz.sqlite: 9 values for 7 columns
2025-09-24 21:48:59 | INFO | {'message': 'I just shared game! It was boring.', 'author': 'Alice', 'timestamp': '2025-09-24 21:48:59', 'category': 'gaming', 'sentiment': 0.75, 'keyword_mentioned': 'game', 'message_length': 34, 'department_ID': 'D2_Mfg', 'job_classification': 'associate'}
2025-09-24 21:48:59 | ERROR | [sqlite_emitter] failed to insert into PROJECT_ROOT/data/buzz.sqlite: 9 values for 7 columns
2025-09-24 21:49:04 | INFO | {'message': 'I just shared recipe! It was funny.', 'author': 'Eve', 'timestamp': '2025-09-24 21:49:04', 'category': 'food', 'sentiment': 0.73, 'keyword_mentioned': 'recipe', 'message_length': 35, 'department_ID': 'D6_Logistics', 'job_classification': 'Hourly'}
2025-09-24 21:49:04 | ERROR | [sqlite_emitter] failed to insert into PROJECT_ROOT/data/buzz.sqlite: 9 values for 7 columns
2025-09-24 21:49:09 | INFO | {'message': 'I just loved Python! It was weird.', 'author': 'Bob', 'timestamp': '2025-09-24 21:49:09', 'category': 'tech', 'sentiment': 0.32, 'keyword_mentioned': 'Python', 'message_length': 34, 'department_ID': 'D2_Mfg', 'job_classification': 'Level 2'}
2025-09-24 21:49:09 | ERROR | [sqlite_emitter] failed to insert into PROJECT_ROOT/data/buzz.sqlite: 9 values for 7 columns
2025-09-24 21:49:15 | INFO | {'message': 'I just shared game! It was weird.', 'author': 'Bob', 'timestamp': '2025-09-24 21:49:15', 'category': 'gaming', 'sentiment': 0.04, 'keyword_mentioned': 'game', 'message_length': 33, 'department_ID': 'D4_HR', 'job_classification': 'lead'}
2025-09-24 21:49:15 | ERROR | [sqlite_emitter] failed to insert into PROJECT_ROOT/data/buzz.sqlite: 9 values for 7 columns
2025-09-24 21:49:20 | INFO | {'message': 'I just saw a trick! It was boring.', 'author': 'Eve', 'timestamp': '2025-09-24 21:49:20', 'category': 'other', 'sentiment': 0.12, 'keyword_mentioned': 'other', 'message_length': 34, 'department_ID': 'D4_HR', 'job_classification': 'lead'}
2025-09-24 21:49:20 | ERROR | [sqlite_emitter] failed to insert into PROJECT_ROOT/data/buzz.sqlite: 9 values for 7 columns
2025-09-24 21:49:21 | WARNING | Producer interrupted by user.
2025-09-24 21:49:21 | INFO | Producer shutting down.
2025-09-24 21:49:33 | INFO | Logging to file: logs/project_log.log
2025-09-24 21:49:33 | INFO | Log sanitization enabled, personal info removed
